[35m[Appium][39m Welcome to Appium v1.22.3
[35m[Appium][39m Non-default server args:
[35m[Appium][39m   port: 60770
[35m[Appium][39m   loglevel: info
[35m[Appium][39m   tmpDir: /var/folders/9_/hs2sgn6n6_1d1rf2zz5y2fj00000gn/T//Katalon/Appium/Temp1652320886859
[35m[Appium][39m   chromedriverPort: 60771
[35m[Appium][39m Deprecated server args:
[35m[Appium][39m   [31m--chromedriver-port[39m => --default-capabilities
[35m[Appium][39m Default capabilities, which will be added to each request unless overridden by desired capabilities:
[35m[Appium][39m   chromedriverPort: 60771
[35m[Appium][39m Appium REST http interface listener started on 0.0.0.0:60770
[35m[HTTP][39m [37m-->[39m [37mGET[39m [37m/wd/hub/status[39m
[35m[HTTP][39m [90m{}[39m
[35m[HTTP][39m [37m<-- GET /wd/hub/status [39m[32m200[39m [90m5 ms - 68[39m
[35m[HTTP][39m [90m[39m
[35m[HTTP][39m [37m-->[39m [37mPOST[39m [37m/wd/hub/session[39m
[35m[HTTP][39m [90m{"desiredCapabilities":{"app":"/Users/vinayeddla/Desktop/MAE/app-sit-universal-release.apk","noReset":true,"appWaitActivity":"*","deviceId":"225ac1ea21057ece","deviceName":"samsung SM-G960F (Android 10)","fullReset":false,"platform":"ANDROID","newCommandTimeout":1800,"platformVersion":"10","automationName":"uiautomator2","autoGrantPermissions":true,"platformName":"Android","udid":"225ac1ea21057ece","systemPort":60769},"capabilities":{"firstMatch":[{"appium:app":"/Users/vinayeddla/Desktop/MAE/app-sit-universal-release.apk","appium:appWaitActivity":"*","appium:autoGrantPermissions":true,"appium:automationName":"uiautomator2","deviceId":"225ac1ea21057ece","appium:deviceName":"samsung SM-G960F (Android 10)","appium:fullReset":false,"appium:newCommandTimeout":1800,"appium:noReset":true,"platform":"ANDROID","platformName":"android","appium:platformVersion":"10","appium:systemPort":60769,"appium:udid":"225ac1ea21057ece"}]}}[39m
[35m[BaseDriver][39m The following capabilities are not standard capabilities and should have an extension prefix:
[35m[BaseDriver][39m   deviceId
[35m[BaseDriver][39m   platform
[35m[BaseDriver][39m   chromedriverPort
[35m[Appium][39m Appium v1.22.3 creating new AndroidUiautomator2Driver (v1.70.1) session
[35m[BaseDriver][39m The following capabilities were provided, but are not recognized by Appium:
[35m[BaseDriver][39m   deviceId
[35m[BaseDriver][39m   platform
[35m[BaseDriver][39m Session created with session id: b13da756-f0c5-41b1-8fe4-3760ba156e5d
[35m[BaseDriver][39m Using local app '/Users/vinayeddla/Desktop/MAE/app-sit-universal-release.apk'
[35m[ADB][39m Found 1 'build-tools' folders under '/Users/vinayeddla/.katalon/tools/android_sdk' (newest first):
[35m[ADB][39m     /Users/vinayeddla/.katalon/tools/android_sdk/build-tools/29.0.3
[35m[ADB][39m Using 'adb' from '/Users/vinayeddla/.katalon/tools/android_sdk/platform-tools/adb'
[35m[AndroidDriver][39m Retrieving device list
[35m[AndroidDriver][39m Using device: 225ac1ea21057ece
[35m[ADB][39m Using 'adb' from '/Users/vinayeddla/.katalon/tools/android_sdk/platform-tools/adb'
[35m[ADB][39m Getting device platform version
[35m[UiAutomator2][39m Relaxing hidden api policy
[35m[ADB][39m Package name: 'com.maybank2u.life.sit'
[35m[ADB][39m Main activity name: 'com.zoontek.rnbootsplash.RNBootSplashActivity'
[35m[ADB][39m Using 'apksigner.jar' from '/Users/vinayeddla/.katalon/tools/android_sdk/build-tools/29.0.3/lib/apksigner.jar'
[35m[ADB][39m '/usr/local/lib/node_modules/appium/node_modules/appium-uiautomator2-server/apks/appium-uiautomator2-server-v4.27.0.apk' is signed with the default certificate
[35m[ADB][39m '/usr/local/lib/node_modules/appium/node_modules/appium-uiautomator2-server/apks/appium-uiautomator2-server-debug-androidTest.apk' is signed with the default certificate
[35m[UiAutomator2][39m Server packages are not going to be (re)installed
[35m[ADB][39m Adding packages ["io.appium.settings","io.appium.uiautomator2.server","io.appium.uiautomator2.server.test"] to Doze whitelist
[35m[ADB][39m '/Users/vinayeddla/Desktop/MAE/app-sit-universal-release.apk' is signed with a non-default certificate
[35m[UiAutomator2][39m Starting UIAutomator2 server 4.27.0
[35m[UiAutomator2][39m Using UIAutomator2 server from '/usr/local/lib/node_modules/appium/node_modules/appium-uiautomator2-server/apks/appium-uiautomator2-server-v4.27.0.apk' and test from '/usr/local/lib/node_modules/appium/node_modules/appium-uiautomator2-server/apks/appium-uiautomator2-server-debug-androidTest.apk'
[35m[UiAutomator2][39m Waiting up to 30000ms for UiAutomator2 to be online...
[35m[WD Proxy][39m socket hang up
[35m[WD Proxy][39m socket hang up
[35m[WD Proxy][39m socket hang up
[35m[WD Proxy][39m Determined the downstream protocol as 'W3C'
[35m[AndroidDriver][39m Screen already unlocked, doing nothing
[35m[UiAutomator2][39m Starting 'com.maybank2u.life.sit/com.zoontek.rnbootsplash.RNBootSplashActivity and waiting for 'com.maybank2u.life.sit/*'
[35m[Appium][39m New AndroidUiautomator2Driver session created successfully, session b13da756-f0c5-41b1-8fe4-3760ba156e5d added to master session list
[35m[HTTP][39m [37m<-- POST /wd/hub/session [39m[32m200[39m [90m9395 ms - 1396[39m
[35m[HTTP][39m [90m[39m
[35m[HTTP][39m [37m-->[39m [37mGET[39m [37m/wd/hub/session/b13da756-f0c5-41b1-8fe4-3760ba156e5d[39m
[35m[HTTP][39m [90m{}[39m
[35m[HTTP][39m [37m<-- GET /wd/hub/session/b13da756-f0c5-41b1-8fe4-3760ba156e5d [39m[32m200[39m [90m8 ms - 1350[39m
[35m[HTTP][39m [90m[39m
[35m[HTTP][39m [37m-->[39m [37mGET[39m [37m/wd/hub/session/b13da756-f0c5-41b1-8fe4-3760ba156e5d[39m
[35m[HTTP][39m [90m{}[39m
[35m[HTTP][39m [37m<-- GET /wd/hub/session/b13da756-f0c5-41b1-8fe4-3760ba156e5d [39m[32m200[39m [90m7 ms - 1350[39m
[35m[HTTP][39m [90m[39m
[35m[HTTP][39m [37m-->[39m [37mGET[39m [37m/wd/hub/status[39m
[35m[HTTP][39m [90m{}[39m
[35m[HTTP][39m [37m<-- GET /wd/hub/status [39m[32m200[39m [90m1 ms - 68[39m
[35m[HTTP][39m [90m[39m
[35m[HTTP][39m [37m-->[39m [37mPOST[39m [37m/wd/hub/session/b13da756-f0c5-41b1-8fe4-3760ba156e5d/timeouts[39m
[35m[HTTP][39m [90m{"implicit":20000}[39m
[35m[HTTP][39m [37m<-- POST /wd/hub/session/b13da756-f0c5-41b1-8fe4-3760ba156e5d/timeouts [39m[32m200[39m [90m2 ms - 14[39m
[35m[HTTP][39m [90m[39m
[35m[HTTP][39m [37m-->[39m [37mGET[39m [37m/wd/hub/session/b13da756-f0c5-41b1-8fe4-3760ba156e5d/screenshot[39m
[35m[HTTP][39m [90m{}[39m
[35m[HTTP][39m [37m<-- GET /wd/hub/session/b13da756-f0c5-41b1-8fe4-3760ba156e5d/screenshot [39m[32m200[39m [90m409 ms - 110314[39m
[35m[HTTP][39m [90m[39m
[35m[HTTP][39m [37m-->[39m [37mGET[39m [37m/wd/hub/session/b13da756-f0c5-41b1-8fe4-3760ba156e5d/window/rect[39m
[35m[HTTP][39m [90m{}[39m
[35m[HTTP][39m [37m<-- GET /wd/hub/session/b13da756-f0c5-41b1-8fe4-3760ba156e5d/window/rect [39m[32m200[39m [90m26 ms - 50[39m
[35m[HTTP][39m [90m[39m
[35m[HTTP][39m [37m-->[39m [37mGET[39m [37m/wd/hub/session/b13da756-f0c5-41b1-8fe4-3760ba156e5d/appium/device/system_bars[39m
[35m[HTTP][39m [90m{}[39m
[35m[HTTP][39m [37m<-- GET /wd/hub/session/b13da756-f0c5-41b1-8fe4-3760ba156e5d/appium/device/system_bars [39m[32m200[39m [90m50 ms - 148[39m
[35m[HTTP][39m [90m[39m
[35m[HTTP][39m [37m-->[39m [37mPOST[39m [37m/wd/hub/session/b13da756-f0c5-41b1-8fe4-3760ba156e5d/timeouts[39m
[35m[HTTP][39m [90m{"implicit":50}[39m
[35m[HTTP][39m [37m<-- POST /wd/hub/session/b13da756-f0c5-41b1-8fe4-3760ba156e5d/timeouts [39m[32m200[39m [90m2 ms - 14[39m
[35m[HTTP][39m [90m[39m
[35m[HTTP][39m [37m-->[39m [37mGET[39m [37m/wd/hub/session/b13da756-f0c5-41b1-8fe4-3760ba156e5d/window/rect[39m
[35m[HTTP][39m [90m{}[39m
[35m[HTTP][39m [37m<-- GET /wd/hub/session/b13da756-f0c5-41b1-8fe4-3760ba156e5d/window/rect [39m[32m200[39m [90m25 ms - 50[39m
[35m[HTTP][39m [90m[39m
[35m[HTTP][39m [37m-->[39m [37mPOST[39m [37m/wd/hub/session/b13da756-f0c5-41b1-8fe4-3760ba156e5d/elements[39m
[35m[HTTP][39m [90m{"using":"xpath","value":"//hierarchy/android.widget.FrameLayout[1]/android.widget.LinearLayout[1]/android.widget.FrameLayout[1]/android.widget.LinearLayout[1]/android.widget.FrameLayout[1]/android.widget.FrameLayout[1]/android.view.ViewGroup[1]/android.view.ViewGroup[1]/android.view.ViewGroup[1]/android.view.ViewGroup[1]/android.view.ViewGroup[1]/android.widget.FrameLayout[1]/android.view.ViewGroup[1]/android.view.ViewGroup[1]/android.view.ViewGroup[1]/android.view.ViewGroup[1]/android.view.ViewGroup[1]/android.view.ViewGroup[1]/android.widget.FrameLayout[1]/android.view.ViewGroup[1]/android.view.ViewGroup[1]/android.view.ViewGroup[1]/android.view.ViewGroup[1]/android.view.ViewGroup[1]/android.view.ViewGroup[2]/android.widget.Button[5]"}[39m
[35m[HTTP][39m [37m<-- POST /wd/hub/session/b13da756-f0c5-41b1-8fe4-3760ba156e5d/elements [39m[32m200[39m [90m3767 ms - 139[39m
[35m[HTTP][39m [90m[39m
[35m[HTTP][39m [37m-->[39m [37mGET[39m [37m/wd/hub/session/b13da756-f0c5-41b1-8fe4-3760ba156e5d/element/00000000-0000-0148-ffff-ffff00000040/location[39m
[35m[HTTP][39m [90m{}[39m
[35m[W3C (b13da756)][39m Driver proxy active, passing request on via HTTP proxy
[35m[WD Proxy][39m Replacing sessionId 8ad035e1-0db9-4e9a-985a-7f4c381af606 with b13da756-f0c5-41b1-8fe4-3760ba156e5d
[35m[HTTP][39m [37m<-- GET /wd/hub/session/b13da756-f0c5-41b1-8fe4-3760ba156e5d/element/00000000-0000-0148-ffff-ffff00000040/location [39m[32m200[39m [90m548 ms - 79[39m
[35m[HTTP][39m [90m[39m
[35m[HTTP][39m [37m-->[39m [37mPOST[39m [37m/wd/hub/session/b13da756-f0c5-41b1-8fe4-3760ba156e5d/timeouts[39m
[35m[HTTP][39m [90m{"implicit":20000}[39m
[35m[HTTP][39m [37m<-- POST /wd/hub/session/b13da756-f0c5-41b1-8fe4-3760ba156e5d/timeouts [39m[32m200[39m [90m1 ms - 14[39m
[35m[HTTP][39m [90m[39m
[35m[HTTP][39m [37m-->[39m [37mPOST[39m [37m/wd/hub/session/b13da756-f0c5-41b1-8fe4-3760ba156e5d/touch/perform[39m
[35m[HTTP][39m [90m{"actions":[{"action":"tap","options":{"x":1,"y":1,"element":"00000000-0000-0148-ffff-ffff00000040"}},{"action":"release","options":{}}]}[39m
[35m[UiAutomator2][39m calling get location: 00000000-0000-0148-ffff-ffff00000040
[35m[HTTP][39m [37m<-- POST /wd/hub/session/b13da756-f0c5-41b1-8fe4-3760ba156e5d/touch/perform [39m[32m200[39m [90m153 ms - 14[39m
[35m[HTTP][39m [90m[39m
[35m[HTTP][39m [37m-->[39m [37mPOST[39m [37m/wd/hub/session/b13da756-f0c5-41b1-8fe4-3760ba156e5d/timeouts[39m
[35m[HTTP][39m [90m{"implicit":50}[39m
[35m[HTTP][39m [37m<-- POST /wd/hub/session/b13da756-f0c5-41b1-8fe4-3760ba156e5d/timeouts [39m[32m200[39m [90m1 ms - 14[39m
[35m[HTTP][39m [90m[39m
[35m[HTTP][39m [37m-->[39m [37mGET[39m [37m/wd/hub/session/b13da756-f0c5-41b1-8fe4-3760ba156e5d/window/rect[39m
[35m[HTTP][39m [90m{}[39m
[35m[HTTP][39m [37m<-- GET /wd/hub/session/b13da756-f0c5-41b1-8fe4-3760ba156e5d/window/rect [39m[32m200[39m [90m52 ms - 50[39m
[35m[HTTP][39m [90m[39m
[35m[HTTP][39m [37m-->[39m [37mPOST[39m [37m/wd/hub/session/b13da756-f0c5-41b1-8fe4-3760ba156e5d/elements[39m
[35m[HTTP][39m [90m{"using":"xpath","value":"//*[@class = 'android.view.ViewGroup' and @index = '7']"}[39m
[35m[HTTP][39m [37m<-- POST /wd/hub/session/b13da756-f0c5-41b1-8fe4-3760ba156e5d/elements [39m[32m200[39m [90m499 ms - 139[39m
[35m[HTTP][39m [90m[39m
[35m[HTTP][39m [37m-->[39m [37mGET[39m [37m/wd/hub/session/b13da756-f0c5-41b1-8fe4-3760ba156e5d/element/00000000-0000-0148-ffff-ffff00000243/location[39m
[35m[HTTP][39m [90m{}[39m
[35m[W3C (b13da756)][39m Driver proxy active, passing request on via HTTP proxy
[35m[WD Proxy][39m Replacing sessionId 8ad035e1-0db9-4e9a-985a-7f4c381af606 with b13da756-f0c5-41b1-8fe4-3760ba156e5d
[35m[HTTP][39m [37m<-- GET /wd/hub/session/b13da756-f0c5-41b1-8fe4-3760ba156e5d/element/00000000-0000-0148-ffff-ffff00000243/location [39m[32m200[39m [90m25 ms - 79[39m
[35m[HTTP][39m [90m[39m
[35m[HTTP][39m [37m-->[39m [37mPOST[39m [37m/wd/hub/session/b13da756-f0c5-41b1-8fe4-3760ba156e5d/timeouts[39m
[35m[HTTP][39m [90m{"implicit":20000}[39m
[35m[HTTP][39m [37m<-- POST /wd/hub/session/b13da756-f0c5-41b1-8fe4-3760ba156e5d/timeouts [39m[32m200[39m [90m1 ms - 14[39m
[35m[HTTP][39m [90m[39m
[35m[HTTP][39m [37m-->[39m [37mPOST[39m [37m/wd/hub/session/b13da756-f0c5-41b1-8fe4-3760ba156e5d/touch/perform[39m
[35m[HTTP][39m [90m{"actions":[{"action":"tap","options":{"x":1,"y":1,"element":"00000000-0000-0148-ffff-ffff00000243"}},{"action":"release","options":{}}]}[39m
[35m[UiAutomator2][39m calling get location: 00000000-0000-0148-ffff-ffff00000243
[35m[HTTP][39m [37m<-- POST /wd/hub/session/b13da756-f0c5-41b1-8fe4-3760ba156e5d/touch/perform [39m[32m200[39m [90m4117 ms - 14[39m
[35m[HTTP][39m [90m[39m
[35m[HTTP][39m [37m-->[39m [37mPOST[39m [37m/wd/hub/session/b13da756-f0c5-41b1-8fe4-3760ba156e5d/timeouts[39m
[35m[HTTP][39m [90m{"implicit":50}[39m
[35m[HTTP][39m [37m<-- POST /wd/hub/session/b13da756-f0c5-41b1-8fe4-3760ba156e5d/timeouts [39m[32m200[39m [90m1 ms - 14[39m
[35m[HTTP][39m [90m[39m
[35m[HTTP][39m [37m-->[39m [37mGET[39m [37m/wd/hub/session/b13da756-f0c5-41b1-8fe4-3760ba156e5d/window/rect[39m
[35m[HTTP][39m [90m{}[39m
[35m[HTTP][39m [37m<-- GET /wd/hub/session/b13da756-f0c5-41b1-8fe4-3760ba156e5d/window/rect [39m[32m200[39m [90m26 ms - 50[39m
[35m[HTTP][39m [90m[39m
[35m[HTTP][39m [37m-->[39m [37mPOST[39m [37m/wd/hub/session/b13da756-f0c5-41b1-8fe4-3760ba156e5d/elements[39m
[35m[HTTP][39m [90m{"using":"xpath","value":"//*[@class = 'android.widget.TextView' and (@text = 'Skip' or . = 'Skip')]"}[39m
[35m[HTTP][39m [37m<-- POST /wd/hub/session/b13da756-f0c5-41b1-8fe4-3760ba156e5d/elements [39m[32m200[39m [90m343 ms - 12[39m
[35m[HTTP][39m [90m[39m
[35m[HTTP][39m [37m-->[39m [37mPOST[39m [37m/wd/hub/session/b13da756-f0c5-41b1-8fe4-3760ba156e5d/elements[39m
[35m[HTTP][39m [90m{"using":"xpath","value":"//*[@class = 'android.widget.TextView' and (@text = 'Skip' or . = 'Skip')]"}[39m
[35m[HTTP][39m [37m<-- POST /wd/hub/session/b13da756-f0c5-41b1-8fe4-3760ba156e5d/elements [39m[32m200[39m [90m264 ms - 12[39m
[35m[HTTP][39m [90m[39m
[35m[HTTP][39m [37m-->[39m [37mPOST[39m [37m/wd/hub/session/b13da756-f0c5-41b1-8fe4-3760ba156e5d/elements[39m
[35m[HTTP][39m [90m{"using":"xpath","value":"//*[@class = 'android.widget.TextView' and (@text = 'Skip' or . = 'Skip')]"}[39m
[35m[HTTP][39m [37m<-- POST /wd/hub/session/b13da756-f0c5-41b1-8fe4-3760ba156e5d/elements [39m[32m200[39m [90m229 ms - 12[39m
[35m[HTTP][39m [90m[39m
[35m[HTTP][39m [37m-->[39m [37mPOST[39m [37m/wd/hub/session/b13da756-f0c5-41b1-8fe4-3760ba156e5d/elements[39m
[35m[HTTP][39m [90m{"using":"xpath","value":"//*[@class = 'android.widget.TextView' and (@text = 'Skip' or . = 'Skip')]"}[39m
[35m[HTTP][39m [37m<-- POST /wd/hub/session/b13da756-f0c5-41b1-8fe4-3760ba156e5d/elements [39m[32m200[39m [90m216 ms - 12[39m
[35m[HTTP][39m [90m[39m
[35m[HTTP][39m [37m-->[39m [37mPOST[39m [37m/wd/hub/session/b13da756-f0c5-41b1-8fe4-3760ba156e5d/elements[39m
[35m[HTTP][39m [90m{"using":"xpath","value":"//*[@class = 'android.widget.TextView' and (@text = 'Skip' or . = 'Skip')]"}[39m
[35m[HTTP][39m [37m<-- POST /wd/hub/session/b13da756-f0c5-41b1-8fe4-3760ba156e5d/elements [39m[32m200[39m [90m213 ms - 12[39m
[35m[HTTP][39m [90m[39m
[35m[HTTP][39m [37m-->[39m [37mPOST[39m [37m/wd/hub/session/b13da756-f0c5-41b1-8fe4-3760ba156e5d/elements[39m
[35m[HTTP][39m [90m{"using":"xpath","value":"//*[@class = 'android.widget.TextView' and (@text = 'Skip' or . = 'Skip')]"}[39m
[35m[HTTP][39m [37m<-- POST /wd/hub/session/b13da756-f0c5-41b1-8fe4-3760ba156e5d/elements [39m[32m200[39m [90m796 ms - 12[39m
[35m[HTTP][39m [90m[39m
[35m[HTTP][39m [37m-->[39m [37mPOST[39m [37m/wd/hub/session/b13da756-f0c5-41b1-8fe4-3760ba156e5d/elements[39m
[35m[HTTP][39m [90m{"using":"xpath","value":"//*[@class = 'android.widget.TextView' and (@text = 'Skip' or . = 'Skip')]"}[39m
[35m[HTTP][39m [37m<-- POST /wd/hub/session/b13da756-f0c5-41b1-8fe4-3760ba156e5d/elements [39m[32m200[39m [90m264 ms - 12[39m
[35m[HTTP][39m [90m[39m
[35m[HTTP][39m [37m-->[39m [37mPOST[39m [37m/wd/hub/session/b13da756-f0c5-41b1-8fe4-3760ba156e5d/elements[39m
[35m[HTTP][39m [90m{"using":"xpath","value":"//*[@class = 'android.widget.TextView' and (@text = 'Skip' or . = 'Skip')]"}[39m
[35m[HTTP][39m [37m<-- POST /wd/hub/session/b13da756-f0c5-41b1-8fe4-3760ba156e5d/elements [39m[32m200[39m [90m789 ms - 12[39m
[35m[HTTP][39m [90m[39m
[35m[HTTP][39m [37m-->[39m [37mPOST[39m [37m/wd/hub/session/b13da756-f0c5-41b1-8fe4-3760ba156e5d/elements[39m
[35m[HTTP][39m [90m{"using":"xpath","value":"//*[@class = 'android.widget.TextView' and (@text = 'Skip' or . = 'Skip')]"}[39m
[35m[HTTP][39m [37m<-- POST /wd/hub/session/b13da756-f0c5-41b1-8fe4-3760ba156e5d/elements [39m[32m200[39m [90m265 ms - 12[39m
[35m[HTTP][39m [90m[39m
[35m[HTTP][39m [37m-->[39m [37mPOST[39m [37m/wd/hub/session/b13da756-f0c5-41b1-8fe4-3760ba156e5d/elements[39m
[35m[HTTP][39m [90m{"using":"xpath","value":"//*[@class = 'android.widget.TextView' and (@text = 'Skip' or . = 'Skip')]"}[39m
[35m[HTTP][39m [37m<-- POST /wd/hub/session/b13da756-f0c5-41b1-8fe4-3760ba156e5d/elements [39m[32m200[39m [90m257 ms - 12[39m
[35m[HTTP][39m [90m[39m
[35m[HTTP][39m [37m-->[39m [37mPOST[39m [37m/wd/hub/session/b13da756-f0c5-41b1-8fe4-3760ba156e5d/elements[39m
[35m[HTTP][39m [90m{"using":"xpath","value":"//*[@class = 'android.widget.TextView' and (@text = 'Skip' or . = 'Skip')]"}[39m
[35m[HTTP][39m [37m<-- POST /wd/hub/session/b13da756-f0c5-41b1-8fe4-3760ba156e5d/elements [39m[32m200[39m [90m227 ms - 12[39m
[35m[HTTP][39m [90m[39m
[35m[HTTP][39m [37m-->[39m [37mPOST[39m [37m/wd/hub/session/b13da756-f0c5-41b1-8fe4-3760ba156e5d/elements[39m
[35m[HTTP][39m [90m{"using":"xpath","value":"//*[@class = 'android.widget.TextView' and (@text = 'Skip' or . = 'Skip')]"}[39m
[35m[HTTP][39m [37m<-- POST /wd/hub/session/b13da756-f0c5-41b1-8fe4-3760ba156e5d/elements [39m[32m200[39m [90m253 ms - 12[39m
[35m[HTTP][39m [90m[39m
[35m[HTTP][39m [37m-->[39m [37mPOST[39m [37m/wd/hub/session/b13da756-f0c5-41b1-8fe4-3760ba156e5d/elements[39m
[35m[HTTP][39m [90m{"using":"xpath","value":"//*[@class = 'android.widget.TextView' and (@text = 'Skip' or . = 'Skip')]"}[39m
[35m[HTTP][39m [37m<-- POST /wd/hub/session/b13da756-f0c5-41b1-8fe4-3760ba156e5d/elements [39m[32m200[39m [90m224 ms - 12[39m
[35m[HTTP][39m [90m[39m
[35m[HTTP][39m [37m-->[39m [37mPOST[39m [37m/wd/hub/session/b13da756-f0c5-41b1-8fe4-3760ba156e5d/elements[39m
[35m[HTTP][39m [90m{"using":"xpath","value":"//*[@class = 'android.widget.TextView' and (@text = 'Skip' or . = 'Skip')]"}[39m
[35m[HTTP][39m [37m<-- POST /wd/hub/session/b13da756-f0c5-41b1-8fe4-3760ba156e5d/elements [39m[32m200[39m [90m253 ms - 12[39m
[35m[HTTP][39m [90m[39m
[35m[HTTP][39m [37m-->[39m [37mPOST[39m [37m/wd/hub/session/b13da756-f0c5-41b1-8fe4-3760ba156e5d/elements[39m
[35m[HTTP][39m [90m{"using":"xpath","value":"//*[@class = 'android.widget.TextView' and (@text = 'Skip' or . = 'Skip')]"}[39m
[35m[HTTP][39m [37m<-- POST /wd/hub/session/b13da756-f0c5-41b1-8fe4-3760ba156e5d/elements [39m[32m200[39m [90m177 ms - 12[39m
[35m[HTTP][39m [90m[39m
[35m[HTTP][39m [37m-->[39m [37mPOST[39m [37m/wd/hub/session/b13da756-f0c5-41b1-8fe4-3760ba156e5d/elements[39m
[35m[HTTP][39m [90m{"using":"xpath","value":"//*[@class = 'android.widget.TextView' and (@text = 'Skip' or . = 'Skip')]"}[39m
[35m[HTTP][39m [37m<-- POST /wd/hub/session/b13da756-f0c5-41b1-8fe4-3760ba156e5d/elements [39m[32m200[39m [90m196 ms - 12[39m
[35m[HTTP][39m [90m[39m
[35m[HTTP][39m [37m-->[39m [37mPOST[39m [37m/wd/hub/session/b13da756-f0c5-41b1-8fe4-3760ba156e5d/elements[39m
[35m[HTTP][39m [90m{"using":"xpath","value":"//*[@class = 'android.widget.TextView' and (@text = 'Skip' or . = 'Skip')]"}[39m
[35m[HTTP][39m [37m<-- POST /wd/hub/session/b13da756-f0c5-41b1-8fe4-3760ba156e5d/elements [39m[32m200[39m [90m208 ms - 12[39m
[35m[HTTP][39m [90m[39m
[35m[HTTP][39m [37m-->[39m [37mPOST[39m [37m/wd/hub/session/b13da756-f0c5-41b1-8fe4-3760ba156e5d/elements[39m
[35m[HTTP][39m [90m{"using":"xpath","value":"//*[@class = 'android.widget.TextView' and (@text = 'Skip' or . = 'Skip')]"}[39m
[35m[HTTP][39m [37m<-- POST /wd/hub/session/b13da756-f0c5-41b1-8fe4-3760ba156e5d/elements [39m[32m200[39m [90m239 ms - 12[39m
[35m[HTTP][39m [90m[39m
[35m[HTTP][39m [37m-->[39m [37mPOST[39m [37m/wd/hub/session/b13da756-f0c5-41b1-8fe4-3760ba156e5d/elements[39m
[35m[HTTP][39m [90m{"using":"xpath","value":"//*[@class = 'android.widget.TextView' and (@text = 'Skip' or . = 'Skip')]"}[39m
[35m[HTTP][39m [37m<-- POST /wd/hub/session/b13da756-f0c5-41b1-8fe4-3760ba156e5d/elements [39m[32m200[39m [90m202 ms - 12[39m
[35m[HTTP][39m [90m[39m
[35m[HTTP][39m [37m-->[39m [37mPOST[39m [37m/wd/hub/session/b13da756-f0c5-41b1-8fe4-3760ba156e5d/elements[39m
[35m[HTTP][39m [90m{"using":"xpath","value":"//*[@class = 'android.widget.TextView' and (@text = 'Skip' or . = 'Skip')]"}[39m
[35m[HTTP][39m [37m<-- POST /wd/hub/session/b13da756-f0c5-41b1-8fe4-3760ba156e5d/elements [39m[32m200[39m [90m237 ms - 12[39m
[35m[HTTP][39m [90m[39m
[35m[HTTP][39m [37m-->[39m [37mPOST[39m [37m/wd/hub/session/b13da756-f0c5-41b1-8fe4-3760ba156e5d/elements[39m
[35m[HTTP][39m [90m{"using":"xpath","value":"//*[@class = 'android.widget.TextView' and (@text = 'Skip' or . = 'Skip')]"}[39m
[35m[HTTP][39m [37m<-- POST /wd/hub/session/b13da756-f0c5-41b1-8fe4-3760ba156e5d/elements [39m[32m200[39m [90m210 ms - 12[39m
[35m[HTTP][39m [90m[39m
[35m[HTTP][39m [37m-->[39m [37mPOST[39m [37m/wd/hub/session/b13da756-f0c5-41b1-8fe4-3760ba156e5d/elements[39m
[35m[HTTP][39m [90m{"using":"xpath","value":"//*[@class = 'android.widget.TextView' and (@text = 'Skip' or . = 'Skip')]"}[39m
[35m[HTTP][39m [37m<-- POST /wd/hub/session/b13da756-f0c5-41b1-8fe4-3760ba156e5d/elements [39m[32m200[39m [90m202 ms - 12[39m
[35m[HTTP][39m [90m[39m
[35m[HTTP][39m [37m-->[39m [37mPOST[39m [37m/wd/hub/session/b13da756-f0c5-41b1-8fe4-3760ba156e5d/elements[39m
[35m[HTTP][39m [90m{"using":"xpath","value":"//*[@class = 'android.widget.TextView' and (@text = 'Skip' or . = 'Skip')]"}[39m
[35m[HTTP][39m [37m<-- POST /wd/hub/session/b13da756-f0c5-41b1-8fe4-3760ba156e5d/elements [39m[32m200[39m [90m742 ms - 12[39m
[35m[HTTP][39m [90m[39m
[35m[HTTP][39m [37m-->[39m [37mPOST[39m [37m/wd/hub/session/b13da756-f0c5-41b1-8fe4-3760ba156e5d/elements[39m
[35m[HTTP][39m [90m{"using":"xpath","value":"//*[@class = 'android.widget.TextView' and (@text = 'Skip' or . = 'Skip')]"}[39m
[35m[HTTP][39m [37m<-- POST /wd/hub/session/b13da756-f0c5-41b1-8fe4-3760ba156e5d/elements [39m[32m200[39m [90m248 ms - 12[39m
[35m[HTTP][39m [90m[39m
[35m[HTTP][39m [37m-->[39m [37mPOST[39m [37m/wd/hub/session/b13da756-f0c5-41b1-8fe4-3760ba156e5d/elements[39m
[35m[HTTP][39m [90m{"using":"xpath","value":"//*[@class = 'android.widget.TextView' and (@text = 'Skip' or . = 'Skip')]"}[39m
[35m[HTTP][39m [37m<-- POST /wd/hub/session/b13da756-f0c5-41b1-8fe4-3760ba156e5d/elements [39m[32m200[39m [90m205 ms - 12[39m
[35m[HTTP][39m [90m[39m
[35m[HTTP][39m [37m-->[39m [37mPOST[39m [37m/wd/hub/session/b13da756-f0c5-41b1-8fe4-3760ba156e5d/elements[39m
[35m[HTTP][39m [90m{"using":"xpath","value":"//*[@class = 'android.widget.TextView' and (@text = 'Skip' or . = 'Skip')]"}[39m
[35m[HTTP][39m [37m<-- POST /wd/hub/session/b13da756-f0c5-41b1-8fe4-3760ba156e5d/elements [39m[32m200[39m [90m194 ms - 12[39m
[35m[HTTP][39m [90m[39m
[35m[HTTP][39m [37m-->[39m [37mPOST[39m [37m/wd/hub/session/b13da756-f0c5-41b1-8fe4-3760ba156e5d/elements[39m
[35m[HTTP][39m [90m{"using":"xpath","value":"//*[@class = 'android.widget.TextView' and (@text = 'Skip' or . = 'Skip')]"}[39m
[35m[HTTP][39m [37m<-- POST /wd/hub/session/b13da756-f0c5-41b1-8fe4-3760ba156e5d/elements [39m[32m200[39m [90m186 ms - 12[39m
[35m[HTTP][39m [90m[39m
[35m[HTTP][39m [37m-->[39m [37mPOST[39m [37m/wd/hub/session/b13da756-f0c5-41b1-8fe4-3760ba156e5d/elements[39m
[35m[HTTP][39m [90m{"using":"xpath","value":"//*[@class = 'android.widget.TextView' and (@text = 'Skip' or . = 'Skip')]"}[39m
[35m[HTTP][39m [37m<-- POST /wd/hub/session/b13da756-f0c5-41b1-8fe4-3760ba156e5d/elements [39m[32m200[39m [90m194 ms - 12[39m
[35m[HTTP][39m [90m[39m
[35m[HTTP][39m [37m-->[39m [37mPOST[39m [37m/wd/hub/session/b13da756-f0c5-41b1-8fe4-3760ba156e5d/elements[39m
[35m[HTTP][39m [90m{"using":"xpath","value":"//*[@class = 'android.widget.TextView' and (@text = 'Skip' or . = 'Skip')]"}[39m
[35m[HTTP][39m [37m<-- POST /wd/hub/session/b13da756-f0c5-41b1-8fe4-3760ba156e5d/elements [39m[32m200[39m [90m205 ms - 12[39m
[35m[HTTP][39m [90m[39m
[35m[HTTP][39m [37m-->[39m [37mPOST[39m [37m/wd/hub/session/b13da756-f0c5-41b1-8fe4-3760ba156e5d/elements[39m
[35m[HTTP][39m [90m{"using":"xpath","value":"//*[@class = 'android.widget.TextView' and (@text = 'Skip' or . = 'Skip')]"}[39m
[35m[HTTP][39m [37m<-- POST /wd/hub/session/b13da756-f0c5-41b1-8fe4-3760ba156e5d/elements [39m[32m200[39m [90m215 ms - 12[39m
[35m[HTTP][39m [90m[39m
[35m[HTTP][39m [37m-->[39m [37mPOST[39m [37m/wd/hub/session/b13da756-f0c5-41b1-8fe4-3760ba156e5d/elements[39m
[35m[HTTP][39m [90m{"using":"xpath","value":"//*[@class = 'android.widget.TextView' and (@text = 'Skip' or . = 'Skip')]"}[39m
[35m[HTTP][39m [37m<-- POST /wd/hub/session/b13da756-f0c5-41b1-8fe4-3760ba156e5d/elements [39m[32m200[39m [90m201 ms - 12[39m
[35m[HTTP][39m [90m[39m
[35m[HTTP][39m [37m-->[39m [37mPOST[39m [37m/wd/hub/session/b13da756-f0c5-41b1-8fe4-3760ba156e5d/elements[39m
[35m[HTTP][39m [90m{"using":"xpath","value":"//*[@class = 'android.widget.TextView' and (@text = 'Skip' or . = 'Skip')]"}[39m
[35m[HTTP][39m [37m<-- POST /wd/hub/session/b13da756-f0c5-41b1-8fe4-3760ba156e5d/elements [39m[32m200[39m [90m171 ms - 12[39m
[35m[HTTP][39m [90m[39m
[35m[HTTP][39m [37m-->[39m [37mPOST[39m [37m/wd/hub/session/b13da756-f0c5-41b1-8fe4-3760ba156e5d/elements[39m
[35m[HTTP][39m [90m{"using":"xpath","value":"//*[@class = 'android.widget.TextView' and (@text = 'Skip' or . = 'Skip')]"}[39m
[35m[HTTP][39m [37m<-- POST /wd/hub/session/b13da756-f0c5-41b1-8fe4-3760ba156e5d/elements [39m[32m200[39m [90m179 ms - 12[39m
[35m[HTTP][39m [90m[39m
[35m[HTTP][39m [37m-->[39m [37mPOST[39m [37m/wd/hub/session/b13da756-f0c5-41b1-8fe4-3760ba156e5d/elements[39m
[35m[HTTP][39m [90m{"using":"xpath","value":"//*[@class = 'android.widget.TextView' and (@text = 'Skip' or . = 'Skip')]"}[39m
[35m[HTTP][39m [37m<-- POST /wd/hub/session/b13da756-f0c5-41b1-8fe4-3760ba156e5d/elements [39m[32m200[39m [90m136 ms - 12[39m
[35m[HTTP][39m [90m[39m
[35m[HTTP][39m [37m-->[39m [37mPOST[39m [37m/wd/hub/session/b13da756-f0c5-41b1-8fe4-3760ba156e5d/elements[39m
[35m[HTTP][39m [90m{"using":"xpath","value":"//*[@class = 'android.widget.TextView' and (@text = 'Skip' or . = 'Skip')]"}[39m
[35m[HTTP][39m [37m<-- POST /wd/hub/session/b13da756-f0c5-41b1-8fe4-3760ba156e5d/elements [39m[32m200[39m [90m215 ms - 12[39m
[35m[HTTP][39m [90m[39m
[35m[HTTP][39m [37m-->[39m [37mPOST[39m [37m/wd/hub/session/b13da756-f0c5-41b1-8fe4-3760ba156e5d/elements[39m
[35m[HTTP][39m [90m{"using":"xpath","value":"//*[@class = 'android.widget.TextView' and (@text = 'Skip' or . = 'Skip')]"}[39m
[35m[HTTP][39m [37m<-- POST /wd/hub/session/b13da756-f0c5-41b1-8fe4-3760ba156e5d/elements [39m[32m200[39m [90m196 ms - 12[39m
[35m[HTTP][39m [90m[39m
[35m[HTTP][39m [37m-->[39m [37mPOST[39m [37m/wd/hub/session/b13da756-f0c5-41b1-8fe4-3760ba156e5d/elements[39m
[35m[HTTP][39m [90m{"using":"xpath","value":"//*[@class = 'android.widget.TextView' and (@text = 'Skip' or . = 'Skip')]"}[39m
[35m[HTTP][39m [37m<-- POST /wd/hub/session/b13da756-f0c5-41b1-8fe4-3760ba156e5d/elements [39m[32m200[39m [90m699 ms - 12[39m
[35m[HTTP][39m [90m[39m
[35m[HTTP][39m [37m-->[39m [37mPOST[39m [37m/wd/hub/session/b13da756-f0c5-41b1-8fe4-3760ba156e5d/elements[39m
[35m[HTTP][39m [90m{"using":"xpath","value":"//*[@class = 'android.widget.TextView' and (@text = 'Skip' or . = 'Skip')]"}[39m
[35m[HTTP][39m [37m<-- POST /wd/hub/session/b13da756-f0c5-41b1-8fe4-3760ba156e5d/elements [39m[32m200[39m [90m201 ms - 12[39m
[35m[HTTP][39m [90m[39m
[35m[HTTP][39m [37m-->[39m [37mPOST[39m [37m/wd/hub/session/b13da756-f0c5-41b1-8fe4-3760ba156e5d/elements[39m
[35m[HTTP][39m [90m{"using":"xpath","value":"//*[@class = 'android.widget.TextView' and (@text = 'Skip' or . = 'Skip')]"}[39m
[35m[HTTP][39m [37m<-- POST /wd/hub/session/b13da756-f0c5-41b1-8fe4-3760ba156e5d/elements [39m[32m200[39m [90m200 ms - 12[39m
[35m[HTTP][39m [90m[39m
[35m[HTTP][39m [37m-->[39m [37mPOST[39m [37m/wd/hub/session/b13da756-f0c5-41b1-8fe4-3760ba156e5d/elements[39m
[35m[HTTP][39m [90m{"using":"xpath","value":"//*[@class = 'android.widget.TextView' and (@text = 'Skip' or . = 'Skip')]"}[39m
[35m[HTTP][39m [37m<-- POST /wd/hub/session/b13da756-f0c5-41b1-8fe4-3760ba156e5d/elements [39m[32m200[39m [90m177 ms - 12[39m
[35m[HTTP][39m [90m[39m
[35m[HTTP][39m [37m-->[39m [37mPOST[39m [37m/wd/hub/session/b13da756-f0c5-41b1-8fe4-3760ba156e5d/elements[39m
[35m[HTTP][39m [90m{"using":"xpath","value":"//*[@class = 'android.widget.TextView' and (@text = 'Skip' or . = 'Skip')]"}[39m
[35m[HTTP][39m [37m<-- POST /wd/hub/session/b13da756-f0c5-41b1-8fe4-3760ba156e5d/elements [39m[32m200[39m [90m184 ms - 12[39m
[35m[HTTP][39m [90m[39m
[35m[HTTP][39m [37m-->[39m [37mPOST[39m [37m/wd/hub/session/b13da756-f0c5-41b1-8fe4-3760ba156e5d/elements[39m
[35m[HTTP][39m [90m{"using":"xpath","value":"//*[@class = 'android.widget.TextView' and (@text = 'Skip' or . = 'Skip')]"}[39m
[35m[HTTP][39m [37m<-- POST /wd/hub/session/b13da756-f0c5-41b1-8fe4-3760ba156e5d/elements [39m[32m200[39m [90m180 ms - 12[39m
[35m[HTTP][39m [90m[39m
[35m[HTTP][39m [37m-->[39m [37mPOST[39m [37m/wd/hub/session/b13da756-f0c5-41b1-8fe4-3760ba156e5d/elements[39m
[35m[HTTP][39m [90m{"using":"xpath","value":"//*[@class = 'android.widget.TextView' and (@text = 'Skip' or . = 'Skip')]"}[39m
[35m[HTTP][39m [37m<-- POST /wd/hub/session/b13da756-f0c5-41b1-8fe4-3760ba156e5d/elements [39m[32m200[39m [90m203 ms - 12[39m
[35m[HTTP][39m [90m[39m
[35m[HTTP][39m [37m-->[39m [37mPOST[39m [37m/wd/hub/session/b13da756-f0c5-41b1-8fe4-3760ba156e5d/elements[39m
[35m[HTTP][39m [90m{"using":"xpath","value":"//*[@class = 'android.widget.TextView' and (@text = 'Skip' or . = 'Skip')]"}[39m
[35m[HTTP][39m [37m<-- POST /wd/hub/session/b13da756-f0c5-41b1-8fe4-3760ba156e5d/elements [39m[32m200[39m [90m203 ms - 12[39m
[35m[HTTP][39m [90m[39m
[35m[HTTP][39m [37m-->[39m [37mPOST[39m [37m/wd/hub/session/b13da756-f0c5-41b1-8fe4-3760ba156e5d/elements[39m
[35m[HTTP][39m [90m{"using":"xpath","value":"//*[@class = 'android.widget.TextView' and (@text = 'Skip' or . = 'Skip')]"}[39m
[35m[HTTP][39m [37m<-- POST /wd/hub/session/b13da756-f0c5-41b1-8fe4-3760ba156e5d/elements [39m[32m200[39m [90m171 ms - 12[39m
[35m[HTTP][39m [90m[39m
[35m[HTTP][39m [37m-->[39m [37mPOST[39m [37m/wd/hub/session/b13da756-f0c5-41b1-8fe4-3760ba156e5d/elements[39m
[35m[HTTP][39m [90m{"using":"xpath","value":"//*[@class = 'android.widget.TextView' and (@text = 'Skip' or . = 'Skip')]"}[39m
[35m[HTTP][39m [37m<-- POST /wd/hub/session/b13da756-f0c5-41b1-8fe4-3760ba156e5d/elements [39m[32m200[39m [90m174 ms - 12[39m
[35m[HTTP][39m [90m[39m
[35m[HTTP][39m [37m-->[39m [37mPOST[39m [37m/wd/hub/session/b13da756-f0c5-41b1-8fe4-3760ba156e5d/elements[39m
[35m[HTTP][39m [90m{"using":"xpath","value":"//*[@class = 'android.widget.TextView' and (@text = 'Skip' or . = 'Skip')]"}[39m
[35m[HTTP][39m [37m<-- POST /wd/hub/session/b13da756-f0c5-41b1-8fe4-3760ba156e5d/elements [39m[32m200[39m [90m181 ms - 12[39m
[35m[HTTP][39m [90m[39m
[35m[HTTP][39m [37m-->[39m [37mPOST[39m [37m/wd/hub/session/b13da756-f0c5-41b1-8fe4-3760ba156e5d/elements[39m
[35m[HTTP][39m [90m{"using":"xpath","value":"//*[@class = 'android.widget.TextView' and (@text = 'Skip' or . = 'Skip')]"}[39m
[35m[HTTP][39m [37m<-- POST /wd/hub/session/b13da756-f0c5-41b1-8fe4-3760ba156e5d/elements [39m[32m200[39m [90m215 ms - 12[39m
[35m[HTTP][39m [90m[39m
[35m[HTTP][39m [37m-->[39m [37mPOST[39m [37m/wd/hub/session/b13da756-f0c5-41b1-8fe4-3760ba156e5d/elements[39m
[35m[HTTP][39m [90m{"using":"xpath","value":"//*[@class = 'android.widget.TextView' and (@text = 'Skip' or . = 'Skip')]"}[39m
[35m[HTTP][39m [37m<-- POST /wd/hub/session/b13da756-f0c5-41b1-8fe4-3760ba156e5d/elements [39m[32m200[39m [90m192 ms - 12[39m
[35m[HTTP][39m [90m[39m
[35m[HTTP][39m [37m-->[39m [37mPOST[39m [37m/wd/hub/session/b13da756-f0c5-41b1-8fe4-3760ba156e5d/elements[39m
[35m[HTTP][39m [90m{"using":"xpath","value":"//*[@class = 'android.widget.TextView' and (@text = 'Skip' or . = 'Skip')]"}[39m
[35m[HTTP][39m [37m<-- POST /wd/hub/session/b13da756-f0c5-41b1-8fe4-3760ba156e5d/elements [39m[32m200[39m [90m161 ms - 12[39m
[35m[HTTP][39m [90m[39m
[35m[HTTP][39m [37m-->[39m [37mPOST[39m [37m/wd/hub/session/b13da756-f0c5-41b1-8fe4-3760ba156e5d/elements[39m
[35m[HTTP][39m [90m{"using":"xpath","value":"//*[@class = 'android.widget.TextView' and (@text = 'Skip' or . = 'Skip')]"}[39m
[35m[HTTP][39m [37m<-- POST /wd/hub/session/b13da756-f0c5-41b1-8fe4-3760ba156e5d/elements [39m[32m200[39m [90m191 ms - 12[39m
[35m[HTTP][39m [90m[39m
[35m[HTTP][39m [37m-->[39m [37mPOST[39m [37m/wd/hub/session/b13da756-f0c5-41b1-8fe4-3760ba156e5d/elements[39m
[35m[HTTP][39m [90m{"using":"xpath","value":"//*[@class = 'android.widget.TextView' and (@text = 'Skip' or . = 'Skip')]"}[39m
[35m[HTTP][39m [37m<-- POST /wd/hub/session/b13da756-f0c5-41b1-8fe4-3760ba156e5d/elements [39m[32m200[39m [90m183 ms - 12[39m
[35m[HTTP][39m [90m[39m
[35m[HTTP][39m [37m-->[39m [37mPOST[39m [37m/wd/hub/session/b13da756-f0c5-41b1-8fe4-3760ba156e5d/elements[39m
[35m[HTTP][39m [90m{"using":"xpath","value":"//*[@class = 'android.widget.TextView' and (@text = 'Skip' or . = 'Skip')]"}[39m
[35m[HTTP][39m [37m<-- POST /wd/hub/session/b13da756-f0c5-41b1-8fe4-3760ba156e5d/elements [39m[32m200[39m [90m182 ms - 12[39m
[35m[HTTP][39m [90m[39m
[35m[HTTP][39m [37m-->[39m [37mPOST[39m [37m/wd/hub/session/b13da756-f0c5-41b1-8fe4-3760ba156e5d/elements[39m
[35m[HTTP][39m [90m{"using":"xpath","value":"//*[@class = 'android.widget.TextView' and (@text = 'Skip' or . = 'Skip')]"}[39m
[35m[HTTP][39m [37m<-- POST /wd/hub/session/b13da756-f0c5-41b1-8fe4-3760ba156e5d/elements [39m[32m200[39m [90m211 ms - 12[39m
[35m[HTTP][39m [90m[39m
[35m[HTTP][39m [37m-->[39m [37mPOST[39m [37m/wd/hub/session/b13da756-f0c5-41b1-8fe4-3760ba156e5d/elements[39m
[35m[HTTP][39m [90m{"using":"xpath","value":"//*[@class = 'android.widget.TextView' and (@text = 'Skip' or . = 'Skip')]"}[39m
[35m[HTTP][39m [37m<-- POST /wd/hub/session/b13da756-f0c5-41b1-8fe4-3760ba156e5d/elements [39m[32m200[39m [90m193 ms - 12[39m
[35m[HTTP][39m [90m[39m
[35m[HTTP][39m [37m-->[39m [37mPOST[39m [37m/wd/hub/session/b13da756-f0c5-41b1-8fe4-3760ba156e5d/elements[39m
[35m[HTTP][39m [90m{"using":"xpath","value":"//*[@class = 'android.widget.TextView' and (@text = 'Skip' or . = 'Skip')]"}[39m
[35m[HTTP][39m [37m<-- POST /wd/hub/session/b13da756-f0c5-41b1-8fe4-3760ba156e5d/elements [39m[32m200[39m [90m172 ms - 12[39m
[35m[HTTP][39m [90m[39m
[35m[HTTP][39m [37m-->[39m [37mPOST[39m [37m/wd/hub/session/b13da756-f0c5-41b1-8fe4-3760ba156e5d/elements[39m
[35m[HTTP][39m [90m{"using":"xpath","value":"//*[@class = 'android.widget.TextView' and (@text = 'Skip' or . = 'Skip')]"}[39m
[35m[HTTP][39m [37m<-- POST /wd/hub/session/b13da756-f0c5-41b1-8fe4-3760ba156e5d/elements [39m[32m200[39m [90m160 ms - 12[39m
[35m[HTTP][39m [90m[39m
[35m[HTTP][39m [37m-->[39m [37mPOST[39m [37m/wd/hub/session/b13da756-f0c5-41b1-8fe4-3760ba156e5d/elements[39m
[35m[HTTP][39m [90m{"using":"xpath","value":"//*[@class = 'android.widget.TextView' and (@text = 'Skip' or . = 'Skip')]"}[39m
[35m[HTTP][39m [37m<-- POST /wd/hub/session/b13da756-f0c5-41b1-8fe4-3760ba156e5d/elements [39m[32m200[39m [90m187 ms - 12[39m
[35m[HTTP][39m [90m[39m
[35m[HTTP][39m [37m-->[39m [37mPOST[39m [37m/wd/hub/session/b13da756-f0c5-41b1-8fe4-3760ba156e5d/elements[39m
[35m[HTTP][39m [90m{"using":"xpath","value":"//*[@class = 'android.widget.TextView' and (@text = 'Skip' or . = 'Skip')]"}[39m
[35m[HTTP][39m [37m<-- POST /wd/hub/session/b13da756-f0c5-41b1-8fe4-3760ba156e5d/elements [39m[32m200[39m [90m185 ms - 12[39m
[35m[HTTP][39m [90m[39m
[35m[HTTP][39m [37m-->[39m [37mPOST[39m [37m/wd/hub/session/b13da756-f0c5-41b1-8fe4-3760ba156e5d/elements[39m
[35m[HTTP][39m [90m{"using":"xpath","value":"//*[@class = 'android.widget.TextView' and (@text = 'Skip' or . = 'Skip')]"}[39m
[35m[HTTP][39m [37m<-- POST /wd/hub/session/b13da756-f0c5-41b1-8fe4-3760ba156e5d/elements [39m[32m200[39m [90m208 ms - 12[39m
[35m[HTTP][39m [90m[39m
[35m[HTTP][39m [37m-->[39m [37mPOST[39m [37m/wd/hub/session/b13da756-f0c5-41b1-8fe4-3760ba156e5d/elements[39m
[35m[HTTP][39m [90m{"using":"xpath","value":"//*[@class = 'android.widget.TextView' and (@text = 'Skip' or . = 'Skip')]"}[39m
[35m[HTTP][39m [37m<-- POST /wd/hub/session/b13da756-f0c5-41b1-8fe4-3760ba156e5d/elements [39m[32m200[39m [90m193 ms - 12[39m
[35m[HTTP][39m [90m[39m
[35m[HTTP][39m [37m-->[39m [37mPOST[39m [37m/wd/hub/session/b13da756-f0c5-41b1-8fe4-3760ba156e5d/elements[39m
[35m[HTTP][39m [90m{"using":"xpath","value":"//*[@class = 'android.widget.TextView' and (@text = 'Skip' or . = 'Skip')]"}[39m
[35m[HTTP][39m [37m<-- POST /wd/hub/session/b13da756-f0c5-41b1-8fe4-3760ba156e5d/elements [39m[32m200[39m [90m183 ms - 12[39m
[35m[HTTP][39m [90m[39m
[35m[HTTP][39m [37m-->[39m [37mPOST[39m [37m/wd/hub/session/b13da756-f0c5-41b1-8fe4-3760ba156e5d/elements[39m
[35m[HTTP][39m [90m{"using":"xpath","value":"//*[@class = 'android.widget.TextView' and (@text = 'Skip' or . = 'Skip')]"}[39m
[35m[HTTP][39m [37m<-- POST /wd/hub/session/b13da756-f0c5-41b1-8fe4-3760ba156e5d/elements [39m[32m200[39m [90m177 ms - 12[39m
[35m[HTTP][39m [90m[39m
[35m[HTTP][39m [37m-->[39m [37mPOST[39m [37m/wd/hub/session/b13da756-f0c5-41b1-8fe4-3760ba156e5d/elements[39m
[35m[HTTP][39m [90m{"using":"xpath","value":"//*[@class = 'android.widget.TextView' and (@text = 'Skip' or . = 'Skip')]"}[39m
[35m[HTTP][39m [37m<-- POST /wd/hub/session/b13da756-f0c5-41b1-8fe4-3760ba156e5d/elements [39m[32m200[39m [90m190 ms - 12[39m
[35m[HTTP][39m [90m[39m
[35m[HTTP][39m [37m-->[39m [37mPOST[39m [37m/wd/hub/session/b13da756-f0c5-41b1-8fe4-3760ba156e5d/elements[39m
[35m[HTTP][39m [90m{"using":"xpath","value":"//*[@class = 'android.widget.TextView' and (@text = 'Skip' or . = 'Skip')]"}[39m
[35m[HTTP][39m [37m<-- POST /wd/hub/session/b13da756-f0c5-41b1-8fe4-3760ba156e5d/elements [39m[32m200[39m [90m161 ms - 12[39m
[35m[HTTP][39m [90m[39m
[35m[HTTP][39m [37m-->[39m [37mPOST[39m [37m/wd/hub/session/b13da756-f0c5-41b1-8fe4-3760ba156e5d/elements[39m
[35m[HTTP][39m [90m{"using":"xpath","value":"//*[@class = 'android.widget.TextView' and (@text = 'Skip' or . = 'Skip')]"}[39m
[35m[HTTP][39m [37m<-- POST /wd/hub/session/b13da756-f0c5-41b1-8fe4-3760ba156e5d/elements [39m[32m200[39m [90m148 ms - 12[39m
[35m[HTTP][39m [90m[39m
[35m[HTTP][39m [37m-->[39m [37mPOST[39m [37m/wd/hub/session/b13da756-f0c5-41b1-8fe4-3760ba156e5d/elements[39m
[35m[HTTP][39m [90m{"using":"xpath","value":"//*[@class = 'android.widget.TextView' and (@text = 'Skip' or . = 'Skip')]"}[39m
[35m[HTTP][39m [37m<-- POST /wd/hub/session/b13da756-f0c5-41b1-8fe4-3760ba156e5d/elements [39m[32m200[39m [90m157 ms - 12[39m
[35m[HTTP][39m [90m[39m
[35m[HTTP][39m [37m-->[39m [37mPOST[39m [37m/wd/hub/session/b13da756-f0c5-41b1-8fe4-3760ba156e5d/elements[39m
[35m[HTTP][39m [90m{"using":"xpath","value":"//*[@class = 'android.widget.TextView' and (@text = 'Skip' or . = 'Skip')]"}[39m
[35m[HTTP][39m [37m<-- POST /wd/hub/session/b13da756-f0c5-41b1-8fe4-3760ba156e5d/elements [39m[32m200[39m [90m177 ms - 12[39m
[35m[HTTP][39m [90m[39m
[35m[HTTP][39m [37m-->[39m [37mPOST[39m [37m/wd/hub/session/b13da756-f0c5-41b1-8fe4-3760ba156e5d/elements[39m
[35m[HTTP][39m [90m{"using":"xpath","value":"//*[@class = 'android.widget.TextView' and (@text = 'Skip' or . = 'Skip')]"}[39m
[35m[HTTP][39m [37m<-- POST /wd/hub/session/b13da756-f0c5-41b1-8fe4-3760ba156e5d/elements [39m[32m200[39m [90m139 ms - 12[39m
[35m[HTTP][39m [90m[39m
[35m[HTTP][39m [37m-->[39m [37mPOST[39m [37m/wd/hub/session/b13da756-f0c5-41b1-8fe4-3760ba156e5d/elements[39m
[35m[HTTP][39m [90m{"using":"xpath","value":"//*[@class = 'android.widget.TextView' and (@text = 'Skip' or . = 'Skip')]"}[39m
[35m[HTTP][39m [37m<-- POST /wd/hub/session/b13da756-f0c5-41b1-8fe4-3760ba156e5d/elements [39m[32m200[39m [90m197 ms - 12[39m
[35m[HTTP][39m [90m[39m
[35m[HTTP][39m [37m-->[39m [37mPOST[39m [37m/wd/hub/session/b13da756-f0c5-41b1-8fe4-3760ba156e5d/elements[39m
[35m[HTTP][39m [90m{"using":"xpath","value":"//*[@class = 'android.widget.TextView' and (@text = 'Skip' or . = 'Skip')]"}[39m
[35m[HTTP][39m [37m<-- POST /wd/hub/session/b13da756-f0c5-41b1-8fe4-3760ba156e5d/elements [39m[32m200[39m [90m170 ms - 12[39m
[35m[HTTP][39m [90m[39m
[35m[HTTP][39m [37m-->[39m [37mPOST[39m [37m/wd/hub/session/b13da756-f0c5-41b1-8fe4-3760ba156e5d/elements[39m
[35m[HTTP][39m [90m{"using":"xpath","value":"//*[@class = 'android.widget.TextView' and (@text = 'Skip' or . = 'Skip')]"}[39m
[35m[HTTP][39m [37m<-- POST /wd/hub/session/b13da756-f0c5-41b1-8fe4-3760ba156e5d/elements [39m[32m200[39m [90m188 ms - 12[39m
[35m[HTTP][39m [90m[39m
[35m[HTTP][39m [37m-->[39m [37mPOST[39m [37m/wd/hub/session/b13da756-f0c5-41b1-8fe4-3760ba156e5d/elements[39m
[35m[HTTP][39m [90m{"using":"xpath","value":"//*[@class = 'android.widget.TextView' and (@text = 'Skip' or . = 'Skip')]"}[39m
[35m[HTTP][39m [37m<-- POST /wd/hub/session/b13da756-f0c5-41b1-8fe4-3760ba156e5d/elements [39m[32m200[39m [90m157 ms - 12[39m
[35m[HTTP][39m [90m[39m
[35m[HTTP][39m [37m-->[39m [37mPOST[39m [37m/wd/hub/session/b13da756-f0c5-41b1-8fe4-3760ba156e5d/elements[39m
[35m[HTTP][39m [90m{"using":"xpath","value":"//*[@class = 'android.widget.TextView' and (@text = 'Skip' or . = 'Skip')]"}[39m
[35m[HTTP][39m [37m<-- POST /wd/hub/session/b13da756-f0c5-41b1-8fe4-3760ba156e5d/elements [39m[32m200[39m [90m163 ms - 12[39m
[35m[HTTP][39m [90m[39m
[35m[HTTP][39m [37m-->[39m [37mPOST[39m [37m/wd/hub/session/b13da756-f0c5-41b1-8fe4-3760ba156e5d/elements[39m
[35m[HTTP][39m [90m{"using":"xpath","value":"//*[@class = 'android.widget.TextView' and (@text = 'Skip' or . = 'Skip')]"}[39m
[35m[HTTP][39m [37m<-- POST /wd/hub/session/b13da756-f0c5-41b1-8fe4-3760ba156e5d/elements [39m[32m200[39m [90m184 ms - 12[39m
[35m[HTTP][39m [90m[39m
[35m[HTTP][39m [37m-->[39m [37mPOST[39m [37m/wd/hub/session/b13da756-f0c5-41b1-8fe4-3760ba156e5d/elements[39m
[35m[HTTP][39m [90m{"using":"xpath","value":"//*[@class = 'android.widget.TextView' and (@text = 'Skip' or . = 'Skip')]"}[39m
[35m[HTTP][39m [37m<-- POST /wd/hub/session/b13da756-f0c5-41b1-8fe4-3760ba156e5d/elements [39m[32m200[39m [90m171 ms - 12[39m
[35m[HTTP][39m [90m[39m
[35m[HTTP][39m [37m-->[39m [37mPOST[39m [37m/wd/hub/session/b13da756-f0c5-41b1-8fe4-3760ba156e5d/elements[39m
[35m[HTTP][39m [90m{"using":"xpath","value":"//*[@class = 'android.widget.TextView' and (@text = 'Skip' or . = 'Skip')]"}[39m
[35m[HTTP][39m [37m<-- POST /wd/hub/session/b13da756-f0c5-41b1-8fe4-3760ba156e5d/elements [39m[32m200[39m [90m195 ms - 12[39m
[35m[HTTP][39m [90m[39m
[35m[HTTP][39m [37m-->[39m [37mPOST[39m [37m/wd/hub/session/b13da756-f0c5-41b1-8fe4-3760ba156e5d/elements[39m
[35m[HTTP][39m [90m{"using":"xpath","value":"//*[@class = 'android.widget.TextView' and (@text = 'Skip' or . = 'Skip')]"}[39m
[35m[HTTP][39m [37m<-- POST /wd/hub/session/b13da756-f0c5-41b1-8fe4-3760ba156e5d/elements [39m[32m200[39m [90m197 ms - 12[39m
[35m[HTTP][39m [90m[39m
[35m[HTTP][39m [37m-->[39m [37mPOST[39m [37m/wd/hub/session/b13da756-f0c5-41b1-8fe4-3760ba156e5d/elements[39m
[35m[HTTP][39m [90m{"using":"xpath","value":"//*[@class = 'android.widget.TextView' and (@text = 'Skip' or . = 'Skip')]"}[39m
[35m[HTTP][39m [37m<-- POST /wd/hub/session/b13da756-f0c5-41b1-8fe4-3760ba156e5d/elements [39m[32m200[39m [90m168 ms - 12[39m
[35m[HTTP][39m [90m[39m
[35m[HTTP][39m [37m-->[39m [37mPOST[39m [37m/wd/hub/session/b13da756-f0c5-41b1-8fe4-3760ba156e5d/elements[39m
[35m[HTTP][39m [90m{"using":"xpath","value":"//*[@class = 'android.widget.TextView' and (@text = 'Skip' or . = 'Skip')]"}[39m
[35m[HTTP][39m [37m<-- POST /wd/hub/session/b13da756-f0c5-41b1-8fe4-3760ba156e5d/elements [39m[32m200[39m [90m195 ms - 12[39m
[35m[HTTP][39m [90m[39m
[35m[HTTP][39m [37m-->[39m [37mPOST[39m [37m/wd/hub/session/b13da756-f0c5-41b1-8fe4-3760ba156e5d/elements[39m
[35m[HTTP][39m [90m{"using":"xpath","value":"//*[@class = 'android.widget.TextView' and (@text = 'Skip' or . = 'Skip')]"}[39m
[35m[HTTP][39m [37m<-- POST /wd/hub/session/b13da756-f0c5-41b1-8fe4-3760ba156e5d/elements [39m[32m200[39m [90m196 ms - 12[39m
[35m[HTTP][39m [90m[39m
[35m[HTTP][39m [37m-->[39m [37mPOST[39m [37m/wd/hub/session/b13da756-f0c5-41b1-8fe4-3760ba156e5d/elements[39m
[35m[HTTP][39m [90m{"using":"xpath","value":"//*[@class = 'android.widget.TextView' and (@text = 'Skip' or . = 'Skip')]"}[39m
[35m[HTTP][39m [37m<-- POST /wd/hub/session/b13da756-f0c5-41b1-8fe4-3760ba156e5d/elements [39m[32m200[39m [90m171 ms - 12[39m
[35m[HTTP][39m [90m[39m
[35m[HTTP][39m [37m-->[39m [37mPOST[39m [37m/wd/hub/session/b13da756-f0c5-41b1-8fe4-3760ba156e5d/elements[39m
[35m[HTTP][39m [90m{"using":"xpath","value":"//*[@class = 'android.widget.TextView' and (@text = 'Skip' or . = 'Skip')]"}[39m
[35m[HTTP][39m [37m<-- POST /wd/hub/session/b13da756-f0c5-41b1-8fe4-3760ba156e5d/elements [39m[32m200[39m [90m180 ms - 12[39m
[35m[HTTP][39m [90m[39m
[35m[HTTP][39m [37m-->[39m [37mPOST[39m [37m/wd/hub/session/b13da756-f0c5-41b1-8fe4-3760ba156e5d/elements[39m
[35m[HTTP][39m [90m{"using":"xpath","value":"//*[@class = 'android.widget.TextView' and (@text = 'Skip' or . = 'Skip')]"}[39m
[35m[HTTP][39m [37m<-- POST /wd/hub/session/b13da756-f0c5-41b1-8fe4-3760ba156e5d/elements [39m[32m200[39m [90m169 ms - 12[39m
[35m[HTTP][39m [90m[39m
[35m[HTTP][39m [37m-->[39m [37mPOST[39m [37m/wd/hub/session/b13da756-f0c5-41b1-8fe4-3760ba156e5d/elements[39m
[35m[HTTP][39m [90m{"using":"xpath","value":"//*[@class = 'android.widget.TextView' and (@text = 'Skip' or . = 'Skip')]"}[39m
[35m[HTTP][39m [37m<-- POST /wd/hub/session/b13da756-f0c5-41b1-8fe4-3760ba156e5d/elements [39m[32m200[39m [90m177 ms - 12[39m
[35m[HTTP][39m [90m[39m
[35m[HTTP][39m [37m-->[39m [37mPOST[39m [37m/wd/hub/session/b13da756-f0c5-41b1-8fe4-3760ba156e5d/elements[39m
[35m[HTTP][39m [90m{"using":"xpath","value":"//*[@class = 'android.widget.TextView' and (@text = 'Skip' or . = 'Skip')]"}[39m
[35m[HTTP][39m [37m<-- POST /wd/hub/session/b13da756-f0c5-41b1-8fe4-3760ba156e5d/elements [39m[32m200[39m [90m178 ms - 12[39m
[35m[HTTP][39m [90m[39m
[35m[HTTP][39m [37m-->[39m [37mPOST[39m [37m/wd/hub/session/b13da756-f0c5-41b1-8fe4-3760ba156e5d/elements[39m
[35m[HTTP][39m [90m{"using":"xpath","value":"//*[@class = 'android.widget.TextView' and (@text = 'Skip' or . = 'Skip')]"}[39m
[35m[HTTP][39m [37m<-- POST /wd/hub/session/b13da756-f0c5-41b1-8fe4-3760ba156e5d/elements [39m[32m200[39m [90m182 ms - 12[39m
[35m[HTTP][39m [90m[39m
[35m[HTTP][39m [37m-->[39m [37mPOST[39m [37m/wd/hub/session/b13da756-f0c5-41b1-8fe4-3760ba156e5d/elements[39m
[35m[HTTP][39m [90m{"using":"xpath","value":"//*[@class = 'android.widget.TextView' and (@text = 'Skip' or . = 'Skip')]"}[39m
[35m[HTTP][39m [37m<-- POST /wd/hub/session/b13da756-f0c5-41b1-8fe4-3760ba156e5d/elements [39m[32m200[39m [90m176 ms - 12[39m
[35m[HTTP][39m [90m[39m
[35m[HTTP][39m [37m-->[39m [37mPOST[39m [37m/wd/hub/session/b13da756-f0c5-41b1-8fe4-3760ba156e5d/elements[39m
[35m[HTTP][39m [90m{"using":"xpath","value":"//*[@class = 'android.widget.TextView' and (@text = 'Skip' or . = 'Skip')]"}[39m
[35m[HTTP][39m [37m<-- POST /wd/hub/session/b13da756-f0c5-41b1-8fe4-3760ba156e5d/elements [39m[32m200[39m [90m654 ms - 12[39m
[35m[HTTP][39m [90m[39m
[35m[HTTP][39m [37m-->[39m [37mPOST[39m [37m/wd/hub/session/b13da756-f0c5-41b1-8fe4-3760ba156e5d/timeouts[39m
[35m[HTTP][39m [90m{"implicit":20000}[39m
[35m[HTTP][39m [37m<-- POST /wd/hub/session/b13da756-f0c5-41b1-8fe4-3760ba156e5d/timeouts [39m[32m200[39m [90m1 ms - 14[39m
[35m[HTTP][39m [90m[39m
[35m[HTTP][39m [37m-->[39m [37mPOST[39m [37m/wd/hub/session/b13da756-f0c5-41b1-8fe4-3760ba156e5d/timeouts[39m
[35m[HTTP][39m [90m{"implicit":50}[39m
[35m[HTTP][39m [37m<-- POST /wd/hub/session/b13da756-f0c5-41b1-8fe4-3760ba156e5d/timeouts [39m[32m200[39m [90m1 ms - 14[39m
[35m[HTTP][39m [90m[39m
[35m[HTTP][39m [37m-->[39m [37mGET[39m [37m/wd/hub/session/b13da756-f0c5-41b1-8fe4-3760ba156e5d/window/rect[39m
[35m[HTTP][39m [90m{}[39m
[35m[HTTP][39m [37m<-- GET /wd/hub/session/b13da756-f0c5-41b1-8fe4-3760ba156e5d/window/rect [39m[32m200[39m [90m16 ms - 50[39m
[35m[HTTP][39m [90m[39m
[35m[HTTP][39m [37m-->[39m [37mPOST[39m [37m/wd/hub/session/b13da756-f0c5-41b1-8fe4-3760ba156e5d/elements[39m
[35m[HTTP][39m [90m{"using":"xpath","value":"//*[@class = 'android.widget.TextView' and (@text = 'Property' or . = 'Property')]"}[39m
[35m[HTTP][39m [37m<-- POST /wd/hub/session/b13da756-f0c5-41b1-8fe4-3760ba156e5d/elements [39m[32m200[39m [90m238 ms - 139[39m
[35m[HTTP][39m [90m[39m
[35m[HTTP][39m [37m-->[39m [37mGET[39m [37m/wd/hub/session/b13da756-f0c5-41b1-8fe4-3760ba156e5d/element/00000000-0000-0148-ffff-ffff0000026b/location[39m
[35m[HTTP][39m [90m{}[39m
[35m[W3C (b13da756)][39m Driver proxy active, passing request on via HTTP proxy
[35m[WD Proxy][39m Replacing sessionId 8ad035e1-0db9-4e9a-985a-7f4c381af606 with b13da756-f0c5-41b1-8fe4-3760ba156e5d
[35m[HTTP][39m [37m<-- GET /wd/hub/session/b13da756-f0c5-41b1-8fe4-3760ba156e5d/element/00000000-0000-0148-ffff-ffff0000026b/location [39m[32m200[39m [90m22 ms - 78[39m
[35m[HTTP][39m [90m[39m
[35m[HTTP][39m [37m-->[39m [37mPOST[39m [37m/wd/hub/session/b13da756-f0c5-41b1-8fe4-3760ba156e5d/timeouts[39m
[35m[HTTP][39m [90m{"implicit":20000}[39m
[35m[HTTP][39m [37m<-- POST /wd/hub/session/b13da756-f0c5-41b1-8fe4-3760ba156e5d/timeouts [39m[32m200[39m [90m1 ms - 14[39m
[35m[HTTP][39m [90m[39m
[35m[HTTP][39m [37m-->[39m [37mGET[39m [37m/wd/hub/session/b13da756-f0c5-41b1-8fe4-3760ba156e5d/element/00000000-0000-0148-ffff-ffff0000026b/displayed[39m
[35m[HTTP][39m [90m{}[39m
[35m[HTTP][39m [37m<-- GET /wd/hub/session/b13da756-f0c5-41b1-8fe4-3760ba156e5d/element/00000000-0000-0148-ffff-ffff0000026b/displayed [39m[32m200[39m [90m18 ms - 14[39m
[35m[HTTP][39m [90m[39m
[35m[HTTP][39m [37m-->[39m [37mPOST[39m [37m/wd/hub/session/b13da756-f0c5-41b1-8fe4-3760ba156e5d/timeouts[39m
[35m[HTTP][39m [90m{"implicit":50}[39m
[35m[HTTP][39m [37m<-- POST /wd/hub/session/b13da756-f0c5-41b1-8fe4-3760ba156e5d/timeouts [39m[32m200[39m [90m1 ms - 14[39m
[35m[HTTP][39m [90m[39m
[35m[HTTP][39m [37m-->[39m [37mGET[39m [37m/wd/hub/session/b13da756-f0c5-41b1-8fe4-3760ba156e5d/window/rect[39m
[35m[HTTP][39m [90m{}[39m
[35m[HTTP][39m [37m<-- GET /wd/hub/session/b13da756-f0c5-41b1-8fe4-3760ba156e5d/window/rect [39m[32m200[39m [90m18 ms - 50[39m
[35m[HTTP][39m [90m[39m
[35m[HTTP][39m [37m-->[39m [37mPOST[39m [37m/wd/hub/session/b13da756-f0c5-41b1-8fe4-3760ba156e5d/elements[39m
[35m[HTTP][39m [90m{"using":"xpath","value":"//*[@class = 'android.widget.TextView' and (@text = 'DISCOVER' or . = 'DISCOVER')]"}[39m
[35m[HTTP][39m [37m<-- POST /wd/hub/session/b13da756-f0c5-41b1-8fe4-3760ba156e5d/elements [39m[32m200[39m [90m223 ms - 139[39m
[35m[HTTP][39m [90m[39m
[35m[HTTP][39m [37m-->[39m [37mGET[39m [37m/wd/hub/session/b13da756-f0c5-41b1-8fe4-3760ba156e5d/element/00000000-0000-0148-ffff-ffff00000375/location[39m
[35m[HTTP][39m [90m{}[39m
[35m[W3C (b13da756)][39m Driver proxy active, passing request on via HTTP proxy
[35m[WD Proxy][39m Replacing sessionId 8ad035e1-0db9-4e9a-985a-7f4c381af606 with b13da756-f0c5-41b1-8fe4-3760ba156e5d
[35m[HTTP][39m [37m<-- GET /wd/hub/session/b13da756-f0c5-41b1-8fe4-3760ba156e5d/element/00000000-0000-0148-ffff-ffff00000375/location [39m[32m200[39m [90m23 ms - 77[39m
[35m[HTTP][39m [90m[39m
[35m[HTTP][39m [37m-->[39m [37mPOST[39m [37m/wd/hub/session/b13da756-f0c5-41b1-8fe4-3760ba156e5d/timeouts[39m
[35m[HTTP][39m [90m{"implicit":20000}[39m
[35m[HTTP][39m [37m<-- POST /wd/hub/session/b13da756-f0c5-41b1-8fe4-3760ba156e5d/timeouts [39m[32m200[39m [90m1 ms - 14[39m
[35m[HTTP][39m [90m[39m
[35m[HTTP][39m [37m-->[39m [37mGET[39m [37m/wd/hub/session/b13da756-f0c5-41b1-8fe4-3760ba156e5d/element/00000000-0000-0148-ffff-ffff00000375/displayed[39m
[35m[HTTP][39m [90m{}[39m
[35m[HTTP][39m [37m<-- GET /wd/hub/session/b13da756-f0c5-41b1-8fe4-3760ba156e5d/element/00000000-0000-0148-ffff-ffff00000375/displayed [39m[32m200[39m [90m20 ms - 14[39m
[35m[HTTP][39m [90m[39m
[35m[HTTP][39m [37m-->[39m [37mPOST[39m [37m/wd/hub/session/b13da756-f0c5-41b1-8fe4-3760ba156e5d/timeouts[39m
[35m[HTTP][39m [90m{"implicit":50}[39m
[35m[HTTP][39m [37m<-- POST /wd/hub/session/b13da756-f0c5-41b1-8fe4-3760ba156e5d/timeouts [39m[32m200[39m [90m1 ms - 14[39m
[35m[HTTP][39m [90m[39m
[35m[HTTP][39m [37m-->[39m [37mGET[39m [37m/wd/hub/session/b13da756-f0c5-41b1-8fe4-3760ba156e5d/window/rect[39m
[35m[HTTP][39m [90m{}[39m
[35m[HTTP][39m [37m<-- GET /wd/hub/session/b13da756-f0c5-41b1-8fe4-3760ba156e5d/window/rect [39m[32m200[39m [90m19 ms - 50[39m
[35m[HTTP][39m [90m[39m
[35m[HTTP][39m [37m-->[39m [37mPOST[39m [37m/wd/hub/session/b13da756-f0c5-41b1-8fe4-3760ba156e5d/elements[39m
[35m[HTTP][39m [90m{"using":"xpath","value":"//*[@class = 'android.widget.TextView' and (@text = 'Search properties' or . = 'Search properties')]"}[39m
[35m[HTTP][39m [37m<-- POST /wd/hub/session/b13da756-f0c5-41b1-8fe4-3760ba156e5d/elements [39m[32m200[39m [90m285 ms - 139[39m
[35m[HTTP][39m [90m[39m
[35m[HTTP][39m [37m-->[39m [37mGET[39m [37m/wd/hub/session/b13da756-f0c5-41b1-8fe4-3760ba156e5d/element/00000000-0000-0148-ffff-ffff00000279/location[39m
[35m[HTTP][39m [90m{}[39m
[35m[W3C (b13da756)][39m Driver proxy active, passing request on via HTTP proxy
[35m[WD Proxy][39m Replacing sessionId 8ad035e1-0db9-4e9a-985a-7f4c381af606 with b13da756-f0c5-41b1-8fe4-3760ba156e5d
[35m[HTTP][39m [37m<-- GET /wd/hub/session/b13da756-f0c5-41b1-8fe4-3760ba156e5d/element/00000000-0000-0148-ffff-ffff00000279/location [39m[32m200[39m [90m20 ms - 78[39m
[35m[HTTP][39m [90m[39m
[35m[HTTP][39m [37m-->[39m [37mPOST[39m [37m/wd/hub/session/b13da756-f0c5-41b1-8fe4-3760ba156e5d/timeouts[39m
[35m[HTTP][39m [90m{"implicit":20000}[39m
[35m[HTTP][39m [37m<-- POST /wd/hub/session/b13da756-f0c5-41b1-8fe4-3760ba156e5d/timeouts [39m[32m200[39m [90m1 ms - 14[39m
[35m[HTTP][39m [90m[39m
[35m[HTTP][39m [37m-->[39m [37mPOST[39m [37m/wd/hub/session/b13da756-f0c5-41b1-8fe4-3760ba156e5d/touch/perform[39m
[35m[HTTP][39m [90m{"actions":[{"action":"tap","options":{"x":1,"y":1,"element":"00000000-0000-0148-ffff-ffff00000279"}},{"action":"release","options":{}}]}[39m
[35m[UiAutomator2][39m calling get location: 00000000-0000-0148-ffff-ffff00000279
[35m[HTTP][39m [37m<-- POST /wd/hub/session/b13da756-f0c5-41b1-8fe4-3760ba156e5d/touch/perform [39m[32m200[39m [90m209 ms - 14[39m
[35m[HTTP][39m [90m[39m
[35m[HTTP][39m [37m-->[39m [37mPOST[39m [37m/wd/hub/session/b13da756-f0c5-41b1-8fe4-3760ba156e5d/timeouts[39m
[35m[HTTP][39m [90m{"implicit":50}[39m
[35m[HTTP][39m [37m<-- POST /wd/hub/session/b13da756-f0c5-41b1-8fe4-3760ba156e5d/timeouts [39m[32m200[39m [90m1 ms - 14[39m
[35m[HTTP][39m [90m[39m
[35m[HTTP][39m [37m-->[39m [37mGET[39m [37m/wd/hub/session/b13da756-f0c5-41b1-8fe4-3760ba156e5d/window/rect[39m
[35m[HTTP][39m [90m{}[39m
[35m[HTTP][39m [37m<-- GET /wd/hub/session/b13da756-f0c5-41b1-8fe4-3760ba156e5d/window/rect [39m[32m200[39m [90m32 ms - 50[39m
[35m[HTTP][39m [90m[39m
[35m[HTTP][39m [37m-->[39m [37mPOST[39m [37m/wd/hub/session/b13da756-f0c5-41b1-8fe4-3760ba156e5d/elements[39m
[35m[HTTP][39m [90m{"using":"xpath","value":"//*[@class = 'android.widget.EditText' and (@text = '' or . = '')]"}[39m
[35m[HTTP][39m [37m<-- POST /wd/hub/session/b13da756-f0c5-41b1-8fe4-3760ba156e5d/elements [39m[32m200[39m [90m314 ms - 12[39m
[35m[HTTP][39m [90m[39m
[35m[HTTP][39m [37m-->[39m [37mPOST[39m [37m/wd/hub/session/b13da756-f0c5-41b1-8fe4-3760ba156e5d/elements[39m
[35m[HTTP][39m [90m{"using":"xpath","value":"//*[@class = 'android.widget.EditText' and (@text = '' or . = '')]"}[39m
[35m[HTTP][39m [37m<-- POST /wd/hub/session/b13da756-f0c5-41b1-8fe4-3760ba156e5d/elements [39m[32m200[39m [90m834 ms - 139[39m
[35m[HTTP][39m [90m[39m
[35m[HTTP][39m [37m-->[39m [37mGET[39m [37m/wd/hub/session/b13da756-f0c5-41b1-8fe4-3760ba156e5d/element/00000000-0000-0148-ffff-ffff000003ed/location[39m
[35m[HTTP][39m [90m{}[39m
[35m[W3C (b13da756)][39m Driver proxy active, passing request on via HTTP proxy
[35m[WD Proxy][39m Replacing sessionId 8ad035e1-0db9-4e9a-985a-7f4c381af606 with b13da756-f0c5-41b1-8fe4-3760ba156e5d
[35m[HTTP][39m [37m<-- GET /wd/hub/session/b13da756-f0c5-41b1-8fe4-3760ba156e5d/element/00000000-0000-0148-ffff-ffff000003ed/location [39m[32m200[39m [90m27 ms - 78[39m
[35m[HTTP][39m [90m[39m
[35m[HTTP][39m [37m-->[39m [37mPOST[39m [37m/wd/hub/session/b13da756-f0c5-41b1-8fe4-3760ba156e5d/timeouts[39m
[35m[HTTP][39m [90m{"implicit":20000}[39m
[35m[HTTP][39m [37m<-- POST /wd/hub/session/b13da756-f0c5-41b1-8fe4-3760ba156e5d/timeouts [39m[32m200[39m [90m1 ms - 14[39m
[35m[HTTP][39m [90m[39m
[35m[HTTP][39m [37m-->[39m [37mPOST[39m [37m/wd/hub/session/b13da756-f0c5-41b1-8fe4-3760ba156e5d/element/00000000-0000-0148-ffff-ffff000003ed/clear[39m
[35m[HTTP][39m [90m{"id":"00000000-0000-0148-ffff-ffff000003ed"}[39m
[35m[HTTP][39m [37m<-- POST /wd/hub/session/b13da756-f0c5-41b1-8fe4-3760ba156e5d/element/00000000-0000-0148-ffff-ffff000003ed/clear [39m[32m200[39m [90m65 ms - 14[39m
[35m[HTTP][39m [90m[39m
[35m[HTTP][39m [37m-->[39m [37mPOST[39m [37m/wd/hub/session/b13da756-f0c5-41b1-8fe4-3760ba156e5d/element/00000000-0000-0148-ffff-ffff000003ed/value[39m
[35m[HTTP][39m [90m{"id":"00000000-0000-0148-ffff-ffff000003ed","text":"!@#$","value":["!","@","#","$"]}[39m
[35m[HTTP][39m [37m<-- POST /wd/hub/session/b13da756-f0c5-41b1-8fe4-3760ba156e5d/element/00000000-0000-0148-ffff-ffff000003ed/value [39m[32m200[39m [90m728 ms - 14[39m
[35m[HTTP][39m [90m[39m
[35m[HTTP][39m [37m-->[39m [37mGET[39m [37m/wd/hub/session/b13da756-f0c5-41b1-8fe4-3760ba156e5d/context[39m
[35m[HTTP][39m [90m{}[39m
[35m[HTTP][39m [37m<-- GET /wd/hub/session/b13da756-f0c5-41b1-8fe4-3760ba156e5d/context [39m[32m200[39m [90m1 ms - 22[39m
[35m[HTTP][39m [90m[39m
[35m[HTTP][39m [37m-->[39m [37mGET[39m [37m/wd/hub/session/b13da756-f0c5-41b1-8fe4-3760ba156e5d/contexts[39m
[35m[HTTP][39m [90m{}[39m
[35m[HTTP][39m [37m<-- GET /wd/hub/session/b13da756-f0c5-41b1-8fe4-3760ba156e5d/contexts [39m[32m200[39m [90m42 ms - 24[39m
[35m[HTTP][39m [90m[39m
[35m[HTTP][39m [37m-->[39m [37mPOST[39m [37m/wd/hub/session/b13da756-f0c5-41b1-8fe4-3760ba156e5d/context[39m
[35m[HTTP][39m [90m{"name":"NATIVE_APP"}[39m
[35m[HTTP][39m [37m<-- POST /wd/hub/session/b13da756-f0c5-41b1-8fe4-3760ba156e5d/context [39m[32m200[39m [90m1 ms - 14[39m
[35m[HTTP][39m [90m[39m
[35m[HTTP][39m [37m-->[39m [37mPOST[39m [37m/wd/hub/session/b13da756-f0c5-41b1-8fe4-3760ba156e5d/appium/device/hide_keyboard[39m
[35m[HTTP][39m [90m{}[39m
[35m[HTTP][39m [37m<-- POST /wd/hub/session/b13da756-f0c5-41b1-8fe4-3760ba156e5d/appium/device/hide_keyboard [39m[32m200[39m [90m921 ms - 14[39m
[35m[HTTP][39m [90m[39m
[35m[HTTP][39m [37m-->[39m [37mPOST[39m [37m/wd/hub/session/b13da756-f0c5-41b1-8fe4-3760ba156e5d/context[39m
[35m[HTTP][39m [90m{"name":"NATIVE_APP"}[39m
[35m[HTTP][39m [37m<-- POST /wd/hub/session/b13da756-f0c5-41b1-8fe4-3760ba156e5d/context [39m[32m200[39m [90m1 ms - 14[39m
[35m[HTTP][39m [90m[39m
[35m[HTTP][39m [37m-->[39m [37mPOST[39m [37m/wd/hub/session/b13da756-f0c5-41b1-8fe4-3760ba156e5d/timeouts[39m
[35m[HTTP][39m [90m{"implicit":50}[39m
[35m[HTTP][39m [37m<-- POST /wd/hub/session/b13da756-f0c5-41b1-8fe4-3760ba156e5d/timeouts [39m[32m200[39m [90m1 ms - 14[39m
[35m[HTTP][39m [90m[39m
[35m[HTTP][39m [37m-->[39m [37mGET[39m [37m/wd/hub/session/b13da756-f0c5-41b1-8fe4-3760ba156e5d/window/rect[39m
[35m[HTTP][39m [90m{}[39m
[35m[HTTP][39m [37m<-- GET /wd/hub/session/b13da756-f0c5-41b1-8fe4-3760ba156e5d/window/rect [39m[32m200[39m [90m21 ms - 50[39m
[35m[HTTP][39m [90m[39m
[35m[HTTP][39m [37m-->[39m [37mPOST[39m [37m/wd/hub/session/b13da756-f0c5-41b1-8fe4-3760ba156e5d/elements[39m
[35m[HTTP][39m [90m{"using":"xpath","value":"//*[@class = 'android.widget.EditText' and (@text = '' or . = '')]"}[39m
[35m[HTTP][39m [37m<-- POST /wd/hub/session/b13da756-f0c5-41b1-8fe4-3760ba156e5d/elements [39m[32m200[39m [90m1269 ms - 139[39m
[35m[HTTP][39m [90m[39m
[35m[HTTP][39m [37m-->[39m [37mGET[39m [37m/wd/hub/session/b13da756-f0c5-41b1-8fe4-3760ba156e5d/element/00000000-0000-0148-ffff-ffff000003ed/location[39m
[35m[HTTP][39m [90m{}[39m
[35m[W3C (b13da756)][39m Driver proxy active, passing request on via HTTP proxy
[35m[WD Proxy][39m Replacing sessionId 8ad035e1-0db9-4e9a-985a-7f4c381af606 with b13da756-f0c5-41b1-8fe4-3760ba156e5d
[35m[HTTP][39m [37m<-- GET /wd/hub/session/b13da756-f0c5-41b1-8fe4-3760ba156e5d/element/00000000-0000-0148-ffff-ffff000003ed/location [39m[32m200[39m [90m18 ms - 78[39m
[35m[HTTP][39m [90m[39m
[35m[HTTP][39m [37m-->[39m [37mPOST[39m [37m/wd/hub/session/b13da756-f0c5-41b1-8fe4-3760ba156e5d/timeouts[39m
[35m[HTTP][39m [90m{"implicit":20000}[39m
[35m[HTTP][39m [37m<-- POST /wd/hub/session/b13da756-f0c5-41b1-8fe4-3760ba156e5d/timeouts [39m[32m200[39m [90m1 ms - 14[39m
[35m[HTTP][39m [90m[39m
[35m[HTTP][39m [37m-->[39m [37mPOST[39m [37m/wd/hub/session/b13da756-f0c5-41b1-8fe4-3760ba156e5d/element/00000000-0000-0148-ffff-ffff000003ed/clear[39m
[35m[HTTP][39m [90m{"id":"00000000-0000-0148-ffff-ffff000003ed"}[39m
[35m[HTTP][39m [37m<-- POST /wd/hub/session/b13da756-f0c5-41b1-8fe4-3760ba156e5d/element/00000000-0000-0148-ffff-ffff000003ed/clear [39m[32m200[39m [90m25 ms - 14[39m
[35m[HTTP][39m [90m[39m
[35m[HTTP][39m [37m-->[39m [37mPOST[39m [37m/wd/hub/session/b13da756-f0c5-41b1-8fe4-3760ba156e5d/element/00000000-0000-0148-ffff-ffff000003ed/value[39m
[35m[HTTP][39m [90m{"id":"00000000-0000-0148-ffff-ffff000003ed","text":"12345","value":["1","2","3","4","5"]}[39m
[35m[HTTP][39m [37m<-- POST /wd/hub/session/b13da756-f0c5-41b1-8fe4-3760ba156e5d/element/00000000-0000-0148-ffff-ffff000003ed/value [39m[32m200[39m [90m1912 ms - 14[39m
[35m[HTTP][39m [90m[39m
[35m[HTTP][39m [37m-->[39m [37mGET[39m [37m/wd/hub/session/b13da756-f0c5-41b1-8fe4-3760ba156e5d/context[39m
[35m[HTTP][39m [90m{}[39m
[35m[HTTP][39m [37m<-- GET /wd/hub/session/b13da756-f0c5-41b1-8fe4-3760ba156e5d/context [39m[32m200[39m [90m1 ms - 22[39m
[35m[HTTP][39m [90m[39m
[35m[HTTP][39m [37m-->[39m [37mGET[39m [37m/wd/hub/session/b13da756-f0c5-41b1-8fe4-3760ba156e5d/contexts[39m
[35m[HTTP][39m [90m{}[39m
[35m[HTTP][39m [37m<-- GET /wd/hub/session/b13da756-f0c5-41b1-8fe4-3760ba156e5d/contexts [39m[32m200[39m [90m53 ms - 24[39m
[35m[HTTP][39m [90m[39m
[35m[HTTP][39m [37m-->[39m [37mPOST[39m [37m/wd/hub/session/b13da756-f0c5-41b1-8fe4-3760ba156e5d/context[39m
[35m[HTTP][39m [90m{"name":"NATIVE_APP"}[39m
[35m[HTTP][39m [37m<-- POST /wd/hub/session/b13da756-f0c5-41b1-8fe4-3760ba156e5d/context [39m[32m200[39m [90m2 ms - 14[39m
[35m[HTTP][39m [90m[39m
[35m[HTTP][39m [37m-->[39m [37mPOST[39m [37m/wd/hub/session/b13da756-f0c5-41b1-8fe4-3760ba156e5d/appium/device/hide_keyboard[39m
[35m[HTTP][39m [90m{}[39m
[35m[ADB][39m Keyboard has no UI; no closing necessary
[35m[HTTP][39m [37m<-- POST /wd/hub/session/b13da756-f0c5-41b1-8fe4-3760ba156e5d/appium/device/hide_keyboard [39m[32m200[39m [90m345 ms - 15[39m
[35m[HTTP][39m [90m[39m
[35m[HTTP][39m [37m-->[39m [37mPOST[39m [37m/wd/hub/session/b13da756-f0c5-41b1-8fe4-3760ba156e5d/context[39m
[35m[HTTP][39m [90m{"name":"NATIVE_APP"}[39m
[35m[HTTP][39m [37m<-- POST /wd/hub/session/b13da756-f0c5-41b1-8fe4-3760ba156e5d/context [39m[32m200[39m [90m1 ms - 14[39m
[35m[HTTP][39m [90m[39m
[35m[HTTP][39m [37m-->[39m [37mPOST[39m [37m/wd/hub/session/b13da756-f0c5-41b1-8fe4-3760ba156e5d/timeouts[39m
[35m[HTTP][39m [90m{"implicit":50}[39m
[35m[HTTP][39m [37m<-- POST /wd/hub/session/b13da756-f0c5-41b1-8fe4-3760ba156e5d/timeouts [39m[32m200[39m [90m1 ms - 14[39m
[35m[HTTP][39m [90m[39m
[35m[HTTP][39m [37m-->[39m [37mGET[39m [37m/wd/hub/session/b13da756-f0c5-41b1-8fe4-3760ba156e5d/window/rect[39m
[35m[HTTP][39m [90m{}[39m
[35m[HTTP][39m [37m<-- GET /wd/hub/session/b13da756-f0c5-41b1-8fe4-3760ba156e5d/window/rect [39m[32m200[39m [90m19 ms - 50[39m
[35m[HTTP][39m [90m[39m
[35m[HTTP][39m [37m-->[39m [37mPOST[39m [37m/wd/hub/session/b13da756-f0c5-41b1-8fe4-3760ba156e5d/elements[39m
[35m[HTTP][39m [90m{"using":"xpath","value":"//*[@class = 'android.widget.EditText' and (@text = '' or . = '')]"}[39m
[35m[HTTP][39m [37m<-- POST /wd/hub/session/b13da756-f0c5-41b1-8fe4-3760ba156e5d/elements [39m[32m200[39m [90m99 ms - 139[39m
[35m[HTTP][39m [90m[39m
[35m[HTTP][39m [37m-->[39m [37mGET[39m [37m/wd/hub/session/b13da756-f0c5-41b1-8fe4-3760ba156e5d/element/00000000-0000-0148-ffff-ffff000003ed/location[39m
[35m[HTTP][39m [90m{}[39m
[35m[W3C (b13da756)][39m Driver proxy active, passing request on via HTTP proxy
[35m[WD Proxy][39m Replacing sessionId 8ad035e1-0db9-4e9a-985a-7f4c381af606 with b13da756-f0c5-41b1-8fe4-3760ba156e5d
[35m[HTTP][39m [37m<-- GET /wd/hub/session/b13da756-f0c5-41b1-8fe4-3760ba156e5d/element/00000000-0000-0148-ffff-ffff000003ed/location [39m[32m200[39m [90m20 ms - 78[39m
[35m[HTTP][39m [90m[39m
[35m[HTTP][39m [37m-->[39m [37mPOST[39m [37m/wd/hub/session/b13da756-f0c5-41b1-8fe4-3760ba156e5d/timeouts[39m
[35m[HTTP][39m [90m{"implicit":20000}[39m
[35m[HTTP][39m [37m<-- POST /wd/hub/session/b13da756-f0c5-41b1-8fe4-3760ba156e5d/timeouts [39m[32m200[39m [90m1 ms - 14[39m
[35m[HTTP][39m [90m[39m
[35m[HTTP][39m [37m-->[39m [37mPOST[39m [37m/wd/hub/session/b13da756-f0c5-41b1-8fe4-3760ba156e5d/element/00000000-0000-0148-ffff-ffff000003ed/clear[39m
[35m[HTTP][39m [90m{"id":"00000000-0000-0148-ffff-ffff000003ed"}[39m
[35m[HTTP][39m [37m<-- POST /wd/hub/session/b13da756-f0c5-41b1-8fe4-3760ba156e5d/element/00000000-0000-0148-ffff-ffff000003ed/clear [39m[32m200[39m [90m36 ms - 14[39m
[35m[HTTP][39m [90m[39m
[35m[HTTP][39m [37m-->[39m [37mPOST[39m [37m/wd/hub/session/b13da756-f0c5-41b1-8fe4-3760ba156e5d/element/00000000-0000-0148-ffff-ffff000003ed/value[39m
[35m[HTTP][39m [90m{"id":"00000000-0000-0148-ffff-ffff000003ed","text":"abcd","value":["a","b","c","d"]}[39m
[35m[HTTP][39m [37m<-- POST /wd/hub/session/b13da756-f0c5-41b1-8fe4-3760ba156e5d/element/00000000-0000-0148-ffff-ffff000003ed/value [39m[32m200[39m [90m579 ms - 14[39m
[35m[HTTP][39m [90m[39m
[35m[HTTP][39m [37m-->[39m [37mGET[39m [37m/wd/hub/session/b13da756-f0c5-41b1-8fe4-3760ba156e5d/context[39m
[35m[HTTP][39m [90m{}[39m
[35m[HTTP][39m [37m<-- GET /wd/hub/session/b13da756-f0c5-41b1-8fe4-3760ba156e5d/context [39m[32m200[39m [90m1 ms - 22[39m
[35m[HTTP][39m [90m[39m
[35m[HTTP][39m [37m-->[39m [37mGET[39m [37m/wd/hub/session/b13da756-f0c5-41b1-8fe4-3760ba156e5d/contexts[39m
[35m[HTTP][39m [90m{}[39m
[35m[HTTP][39m [37m<-- GET /wd/hub/session/b13da756-f0c5-41b1-8fe4-3760ba156e5d/contexts [39m[32m200[39m [90m54 ms - 24[39m
[35m[HTTP][39m [90m[39m
[35m[HTTP][39m [37m-->[39m [37mPOST[39m [37m/wd/hub/session/b13da756-f0c5-41b1-8fe4-3760ba156e5d/context[39m
[35m[HTTP][39m [90m{"name":"NATIVE_APP"}[39m
[35m[HTTP][39m [37m<-- POST /wd/hub/session/b13da756-f0c5-41b1-8fe4-3760ba156e5d/context [39m[32m200[39m [90m1 ms - 14[39m
[35m[HTTP][39m [90m[39m
[35m[HTTP][39m [37m-->[39m [37mPOST[39m [37m/wd/hub/session/b13da756-f0c5-41b1-8fe4-3760ba156e5d/appium/device/hide_keyboard[39m
[35m[HTTP][39m [90m{}[39m
[35m[ADB][39m Keyboard has no UI; no closing necessary
[35m[HTTP][39m [37m<-- POST /wd/hub/session/b13da756-f0c5-41b1-8fe4-3760ba156e5d/appium/device/hide_keyboard [39m[32m200[39m [90m478 ms - 15[39m
[35m[HTTP][39m [90m[39m
[35m[HTTP][39m [37m-->[39m [37mPOST[39m [37m/wd/hub/session/b13da756-f0c5-41b1-8fe4-3760ba156e5d/context[39m
[35m[HTTP][39m [90m{"name":"NATIVE_APP"}[39m
[35m[HTTP][39m [37m<-- POST /wd/hub/session/b13da756-f0c5-41b1-8fe4-3760ba156e5d/context [39m[32m200[39m [90m1 ms - 14[39m
[35m[HTTP][39m [90m[39m
[35m[HTTP][39m [37m-->[39m [37mPOST[39m [37m/wd/hub/session/b13da756-f0c5-41b1-8fe4-3760ba156e5d/timeouts[39m
[35m[HTTP][39m [90m{"implicit":50}[39m
[35m[HTTP][39m [37m<-- POST /wd/hub/session/b13da756-f0c5-41b1-8fe4-3760ba156e5d/timeouts [39m[32m200[39m [90m1 ms - 14[39m
[35m[HTTP][39m [90m[39m
[35m[HTTP][39m [37m-->[39m [37mGET[39m [37m/wd/hub/session/b13da756-f0c5-41b1-8fe4-3760ba156e5d/window/rect[39m
[35m[HTTP][39m [90m{}[39m
[35m[HTTP][39m [37m<-- GET /wd/hub/session/b13da756-f0c5-41b1-8fe4-3760ba156e5d/window/rect [39m[32m200[39m [90m19 ms - 50[39m
[35m[HTTP][39m [90m[39m
[35m[HTTP][39m [37m-->[39m [37mPOST[39m [37m/wd/hub/session/b13da756-f0c5-41b1-8fe4-3760ba156e5d/elements[39m
[35m[HTTP][39m [90m{"using":"xpath","value":"//hierarchy/android.widget.FrameLayout[1]/android.widget.LinearLayout[1]/android.widget.FrameLayout[1]/android.widget.LinearLayout[1]/android.widget.FrameLayout[1]/android.widget.FrameLayout[1]/android.view.ViewGroup[1]/android.view.ViewGroup[1]/android.view.ViewGroup[1]/android.view.ViewGroup[1]/android.view.ViewGroup[1]/android.widget.FrameLayout[1]/android.view.ViewGroup[1]/android.view.ViewGroup[1]/android.view.ViewGroup[1]/android.view.ViewGroup[1]/android.view.ViewGroup[1]/android.view.ViewGroup[1]/android.widget.FrameLayout[1]/android.view.ViewGroup[1]/android.view.ViewGroup[1]/android.view.ViewGroup[1]/android.view.ViewGroup[1]/android.view.ViewGroup[1]/android.view.ViewGroup[1]/android.view.ViewGroup[1]/android.widget.ScrollView[1]/android.view.ViewGroup[1]/android.view.ViewGroup[1]"}[39m
[35m[HTTP][39m [37m<-- POST /wd/hub/session/b13da756-f0c5-41b1-8fe4-3760ba156e5d/elements [39m[32m200[39m [90m301 ms - 139[39m
[35m[HTTP][39m [90m[39m
[35m[HTTP][39m [37m-->[39m [37mGET[39m [37m/wd/hub/session/b13da756-f0c5-41b1-8fe4-3760ba156e5d/element/00000000-0000-0148-ffff-ffff000004ae/location[39m
[35m[HTTP][39m [90m{}[39m
[35m[W3C (b13da756)][39m Driver proxy active, passing request on via HTTP proxy
[35m[WD Proxy][39m Replacing sessionId 8ad035e1-0db9-4e9a-985a-7f4c381af606 with b13da756-f0c5-41b1-8fe4-3760ba156e5d
[35m[HTTP][39m [37m<-- GET /wd/hub/session/b13da756-f0c5-41b1-8fe4-3760ba156e5d/element/00000000-0000-0148-ffff-ffff000004ae/location [39m[32m200[39m [90m22 ms - 77[39m
[35m[HTTP][39m [90m[39m
[35m[HTTP][39m [37m-->[39m [37mPOST[39m [37m/wd/hub/session/b13da756-f0c5-41b1-8fe4-3760ba156e5d/timeouts[39m
[35m[HTTP][39m [90m{"implicit":20000}[39m
[35m[HTTP][39m [37m<-- POST /wd/hub/session/b13da756-f0c5-41b1-8fe4-3760ba156e5d/timeouts [39m[32m200[39m [90m1 ms - 14[39m
[35m[HTTP][39m [90m[39m
[35m[HTTP][39m [37m-->[39m [37mPOST[39m [37m/wd/hub/session/b13da756-f0c5-41b1-8fe4-3760ba156e5d/timeouts[39m
[35m[HTTP][39m [90m{"implicit":50}[39m
[35m[HTTP][39m [37m<-- POST /wd/hub/session/b13da756-f0c5-41b1-8fe4-3760ba156e5d/timeouts [39m[32m200[39m [90m1 ms - 14[39m
[35m[HTTP][39m [90m[39m
[35m[HTTP][39m [37m-->[39m [37mGET[39m [37m/wd/hub/session/b13da756-f0c5-41b1-8fe4-3760ba156e5d/window/rect[39m
[35m[HTTP][39m [90m{}[39m
[35m[HTTP][39m [37m<-- GET /wd/hub/session/b13da756-f0c5-41b1-8fe4-3760ba156e5d/window/rect [39m[32m200[39m [90m14 ms - 50[39m
[35m[HTTP][39m [90m[39m
[35m[HTTP][39m [37m-->[39m [37mPOST[39m [37m/wd/hub/session/b13da756-f0c5-41b1-8fe4-3760ba156e5d/elements[39m
[35m[HTTP][39m [90m{"using":"xpath","value":"//hierarchy/android.widget.FrameLayout[1]/android.widget.LinearLayout[1]/android.widget.FrameLayout[1]/android.widget.LinearLayout[1]/android.widget.FrameLayout[1]/android.widget.FrameLayout[1]/android.view.ViewGroup[1]/android.view.ViewGroup[1]/android.view.ViewGroup[1]/android.view.ViewGroup[1]/android.view.ViewGroup[1]/android.widget.FrameLayout[1]/android.view.ViewGroup[1]/android.view.ViewGroup[1]/android.view.ViewGroup[1]/android.view.ViewGroup[1]/android.view.ViewGroup[1]/android.view.ViewGroup[1]/android.widget.FrameLayout[1]/android.view.ViewGroup[1]/android.view.ViewGroup[1]/android.view.ViewGroup[1]/android.view.ViewGroup[1]/android.view.ViewGroup[1]/android.view.ViewGroup[1]/android.view.ViewGroup[1]/android.widget.ScrollView[1]/android.view.ViewGroup[1]/android.view.ViewGroup[1]"}[39m
[35m[HTTP][39m [37m<-- POST /wd/hub/session/b13da756-f0c5-41b1-8fe4-3760ba156e5d/elements [39m[32m200[39m [90m68 ms - 139[39m
[35m[HTTP][39m [90m[39m
[35m[HTTP][39m [37m-->[39m [37mGET[39m [37m/wd/hub/session/b13da756-f0c5-41b1-8fe4-3760ba156e5d/element/00000000-0000-0148-ffff-ffff000004ae/location[39m
[35m[HTTP][39m [90m{}[39m
[35m[W3C (b13da756)][39m Driver proxy active, passing request on via HTTP proxy
[35m[WD Proxy][39m Replacing sessionId 8ad035e1-0db9-4e9a-985a-7f4c381af606 with b13da756-f0c5-41b1-8fe4-3760ba156e5d
[35m[HTTP][39m [37m<-- GET /wd/hub/session/b13da756-f0c5-41b1-8fe4-3760ba156e5d/element/00000000-0000-0148-ffff-ffff000004ae/location [39m[32m200[39m [90m28 ms - 77[39m
[35m[HTTP][39m [90m[39m
[35m[HTTP][39m [37m-->[39m [37mPOST[39m [37m/wd/hub/session/b13da756-f0c5-41b1-8fe4-3760ba156e5d/timeouts[39m
[35m[HTTP][39m [90m{"implicit":20000}[39m
[35m[HTTP][39m [37m<-- POST /wd/hub/session/b13da756-f0c5-41b1-8fe4-3760ba156e5d/timeouts [39m[32m200[39m [90m1 ms - 14[39m
[35m[HTTP][39m [90m[39m
[35m[HTTP][39m [37m-->[39m [37mGET[39m [37m/wd/hub/session/b13da756-f0c5-41b1-8fe4-3760ba156e5d/element/00000000-0000-0148-ffff-ffff000004ae/displayed[39m
[35m[HTTP][39m [90m{}[39m
[35m[HTTP][39m [37m<-- GET /wd/hub/session/b13da756-f0c5-41b1-8fe4-3760ba156e5d/element/00000000-0000-0148-ffff-ffff000004ae/displayed [39m[32m200[39m [90m17 ms - 14[39m
[35m[HTTP][39m [90m[39m
[35m[HTTP][39m [37m-->[39m [37mPOST[39m [37m/wd/hub/session/b13da756-f0c5-41b1-8fe4-3760ba156e5d/timeouts[39m
[35m[HTTP][39m [90m{"implicit":50}[39m
[35m[HTTP][39m [37m<-- POST /wd/hub/session/b13da756-f0c5-41b1-8fe4-3760ba156e5d/timeouts [39m[32m200[39m [90m1 ms - 14[39m
[35m[HTTP][39m [90m[39m
[35m[HTTP][39m [37m-->[39m [37mGET[39m [37m/wd/hub/session/b13da756-f0c5-41b1-8fe4-3760ba156e5d/window/rect[39m
[35m[HTTP][39m [90m{}[39m
[35m[HTTP][39m [37m<-- GET /wd/hub/session/b13da756-f0c5-41b1-8fe4-3760ba156e5d/window/rect [39m[32m200[39m [90m15 ms - 50[39m
[35m[HTTP][39m [90m[39m
[35m[HTTP][39m [37m-->[39m [37mPOST[39m [37m/wd/hub/session/b13da756-f0c5-41b1-8fe4-3760ba156e5d/elements[39m
[35m[HTTP][39m [90m{"using":"xpath","value":"//*[@class = 'android.widget.EditText' and (@text = '' or . = '')]"}[39m
[35m[HTTP][39m [37m<-- POST /wd/hub/session/b13da756-f0c5-41b1-8fe4-3760ba156e5d/elements [39m[32m200[39m [90m416 ms - 139[39m
[35m[HTTP][39m [90m[39m
[35m[HTTP][39m [37m-->[39m [37mGET[39m [37m/wd/hub/session/b13da756-f0c5-41b1-8fe4-3760ba156e5d/element/00000000-0000-0148-ffff-ffff000003ed/location[39m
[35m[HTTP][39m [90m{}[39m
[35m[W3C (b13da756)][39m Driver proxy active, passing request on via HTTP proxy
[35m[WD Proxy][39m Replacing sessionId 8ad035e1-0db9-4e9a-985a-7f4c381af606 with b13da756-f0c5-41b1-8fe4-3760ba156e5d
[35m[HTTP][39m [37m<-- GET /wd/hub/session/b13da756-f0c5-41b1-8fe4-3760ba156e5d/element/00000000-0000-0148-ffff-ffff000003ed/location [39m[32m200[39m [90m1251 ms - 78[39m
[35m[HTTP][39m [90m[39m
[35m[HTTP][39m [37m-->[39m [37mPOST[39m [37m/wd/hub/session/b13da756-f0c5-41b1-8fe4-3760ba156e5d/timeouts[39m
[35m[HTTP][39m [90m{"implicit":20000}[39m
[35m[HTTP][39m [37m<-- POST /wd/hub/session/b13da756-f0c5-41b1-8fe4-3760ba156e5d/timeouts [39m[32m200[39m [90m1 ms - 14[39m
[35m[HTTP][39m [90m[39m
[35m[HTTP][39m [37m-->[39m [37mPOST[39m [37m/wd/hub/session/b13da756-f0c5-41b1-8fe4-3760ba156e5d/element/00000000-0000-0148-ffff-ffff000003ed/clear[39m
[35m[HTTP][39m [90m{"id":"00000000-0000-0148-ffff-ffff000003ed"}[39m
[35m[HTTP][39m [37m<-- POST /wd/hub/session/b13da756-f0c5-41b1-8fe4-3760ba156e5d/element/00000000-0000-0148-ffff-ffff000003ed/clear [39m[32m200[39m [90m38 ms - 14[39m
[35m[HTTP][39m [90m[39m
[35m[HTTP][39m [37m-->[39m [37mPOST[39m [37m/wd/hub/session/b13da756-f0c5-41b1-8fe4-3760ba156e5d/element/00000000-0000-0148-ffff-ffff000003ed/value[39m
[35m[HTTP][39m [90m{"id":"00000000-0000-0148-ffff-ffff000003ed","text":"Kinabalu Residence","value":["K","i","n","a","b","a","l","u"," ","R","e","s","i","d","e","n","c","e"]}[39m
[35m[HTTP][39m [37m<-- POST /wd/hub/session/b13da756-f0c5-41b1-8fe4-3760ba156e5d/element/00000000-0000-0148-ffff-ffff000003ed/value [39m[32m200[39m [90m597 ms - 14[39m
[35m[HTTP][39m [90m[39m
[35m[HTTP][39m [37m-->[39m [37mGET[39m [37m/wd/hub/session/b13da756-f0c5-41b1-8fe4-3760ba156e5d/context[39m
[35m[HTTP][39m [90m{}[39m
[35m[HTTP][39m [37m<-- GET /wd/hub/session/b13da756-f0c5-41b1-8fe4-3760ba156e5d/context [39m[32m200[39m [90m1 ms - 22[39m
[35m[HTTP][39m [90m[39m
[35m[HTTP][39m [37m-->[39m [37mGET[39m [37m/wd/hub/session/b13da756-f0c5-41b1-8fe4-3760ba156e5d/contexts[39m
[35m[HTTP][39m [90m{}[39m
[35m[HTTP][39m [37m<-- GET /wd/hub/session/b13da756-f0c5-41b1-8fe4-3760ba156e5d/contexts [39m[32m200[39m [90m56 ms - 24[39m
[35m[HTTP][39m [90m[39m
[35m[HTTP][39m [37m-->[39m [37mPOST[39m [37m/wd/hub/session/b13da756-f0c5-41b1-8fe4-3760ba156e5d/context[39m
[35m[HTTP][39m [90m{"name":"NATIVE_APP"}[39m
[35m[HTTP][39m [37m<-- POST /wd/hub/session/b13da756-f0c5-41b1-8fe4-3760ba156e5d/context [39m[32m200[39m [90m1 ms - 14[39m
[35m[HTTP][39m [90m[39m
[35m[HTTP][39m [37m-->[39m [37mPOST[39m [37m/wd/hub/session/b13da756-f0c5-41b1-8fe4-3760ba156e5d/appium/device/hide_keyboard[39m
[35m[HTTP][39m [90m{}[39m
[35m[ADB][39m Keyboard has no UI; no closing necessary
[35m[HTTP][39m [37m<-- POST /wd/hub/session/b13da756-f0c5-41b1-8fe4-3760ba156e5d/appium/device/hide_keyboard [39m[32m200[39m [90m405 ms - 15[39m
[35m[HTTP][39m [90m[39m
[35m[HTTP][39m [37m-->[39m [37mPOST[39m [37m/wd/hub/session/b13da756-f0c5-41b1-8fe4-3760ba156e5d/context[39m
[35m[HTTP][39m [90m{"name":"NATIVE_APP"}[39m
[35m[HTTP][39m [37m<-- POST /wd/hub/session/b13da756-f0c5-41b1-8fe4-3760ba156e5d/context [39m[32m200[39m [90m1 ms - 14[39m
[35m[HTTP][39m [90m[39m
[35m[HTTP][39m [37m-->[39m [37mPOST[39m [37m/wd/hub/session/b13da756-f0c5-41b1-8fe4-3760ba156e5d/timeouts[39m
[35m[HTTP][39m [90m{"implicit":50}[39m
[35m[HTTP][39m [37m<-- POST /wd/hub/session/b13da756-f0c5-41b1-8fe4-3760ba156e5d/timeouts [39m[32m200[39m [90m1 ms - 14[39m
[35m[HTTP][39m [90m[39m
[35m[HTTP][39m [37m-->[39m [37mGET[39m [37m/wd/hub/session/b13da756-f0c5-41b1-8fe4-3760ba156e5d/window/rect[39m
[35m[HTTP][39m [90m{}[39m
[35m[HTTP][39m [37m<-- GET /wd/hub/session/b13da756-f0c5-41b1-8fe4-3760ba156e5d/window/rect [39m[32m200[39m [90m18 ms - 50[39m
[35m[HTTP][39m [90m[39m
[35m[HTTP][39m [37m-->[39m [37mPOST[39m [37m/wd/hub/session/b13da756-f0c5-41b1-8fe4-3760ba156e5d/elements[39m
[35m[HTTP][39m [90m{"using":"xpath","value":"//hierarchy/android.widget.FrameLayout[1]/android.widget.LinearLayout[1]/android.widget.FrameLayout[1]/android.widget.LinearLayout[1]/android.widget.FrameLayout[1]/android.widget.FrameLayout[1]/android.view.ViewGroup[1]/android.view.ViewGroup[1]/android.view.ViewGroup[1]/android.view.ViewGroup[1]/android.view.ViewGroup[1]/android.widget.FrameLayout[1]/android.view.ViewGroup[1]/android.view.ViewGroup[1]/android.view.ViewGroup[1]/android.view.ViewGroup[1]/android.view.ViewGroup[1]/android.view.ViewGroup[1]/android.widget.FrameLayout[1]/android.view.ViewGroup[1]/android.view.ViewGroup[1]/android.view.ViewGroup[1]/android.view.ViewGroup[1]/android.view.ViewGroup[1]/android.view.ViewGroup[1]/android.view.ViewGroup[1]/android.widget.ScrollView[1]/android.view.ViewGroup[1]/android.view.ViewGroup[1]"}[39m
[35m[HTTP][39m [37m<-- POST /wd/hub/session/b13da756-f0c5-41b1-8fe4-3760ba156e5d/elements [39m[32m200[39m [90m259 ms - 139[39m
[35m[HTTP][39m [90m[39m
[35m[HTTP][39m [37m-->[39m [37mGET[39m [37m/wd/hub/session/b13da756-f0c5-41b1-8fe4-3760ba156e5d/element/00000000-0000-0148-ffff-ffff00000576/location[39m
[35m[HTTP][39m [90m{}[39m
[35m[W3C (b13da756)][39m Driver proxy active, passing request on via HTTP proxy
[35m[WD Proxy][39m Replacing sessionId 8ad035e1-0db9-4e9a-985a-7f4c381af606 with b13da756-f0c5-41b1-8fe4-3760ba156e5d
[35m[HTTP][39m [37m<-- GET /wd/hub/session/b13da756-f0c5-41b1-8fe4-3760ba156e5d/element/00000000-0000-0148-ffff-ffff00000576/location [39m[32m200[39m [90m971 ms - 77[39m
[35m[HTTP][39m [90m[39m
[35m[HTTP][39m [37m-->[39m [37mPOST[39m [37m/wd/hub/session/b13da756-f0c5-41b1-8fe4-3760ba156e5d/timeouts[39m
[35m[HTTP][39m [90m{"implicit":20000}[39m
[35m[HTTP][39m [37m<-- POST /wd/hub/session/b13da756-f0c5-41b1-8fe4-3760ba156e5d/timeouts [39m[32m200[39m [90m1 ms - 14[39m
[35m[HTTP][39m [90m[39m
[35m[HTTP][39m [37m-->[39m [37mPOST[39m [37m/wd/hub/session/b13da756-f0c5-41b1-8fe4-3760ba156e5d/timeouts[39m
[35m[HTTP][39m [90m{"implicit":50}[39m
[35m[HTTP][39m [37m<-- POST /wd/hub/session/b13da756-f0c5-41b1-8fe4-3760ba156e5d/timeouts [39m[32m200[39m [90m1 ms - 14[39m
[35m[HTTP][39m [90m[39m
[35m[HTTP][39m [37m-->[39m [37mGET[39m [37m/wd/hub/session/b13da756-f0c5-41b1-8fe4-3760ba156e5d/window/rect[39m
[35m[HTTP][39m [90m{}[39m
[35m[HTTP][39m [37m<-- GET /wd/hub/session/b13da756-f0c5-41b1-8fe4-3760ba156e5d/window/rect [39m[32m200[39m [90m16 ms - 50[39m
[35m[HTTP][39m [90m[39m
[35m[HTTP][39m [37m-->[39m [37mPOST[39m [37m/wd/hub/session/b13da756-f0c5-41b1-8fe4-3760ba156e5d/elements[39m
[35m[HTTP][39m [90m{"using":"xpath","value":"//hierarchy/android.widget.FrameLayout[1]/android.widget.LinearLayout[1]/android.widget.FrameLayout[1]/android.widget.LinearLayout[1]/android.widget.FrameLayout[1]/android.widget.FrameLayout[1]/android.view.ViewGroup[1]/android.view.ViewGroup[1]/android.view.ViewGroup[1]/android.view.ViewGroup[1]/android.view.ViewGroup[1]/android.widget.FrameLayout[1]/android.view.ViewGroup[1]/android.view.ViewGroup[1]/android.view.ViewGroup[1]/android.view.ViewGroup[1]/android.view.ViewGroup[1]/android.view.ViewGroup[1]/android.widget.FrameLayout[1]/android.view.ViewGroup[1]/android.view.ViewGroup[1]/android.view.ViewGroup[1]/android.view.ViewGroup[1]/android.view.ViewGroup[1]/android.view.ViewGroup[1]/android.view.ViewGroup[1]/android.widget.ScrollView[1]/android.view.ViewGroup[1]/android.view.ViewGroup[1]"}[39m
[35m[HTTP][39m [37m<-- POST /wd/hub/session/b13da756-f0c5-41b1-8fe4-3760ba156e5d/elements [39m[32m200[39m [90m100 ms - 139[39m
[35m[HTTP][39m [90m[39m
[35m[HTTP][39m [37m-->[39m [37mGET[39m [37m/wd/hub/session/b13da756-f0c5-41b1-8fe4-3760ba156e5d/element/00000000-0000-0148-ffff-ffff00000576/location[39m
[35m[HTTP][39m [90m{}[39m
[35m[W3C (b13da756)][39m Driver proxy active, passing request on via HTTP proxy
[35m[WD Proxy][39m Replacing sessionId 8ad035e1-0db9-4e9a-985a-7f4c381af606 with b13da756-f0c5-41b1-8fe4-3760ba156e5d
[35m[HTTP][39m [37m<-- GET /wd/hub/session/b13da756-f0c5-41b1-8fe4-3760ba156e5d/element/00000000-0000-0148-ffff-ffff00000576/location [39m[32m200[39m [90m17 ms - 77[39m
[35m[HTTP][39m [90m[39m
[35m[HTTP][39m [37m-->[39m [37mPOST[39m [37m/wd/hub/session/b13da756-f0c5-41b1-8fe4-3760ba156e5d/timeouts[39m
[35m[HTTP][39m [90m{"implicit":20000}[39m
[35m[HTTP][39m [37m<-- POST /wd/hub/session/b13da756-f0c5-41b1-8fe4-3760ba156e5d/timeouts [39m[32m200[39m [90m1 ms - 14[39m
[35m[HTTP][39m [90m[39m
[35m[HTTP][39m [37m-->[39m [37mGET[39m [37m/wd/hub/session/b13da756-f0c5-41b1-8fe4-3760ba156e5d/element/00000000-0000-0148-ffff-ffff00000576/displayed[39m
[35m[HTTP][39m [90m{}[39m
[35m[HTTP][39m [37m<-- GET /wd/hub/session/b13da756-f0c5-41b1-8fe4-3760ba156e5d/element/00000000-0000-0148-ffff-ffff00000576/displayed [39m[32m200[39m [90m13 ms - 14[39m
[35m[HTTP][39m [90m[39m
[35m[HTTP][39m [37m-->[39m [37mDELETE[39m [37m/wd/hub/session/b13da756-f0c5-41b1-8fe4-3760ba156e5d[39m
[35m[HTTP][39m [90m{}[39m
[35m[Appium][39m Removing session b13da756-f0c5-41b1-8fe4-3760ba156e5d from our master session list
[35m[UiAutomator2][39m Restoring hidden api policy to the device default configuration
[35m[HTTP][39m [37m<-- DELETE /wd/hub/session/b13da756-f0c5-41b1-8fe4-3760ba156e5d [39m[32m200[39m [90m242 ms - 14[39m
[35m[HTTP][39m [90m[39m
