[35m[Appium][39m Welcome to Appium v1.22.3
[35m[Appium][39m Non-default server args:
[35m[Appium][39m   port: 55194
[35m[Appium][39m   loglevel: info
[35m[Appium][39m   tmpDir: /var/folders/9_/hs2sgn6n6_1d1rf2zz5y2fj00000gn/T//Katalon/Appium/Temp1650618465487
[35m[Appium][39m   chromedriverPort: 55195
[35m[Appium][39m Deprecated server args:
[35m[Appium][39m   [31m--chromedriver-port[39m => --default-capabilities
[35m[Appium][39m Default capabilities, which will be added to each request unless overridden by desired capabilities:
[35m[Appium][39m   chromedriverPort: 55195
[35m[Appium][39m Appium REST http interface listener started on 0.0.0.0:55194
[35m[HTTP][39m [37m-->[39m [37mGET[39m [37m/wd/hub/status[39m
[35m[HTTP][39m [90m{}[39m
[35m[HTTP][39m [37m<-- GET /wd/hub/status [39m[32m200[39m [90m5 ms - 68[39m
[35m[HTTP][39m [90m[39m
[35m[HTTP][39m [37m-->[39m [37mGET[39m [37m/wd/hub/status[39m
[35m[HTTP][39m [90m{}[39m
[35m[HTTP][39m [37m<-- GET /wd/hub/status [39m[32m200[39m [90m1 ms - 68[39m
[35m[HTTP][39m [90m[39m
[35m[HTTP][39m [37m-->[39m [37mPOST[39m [37m/wd/hub/session[39m
[35m[HTTP][39m [90m{"desiredCapabilities":{"appPackage":"com.android.settings","appWaitActivity":"*","deviceId":"225ac1ea21057ece","deviceName":"samsung SM-G960F (Android 10)","platform":"ANDROID","appActivity":".Settings","newCommandTimeout":1800,"platformVersion":"10","automationName":"uiautomator2","autoGrantPermissions":true,"platformName":"Android","udid":"225ac1ea21057ece","systemPort":8267},"capabilities":{"firstMatch":[{"appium:appActivity":".Settings","appium:appPackage":"com.android.settings","appium:appWaitActivity":"*","appium:autoGrantPermissions":true,"appium:automationName":"uiautomator2","deviceId":"225ac1ea21057ece","appium:deviceName":"samsung SM-G960F (Android 10)","appium:newCommandTimeout":1800,"platform":"ANDROID","platformName":"android","appium:platformVersion":"10","appium:systemPort":8267,"appium:udid":"225ac1ea21057ece"}]}}[39m
[35m[BaseDriver][39m The following capabilities are not standard capabilities and should have an extension prefix:
[35m[BaseDriver][39m   deviceId
[35m[BaseDriver][39m   platform
[35m[BaseDriver][39m   chromedriverPort
[35m[Appium][39m Appium v1.22.3 creating new AndroidUiautomator2Driver (v1.70.1) session
[35m[BaseDriver][39m The following capabilities were provided, but are not recognized by Appium:
[35m[BaseDriver][39m   deviceId
[35m[BaseDriver][39m   platform
[35m[BaseDriver][39m Session created with session id: adc9a979-30b7-479e-a024-8fe96fe7d04f
[35m[UiAutomator2][39m Starting 'com.android.settings' directly on the device
[35m[ADB][39m Found 1 'build-tools' folders under '/Users/vinayeddla/.katalon/tools/android_sdk' (newest first):
[35m[ADB][39m     /Users/vinayeddla/.katalon/tools/android_sdk/build-tools/29.0.3
[35m[ADB][39m Using 'adb' from '/Users/vinayeddla/.katalon/tools/android_sdk/platform-tools/adb'
[35m[AndroidDriver][39m Retrieving device list
[35m[AndroidDriver][39m Using device: 225ac1ea21057ece
[35m[ADB][39m Using 'adb' from '/Users/vinayeddla/.katalon/tools/android_sdk/platform-tools/adb'
[35m[ADB][39m Getting device platform version
[35m[UiAutomator2][39m Relaxing hidden api policy
[35m[AndroidDriver][39m No app sent in, not parsing package/activity
[35m[ADB][39m Using 'apksigner.jar' from '/Users/vinayeddla/.katalon/tools/android_sdk/build-tools/29.0.3/lib/apksigner.jar'
[35m[ADB][39m '/usr/local/lib/node_modules/appium/node_modules/appium-uiautomator2-server/apks/appium-uiautomator2-server-v4.27.0.apk' is signed with the default certificate
[35m[ADB][39m '/usr/local/lib/node_modules/appium/node_modules/appium-uiautomator2-server/apks/appium-uiautomator2-server-debug-androidTest.apk' is signed with the default certificate
[35m[UiAutomator2][39m Server packages are not going to be (re)installed
[35m[ADB][39m Adding packages ["io.appium.settings","io.appium.uiautomator2.server","io.appium.uiautomator2.server.test"] to Doze whitelist
[35m[ADB][39m com.android.settings contains no permissions available for granting
[35m[UiAutomator2][39m Starting UIAutomator2 server 4.27.0
[35m[UiAutomator2][39m Using UIAutomator2 server from '/usr/local/lib/node_modules/appium/node_modules/appium-uiautomator2-server/apks/appium-uiautomator2-server-v4.27.0.apk' and test from '/usr/local/lib/node_modules/appium/node_modules/appium-uiautomator2-server/apks/appium-uiautomator2-server-debug-androidTest.apk'
[35m[UiAutomator2][39m Waiting up to 30000ms for UiAutomator2 to be online...
[35m[WD Proxy][39m socket hang up
[35m[WD Proxy][39m socket hang up
[35m[WD Proxy][39m socket hang up
[35m[WD Proxy][39m Determined the downstream protocol as 'W3C'
[35m[AndroidDriver][39m Screen already unlocked, doing nothing
[35m[UiAutomator2][39m Starting 'com.android.settings/.Settings and waiting for 'com.android.settings/*'
[35m[Appium][39m New AndroidUiautomator2Driver session created successfully, session adc9a979-30b7-479e-a024-8fe96fe7d04f added to master session list
[35m[HTTP][39m [37m<-- POST /wd/hub/session [39m[32m200[39m [90m6826 ms - 1278[39m
[35m[HTTP][39m [90m[39m
[35m[HTTP][39m [37m-->[39m [37mGET[39m [37m/wd/hub/session/adc9a979-30b7-479e-a024-8fe96fe7d04f[39m
[35m[HTTP][39m [90m{}[39m
[35m[HTTP][39m [37m<-- GET /wd/hub/session/adc9a979-30b7-479e-a024-8fe96fe7d04f [39m[32m200[39m [90m16 ms - 1232[39m
[35m[HTTP][39m [90m[39m
[35m[HTTP][39m [37m-->[39m [37mGET[39m [37m/wd/hub/session/adc9a979-30b7-479e-a024-8fe96fe7d04f[39m
[35m[HTTP][39m [90m{}[39m
[35m[HTTP][39m [37m<-- GET /wd/hub/session/adc9a979-30b7-479e-a024-8fe96fe7d04f [39m[32m200[39m [90m10 ms - 1232[39m
[35m[HTTP][39m [90m[39m
[35m[HTTP][39m [37m-->[39m [37mGET[39m [37m/wd/hub/status[39m
[35m[HTTP][39m [90m{}[39m
[35m[HTTP][39m [37m<-- GET /wd/hub/status [39m[32m200[39m [90m1 ms - 68[39m
[35m[HTTP][39m [90m[39m
[35m[HTTP][39m [37m-->[39m [37mPOST[39m [37m/wd/hub/session/adc9a979-30b7-479e-a024-8fe96fe7d04f/timeouts[39m
[35m[HTTP][39m [90m{"implicit":60000}[39m
[35m[HTTP][39m [37m<-- POST /wd/hub/session/adc9a979-30b7-479e-a024-8fe96fe7d04f/timeouts [39m[32m200[39m [90m2 ms - 14[39m
[35m[HTTP][39m [90m[39m
[35m[HTTP][39m [37m-->[39m [37mGET[39m [37m/wd/hub/session/adc9a979-30b7-479e-a024-8fe96fe7d04f/screenshot[39m
[35m[HTTP][39m [90m{}[39m
[35m[HTTP][39m [37m<-- GET /wd/hub/session/adc9a979-30b7-479e-a024-8fe96fe7d04f/screenshot [39m[32m200[39m [90m780 ms - 156948[39m
[35m[HTTP][39m [90m[39m
[35m[HTTP][39m [37m-->[39m [37mGET[39m [37m/wd/hub/session/adc9a979-30b7-479e-a024-8fe96fe7d04f/window/rect[39m
[35m[HTTP][39m [90m{}[39m
[35m[HTTP][39m [37m<-- GET /wd/hub/session/adc9a979-30b7-479e-a024-8fe96fe7d04f/window/rect [39m[32m200[39m [90m26 ms - 50[39m
[35m[HTTP][39m [90m[39m
[35m[HTTP][39m [37m-->[39m [37mGET[39m [37m/wd/hub/session/adc9a979-30b7-479e-a024-8fe96fe7d04f/appium/device/system_bars[39m
[35m[HTTP][39m [90m{}[39m
[35m[HTTP][39m [37m<-- GET /wd/hub/session/adc9a979-30b7-479e-a024-8fe96fe7d04f/appium/device/system_bars [39m[32m200[39m [90m77 ms - 148[39m
[35m[HTTP][39m [90m[39m
[35m[HTTP][39m [37m-->[39m [37mPOST[39m [37m/wd/hub/session/adc9a979-30b7-479e-a024-8fe96fe7d04f/appium/device/activate_app[39m
[35m[HTTP][39m [90m{"bundleId":"com.maybank2u.life.sit"}[39m
[35m[HTTP][39m [37m<-- POST /wd/hub/session/adc9a979-30b7-479e-a024-8fe96fe7d04f/appium/device/activate_app [39m[32m200[39m [90m859 ms - 14[39m
[35m[HTTP][39m [90m[39m
[35m[HTTP][39m [37m-->[39m [37mGET[39m [37m/wd/hub/session/adc9a979-30b7-479e-a024-8fe96fe7d04f/source[39m
[35m[HTTP][39m [90m{}[39m
[35m[W3C (adc9a979)][39m Driver proxy active, passing request on via HTTP proxy
[35m[WD Proxy][39m Replacing sessionId 1cc83021-e50c-45f0-92ec-3070b4742984 with adc9a979-30b7-479e-a024-8fe96fe7d04f
[35m[HTTP][39m [37m<-- GET /wd/hub/session/adc9a979-30b7-479e-a024-8fe96fe7d04f/source [39m[32m200[39m [90m184 ms - 8580[39m
[35m[HTTP][39m [90m[39m
[35m[HTTP][39m [37m-->[39m [37mGET[39m [37m/wd/hub/session/adc9a979-30b7-479e-a024-8fe96fe7d04f/screenshot[39m
[35m[HTTP][39m [90m{}[39m
[35m[HTTP][39m [37m<-- GET /wd/hub/session/adc9a979-30b7-479e-a024-8fe96fe7d04f/screenshot [39m[32m200[39m [90m461 ms - 248098[39m
[35m[HTTP][39m [90m[39m
[35m[HTTP][39m [37m-->[39m [37mGET[39m [37m/wd/hub/session/adc9a979-30b7-479e-a024-8fe96fe7d04f/source[39m
[35m[HTTP][39m [90m{}[39m
[35m[W3C (adc9a979)][39m Driver proxy active, passing request on via HTTP proxy
[35m[WD Proxy][39m Replacing sessionId 1cc83021-e50c-45f0-92ec-3070b4742984 with adc9a979-30b7-479e-a024-8fe96fe7d04f
[35m[HTTP][39m [37m<-- GET /wd/hub/session/adc9a979-30b7-479e-a024-8fe96fe7d04f/source [39m[32m200[39m [90m536 ms - 32716[39m
[35m[HTTP][39m [90m[39m
[35m[HTTP][39m [37m-->[39m [37mGET[39m [37m/wd/hub/session/adc9a979-30b7-479e-a024-8fe96fe7d04f/screenshot[39m
[35m[HTTP][39m [90m{}[39m
[35m[HTTP][39m [37m<-- GET /wd/hub/session/adc9a979-30b7-479e-a024-8fe96fe7d04f/screenshot [39m[32m200[39m [90m491 ms - 206192[39m
[35m[HTTP][39m [90m[39m
[35m[HTTP][39m [37m-->[39m [37mPOST[39m [37m/wd/hub/session/adc9a979-30b7-479e-a024-8fe96fe7d04f/elements[39m
[35m[HTTP][39m [90m{"using":"xpath","value":"//*[@class = 'android.widget.TextView' and (@text = 'Active' or . = 'Active')]"}[39m
[35m[HTTP][39m [37m<-- POST /wd/hub/session/adc9a979-30b7-479e-a024-8fe96fe7d04f/elements [39m[32m200[39m [90m1085 ms - 139[39m
[35m[HTTP][39m [90m[39m
[35m[HTTP][39m [37m-->[39m [37mGET[39m [37m/wd/hub/session/adc9a979-30b7-479e-a024-8fe96fe7d04f/source[39m
[35m[HTTP][39m [90m{}[39m
[35m[W3C (adc9a979)][39m Driver proxy active, passing request on via HTTP proxy
[35m[WD Proxy][39m Replacing sessionId 1cc83021-e50c-45f0-92ec-3070b4742984 with adc9a979-30b7-479e-a024-8fe96fe7d04f
[35m[HTTP][39m [37m<-- GET /wd/hub/session/adc9a979-30b7-479e-a024-8fe96fe7d04f/source [39m[32m200[39m [90m288 ms - 26785[39m
[35m[HTTP][39m [90m[39m
[35m[HTTP][39m [37m-->[39m [37mGET[39m [37m/wd/hub/session/adc9a979-30b7-479e-a024-8fe96fe7d04f/screenshot[39m
[35m[HTTP][39m [90m{}[39m
[35m[HTTP][39m [37m<-- GET /wd/hub/session/adc9a979-30b7-479e-a024-8fe96fe7d04f/screenshot [39m[32m200[39m [90m402 ms - 243890[39m
[35m[HTTP][39m [90m[39m
[35m[HTTP][39m [37m-->[39m [37mPOST[39m [37m/wd/hub/session/adc9a979-30b7-479e-a024-8fe96fe7d04f/elements[39m
[35m[HTTP][39m [90m{"using":"xpath","value":"//*[@class = 'android.widget.TextView' and (@text = 'Inactive' or . = 'Inactive')]"}[39m
[35m[HTTP][39m [37m<-- POST /wd/hub/session/adc9a979-30b7-479e-a024-8fe96fe7d04f/elements [39m[32m200[39m [90m727 ms - 139[39m
[35m[HTTP][39m [90m[39m
[35m[HTTP][39m [37m-->[39m [37mPOST[39m [37m/wd/hub/session/adc9a979-30b7-479e-a024-8fe96fe7d04f/elements[39m
[35m[HTTP][39m [90m{"using":"xpath","value":"//*[@class = 'android.widget.TextView' and (@text = 'Your application has been cancelled on\n22 Apr 2022, 5:09 pm' or . = 'Your application has been cancelled on\n22 Apr 2022, 5:09 pm')]"}[39m
[35m[HTTP][39m [37m<-- POST /wd/hub/session/adc9a979-30b7-479e-a024-8fe96fe7d04f/elements [39m[32m200[39m [90m411 ms - 139[39m
[35m[HTTP][39m [90m[39m
[35m[HTTP][39m [37m-->[39m [37mDELETE[39m [37m/wd/hub/session/adc9a979-30b7-479e-a024-8fe96fe7d04f[39m
[35m[HTTP][39m [90m{}[39m
[35m[Appium][39m Removing session adc9a979-30b7-479e-a024-8fe96fe7d04f from our master session list
[35m[UiAutomator2][39m Restoring hidden api policy to the device default configuration
[35m[HTTP][39m [37m<-- DELETE /wd/hub/session/adc9a979-30b7-479e-a024-8fe96fe7d04f [39m[32m200[39m [90m331 ms - 14[39m
[35m[HTTP][39m [90m[39m
