[35m[Appium][39m Welcome to Appium v1.22.3
[35m[Appium][39m Non-default server args:
[35m[Appium][39m   port: 57368
[35m[Appium][39m   loglevel: info
[35m[Appium][39m   tmpDir: /var/folders/9_/hs2sgn6n6_1d1rf2zz5y2fj00000gn/T//Katalon/Appium/Temp1650428307732
[35m[Appium][39m   chromedriverPort: 57369
[35m[Appium][39m Deprecated server args:
[35m[Appium][39m   [31m--chromedriver-port[39m => --default-capabilities
[35m[Appium][39m Default capabilities, which will be added to each request unless overridden by desired capabilities:
[35m[Appium][39m   chromedriverPort: 57369
[35m[Appium][39m Appium REST http interface listener started on 0.0.0.0:57368
[35m[HTTP][39m [37m-->[39m [37mGET[39m [37m/wd/hub/status[39m
[35m[HTTP][39m [90m{}[39m
[35m[HTTP][39m [37m<-- GET /wd/hub/status [39m[32m200[39m [90m5 ms - 68[39m
[35m[HTTP][39m [90m[39m
[35m[HTTP][39m [37m-->[39m [37mPOST[39m [37m/wd/hub/session[39m
[35m[HTTP][39m [90m{"desiredCapabilities":{"app":"/Users/vinayeddla/Desktop/MAE/app-sit-universal-release.apk","noReset":true,"appWaitActivity":"*","deviceId":"225ac1ea21057ece","deviceName":"samsung SM-G960F (Android 10)","fullReset":false,"platform":"ANDROID","newCommandTimeout":1800,"platformVersion":"10","automationName":"uiautomator2","autoGrantPermissions":true,"platformName":"Android","udid":"225ac1ea21057ece","systemPort":57367},"capabilities":{"firstMatch":[{"appium:app":"/Users/vinayeddla/Desktop/MAE/app-sit-universal-release.apk","appium:appWaitActivity":"*","appium:autoGrantPermissions":true,"appium:automationName":"uiautomator2","deviceId":"225ac1ea21057ece","appium:deviceName":"samsung SM-G960F (Android 10)","appium:fullReset":false,"appium:newCommandTimeout":1800,"appium:noReset":true,"platform":"ANDROID","platformName":"android","appium:platformVersion":"10","appium:systemPort":57367,"appium:udid":"225ac1ea21057ece"}]}}[39m
[35m[BaseDriver][39m The following capabilities are not standard capabilities and should have an extension prefix:
[35m[BaseDriver][39m   deviceId
[35m[BaseDriver][39m   platform
[35m[BaseDriver][39m   chromedriverPort
[35m[Appium][39m Appium v1.22.3 creating new AndroidUiautomator2Driver (v1.70.1) session
[35m[BaseDriver][39m The following capabilities were provided, but are not recognized by Appium:
[35m[BaseDriver][39m   deviceId
[35m[BaseDriver][39m   platform
[35m[BaseDriver][39m Session created with session id: 15903707-7acf-4893-90a9-d0260d2b6041
[35m[BaseDriver][39m Using local app '/Users/vinayeddla/Desktop/MAE/app-sit-universal-release.apk'
[35m[ADB][39m Found 1 'build-tools' folders under '/Users/vinayeddla/.katalon/tools/android_sdk' (newest first):
[35m[ADB][39m     /Users/vinayeddla/.katalon/tools/android_sdk/build-tools/29.0.3
[35m[ADB][39m Using 'adb' from '/Users/vinayeddla/.katalon/tools/android_sdk/platform-tools/adb'
[35m[AndroidDriver][39m Retrieving device list
[35m[AndroidDriver][39m Using device: 225ac1ea21057ece
[35m[ADB][39m Using 'adb' from '/Users/vinayeddla/.katalon/tools/android_sdk/platform-tools/adb'
[35m[ADB][39m Getting device platform version
[35m[UiAutomator2][39m Relaxing hidden api policy
[35m[ADB][39m Package name: 'com.maybank2u.life.sit'
[35m[ADB][39m Main activity name: 'com.zoontek.rnbootsplash.RNBootSplashActivity'
[35m[ADB][39m Using 'apksigner.jar' from '/Users/vinayeddla/.katalon/tools/android_sdk/build-tools/29.0.3/lib/apksigner.jar'
[35m[ADB][39m '/usr/local/lib/node_modules/appium/node_modules/appium-uiautomator2-server/apks/appium-uiautomator2-server-v4.27.0.apk' is signed with the default certificate
[35m[ADB][39m '/usr/local/lib/node_modules/appium/node_modules/appium-uiautomator2-server/apks/appium-uiautomator2-server-debug-androidTest.apk' is signed with the default certificate
[35m[UiAutomator2][39m Server packages are not going to be (re)installed
[35m[ADB][39m Adding packages ["io.appium.settings","io.appium.uiautomator2.server","io.appium.uiautomator2.server.test"] to Doze whitelist
[35m[ADB][39m '/Users/vinayeddla/Desktop/MAE/app-sit-universal-release.apk' is signed with a non-default certificate
[35m[UiAutomator2][39m Starting UIAutomator2 server 4.27.0
[35m[UiAutomator2][39m Using UIAutomator2 server from '/usr/local/lib/node_modules/appium/node_modules/appium-uiautomator2-server/apks/appium-uiautomator2-server-v4.27.0.apk' and test from '/usr/local/lib/node_modules/appium/node_modules/appium-uiautomator2-server/apks/appium-uiautomator2-server-debug-androidTest.apk'
[35m[UiAutomator2][39m Waiting up to 30000ms for UiAutomator2 to be online...
[35m[WD Proxy][39m socket hang up
[35m[WD Proxy][39m socket hang up
[35m[WD Proxy][39m socket hang up
[35m[WD Proxy][39m Determined the downstream protocol as 'W3C'
[35m[AndroidDriver][39m Screen already unlocked, doing nothing
[35m[UiAutomator2][39m Starting 'com.maybank2u.life.sit/com.zoontek.rnbootsplash.RNBootSplashActivity and waiting for 'com.maybank2u.life.sit/*'
[35m[Appium][39m New AndroidUiautomator2Driver session created successfully, session 15903707-7acf-4893-90a9-d0260d2b6041 added to master session list
[35m[HTTP][39m [37m<-- POST /wd/hub/session [39m[32m200[39m [90m9405 ms - 1396[39m
[35m[HTTP][39m [90m[39m
[35m[HTTP][39m [37m-->[39m [37mGET[39m [37m/wd/hub/session/15903707-7acf-4893-90a9-d0260d2b6041[39m
[35m[HTTP][39m [90m{}[39m
[35m[HTTP][39m [37m<-- GET /wd/hub/session/15903707-7acf-4893-90a9-d0260d2b6041 [39m[32m200[39m [90m9 ms - 1350[39m
[35m[HTTP][39m [90m[39m
[35m[HTTP][39m [37m-->[39m [37mGET[39m [37m/wd/hub/session/15903707-7acf-4893-90a9-d0260d2b6041[39m
[35m[HTTP][39m [90m{}[39m
[35m[HTTP][39m [37m<-- GET /wd/hub/session/15903707-7acf-4893-90a9-d0260d2b6041 [39m[32m200[39m [90m7 ms - 1350[39m
[35m[HTTP][39m [90m[39m
[35m[HTTP][39m [37m-->[39m [37mGET[39m [37m/wd/hub/status[39m
[35m[HTTP][39m [90m{}[39m
[35m[HTTP][39m [37m<-- GET /wd/hub/status [39m[32m200[39m [90m1 ms - 68[39m
[35m[HTTP][39m [90m[39m
[35m[HTTP][39m [37m-->[39m [37mPOST[39m [37m/wd/hub/session/15903707-7acf-4893-90a9-d0260d2b6041/timeouts[39m
[35m[HTTP][39m [90m{"implicit":20000}[39m
[35m[HTTP][39m [37m<-- POST /wd/hub/session/15903707-7acf-4893-90a9-d0260d2b6041/timeouts [39m[32m200[39m [90m2 ms - 14[39m
[35m[HTTP][39m [90m[39m
[35m[HTTP][39m [37m-->[39m [37mGET[39m [37m/wd/hub/session/15903707-7acf-4893-90a9-d0260d2b6041/screenshot[39m
[35m[HTTP][39m [90m{}[39m
[35m[HTTP][39m [37m<-- GET /wd/hub/session/15903707-7acf-4893-90a9-d0260d2b6041/screenshot [39m[32m200[39m [90m464 ms - 107538[39m
[35m[HTTP][39m [90m[39m
[35m[HTTP][39m [37m-->[39m [37mGET[39m [37m/wd/hub/session/15903707-7acf-4893-90a9-d0260d2b6041/window/rect[39m
[35m[HTTP][39m [90m{}[39m
[35m[HTTP][39m [37m<-- GET /wd/hub/session/15903707-7acf-4893-90a9-d0260d2b6041/window/rect [39m[32m200[39m [90m19 ms - 50[39m
[35m[HTTP][39m [90m[39m
[35m[HTTP][39m [37m-->[39m [37mGET[39m [37m/wd/hub/session/15903707-7acf-4893-90a9-d0260d2b6041/appium/device/system_bars[39m
[35m[HTTP][39m [90m{}[39m
[35m[HTTP][39m [37m<-- GET /wd/hub/session/15903707-7acf-4893-90a9-d0260d2b6041/appium/device/system_bars [39m[32m200[39m [90m55 ms - 148[39m
[35m[HTTP][39m [90m[39m
[35m[HTTP][39m [37m-->[39m [37mPOST[39m [37m/wd/hub/session/15903707-7acf-4893-90a9-d0260d2b6041/timeouts[39m
[35m[HTTP][39m [90m{"implicit":50}[39m
[35m[HTTP][39m [37m<-- POST /wd/hub/session/15903707-7acf-4893-90a9-d0260d2b6041/timeouts [39m[32m200[39m [90m2 ms - 14[39m
[35m[HTTP][39m [90m[39m
[35m[HTTP][39m [37m-->[39m [37mGET[39m [37m/wd/hub/session/15903707-7acf-4893-90a9-d0260d2b6041/window/rect[39m
[35m[HTTP][39m [90m{}[39m
[35m[HTTP][39m [37m<-- GET /wd/hub/session/15903707-7acf-4893-90a9-d0260d2b6041/window/rect [39m[32m200[39m [90m19 ms - 50[39m
[35m[HTTP][39m [90m[39m
[35m[HTTP][39m [37m-->[39m [37mPOST[39m [37m/wd/hub/session/15903707-7acf-4893-90a9-d0260d2b6041/elements[39m
[35m[HTTP][39m [90m{"using":"xpath","value":"//hierarchy/android.widget.FrameLayout[1]/android.widget.LinearLayout[1]/android.widget.FrameLayout[1]/android.widget.LinearLayout[1]/android.widget.FrameLayout[1]/android.widget.FrameLayout[1]/android.view.ViewGroup[1]/android.view.ViewGroup[1]/android.view.ViewGroup[1]/android.view.ViewGroup[1]/android.view.ViewGroup[1]/android.widget.FrameLayout[1]/android.view.ViewGroup[1]/android.view.ViewGroup[1]/android.view.ViewGroup[1]/android.view.ViewGroup[1]/android.view.ViewGroup[1]/android.view.ViewGroup[1]/android.widget.FrameLayout[1]/android.view.ViewGroup[1]/android.view.ViewGroup[1]/android.view.ViewGroup[1]/android.view.ViewGroup[1]/android.view.ViewGroup[1]/android.view.ViewGroup[2]/android.widget.Button[5]"}[39m
[35m[HTTP][39m [37m<-- POST /wd/hub/session/15903707-7acf-4893-90a9-d0260d2b6041/elements [39m[32m200[39m [90m4476 ms - 139[39m
[35m[HTTP][39m [90m[39m
[35m[HTTP][39m [37m-->[39m [37mGET[39m [37m/wd/hub/session/15903707-7acf-4893-90a9-d0260d2b6041/element/00000000-0000-16d3-ffff-ffff00000040/location[39m
[35m[HTTP][39m [90m{}[39m
[35m[W3C (15903707)][39m Driver proxy active, passing request on via HTTP proxy
[35m[WD Proxy][39m Replacing sessionId 3b61f866-6568-405b-80b2-6fb0a134f051 with 15903707-7acf-4893-90a9-d0260d2b6041
[35m[HTTP][39m [37m<-- GET /wd/hub/session/15903707-7acf-4893-90a9-d0260d2b6041/element/00000000-0000-16d3-ffff-ffff00000040/location [39m[32m200[39m [90m274 ms - 79[39m
[35m[HTTP][39m [90m[39m
[35m[HTTP][39m [37m-->[39m [37mPOST[39m [37m/wd/hub/session/15903707-7acf-4893-90a9-d0260d2b6041/timeouts[39m
[35m[HTTP][39m [90m{"implicit":20000}[39m
[35m[HTTP][39m [37m<-- POST /wd/hub/session/15903707-7acf-4893-90a9-d0260d2b6041/timeouts [39m[32m200[39m [90m1 ms - 14[39m
[35m[HTTP][39m [90m[39m
[35m[HTTP][39m [37m-->[39m [37mPOST[39m [37m/wd/hub/session/15903707-7acf-4893-90a9-d0260d2b6041/touch/perform[39m
[35m[HTTP][39m [90m{"actions":[{"action":"tap","options":{"x":1,"y":1,"element":"00000000-0000-16d3-ffff-ffff00000040"}},{"action":"release","options":{}}]}[39m
[35m[UiAutomator2][39m calling get location: 00000000-0000-16d3-ffff-ffff00000040
[35m[HTTP][39m [37m<-- POST /wd/hub/session/15903707-7acf-4893-90a9-d0260d2b6041/touch/perform [39m[32m200[39m [90m295 ms - 14[39m
[35m[HTTP][39m [90m[39m
[35m[HTTP][39m [37m-->[39m [37mPOST[39m [37m/wd/hub/session/15903707-7acf-4893-90a9-d0260d2b6041/timeouts[39m
[35m[HTTP][39m [90m{"implicit":50}[39m
[35m[HTTP][39m [37m<-- POST /wd/hub/session/15903707-7acf-4893-90a9-d0260d2b6041/timeouts [39m[32m200[39m [90m1 ms - 14[39m
[35m[HTTP][39m [90m[39m
[35m[HTTP][39m [37m-->[39m [37mGET[39m [37m/wd/hub/session/15903707-7acf-4893-90a9-d0260d2b6041/window/rect[39m
[35m[HTTP][39m [90m{}[39m
[35m[HTTP][39m [37m<-- GET /wd/hub/session/15903707-7acf-4893-90a9-d0260d2b6041/window/rect [39m[32m200[39m [90m60 ms - 50[39m
[35m[HTTP][39m [90m[39m
[35m[HTTP][39m [37m-->[39m [37mPOST[39m [37m/wd/hub/session/15903707-7acf-4893-90a9-d0260d2b6041/elements[39m
[35m[HTTP][39m [90m{"using":"xpath","value":"//*[@class = 'android.view.ViewGroup' and @index = '7']"}[39m
[35m[HTTP][39m [37m<-- POST /wd/hub/session/15903707-7acf-4893-90a9-d0260d2b6041/elements [39m[32m200[39m [90m533 ms - 139[39m
[35m[HTTP][39m [90m[39m
[35m[HTTP][39m [37m-->[39m [37mGET[39m [37m/wd/hub/session/15903707-7acf-4893-90a9-d0260d2b6041/element/00000000-0000-16d3-ffff-ffff00000235/location[39m
[35m[HTTP][39m [90m{}[39m
[35m[W3C (15903707)][39m Driver proxy active, passing request on via HTTP proxy
[35m[WD Proxy][39m Replacing sessionId 3b61f866-6568-405b-80b2-6fb0a134f051 with 15903707-7acf-4893-90a9-d0260d2b6041
[35m[HTTP][39m [37m<-- GET /wd/hub/session/15903707-7acf-4893-90a9-d0260d2b6041/element/00000000-0000-16d3-ffff-ffff00000235/location [39m[32m200[39m [90m21 ms - 79[39m
[35m[HTTP][39m [90m[39m
[35m[HTTP][39m [37m-->[39m [37mPOST[39m [37m/wd/hub/session/15903707-7acf-4893-90a9-d0260d2b6041/timeouts[39m
[35m[HTTP][39m [90m{"implicit":20000}[39m
[35m[HTTP][39m [37m<-- POST /wd/hub/session/15903707-7acf-4893-90a9-d0260d2b6041/timeouts [39m[32m200[39m [90m1 ms - 14[39m
[35m[HTTP][39m [90m[39m
[35m[HTTP][39m [37m-->[39m [37mPOST[39m [37m/wd/hub/session/15903707-7acf-4893-90a9-d0260d2b6041/touch/perform[39m
[35m[HTTP][39m [90m{"actions":[{"action":"tap","options":{"x":1,"y":1,"element":"00000000-0000-16d3-ffff-ffff00000235"}},{"action":"release","options":{}}]}[39m
[35m[UiAutomator2][39m calling get location: 00000000-0000-16d3-ffff-ffff00000235
[35m[HTTP][39m [37m<-- POST /wd/hub/session/15903707-7acf-4893-90a9-d0260d2b6041/touch/perform [39m[32m200[39m [90m1345 ms - 14[39m
[35m[HTTP][39m [90m[39m
[35m[HTTP][39m [37m-->[39m [37mPOST[39m [37m/wd/hub/session/15903707-7acf-4893-90a9-d0260d2b6041/timeouts[39m
[35m[HTTP][39m [90m{"implicit":50}[39m
[35m[HTTP][39m [37m<-- POST /wd/hub/session/15903707-7acf-4893-90a9-d0260d2b6041/timeouts [39m[32m200[39m [90m1 ms - 14[39m
[35m[HTTP][39m [90m[39m
[35m[HTTP][39m [37m-->[39m [37mGET[39m [37m/wd/hub/session/15903707-7acf-4893-90a9-d0260d2b6041/window/rect[39m
[35m[HTTP][39m [90m{}[39m
[35m[HTTP][39m [37m<-- GET /wd/hub/session/15903707-7acf-4893-90a9-d0260d2b6041/window/rect [39m[32m200[39m [90m52 ms - 50[39m
[35m[HTTP][39m [90m[39m
[35m[HTTP][39m [37m-->[39m [37mPOST[39m [37m/wd/hub/session/15903707-7acf-4893-90a9-d0260d2b6041/elements[39m
[35m[HTTP][39m [90m{"using":"xpath","value":"//*[@class = 'android.widget.TextView' and (@text = 'Skip' or . = 'Skip')]"}[39m
[35m[HTTP][39m [37m<-- POST /wd/hub/session/15903707-7acf-4893-90a9-d0260d2b6041/elements [39m[32m200[39m [90m159 ms - 12[39m
[35m[HTTP][39m [90m[39m
[35m[HTTP][39m [37m-->[39m [37mPOST[39m [37m/wd/hub/session/15903707-7acf-4893-90a9-d0260d2b6041/elements[39m
[35m[HTTP][39m [90m{"using":"xpath","value":"//*[@class = 'android.widget.TextView' and (@text = 'Skip' or . = 'Skip')]"}[39m
[35m[HTTP][39m [37m<-- POST /wd/hub/session/15903707-7acf-4893-90a9-d0260d2b6041/elements [39m[32m200[39m [90m84 ms - 12[39m
[35m[HTTP][39m [90m[39m
[35m[HTTP][39m [37m-->[39m [37mPOST[39m [37m/wd/hub/session/15903707-7acf-4893-90a9-d0260d2b6041/elements[39m
[35m[HTTP][39m [90m{"using":"xpath","value":"//*[@class = 'android.widget.TextView' and (@text = 'Skip' or . = 'Skip')]"}[39m
[35m[HTTP][39m [37m<-- POST /wd/hub/session/15903707-7acf-4893-90a9-d0260d2b6041/elements [39m[32m200[39m [90m1761 ms - 139[39m
[35m[HTTP][39m [90m[39m
[35m[HTTP][39m [37m-->[39m [37mGET[39m [37m/wd/hub/session/15903707-7acf-4893-90a9-d0260d2b6041/element/00000000-0000-16d3-ffff-ffff00000277/location[39m
[35m[HTTP][39m [90m{}[39m
[35m[W3C (15903707)][39m Driver proxy active, passing request on via HTTP proxy
[35m[WD Proxy][39m Replacing sessionId 3b61f866-6568-405b-80b2-6fb0a134f051 with 15903707-7acf-4893-90a9-d0260d2b6041
[35m[HTTP][39m [37m<-- GET /wd/hub/session/15903707-7acf-4893-90a9-d0260d2b6041/element/00000000-0000-16d3-ffff-ffff00000277/location [39m[32m200[39m [90m29 ms - 78[39m
[35m[HTTP][39m [90m[39m
[35m[HTTP][39m [37m-->[39m [37mPOST[39m [37m/wd/hub/session/15903707-7acf-4893-90a9-d0260d2b6041/timeouts[39m
[35m[HTTP][39m [90m{"implicit":20000}[39m
[35m[HTTP][39m [37m<-- POST /wd/hub/session/15903707-7acf-4893-90a9-d0260d2b6041/timeouts [39m[32m200[39m [90m1 ms - 14[39m
[35m[HTTP][39m [90m[39m
[35m[HTTP][39m [37m-->[39m [37mGET[39m [37m/wd/hub/session/15903707-7acf-4893-90a9-d0260d2b6041/element/00000000-0000-16d3-ffff-ffff00000277/displayed[39m
[35m[HTTP][39m [90m{}[39m
[35m[HTTP][39m [37m<-- GET /wd/hub/session/15903707-7acf-4893-90a9-d0260d2b6041/element/00000000-0000-16d3-ffff-ffff00000277/displayed [39m[32m200[39m [90m23 ms - 14[39m
[35m[HTTP][39m [90m[39m
[35m[HTTP][39m [37m-->[39m [37mPOST[39m [37m/wd/hub/session/15903707-7acf-4893-90a9-d0260d2b6041/timeouts[39m
[35m[HTTP][39m [90m{"implicit":50}[39m
[35m[HTTP][39m [37m<-- POST /wd/hub/session/15903707-7acf-4893-90a9-d0260d2b6041/timeouts [39m[32m200[39m [90m1 ms - 14[39m
[35m[HTTP][39m [90m[39m
[35m[HTTP][39m [37m-->[39m [37mGET[39m [37m/wd/hub/session/15903707-7acf-4893-90a9-d0260d2b6041/window/rect[39m
[35m[HTTP][39m [90m{}[39m
[35m[HTTP][39m [37m<-- GET /wd/hub/session/15903707-7acf-4893-90a9-d0260d2b6041/window/rect [39m[32m200[39m [90m20 ms - 50[39m
[35m[HTTP][39m [90m[39m
[35m[HTTP][39m [37m-->[39m [37mPOST[39m [37m/wd/hub/session/15903707-7acf-4893-90a9-d0260d2b6041/elements[39m
[35m[HTTP][39m [90m{"using":"xpath","value":"//*[@class = 'android.widget.TextView' and (@text = 'Skip' or . = 'Skip')]"}[39m
[35m[HTTP][39m [37m<-- POST /wd/hub/session/15903707-7acf-4893-90a9-d0260d2b6041/elements [39m[32m200[39m [90m197 ms - 139[39m
[35m[HTTP][39m [90m[39m
[35m[HTTP][39m [37m-->[39m [37mGET[39m [37m/wd/hub/session/15903707-7acf-4893-90a9-d0260d2b6041/element/00000000-0000-16d3-ffff-ffff00000277/location[39m
[35m[HTTP][39m [90m{}[39m
[35m[W3C (15903707)][39m Driver proxy active, passing request on via HTTP proxy
[35m[WD Proxy][39m Replacing sessionId 3b61f866-6568-405b-80b2-6fb0a134f051 with 15903707-7acf-4893-90a9-d0260d2b6041
[35m[HTTP][39m [37m<-- GET /wd/hub/session/15903707-7acf-4893-90a9-d0260d2b6041/element/00000000-0000-16d3-ffff-ffff00000277/location [39m[32m200[39m [90m16 ms - 78[39m
[35m[HTTP][39m [90m[39m
[35m[HTTP][39m [37m-->[39m [37mPOST[39m [37m/wd/hub/session/15903707-7acf-4893-90a9-d0260d2b6041/timeouts[39m
[35m[HTTP][39m [90m{"implicit":20000}[39m
[35m[HTTP][39m [37m<-- POST /wd/hub/session/15903707-7acf-4893-90a9-d0260d2b6041/timeouts [39m[32m200[39m [90m3 ms - 14[39m
[35m[HTTP][39m [90m[39m
[35m[HTTP][39m [37m-->[39m [37mPOST[39m [37m/wd/hub/session/15903707-7acf-4893-90a9-d0260d2b6041/timeouts[39m
[35m[HTTP][39m [90m{"implicit":50}[39m
[35m[HTTP][39m [37m<-- POST /wd/hub/session/15903707-7acf-4893-90a9-d0260d2b6041/timeouts [39m[32m200[39m [90m1 ms - 14[39m
[35m[HTTP][39m [90m[39m
[35m[HTTP][39m [37m-->[39m [37mGET[39m [37m/wd/hub/session/15903707-7acf-4893-90a9-d0260d2b6041/window/rect[39m
[35m[HTTP][39m [90m{}[39m
[35m[HTTP][39m [37m<-- GET /wd/hub/session/15903707-7acf-4893-90a9-d0260d2b6041/window/rect [39m[32m200[39m [90m20 ms - 50[39m
[35m[HTTP][39m [90m[39m
[35m[HTTP][39m [37m-->[39m [37mPOST[39m [37m/wd/hub/session/15903707-7acf-4893-90a9-d0260d2b6041/elements[39m
[35m[HTTP][39m [90m{"using":"xpath","value":"//*[@class = 'android.widget.TextView' and (@text = 'Skip' or . = 'Skip')]"}[39m
[35m[HTTP][39m [37m<-- POST /wd/hub/session/15903707-7acf-4893-90a9-d0260d2b6041/elements [39m[32m200[39m [90m153 ms - 139[39m
[35m[HTTP][39m [90m[39m
[35m[HTTP][39m [37m-->[39m [37mGET[39m [37m/wd/hub/session/15903707-7acf-4893-90a9-d0260d2b6041/element/00000000-0000-16d3-ffff-ffff00000277/location[39m
[35m[HTTP][39m [90m{}[39m
[35m[W3C (15903707)][39m Driver proxy active, passing request on via HTTP proxy
[35m[WD Proxy][39m Replacing sessionId 3b61f866-6568-405b-80b2-6fb0a134f051 with 15903707-7acf-4893-90a9-d0260d2b6041
[35m[HTTP][39m [37m<-- GET /wd/hub/session/15903707-7acf-4893-90a9-d0260d2b6041/element/00000000-0000-16d3-ffff-ffff00000277/location [39m[32m200[39m [90m25 ms - 78[39m
[35m[HTTP][39m [90m[39m
[35m[HTTP][39m [37m-->[39m [37mPOST[39m [37m/wd/hub/session/15903707-7acf-4893-90a9-d0260d2b6041/timeouts[39m
[35m[HTTP][39m [90m{"implicit":20000}[39m
[35m[HTTP][39m [37m<-- POST /wd/hub/session/15903707-7acf-4893-90a9-d0260d2b6041/timeouts [39m[32m200[39m [90m1 ms - 14[39m
[35m[HTTP][39m [90m[39m
[35m[HTTP][39m [37m-->[39m [37mPOST[39m [37m/wd/hub/session/15903707-7acf-4893-90a9-d0260d2b6041/touch/perform[39m
[35m[HTTP][39m [90m{"actions":[{"action":"tap","options":{"x":1,"y":1,"element":"00000000-0000-16d3-ffff-ffff00000277"}},{"action":"release","options":{}}]}[39m
[35m[UiAutomator2][39m calling get location: 00000000-0000-16d3-ffff-ffff00000277
[35m[HTTP][39m [37m<-- POST /wd/hub/session/15903707-7acf-4893-90a9-d0260d2b6041/touch/perform [39m[32m200[39m [90m210 ms - 14[39m
[35m[HTTP][39m [90m[39m
[35m[HTTP][39m [37m-->[39m [37mPOST[39m [37m/wd/hub/session/15903707-7acf-4893-90a9-d0260d2b6041/timeouts[39m
[35m[HTTP][39m [90m{"implicit":50}[39m
[35m[HTTP][39m [37m<-- POST /wd/hub/session/15903707-7acf-4893-90a9-d0260d2b6041/timeouts [39m[32m200[39m [90m1 ms - 14[39m
[35m[HTTP][39m [90m[39m
[35m[HTTP][39m [37m-->[39m [37mGET[39m [37m/wd/hub/session/15903707-7acf-4893-90a9-d0260d2b6041/window/rect[39m
[35m[HTTP][39m [90m{}[39m
[35m[HTTP][39m [37m<-- GET /wd/hub/session/15903707-7acf-4893-90a9-d0260d2b6041/window/rect [39m[32m200[39m [90m29 ms - 50[39m
[35m[HTTP][39m [90m[39m
[35m[HTTP][39m [37m-->[39m [37mPOST[39m [37m/wd/hub/session/15903707-7acf-4893-90a9-d0260d2b6041/elements[39m
[35m[HTTP][39m [90m{"using":"xpath","value":"//*[@class = 'android.widget.TextView' and (@text = 'Property' or . = 'Property')]"}[39m
[35m[HTTP][39m [37m<-- POST /wd/hub/session/15903707-7acf-4893-90a9-d0260d2b6041/elements [39m[32m200[39m [90m221 ms - 12[39m
[35m[HTTP][39m [90m[39m
[35m[HTTP][39m [37m-->[39m [37mPOST[39m [37m/wd/hub/session/15903707-7acf-4893-90a9-d0260d2b6041/elements[39m
[35m[HTTP][39m [90m{"using":"xpath","value":"//*[@class = 'android.widget.TextView' and (@text = 'Property' or . = 'Property')]"}[39m
[35m[HTTP][39m [37m<-- POST /wd/hub/session/15903707-7acf-4893-90a9-d0260d2b6041/elements [39m[32m200[39m [90m3721 ms - 139[39m
[35m[HTTP][39m [90m[39m
[35m[HTTP][39m [37m-->[39m [37mGET[39m [37m/wd/hub/session/15903707-7acf-4893-90a9-d0260d2b6041/element/00000000-0000-16d3-ffff-ffff0000028c/location[39m
[35m[HTTP][39m [90m{}[39m
[35m[W3C (15903707)][39m Driver proxy active, passing request on via HTTP proxy
[35m[WD Proxy][39m Replacing sessionId 3b61f866-6568-405b-80b2-6fb0a134f051 with 15903707-7acf-4893-90a9-d0260d2b6041
[35m[HTTP][39m [37m<-- GET /wd/hub/session/15903707-7acf-4893-90a9-d0260d2b6041/element/00000000-0000-16d3-ffff-ffff0000028c/location [39m[32m200[39m [90m16 ms - 78[39m
[35m[HTTP][39m [90m[39m
[35m[HTTP][39m [37m-->[39m [37mPOST[39m [37m/wd/hub/session/15903707-7acf-4893-90a9-d0260d2b6041/timeouts[39m
[35m[HTTP][39m [90m{"implicit":20000}[39m
[35m[HTTP][39m [37m<-- POST /wd/hub/session/15903707-7acf-4893-90a9-d0260d2b6041/timeouts [39m[32m200[39m [90m1 ms - 14[39m
[35m[HTTP][39m [90m[39m
[35m[HTTP][39m [37m-->[39m [37mGET[39m [37m/wd/hub/session/15903707-7acf-4893-90a9-d0260d2b6041/element/00000000-0000-16d3-ffff-ffff0000028c/displayed[39m
[35m[HTTP][39m [90m{}[39m
[35m[HTTP][39m [37m<-- GET /wd/hub/session/15903707-7acf-4893-90a9-d0260d2b6041/element/00000000-0000-16d3-ffff-ffff0000028c/displayed [39m[32m200[39m [90m10 ms - 14[39m
[35m[HTTP][39m [90m[39m
[35m[HTTP][39m [37m-->[39m [37mPOST[39m [37m/wd/hub/session/15903707-7acf-4893-90a9-d0260d2b6041/timeouts[39m
[35m[HTTP][39m [90m{"implicit":50}[39m
[35m[HTTP][39m [37m<-- POST /wd/hub/session/15903707-7acf-4893-90a9-d0260d2b6041/timeouts [39m[32m200[39m [90m1 ms - 14[39m
[35m[HTTP][39m [90m[39m
[35m[HTTP][39m [37m-->[39m [37mGET[39m [37m/wd/hub/session/15903707-7acf-4893-90a9-d0260d2b6041/window/rect[39m
[35m[HTTP][39m [90m{}[39m
[35m[HTTP][39m [37m<-- GET /wd/hub/session/15903707-7acf-4893-90a9-d0260d2b6041/window/rect [39m[32m200[39m [90m10 ms - 50[39m
[35m[HTTP][39m [90m[39m
[35m[HTTP][39m [37m-->[39m [37mPOST[39m [37m/wd/hub/session/15903707-7acf-4893-90a9-d0260d2b6041/elements[39m
[35m[HTTP][39m [90m{"using":"xpath","value":"//*[@class = 'android.widget.TextView' and (@text = 'DISCOVER' or . = 'DISCOVER')]"}[39m
[35m[HTTP][39m [37m<-- POST /wd/hub/session/15903707-7acf-4893-90a9-d0260d2b6041/elements [39m[32m200[39m [90m206 ms - 139[39m
[35m[HTTP][39m [90m[39m
[35m[HTTP][39m [37m-->[39m [37mGET[39m [37m/wd/hub/session/15903707-7acf-4893-90a9-d0260d2b6041/element/00000000-0000-16d3-ffff-ffff00000396/location[39m
[35m[HTTP][39m [90m{}[39m
[35m[W3C (15903707)][39m Driver proxy active, passing request on via HTTP proxy
[35m[WD Proxy][39m Replacing sessionId 3b61f866-6568-405b-80b2-6fb0a134f051 with 15903707-7acf-4893-90a9-d0260d2b6041
[35m[HTTP][39m [37m<-- GET /wd/hub/session/15903707-7acf-4893-90a9-d0260d2b6041/element/00000000-0000-16d3-ffff-ffff00000396/location [39m[32m200[39m [90m17 ms - 77[39m
[35m[HTTP][39m [90m[39m
[35m[HTTP][39m [37m-->[39m [37mPOST[39m [37m/wd/hub/session/15903707-7acf-4893-90a9-d0260d2b6041/timeouts[39m
[35m[HTTP][39m [90m{"implicit":20000}[39m
[35m[HTTP][39m [37m<-- POST /wd/hub/session/15903707-7acf-4893-90a9-d0260d2b6041/timeouts [39m[32m200[39m [90m1 ms - 14[39m
[35m[HTTP][39m [90m[39m
[35m[HTTP][39m [37m-->[39m [37mGET[39m [37m/wd/hub/session/15903707-7acf-4893-90a9-d0260d2b6041/element/00000000-0000-16d3-ffff-ffff00000396/displayed[39m
[35m[HTTP][39m [90m{}[39m
[35m[HTTP][39m [37m<-- GET /wd/hub/session/15903707-7acf-4893-90a9-d0260d2b6041/element/00000000-0000-16d3-ffff-ffff00000396/displayed [39m[32m200[39m [90m12 ms - 14[39m
[35m[HTTP][39m [90m[39m
[35m[HTTP][39m [37m-->[39m [37mPOST[39m [37m/wd/hub/session/15903707-7acf-4893-90a9-d0260d2b6041/timeouts[39m
[35m[HTTP][39m [90m{"implicit":50}[39m
[35m[HTTP][39m [37m<-- POST /wd/hub/session/15903707-7acf-4893-90a9-d0260d2b6041/timeouts [39m[32m200[39m [90m1 ms - 14[39m
[35m[HTTP][39m [90m[39m
[35m[HTTP][39m [37m-->[39m [37mGET[39m [37m/wd/hub/session/15903707-7acf-4893-90a9-d0260d2b6041/window/rect[39m
[35m[HTTP][39m [90m{}[39m
[35m[HTTP][39m [37m<-- GET /wd/hub/session/15903707-7acf-4893-90a9-d0260d2b6041/window/rect [39m[32m200[39m [90m20 ms - 50[39m
[35m[HTTP][39m [90m[39m
[35m[HTTP][39m [37m-->[39m [37mPOST[39m [37m/wd/hub/session/15903707-7acf-4893-90a9-d0260d2b6041/elements[39m
[35m[HTTP][39m [90m{"using":"xpath","value":"//*[@class = 'android.widget.TextView' and (@text = 'Search properties' or . = 'Search properties')]"}[39m
[35m[HTTP][39m [37m<-- POST /wd/hub/session/15903707-7acf-4893-90a9-d0260d2b6041/elements [39m[32m200[39m [90m331 ms - 139[39m
[35m[HTTP][39m [90m[39m
[35m[HTTP][39m [37m-->[39m [37mGET[39m [37m/wd/hub/session/15903707-7acf-4893-90a9-d0260d2b6041/element/00000000-0000-16d3-ffff-ffff0000029a/location[39m
[35m[HTTP][39m [90m{}[39m
[35m[W3C (15903707)][39m Driver proxy active, passing request on via HTTP proxy
[35m[WD Proxy][39m Replacing sessionId 3b61f866-6568-405b-80b2-6fb0a134f051 with 15903707-7acf-4893-90a9-d0260d2b6041
[35m[HTTP][39m [37m<-- GET /wd/hub/session/15903707-7acf-4893-90a9-d0260d2b6041/element/00000000-0000-16d3-ffff-ffff0000029a/location [39m[32m200[39m [90m497 ms - 78[39m
[35m[HTTP][39m [90m[39m
[35m[HTTP][39m [37m-->[39m [37mPOST[39m [37m/wd/hub/session/15903707-7acf-4893-90a9-d0260d2b6041/timeouts[39m
[35m[HTTP][39m [90m{"implicit":20000}[39m
[35m[HTTP][39m [37m<-- POST /wd/hub/session/15903707-7acf-4893-90a9-d0260d2b6041/timeouts [39m[32m200[39m [90m1 ms - 14[39m
[35m[HTTP][39m [90m[39m
[35m[HTTP][39m [37m-->[39m [37mPOST[39m [37m/wd/hub/session/15903707-7acf-4893-90a9-d0260d2b6041/touch/perform[39m
[35m[HTTP][39m [90m{"actions":[{"action":"tap","options":{"x":1,"y":1,"element":"00000000-0000-16d3-ffff-ffff0000029a"}},{"action":"release","options":{}}]}[39m
[35m[UiAutomator2][39m calling get location: 00000000-0000-16d3-ffff-ffff0000029a
[35m[HTTP][39m [37m<-- POST /wd/hub/session/15903707-7acf-4893-90a9-d0260d2b6041/touch/perform [39m[32m200[39m [90m281 ms - 14[39m
[35m[HTTP][39m [90m[39m
[35m[HTTP][39m [37m-->[39m [37mPOST[39m [37m/wd/hub/session/15903707-7acf-4893-90a9-d0260d2b6041/timeouts[39m
[35m[HTTP][39m [90m{"implicit":50}[39m
[35m[HTTP][39m [37m<-- POST /wd/hub/session/15903707-7acf-4893-90a9-d0260d2b6041/timeouts [39m[32m200[39m [90m1 ms - 14[39m
[35m[HTTP][39m [90m[39m
[35m[HTTP][39m [37m-->[39m [37mGET[39m [37m/wd/hub/session/15903707-7acf-4893-90a9-d0260d2b6041/window/rect[39m
[35m[HTTP][39m [90m{}[39m
[35m[HTTP][39m [37m<-- GET /wd/hub/session/15903707-7acf-4893-90a9-d0260d2b6041/window/rect [39m[32m200[39m [90m33 ms - 50[39m
[35m[HTTP][39m [90m[39m
[35m[HTTP][39m [37m-->[39m [37mPOST[39m [37m/wd/hub/session/15903707-7acf-4893-90a9-d0260d2b6041/elements[39m
[35m[HTTP][39m [90m{"using":"xpath","value":"//*[@class = 'android.widget.EditText' and (@text = '' or . = '')]"}[39m
[35m[HTTP][39m [37m<-- POST /wd/hub/session/15903707-7acf-4893-90a9-d0260d2b6041/elements [39m[32m200[39m [90m1590 ms - 139[39m
[35m[HTTP][39m [90m[39m
[35m[HTTP][39m [37m-->[39m [37mGET[39m [37m/wd/hub/session/15903707-7acf-4893-90a9-d0260d2b6041/element/00000000-0000-16d3-ffff-ffff00000410/location[39m
[35m[HTTP][39m [90m{}[39m
[35m[W3C (15903707)][39m Driver proxy active, passing request on via HTTP proxy
[35m[WD Proxy][39m Replacing sessionId 3b61f866-6568-405b-80b2-6fb0a134f051 with 15903707-7acf-4893-90a9-d0260d2b6041
[35m[HTTP][39m [37m<-- GET /wd/hub/session/15903707-7acf-4893-90a9-d0260d2b6041/element/00000000-0000-16d3-ffff-ffff00000410/location [39m[32m200[39m [90m19 ms - 78[39m
[35m[HTTP][39m [90m[39m
[35m[HTTP][39m [37m-->[39m [37mPOST[39m [37m/wd/hub/session/15903707-7acf-4893-90a9-d0260d2b6041/timeouts[39m
[35m[HTTP][39m [90m{"implicit":20000}[39m
[35m[HTTP][39m [37m<-- POST /wd/hub/session/15903707-7acf-4893-90a9-d0260d2b6041/timeouts [39m[32m200[39m [90m1 ms - 14[39m
[35m[HTTP][39m [90m[39m
[35m[HTTP][39m [37m-->[39m [37mPOST[39m [37m/wd/hub/session/15903707-7acf-4893-90a9-d0260d2b6041/element/00000000-0000-16d3-ffff-ffff00000410/clear[39m
[35m[HTTP][39m [90m{"id":"00000000-0000-16d3-ffff-ffff00000410"}[39m
[35m[HTTP][39m [37m<-- POST /wd/hub/session/15903707-7acf-4893-90a9-d0260d2b6041/element/00000000-0000-16d3-ffff-ffff00000410/clear [39m[32m200[39m [90m40 ms - 14[39m
[35m[HTTP][39m [90m[39m
[35m[HTTP][39m [37m-->[39m [37mPOST[39m [37m/wd/hub/session/15903707-7acf-4893-90a9-d0260d2b6041/element/00000000-0000-16d3-ffff-ffff00000410/value[39m
[35m[HTTP][39m [90m{"id":"00000000-0000-16d3-ffff-ffff00000410","text":"Zayn Malik","value":["Z","a","y","n"," ","M","a","l","i","k"]}[39m
[35m[HTTP][39m [37m<-- POST /wd/hub/session/15903707-7acf-4893-90a9-d0260d2b6041/element/00000000-0000-16d3-ffff-ffff00000410/value [39m[32m200[39m [90m728 ms - 14[39m
[35m[HTTP][39m [90m[39m
[35m[HTTP][39m [37m-->[39m [37mGET[39m [37m/wd/hub/session/15903707-7acf-4893-90a9-d0260d2b6041/context[39m
[35m[HTTP][39m [90m{}[39m
[35m[HTTP][39m [37m<-- GET /wd/hub/session/15903707-7acf-4893-90a9-d0260d2b6041/context [39m[32m200[39m [90m1 ms - 22[39m
[35m[HTTP][39m [90m[39m
[35m[HTTP][39m [37m-->[39m [37mGET[39m [37m/wd/hub/session/15903707-7acf-4893-90a9-d0260d2b6041/contexts[39m
[35m[HTTP][39m [90m{}[39m
[35m[AndroidDriver][39m Skipping the webview 'WEBVIEW_Terrace' at '@Terrace_devtools_remote' since it has reported having zero pages
[35m[HTTP][39m [37m<-- GET /wd/hub/session/15903707-7acf-4893-90a9-d0260d2b6041/contexts [39m[32m200[39m [90m78 ms - 24[39m
[35m[HTTP][39m [90m[39m
[35m[HTTP][39m [37m-->[39m [37mPOST[39m [37m/wd/hub/session/15903707-7acf-4893-90a9-d0260d2b6041/context[39m
[35m[HTTP][39m [90m{"name":"NATIVE_APP"}[39m
[35m[HTTP][39m [37m<-- POST /wd/hub/session/15903707-7acf-4893-90a9-d0260d2b6041/context [39m[32m200[39m [90m1 ms - 14[39m
[35m[HTTP][39m [90m[39m
[35m[HTTP][39m [37m-->[39m [37mPOST[39m [37m/wd/hub/session/15903707-7acf-4893-90a9-d0260d2b6041/appium/device/hide_keyboard[39m
[35m[HTTP][39m [90m{}[39m
[35m[HTTP][39m [37m<-- POST /wd/hub/session/15903707-7acf-4893-90a9-d0260d2b6041/appium/device/hide_keyboard [39m[32m200[39m [90m996 ms - 14[39m
[35m[HTTP][39m [90m[39m
[35m[HTTP][39m [37m-->[39m [37mPOST[39m [37m/wd/hub/session/15903707-7acf-4893-90a9-d0260d2b6041/context[39m
[35m[HTTP][39m [90m{"name":"NATIVE_APP"}[39m
[35m[HTTP][39m [37m<-- POST /wd/hub/session/15903707-7acf-4893-90a9-d0260d2b6041/context [39m[32m200[39m [90m1 ms - 14[39m
[35m[HTTP][39m [90m[39m
[35m[HTTP][39m [37m-->[39m [37mPOST[39m [37m/wd/hub/session/15903707-7acf-4893-90a9-d0260d2b6041/timeouts[39m
[35m[HTTP][39m [90m{"implicit":50}[39m
[35m[HTTP][39m [37m<-- POST /wd/hub/session/15903707-7acf-4893-90a9-d0260d2b6041/timeouts [39m[32m200[39m [90m1 ms - 14[39m
[35m[HTTP][39m [90m[39m
[35m[HTTP][39m [37m-->[39m [37mGET[39m [37m/wd/hub/session/15903707-7acf-4893-90a9-d0260d2b6041/window/rect[39m
[35m[HTTP][39m [90m{}[39m
[35m[HTTP][39m [37m<-- GET /wd/hub/session/15903707-7acf-4893-90a9-d0260d2b6041/window/rect [39m[32m200[39m [90m18 ms - 50[39m
[35m[HTTP][39m [90m[39m
[35m[HTTP][39m [37m-->[39m [37mPOST[39m [37m/wd/hub/session/15903707-7acf-4893-90a9-d0260d2b6041/elements[39m
[35m[HTTP][39m [90m{"using":"xpath","value":"//hierarchy/android.widget.FrameLayout[1]/android.widget.LinearLayout[1]/android.widget.FrameLayout[1]/android.widget.LinearLayout[1]/android.widget.FrameLayout[1]/android.widget.FrameLayout[1]/android.view.ViewGroup[1]/android.view.ViewGroup[1]/android.view.ViewGroup[1]/android.view.ViewGroup[1]/android.view.ViewGroup[1]/android.widget.FrameLayout[1]/android.view.ViewGroup[1]/android.view.ViewGroup[1]/android.view.ViewGroup[1]/android.view.ViewGroup[1]/android.view.ViewGroup[1]/android.view.ViewGroup[1]/android.widget.FrameLayout[1]/android.view.ViewGroup[1]/android.view.ViewGroup[1]/android.view.ViewGroup[1]/android.view.ViewGroup[1]/android.view.ViewGroup[1]/android.view.ViewGroup[1]/android.view.ViewGroup[1]/android.widget.ScrollView[1]/android.view.ViewGroup[1]/android.view.ViewGroup[1]"}[39m
[35m[HTTP][39m [37m<-- POST /wd/hub/session/15903707-7acf-4893-90a9-d0260d2b6041/elements [39m[32m200[39m [90m710 ms - 139[39m
[35m[HTTP][39m [90m[39m
[35m[HTTP][39m [37m-->[39m [37mGET[39m [37m/wd/hub/session/15903707-7acf-4893-90a9-d0260d2b6041/element/00000000-0000-16d3-ffff-ffff0000047a/location[39m
[35m[HTTP][39m [90m{}[39m
[35m[W3C (15903707)][39m Driver proxy active, passing request on via HTTP proxy
[35m[WD Proxy][39m Replacing sessionId 3b61f866-6568-405b-80b2-6fb0a134f051 with 15903707-7acf-4893-90a9-d0260d2b6041
[35m[HTTP][39m [37m<-- GET /wd/hub/session/15903707-7acf-4893-90a9-d0260d2b6041/element/00000000-0000-16d3-ffff-ffff0000047a/location [39m[32m200[39m [90m19 ms - 78[39m
[35m[HTTP][39m [90m[39m
[35m[HTTP][39m [37m-->[39m [37mPOST[39m [37m/wd/hub/session/15903707-7acf-4893-90a9-d0260d2b6041/timeouts[39m
[35m[HTTP][39m [90m{"implicit":20000}[39m
[35m[HTTP][39m [37m<-- POST /wd/hub/session/15903707-7acf-4893-90a9-d0260d2b6041/timeouts [39m[32m200[39m [90m1 ms - 14[39m
[35m[HTTP][39m [90m[39m
[35m[HTTP][39m [37m-->[39m [37mPOST[39m [37m/wd/hub/session/15903707-7acf-4893-90a9-d0260d2b6041/timeouts[39m
[35m[HTTP][39m [90m{"implicit":50}[39m
[35m[HTTP][39m [37m<-- POST /wd/hub/session/15903707-7acf-4893-90a9-d0260d2b6041/timeouts [39m[32m200[39m [90m1 ms - 14[39m
[35m[HTTP][39m [90m[39m
[35m[HTTP][39m [37m-->[39m [37mGET[39m [37m/wd/hub/session/15903707-7acf-4893-90a9-d0260d2b6041/window/rect[39m
[35m[HTTP][39m [90m{}[39m
[35m[HTTP][39m [37m<-- GET /wd/hub/session/15903707-7acf-4893-90a9-d0260d2b6041/window/rect [39m[32m200[39m [90m11 ms - 50[39m
[35m[HTTP][39m [90m[39m
[35m[HTTP][39m [37m-->[39m [37mPOST[39m [37m/wd/hub/session/15903707-7acf-4893-90a9-d0260d2b6041/elements[39m
[35m[HTTP][39m [90m{"using":"xpath","value":"//hierarchy/android.widget.FrameLayout[1]/android.widget.LinearLayout[1]/android.widget.FrameLayout[1]/android.widget.LinearLayout[1]/android.widget.FrameLayout[1]/android.widget.FrameLayout[1]/android.view.ViewGroup[1]/android.view.ViewGroup[1]/android.view.ViewGroup[1]/android.view.ViewGroup[1]/android.view.ViewGroup[1]/android.widget.FrameLayout[1]/android.view.ViewGroup[1]/android.view.ViewGroup[1]/android.view.ViewGroup[1]/android.view.ViewGroup[1]/android.view.ViewGroup[1]/android.view.ViewGroup[1]/android.widget.FrameLayout[1]/android.view.ViewGroup[1]/android.view.ViewGroup[1]/android.view.ViewGroup[1]/android.view.ViewGroup[1]/android.view.ViewGroup[1]/android.view.ViewGroup[1]/android.view.ViewGroup[1]/android.widget.ScrollView[1]/android.view.ViewGroup[1]/android.view.ViewGroup[1]"}[39m
[35m[HTTP][39m [37m<-- POST /wd/hub/session/15903707-7acf-4893-90a9-d0260d2b6041/elements [39m[32m200[39m [90m135 ms - 139[39m
[35m[HTTP][39m [90m[39m
[35m[HTTP][39m [37m-->[39m [37mGET[39m [37m/wd/hub/session/15903707-7acf-4893-90a9-d0260d2b6041/element/00000000-0000-16d3-ffff-ffff0000047a/location[39m
[35m[HTTP][39m [90m{}[39m
[35m[W3C (15903707)][39m Driver proxy active, passing request on via HTTP proxy
[35m[WD Proxy][39m Replacing sessionId 3b61f866-6568-405b-80b2-6fb0a134f051 with 15903707-7acf-4893-90a9-d0260d2b6041
[35m[HTTP][39m [37m<-- GET /wd/hub/session/15903707-7acf-4893-90a9-d0260d2b6041/element/00000000-0000-16d3-ffff-ffff0000047a/location [39m[32m200[39m [90m15 ms - 78[39m
[35m[HTTP][39m [90m[39m
[35m[HTTP][39m [37m-->[39m [37mPOST[39m [37m/wd/hub/session/15903707-7acf-4893-90a9-d0260d2b6041/timeouts[39m
[35m[HTTP][39m [90m{"implicit":20000}[39m
[35m[HTTP][39m [37m<-- POST /wd/hub/session/15903707-7acf-4893-90a9-d0260d2b6041/timeouts [39m[32m200[39m [90m1 ms - 14[39m
[35m[HTTP][39m [90m[39m
[35m[HTTP][39m [37m-->[39m [37mGET[39m [37m/wd/hub/session/15903707-7acf-4893-90a9-d0260d2b6041/element/00000000-0000-16d3-ffff-ffff0000047a/displayed[39m
[35m[HTTP][39m [90m{}[39m
[35m[HTTP][39m [37m<-- GET /wd/hub/session/15903707-7acf-4893-90a9-d0260d2b6041/element/00000000-0000-16d3-ffff-ffff0000047a/displayed [39m[32m200[39m [90m16 ms - 14[39m
[35m[HTTP][39m [90m[39m
[35m[HTTP][39m [37m-->[39m [37mPOST[39m [37m/wd/hub/session/15903707-7acf-4893-90a9-d0260d2b6041/timeouts[39m
[35m[HTTP][39m [90m{"implicit":50}[39m
[35m[HTTP][39m [37m<-- POST /wd/hub/session/15903707-7acf-4893-90a9-d0260d2b6041/timeouts [39m[32m200[39m [90m1 ms - 14[39m
[35m[HTTP][39m [90m[39m
[35m[HTTP][39m [37m-->[39m [37mGET[39m [37m/wd/hub/session/15903707-7acf-4893-90a9-d0260d2b6041/window/rect[39m
[35m[HTTP][39m [90m{}[39m
[35m[HTTP][39m [37m<-- GET /wd/hub/session/15903707-7acf-4893-90a9-d0260d2b6041/window/rect [39m[32m200[39m [90m12 ms - 50[39m
[35m[HTTP][39m [90m[39m
[35m[HTTP][39m [37m-->[39m [37mPOST[39m [37m/wd/hub/session/15903707-7acf-4893-90a9-d0260d2b6041/elements[39m
[35m[HTTP][39m [90m{"using":"xpath","value":"//hierarchy/android.widget.FrameLayout[1]/android.widget.LinearLayout[1]/android.widget.FrameLayout[1]/android.widget.LinearLayout[1]/android.widget.FrameLayout[1]/android.widget.FrameLayout[1]/android.view.ViewGroup[1]/android.view.ViewGroup[1]/android.view.ViewGroup[1]/android.view.ViewGroup[1]/android.view.ViewGroup[1]/android.widget.FrameLayout[1]/android.view.ViewGroup[1]/android.view.ViewGroup[1]/android.view.ViewGroup[1]/android.view.ViewGroup[1]/android.view.ViewGroup[1]/android.view.ViewGroup[1]/android.widget.FrameLayout[1]/android.view.ViewGroup[1]/android.view.ViewGroup[1]/android.view.ViewGroup[1]/android.view.ViewGroup[1]/android.view.ViewGroup[1]/android.view.ViewGroup[1]/android.view.ViewGroup[1]/android.widget.ScrollView[1]/android.view.ViewGroup[1]/android.view.ViewGroup[1]"}[39m
[35m[HTTP][39m [37m<-- POST /wd/hub/session/15903707-7acf-4893-90a9-d0260d2b6041/elements [39m[32m200[39m [90m165 ms - 139[39m
[35m[HTTP][39m [90m[39m
[35m[HTTP][39m [37m-->[39m [37mGET[39m [37m/wd/hub/session/15903707-7acf-4893-90a9-d0260d2b6041/element/00000000-0000-16d3-ffff-ffff0000047a/location[39m
[35m[HTTP][39m [90m{}[39m
[35m[W3C (15903707)][39m Driver proxy active, passing request on via HTTP proxy
[35m[WD Proxy][39m Replacing sessionId 3b61f866-6568-405b-80b2-6fb0a134f051 with 15903707-7acf-4893-90a9-d0260d2b6041
[35m[HTTP][39m [37m<-- GET /wd/hub/session/15903707-7acf-4893-90a9-d0260d2b6041/element/00000000-0000-16d3-ffff-ffff0000047a/location [39m[32m200[39m [90m24 ms - 78[39m
[35m[HTTP][39m [90m[39m
[35m[HTTP][39m [37m-->[39m [37mPOST[39m [37m/wd/hub/session/15903707-7acf-4893-90a9-d0260d2b6041/timeouts[39m
[35m[HTTP][39m [90m{"implicit":20000}[39m
[35m[HTTP][39m [37m<-- POST /wd/hub/session/15903707-7acf-4893-90a9-d0260d2b6041/timeouts [39m[32m200[39m [90m1 ms - 14[39m
[35m[HTTP][39m [90m[39m
[35m[HTTP][39m [37m-->[39m [37mGET[39m [37m/wd/hub/session/15903707-7acf-4893-90a9-d0260d2b6041/element/00000000-0000-16d3-ffff-ffff0000047a/location[39m
[35m[HTTP][39m [90m{}[39m
[35m[W3C (15903707)][39m Driver proxy active, passing request on via HTTP proxy
[35m[WD Proxy][39m Replacing sessionId 3b61f866-6568-405b-80b2-6fb0a134f051 with 15903707-7acf-4893-90a9-d0260d2b6041
[35m[HTTP][39m [37m<-- GET /wd/hub/session/15903707-7acf-4893-90a9-d0260d2b6041/element/00000000-0000-16d3-ffff-ffff0000047a/location [39m[32m200[39m [90m26 ms - 78[39m
[35m[HTTP][39m [90m[39m
[35m[HTTP][39m [37m-->[39m [37mGET[39m [37m/wd/hub/session/15903707-7acf-4893-90a9-d0260d2b6041/element/00000000-0000-16d3-ffff-ffff0000047a/location[39m
[35m[HTTP][39m [90m{}[39m
[35m[W3C (15903707)][39m Driver proxy active, passing request on via HTTP proxy
[35m[WD Proxy][39m Replacing sessionId 3b61f866-6568-405b-80b2-6fb0a134f051 with 15903707-7acf-4893-90a9-d0260d2b6041
[35m[HTTP][39m [37m<-- GET /wd/hub/session/15903707-7acf-4893-90a9-d0260d2b6041/element/00000000-0000-16d3-ffff-ffff0000047a/location [39m[32m200[39m [90m29 ms - 78[39m
[35m[HTTP][39m [90m[39m
[35m[HTTP][39m [37m-->[39m [37mPOST[39m [37m/wd/hub/session/15903707-7acf-4893-90a9-d0260d2b6041/touch/perform[39m
[35m[HTTP][39m [90m{"actions":[{"action":"press","options":{"x":73,"y":1138}},{"action":"release","options":{}}]}[39m
[35m[HTTP][39m [37m<-- POST /wd/hub/session/15903707-7acf-4893-90a9-d0260d2b6041/touch/perform [39m[32m200[39m [90m186 ms - 14[39m
[35m[HTTP][39m [90m[39m
[35m[HTTP][39m [37m-->[39m [37mPOST[39m [37m/wd/hub/session/15903707-7acf-4893-90a9-d0260d2b6041/touch/perform[39m
[35m[HTTP][39m [90m{"actions":[{"action":"press","options":{"x":73,"y":1138}},{"action":"release","options":{}}]}[39m
[35m[HTTP][39m [37m<-- POST /wd/hub/session/15903707-7acf-4893-90a9-d0260d2b6041/touch/perform [39m[32m200[39m [90m1398 ms - 14[39m
[35m[HTTP][39m [90m[39m
[35m[HTTP][39m [37m-->[39m [37mPOST[39m [37m/wd/hub/session/15903707-7acf-4893-90a9-d0260d2b6041/timeouts[39m
[35m[HTTP][39m [90m{"implicit":50}[39m
[35m[HTTP][39m [37m<-- POST /wd/hub/session/15903707-7acf-4893-90a9-d0260d2b6041/timeouts [39m[32m200[39m [90m1 ms - 14[39m
[35m[HTTP][39m [90m[39m
[35m[HTTP][39m [37m-->[39m [37mGET[39m [37m/wd/hub/session/15903707-7acf-4893-90a9-d0260d2b6041/window/rect[39m
[35m[HTTP][39m [90m{}[39m
[35m[HTTP][39m [37m<-- GET /wd/hub/session/15903707-7acf-4893-90a9-d0260d2b6041/window/rect [39m[32m200[39m [90m40 ms - 50[39m
[35m[HTTP][39m [90m[39m
[35m[HTTP][39m [37m-->[39m [37mPOST[39m [37m/wd/hub/session/15903707-7acf-4893-90a9-d0260d2b6041/elements[39m
[35m[HTTP][39m [90m{"using":"xpath","value":"//*[@class = 'android.widget.TextView' and @index = '2']"}[39m
[35m[HTTP][39m [37m<-- POST /wd/hub/session/15903707-7acf-4893-90a9-d0260d2b6041/elements [39m[32m200[39m [90m454 ms - 139[39m
[35m[HTTP][39m [90m[39m
[35m[HTTP][39m [37m-->[39m [37mGET[39m [37m/wd/hub/session/15903707-7acf-4893-90a9-d0260d2b6041/element/00000000-0000-16d3-ffff-ffff000004ff/location[39m
[35m[HTTP][39m [90m{}[39m
[35m[W3C (15903707)][39m Driver proxy active, passing request on via HTTP proxy
[35m[WD Proxy][39m Replacing sessionId 3b61f866-6568-405b-80b2-6fb0a134f051 with 15903707-7acf-4893-90a9-d0260d2b6041
[35m[HTTP][39m [37m<-- GET /wd/hub/session/15903707-7acf-4893-90a9-d0260d2b6041/element/00000000-0000-16d3-ffff-ffff000004ff/location [39m[32m200[39m [90m41 ms - 78[39m
[35m[HTTP][39m [90m[39m
[35m[HTTP][39m [37m-->[39m [37mPOST[39m [37m/wd/hub/session/15903707-7acf-4893-90a9-d0260d2b6041/timeouts[39m
[35m[HTTP][39m [90m{"implicit":20000}[39m
[35m[HTTP][39m [37m<-- POST /wd/hub/session/15903707-7acf-4893-90a9-d0260d2b6041/timeouts [39m[32m200[39m [90m1 ms - 14[39m
[35m[HTTP][39m [90m[39m
[35m[HTTP][39m [37m-->[39m [37mGET[39m [37m/wd/hub/session/15903707-7acf-4893-90a9-d0260d2b6041/element/00000000-0000-16d3-ffff-ffff000004ff/displayed[39m
[35m[HTTP][39m [90m{}[39m
[35m[HTTP][39m [37m<-- GET /wd/hub/session/15903707-7acf-4893-90a9-d0260d2b6041/element/00000000-0000-16d3-ffff-ffff000004ff/displayed [39m[32m200[39m [90m24 ms - 14[39m
[35m[HTTP][39m [90m[39m
[35m[HTTP][39m [37m-->[39m [37mPOST[39m [37m/wd/hub/session/15903707-7acf-4893-90a9-d0260d2b6041/timeouts[39m
[35m[HTTP][39m [90m{"implicit":50}[39m
[35m[HTTP][39m [37m<-- POST /wd/hub/session/15903707-7acf-4893-90a9-d0260d2b6041/timeouts [39m[32m200[39m [90m1 ms - 14[39m
[35m[HTTP][39m [90m[39m
[35m[HTTP][39m [37m-->[39m [37mGET[39m [37m/wd/hub/session/15903707-7acf-4893-90a9-d0260d2b6041/window/rect[39m
[35m[HTTP][39m [90m{}[39m
[35m[HTTP][39m [37m<-- GET /wd/hub/session/15903707-7acf-4893-90a9-d0260d2b6041/window/rect [39m[32m200[39m [90m27 ms - 50[39m
[35m[HTTP][39m [90m[39m
[35m[HTTP][39m [37m-->[39m [37mPOST[39m [37m/wd/hub/session/15903707-7acf-4893-90a9-d0260d2b6041/elements[39m
[35m[HTTP][39m [90m{"using":"xpath","value":"//*[@class = 'android.widget.TextView' and @index = '2']"}[39m
[35m[HTTP][39m [37m<-- POST /wd/hub/session/15903707-7acf-4893-90a9-d0260d2b6041/elements [39m[32m200[39m [90m392 ms - 139[39m
[35m[HTTP][39m [90m[39m
[35m[BaseDriver][39m Shutting down because we waited 1800 seconds for a command
[35m[Appium][39m Closing session, cause was 'New Command Timeout of 1800 seconds expired. Try customizing the timeout using the 'newCommandTimeout' desired capability'
[35m[Appium][39m Removing session '15903707-7acf-4893-90a9-d0260d2b6041' from our master session list
[35m[UiAutomator2][39m Did not get confirmation UiAutomator2 deleteSession worked; Error was: UnknownError: An unknown server-side error occurred while processing the command. Original error: 'DELETE /' cannot be proxied to UiAutomator2 server because the instrumentation process is not running (probably crashed). Check the server log and/or the logcat output for more details
[35m[UiAutomator2][39m Restoring hidden api policy to the device default configuration
[35m[Appium][39m Received SIGTERM - shutting down
