[35m[Appium][39m Welcome to Appium v1.22.3
[35m[Appium][39m Non-default server args:
[35m[Appium][39m   port: 60487
[35m[Appium][39m   loglevel: info
[35m[Appium][39m   tmpDir: /var/folders/9_/hs2sgn6n6_1d1rf2zz5y2fj00000gn/T//Katalon/Appium/Temp1650441096023
[35m[Appium][39m   chromedriverPort: 60488
[35m[Appium][39m Deprecated server args:
[35m[Appium][39m   [31m--chromedriver-port[39m => --default-capabilities
[35m[Appium][39m Default capabilities, which will be added to each request unless overridden by desired capabilities:
[35m[Appium][39m   chromedriverPort: 60488
[35m[Appium][39m Appium REST http interface listener started on 0.0.0.0:60487
[35m[HTTP][39m [37m-->[39m [37mGET[39m [37m/wd/hub/status[39m
[35m[HTTP][39m [90m{}[39m
[35m[HTTP][39m [37m<-- GET /wd/hub/status [39m[32m200[39m [90m5 ms - 68[39m
[35m[HTTP][39m [90m[39m
[35m[HTTP][39m [37m-->[39m [37mPOST[39m [37m/wd/hub/session[39m
[35m[HTTP][39m [90m{"desiredCapabilities":{"app":"/Users/vinayeddla/Desktop/MAE/app-sit-universal-release.apk","noReset":true,"appWaitActivity":"*","deviceId":"225ac1ea21057ece","deviceName":"samsung SM-G960F (Android 10)","fullReset":false,"platform":"ANDROID","newCommandTimeout":1800,"platformVersion":"10","automationName":"uiautomator2","autoGrantPermissions":true,"platformName":"Android","udid":"225ac1ea21057ece","systemPort":60486},"capabilities":{"firstMatch":[{"appium:app":"/Users/vinayeddla/Desktop/MAE/app-sit-universal-release.apk","appium:appWaitActivity":"*","appium:autoGrantPermissions":true,"appium:automationName":"uiautomator2","deviceId":"225ac1ea21057ece","appium:deviceName":"samsung SM-G960F (Android 10)","appium:fullReset":false,"appium:newCommandTimeout":1800,"appium:noReset":true,"platform":"ANDROID","platformName":"android","appium:platformVersion":"10","appium:systemPort":60486,"appium:udid":"225ac1ea21057ece"}]}}[39m
[35m[BaseDriver][39m The following capabilities are not standard capabilities and should have an extension prefix:
[35m[BaseDriver][39m   deviceId
[35m[BaseDriver][39m   platform
[35m[BaseDriver][39m   chromedriverPort
[35m[Appium][39m Appium v1.22.3 creating new AndroidUiautomator2Driver (v1.70.1) session
[35m[BaseDriver][39m The following capabilities were provided, but are not recognized by Appium:
[35m[BaseDriver][39m   deviceId
[35m[BaseDriver][39m   platform
[35m[BaseDriver][39m Session created with session id: 2d332a01-e50e-43fa-91ba-d02507ce99f8
[35m[BaseDriver][39m Using local app '/Users/vinayeddla/Desktop/MAE/app-sit-universal-release.apk'
[35m[ADB][39m Found 1 'build-tools' folders under '/Users/vinayeddla/.katalon/tools/android_sdk' (newest first):
[35m[ADB][39m     /Users/vinayeddla/.katalon/tools/android_sdk/build-tools/29.0.3
[35m[ADB][39m Using 'adb' from '/Users/vinayeddla/.katalon/tools/android_sdk/platform-tools/adb'
[35m[AndroidDriver][39m Retrieving device list
[35m[AndroidDriver][39m Using device: 225ac1ea21057ece
[35m[ADB][39m Using 'adb' from '/Users/vinayeddla/.katalon/tools/android_sdk/platform-tools/adb'
[35m[ADB][39m Getting device platform version
[35m[UiAutomator2][39m Relaxing hidden api policy
[35m[ADB][39m Package name: 'com.maybank2u.life.sit'
[35m[ADB][39m Main activity name: 'com.zoontek.rnbootsplash.RNBootSplashActivity'
[35m[ADB][39m Using 'apksigner.jar' from '/Users/vinayeddla/.katalon/tools/android_sdk/build-tools/29.0.3/lib/apksigner.jar'
[35m[ADB][39m '/usr/local/lib/node_modules/appium/node_modules/appium-uiautomator2-server/apks/appium-uiautomator2-server-v4.27.0.apk' is signed with the default certificate
[35m[ADB][39m '/usr/local/lib/node_modules/appium/node_modules/appium-uiautomator2-server/apks/appium-uiautomator2-server-debug-androidTest.apk' is signed with the default certificate
[35m[UiAutomator2][39m Server packages are not going to be (re)installed
[35m[ADB][39m Adding packages ["io.appium.settings","io.appium.uiautomator2.server","io.appium.uiautomator2.server.test"] to Doze whitelist
[35m[ADB][39m '/Users/vinayeddla/Desktop/MAE/app-sit-universal-release.apk' is signed with a non-default certificate
[35m[UiAutomator2][39m Starting UIAutomator2 server 4.27.0
[35m[UiAutomator2][39m Using UIAutomator2 server from '/usr/local/lib/node_modules/appium/node_modules/appium-uiautomator2-server/apks/appium-uiautomator2-server-v4.27.0.apk' and test from '/usr/local/lib/node_modules/appium/node_modules/appium-uiautomator2-server/apks/appium-uiautomator2-server-debug-androidTest.apk'
[35m[UiAutomator2][39m Waiting up to 30000ms for UiAutomator2 to be online...
[35m[WD Proxy][39m socket hang up
[35m[WD Proxy][39m socket hang up
[35m[WD Proxy][39m socket hang up
[35m[WD Proxy][39m Determined the downstream protocol as 'W3C'
[35m[AndroidDriver][39m Screen already unlocked, doing nothing
[35m[UiAutomator2][39m Starting 'com.maybank2u.life.sit/com.zoontek.rnbootsplash.RNBootSplashActivity and waiting for 'com.maybank2u.life.sit/*'
[35m[Appium][39m New AndroidUiautomator2Driver session created successfully, session 2d332a01-e50e-43fa-91ba-d02507ce99f8 added to master session list
[35m[HTTP][39m [37m<-- POST /wd/hub/session [39m[32m200[39m [90m9837 ms - 1396[39m
[35m[HTTP][39m [90m[39m
[35m[HTTP][39m [37m-->[39m [37mGET[39m [37m/wd/hub/session/2d332a01-e50e-43fa-91ba-d02507ce99f8[39m
[35m[HTTP][39m [90m{}[39m
[35m[HTTP][39m [37m<-- GET /wd/hub/session/2d332a01-e50e-43fa-91ba-d02507ce99f8 [39m[32m200[39m [90m9 ms - 1350[39m
[35m[HTTP][39m [90m[39m
[35m[HTTP][39m [37m-->[39m [37mGET[39m [37m/wd/hub/session/2d332a01-e50e-43fa-91ba-d02507ce99f8[39m
[35m[HTTP][39m [90m{}[39m
[35m[HTTP][39m [37m<-- GET /wd/hub/session/2d332a01-e50e-43fa-91ba-d02507ce99f8 [39m[32m200[39m [90m8 ms - 1350[39m
[35m[HTTP][39m [90m[39m
[35m[HTTP][39m [37m-->[39m [37mGET[39m [37m/wd/hub/status[39m
[35m[HTTP][39m [90m{}[39m
[35m[HTTP][39m [37m<-- GET /wd/hub/status [39m[32m200[39m [90m1 ms - 68[39m
[35m[HTTP][39m [90m[39m
[35m[HTTP][39m [37m-->[39m [37mPOST[39m [37m/wd/hub/session/2d332a01-e50e-43fa-91ba-d02507ce99f8/timeouts[39m
[35m[HTTP][39m [90m{"implicit":20000}[39m
[35m[HTTP][39m [37m<-- POST /wd/hub/session/2d332a01-e50e-43fa-91ba-d02507ce99f8/timeouts [39m[32m200[39m [90m2 ms - 14[39m
[35m[HTTP][39m [90m[39m
[35m[HTTP][39m [37m-->[39m [37mGET[39m [37m/wd/hub/session/2d332a01-e50e-43fa-91ba-d02507ce99f8/screenshot[39m
[35m[HTTP][39m [90m{}[39m
[35m[HTTP][39m [37m<-- GET /wd/hub/session/2d332a01-e50e-43fa-91ba-d02507ce99f8/screenshot [39m[32m200[39m [90m450 ms - 106968[39m
[35m[HTTP][39m [90m[39m
[35m[HTTP][39m [37m-->[39m [37mGET[39m [37m/wd/hub/session/2d332a01-e50e-43fa-91ba-d02507ce99f8/window/rect[39m
[35m[HTTP][39m [90m{}[39m
[35m[HTTP][39m [37m<-- GET /wd/hub/session/2d332a01-e50e-43fa-91ba-d02507ce99f8/window/rect [39m[32m200[39m [90m25 ms - 50[39m
[35m[HTTP][39m [90m[39m
[35m[HTTP][39m [37m-->[39m [37mGET[39m [37m/wd/hub/session/2d332a01-e50e-43fa-91ba-d02507ce99f8/appium/device/system_bars[39m
[35m[HTTP][39m [90m{}[39m
[35m[HTTP][39m [37m<-- GET /wd/hub/session/2d332a01-e50e-43fa-91ba-d02507ce99f8/appium/device/system_bars [39m[32m200[39m [90m54 ms - 148[39m
[35m[HTTP][39m [90m[39m
[35m[HTTP][39m [37m-->[39m [37mPOST[39m [37m/wd/hub/session/2d332a01-e50e-43fa-91ba-d02507ce99f8/timeouts[39m
[35m[HTTP][39m [90m{"implicit":50}[39m
[35m[HTTP][39m [37m<-- POST /wd/hub/session/2d332a01-e50e-43fa-91ba-d02507ce99f8/timeouts [39m[32m200[39m [90m3 ms - 14[39m
[35m[HTTP][39m [90m[39m
[35m[HTTP][39m [37m-->[39m [37mGET[39m [37m/wd/hub/session/2d332a01-e50e-43fa-91ba-d02507ce99f8/window/rect[39m
[35m[HTTP][39m [90m{}[39m
[35m[HTTP][39m [37m<-- GET /wd/hub/session/2d332a01-e50e-43fa-91ba-d02507ce99f8/window/rect [39m[32m200[39m [90m24 ms - 50[39m
[35m[HTTP][39m [90m[39m
[35m[HTTP][39m [37m-->[39m [37mPOST[39m [37m/wd/hub/session/2d332a01-e50e-43fa-91ba-d02507ce99f8/elements[39m
[35m[HTTP][39m [90m{"using":"xpath","value":"//hierarchy/android.widget.FrameLayout[1]/android.widget.LinearLayout[1]/android.widget.FrameLayout[1]/android.widget.LinearLayout[1]/android.widget.FrameLayout[1]/android.widget.FrameLayout[1]/android.view.ViewGroup[1]/android.view.ViewGroup[1]/android.view.ViewGroup[1]/android.view.ViewGroup[1]/android.view.ViewGroup[1]/android.widget.FrameLayout[1]/android.view.ViewGroup[1]/android.view.ViewGroup[1]/android.view.ViewGroup[1]/android.view.ViewGroup[1]/android.view.ViewGroup[1]/android.view.ViewGroup[1]/android.widget.FrameLayout[1]/android.view.ViewGroup[1]/android.view.ViewGroup[1]/android.view.ViewGroup[1]/android.view.ViewGroup[1]/android.view.ViewGroup[1]/android.view.ViewGroup[2]/android.widget.Button[5]"}[39m
[35m[HTTP][39m [37m<-- POST /wd/hub/session/2d332a01-e50e-43fa-91ba-d02507ce99f8/elements [39m[32m200[39m [90m630 ms - 12[39m
[35m[HTTP][39m [90m[39m
[35m[HTTP][39m [37m-->[39m [37mPOST[39m [37m/wd/hub/session/2d332a01-e50e-43fa-91ba-d02507ce99f8/elements[39m
[35m[HTTP][39m [90m{"using":"xpath","value":"//hierarchy/android.widget.FrameLayout[1]/android.widget.LinearLayout[1]/android.widget.FrameLayout[1]/android.widget.LinearLayout[1]/android.widget.FrameLayout[1]/android.widget.FrameLayout[1]/android.view.ViewGroup[1]/android.view.ViewGroup[1]/android.view.ViewGroup[1]/android.view.ViewGroup[1]/android.view.ViewGroup[1]/android.widget.FrameLayout[1]/android.view.ViewGroup[1]/android.view.ViewGroup[1]/android.view.ViewGroup[1]/android.view.ViewGroup[1]/android.view.ViewGroup[1]/android.view.ViewGroup[1]/android.widget.FrameLayout[1]/android.view.ViewGroup[1]/android.view.ViewGroup[1]/android.view.ViewGroup[1]/android.view.ViewGroup[1]/android.view.ViewGroup[1]/android.view.ViewGroup[2]/android.widget.Button[5]"}[39m
[35m[HTTP][39m [37m<-- POST /wd/hub/session/2d332a01-e50e-43fa-91ba-d02507ce99f8/elements [39m[32m200[39m [90m94 ms - 12[39m
[35m[HTTP][39m [90m[39m
[35m[HTTP][39m [37m-->[39m [37mPOST[39m [37m/wd/hub/session/2d332a01-e50e-43fa-91ba-d02507ce99f8/elements[39m
[35m[HTTP][39m [90m{"using":"xpath","value":"//hierarchy/android.widget.FrameLayout[1]/android.widget.LinearLayout[1]/android.widget.FrameLayout[1]/android.widget.LinearLayout[1]/android.widget.FrameLayout[1]/android.widget.FrameLayout[1]/android.view.ViewGroup[1]/android.view.ViewGroup[1]/android.view.ViewGroup[1]/android.view.ViewGroup[1]/android.view.ViewGroup[1]/android.widget.FrameLayout[1]/android.view.ViewGroup[1]/android.view.ViewGroup[1]/android.view.ViewGroup[1]/android.view.ViewGroup[1]/android.view.ViewGroup[1]/android.view.ViewGroup[1]/android.widget.FrameLayout[1]/android.view.ViewGroup[1]/android.view.ViewGroup[1]/android.view.ViewGroup[1]/android.view.ViewGroup[1]/android.view.ViewGroup[1]/android.view.ViewGroup[2]/android.widget.Button[5]"}[39m
[35m[HTTP][39m [37m<-- POST /wd/hub/session/2d332a01-e50e-43fa-91ba-d02507ce99f8/elements [39m[32m200[39m [90m4052 ms - 139[39m
[35m[HTTP][39m [90m[39m
[35m[HTTP][39m [37m-->[39m [37mGET[39m [37m/wd/hub/session/2d332a01-e50e-43fa-91ba-d02507ce99f8/element/00000000-0000-17de-ffff-ffff00000040/location[39m
[35m[HTTP][39m [90m{}[39m
[35m[W3C (2d332a01)][39m Driver proxy active, passing request on via HTTP proxy
[35m[WD Proxy][39m Replacing sessionId b7a97598-88af-41b5-81cf-27f3eae35c1a with 2d332a01-e50e-43fa-91ba-d02507ce99f8
[35m[HTTP][39m [37m<-- GET /wd/hub/session/2d332a01-e50e-43fa-91ba-d02507ce99f8/element/00000000-0000-17de-ffff-ffff00000040/location [39m[32m200[39m [90m510 ms - 79[39m
[35m[HTTP][39m [90m[39m
[35m[HTTP][39m [37m-->[39m [37mPOST[39m [37m/wd/hub/session/2d332a01-e50e-43fa-91ba-d02507ce99f8/timeouts[39m
[35m[HTTP][39m [90m{"implicit":20000}[39m
[35m[HTTP][39m [37m<-- POST /wd/hub/session/2d332a01-e50e-43fa-91ba-d02507ce99f8/timeouts [39m[32m200[39m [90m1 ms - 14[39m
[35m[HTTP][39m [90m[39m
[35m[HTTP][39m [37m-->[39m [37mPOST[39m [37m/wd/hub/session/2d332a01-e50e-43fa-91ba-d02507ce99f8/touch/perform[39m
[35m[HTTP][39m [90m{"actions":[{"action":"tap","options":{"x":1,"y":1,"element":"00000000-0000-17de-ffff-ffff00000040"}},{"action":"release","options":{}}]}[39m
[35m[UiAutomator2][39m calling get location: 00000000-0000-17de-ffff-ffff00000040
[35m[HTTP][39m [37m<-- POST /wd/hub/session/2d332a01-e50e-43fa-91ba-d02507ce99f8/touch/perform [39m[32m200[39m [90m356 ms - 14[39m
[35m[HTTP][39m [90m[39m
[35m[HTTP][39m [37m-->[39m [37mPOST[39m [37m/wd/hub/session/2d332a01-e50e-43fa-91ba-d02507ce99f8/timeouts[39m
[35m[HTTP][39m [90m{"implicit":50}[39m
[35m[HTTP][39m [37m<-- POST /wd/hub/session/2d332a01-e50e-43fa-91ba-d02507ce99f8/timeouts [39m[32m200[39m [90m2 ms - 14[39m
[35m[HTTP][39m [90m[39m
[35m[HTTP][39m [37m-->[39m [37mGET[39m [37m/wd/hub/session/2d332a01-e50e-43fa-91ba-d02507ce99f8/window/rect[39m
[35m[HTTP][39m [90m{}[39m
[35m[HTTP][39m [37m<-- GET /wd/hub/session/2d332a01-e50e-43fa-91ba-d02507ce99f8/window/rect [39m[32m200[39m [90m58 ms - 50[39m
[35m[HTTP][39m [90m[39m
[35m[HTTP][39m [37m-->[39m [37mPOST[39m [37m/wd/hub/session/2d332a01-e50e-43fa-91ba-d02507ce99f8/elements[39m
[35m[HTTP][39m [90m{"using":"xpath","value":"//*[@class = 'android.view.ViewGroup' and @index = '7']"}[39m
[35m[HTTP][39m [37m<-- POST /wd/hub/session/2d332a01-e50e-43fa-91ba-d02507ce99f8/elements [39m[32m200[39m [90m499 ms - 139[39m
[35m[HTTP][39m [90m[39m
[35m[HTTP][39m [37m-->[39m [37mGET[39m [37m/wd/hub/session/2d332a01-e50e-43fa-91ba-d02507ce99f8/element/00000000-0000-17de-ffff-ffff0000024e/location[39m
[35m[HTTP][39m [90m{}[39m
[35m[W3C (2d332a01)][39m Driver proxy active, passing request on via HTTP proxy
[35m[WD Proxy][39m Replacing sessionId b7a97598-88af-41b5-81cf-27f3eae35c1a with 2d332a01-e50e-43fa-91ba-d02507ce99f8
[35m[HTTP][39m [37m<-- GET /wd/hub/session/2d332a01-e50e-43fa-91ba-d02507ce99f8/element/00000000-0000-17de-ffff-ffff0000024e/location [39m[32m200[39m [90m30 ms - 79[39m
[35m[HTTP][39m [90m[39m
[35m[HTTP][39m [37m-->[39m [37mPOST[39m [37m/wd/hub/session/2d332a01-e50e-43fa-91ba-d02507ce99f8/timeouts[39m
[35m[HTTP][39m [90m{"implicit":20000}[39m
[35m[HTTP][39m [37m<-- POST /wd/hub/session/2d332a01-e50e-43fa-91ba-d02507ce99f8/timeouts [39m[32m200[39m [90m1 ms - 14[39m
[35m[HTTP][39m [90m[39m
[35m[HTTP][39m [37m-->[39m [37mPOST[39m [37m/wd/hub/session/2d332a01-e50e-43fa-91ba-d02507ce99f8/touch/perform[39m
[35m[HTTP][39m [90m{"actions":[{"action":"tap","options":{"x":1,"y":1,"element":"00000000-0000-17de-ffff-ffff0000024e"}},{"action":"release","options":{}}]}[39m
[35m[UiAutomator2][39m calling get location: 00000000-0000-17de-ffff-ffff0000024e
[35m[HTTP][39m [37m<-- POST /wd/hub/session/2d332a01-e50e-43fa-91ba-d02507ce99f8/touch/perform [39m[32m200[39m [90m3414 ms - 14[39m
[35m[HTTP][39m [90m[39m
[35m[HTTP][39m [37m-->[39m [37mPOST[39m [37m/wd/hub/session/2d332a01-e50e-43fa-91ba-d02507ce99f8/timeouts[39m
[35m[HTTP][39m [90m{"implicit":50}[39m
[35m[HTTP][39m [37m<-- POST /wd/hub/session/2d332a01-e50e-43fa-91ba-d02507ce99f8/timeouts [39m[32m200[39m [90m1 ms - 14[39m
[35m[HTTP][39m [90m[39m
[35m[HTTP][39m [37m-->[39m [37mGET[39m [37m/wd/hub/session/2d332a01-e50e-43fa-91ba-d02507ce99f8/window/rect[39m
[35m[HTTP][39m [90m{}[39m
[35m[HTTP][39m [37m<-- GET /wd/hub/session/2d332a01-e50e-43fa-91ba-d02507ce99f8/window/rect [39m[32m200[39m [90m18 ms - 50[39m
[35m[HTTP][39m [90m[39m
[35m[HTTP][39m [37m-->[39m [37mPOST[39m [37m/wd/hub/session/2d332a01-e50e-43fa-91ba-d02507ce99f8/elements[39m
[35m[HTTP][39m [90m{"using":"xpath","value":"//*[@class = 'android.widget.TextView' and (@text = 'Skip' or . = 'Skip')]"}[39m
[35m[HTTP][39m [37m<-- POST /wd/hub/session/2d332a01-e50e-43fa-91ba-d02507ce99f8/elements [39m[32m200[39m [90m438 ms - 12[39m
[35m[HTTP][39m [90m[39m
[35m[HTTP][39m [37m-->[39m [37mPOST[39m [37m/wd/hub/session/2d332a01-e50e-43fa-91ba-d02507ce99f8/elements[39m
[35m[HTTP][39m [90m{"using":"xpath","value":"//*[@class = 'android.widget.TextView' and (@text = 'Skip' or . = 'Skip')]"}[39m
[35m[HTTP][39m [37m<-- POST /wd/hub/session/2d332a01-e50e-43fa-91ba-d02507ce99f8/elements [39m[32m200[39m [90m839 ms - 12[39m
[35m[HTTP][39m [90m[39m
[35m[HTTP][39m [37m-->[39m [37mPOST[39m [37m/wd/hub/session/2d332a01-e50e-43fa-91ba-d02507ce99f8/elements[39m
[35m[HTTP][39m [90m{"using":"xpath","value":"//*[@class = 'android.widget.TextView' and (@text = 'Skip' or . = 'Skip')]"}[39m
[35m[HTTP][39m [37m<-- POST /wd/hub/session/2d332a01-e50e-43fa-91ba-d02507ce99f8/elements [39m[32m200[39m [90m372 ms - 12[39m
[35m[HTTP][39m [90m[39m
[35m[HTTP][39m [37m-->[39m [37mPOST[39m [37m/wd/hub/session/2d332a01-e50e-43fa-91ba-d02507ce99f8/elements[39m
[35m[HTTP][39m [90m{"using":"xpath","value":"//*[@class = 'android.widget.TextView' and (@text = 'Skip' or . = 'Skip')]"}[39m
[35m[HTTP][39m [37m<-- POST /wd/hub/session/2d332a01-e50e-43fa-91ba-d02507ce99f8/elements [39m[32m200[39m [90m323 ms - 12[39m
[35m[HTTP][39m [90m[39m
[35m[HTTP][39m [37m-->[39m [37mPOST[39m [37m/wd/hub/session/2d332a01-e50e-43fa-91ba-d02507ce99f8/elements[39m
[35m[HTTP][39m [90m{"using":"xpath","value":"//*[@class = 'android.widget.TextView' and (@text = 'Skip' or . = 'Skip')]"}[39m
[35m[HTTP][39m [37m<-- POST /wd/hub/session/2d332a01-e50e-43fa-91ba-d02507ce99f8/elements [39m[32m200[39m [90m407 ms - 12[39m
[35m[HTTP][39m [90m[39m
[35m[HTTP][39m [37m-->[39m [37mPOST[39m [37m/wd/hub/session/2d332a01-e50e-43fa-91ba-d02507ce99f8/elements[39m
[35m[HTTP][39m [90m{"using":"xpath","value":"//*[@class = 'android.widget.TextView' and (@text = 'Skip' or . = 'Skip')]"}[39m
[35m[HTTP][39m [37m<-- POST /wd/hub/session/2d332a01-e50e-43fa-91ba-d02507ce99f8/elements [39m[32m200[39m [90m347 ms - 12[39m
[35m[HTTP][39m [90m[39m
[35m[HTTP][39m [37m-->[39m [37mPOST[39m [37m/wd/hub/session/2d332a01-e50e-43fa-91ba-d02507ce99f8/elements[39m
[35m[HTTP][39m [90m{"using":"xpath","value":"//*[@class = 'android.widget.TextView' and (@text = 'Skip' or . = 'Skip')]"}[39m
[35m[HTTP][39m [37m<-- POST /wd/hub/session/2d332a01-e50e-43fa-91ba-d02507ce99f8/elements [39m[32m200[39m [90m575 ms - 12[39m
[35m[HTTP][39m [90m[39m
[35m[HTTP][39m [37m-->[39m [37mPOST[39m [37m/wd/hub/session/2d332a01-e50e-43fa-91ba-d02507ce99f8/elements[39m
[35m[HTTP][39m [90m{"using":"xpath","value":"//*[@class = 'android.widget.TextView' and (@text = 'Skip' or . = 'Skip')]"}[39m
[35m[HTTP][39m [37m<-- POST /wd/hub/session/2d332a01-e50e-43fa-91ba-d02507ce99f8/elements [39m[32m200[39m [90m408 ms - 12[39m
[35m[HTTP][39m [90m[39m
[35m[HTTP][39m [37m-->[39m [37mPOST[39m [37m/wd/hub/session/2d332a01-e50e-43fa-91ba-d02507ce99f8/elements[39m
[35m[HTTP][39m [90m{"using":"xpath","value":"//*[@class = 'android.widget.TextView' and (@text = 'Skip' or . = 'Skip')]"}[39m
[35m[HTTP][39m [37m<-- POST /wd/hub/session/2d332a01-e50e-43fa-91ba-d02507ce99f8/elements [39m[32m200[39m [90m342 ms - 12[39m
[35m[HTTP][39m [90m[39m
[35m[HTTP][39m [37m-->[39m [37mPOST[39m [37m/wd/hub/session/2d332a01-e50e-43fa-91ba-d02507ce99f8/elements[39m
[35m[HTTP][39m [90m{"using":"xpath","value":"//*[@class = 'android.widget.TextView' and (@text = 'Skip' or . = 'Skip')]"}[39m
[35m[HTTP][39m [37m<-- POST /wd/hub/session/2d332a01-e50e-43fa-91ba-d02507ce99f8/elements [39m[32m200[39m [90m340 ms - 12[39m
[35m[HTTP][39m [90m[39m
[35m[HTTP][39m [37m-->[39m [37mPOST[39m [37m/wd/hub/session/2d332a01-e50e-43fa-91ba-d02507ce99f8/elements[39m
[35m[HTTP][39m [90m{"using":"xpath","value":"//*[@class = 'android.widget.TextView' and (@text = 'Skip' or . = 'Skip')]"}[39m
[35m[HTTP][39m [37m<-- POST /wd/hub/session/2d332a01-e50e-43fa-91ba-d02507ce99f8/elements [39m[32m200[39m [90m373 ms - 12[39m
[35m[HTTP][39m [90m[39m
[35m[HTTP][39m [37m-->[39m [37mPOST[39m [37m/wd/hub/session/2d332a01-e50e-43fa-91ba-d02507ce99f8/elements[39m
[35m[HTTP][39m [90m{"using":"xpath","value":"//*[@class = 'android.widget.TextView' and (@text = 'Skip' or . = 'Skip')]"}[39m
[35m[HTTP][39m [37m<-- POST /wd/hub/session/2d332a01-e50e-43fa-91ba-d02507ce99f8/elements [39m[32m200[39m [90m366 ms - 12[39m
[35m[HTTP][39m [90m[39m
[35m[HTTP][39m [37m-->[39m [37mPOST[39m [37m/wd/hub/session/2d332a01-e50e-43fa-91ba-d02507ce99f8/elements[39m
[35m[HTTP][39m [90m{"using":"xpath","value":"//*[@class = 'android.widget.TextView' and (@text = 'Skip' or . = 'Skip')]"}[39m
[35m[HTTP][39m [37m<-- POST /wd/hub/session/2d332a01-e50e-43fa-91ba-d02507ce99f8/elements [39m[32m200[39m [90m324 ms - 12[39m
[35m[HTTP][39m [90m[39m
[35m[HTTP][39m [37m-->[39m [37mPOST[39m [37m/wd/hub/session/2d332a01-e50e-43fa-91ba-d02507ce99f8/elements[39m
[35m[HTTP][39m [90m{"using":"xpath","value":"//*[@class = 'android.widget.TextView' and (@text = 'Skip' or . = 'Skip')]"}[39m
[35m[HTTP][39m [37m<-- POST /wd/hub/session/2d332a01-e50e-43fa-91ba-d02507ce99f8/elements [39m[32m200[39m [90m339 ms - 12[39m
[35m[HTTP][39m [90m[39m
[35m[HTTP][39m [37m-->[39m [37mPOST[39m [37m/wd/hub/session/2d332a01-e50e-43fa-91ba-d02507ce99f8/elements[39m
[35m[HTTP][39m [90m{"using":"xpath","value":"//*[@class = 'android.widget.TextView' and (@text = 'Skip' or . = 'Skip')]"}[39m
[35m[HTTP][39m [37m<-- POST /wd/hub/session/2d332a01-e50e-43fa-91ba-d02507ce99f8/elements [39m[32m200[39m [90m209 ms - 12[39m
[35m[HTTP][39m [90m[39m
[35m[HTTP][39m [37m-->[39m [37mPOST[39m [37m/wd/hub/session/2d332a01-e50e-43fa-91ba-d02507ce99f8/elements[39m
[35m[HTTP][39m [90m{"using":"xpath","value":"//*[@class = 'android.widget.TextView' and (@text = 'Skip' or . = 'Skip')]"}[39m
[35m[HTTP][39m [37m<-- POST /wd/hub/session/2d332a01-e50e-43fa-91ba-d02507ce99f8/elements [39m[32m200[39m [90m310 ms - 12[39m
[35m[HTTP][39m [90m[39m
[35m[HTTP][39m [37m-->[39m [37mPOST[39m [37m/wd/hub/session/2d332a01-e50e-43fa-91ba-d02507ce99f8/elements[39m
[35m[HTTP][39m [90m{"using":"xpath","value":"//*[@class = 'android.widget.TextView' and (@text = 'Skip' or . = 'Skip')]"}[39m
[35m[HTTP][39m [37m<-- POST /wd/hub/session/2d332a01-e50e-43fa-91ba-d02507ce99f8/elements [39m[32m200[39m [90m408 ms - 12[39m
[35m[HTTP][39m [90m[39m
[35m[HTTP][39m [37m-->[39m [37mPOST[39m [37m/wd/hub/session/2d332a01-e50e-43fa-91ba-d02507ce99f8/elements[39m
[35m[HTTP][39m [90m{"using":"xpath","value":"//*[@class = 'android.widget.TextView' and (@text = 'Skip' or . = 'Skip')]"}[39m
[35m[HTTP][39m [37m<-- POST /wd/hub/session/2d332a01-e50e-43fa-91ba-d02507ce99f8/elements [39m[32m200[39m [90m687 ms - 12[39m
[35m[HTTP][39m [90m[39m
[35m[HTTP][39m [37m-->[39m [37mPOST[39m [37m/wd/hub/session/2d332a01-e50e-43fa-91ba-d02507ce99f8/elements[39m
[35m[HTTP][39m [90m{"using":"xpath","value":"//*[@class = 'android.widget.TextView' and (@text = 'Skip' or . = 'Skip')]"}[39m
[35m[HTTP][39m [37m<-- POST /wd/hub/session/2d332a01-e50e-43fa-91ba-d02507ce99f8/elements [39m[32m200[39m [90m322 ms - 12[39m
[35m[HTTP][39m [90m[39m
[35m[HTTP][39m [37m-->[39m [37mPOST[39m [37m/wd/hub/session/2d332a01-e50e-43fa-91ba-d02507ce99f8/elements[39m
[35m[HTTP][39m [90m{"using":"xpath","value":"//*[@class = 'android.widget.TextView' and (@text = 'Skip' or . = 'Skip')]"}[39m
[35m[HTTP][39m [37m<-- POST /wd/hub/session/2d332a01-e50e-43fa-91ba-d02507ce99f8/elements [39m[32m200[39m [90m302 ms - 12[39m
[35m[HTTP][39m [90m[39m
[35m[HTTP][39m [37m-->[39m [37mPOST[39m [37m/wd/hub/session/2d332a01-e50e-43fa-91ba-d02507ce99f8/elements[39m
[35m[HTTP][39m [90m{"using":"xpath","value":"//*[@class = 'android.widget.TextView' and (@text = 'Skip' or . = 'Skip')]"}[39m
[35m[HTTP][39m [37m<-- POST /wd/hub/session/2d332a01-e50e-43fa-91ba-d02507ce99f8/elements [39m[32m200[39m [90m249 ms - 12[39m
[35m[HTTP][39m [90m[39m
[35m[HTTP][39m [37m-->[39m [37mPOST[39m [37m/wd/hub/session/2d332a01-e50e-43fa-91ba-d02507ce99f8/elements[39m
[35m[HTTP][39m [90m{"using":"xpath","value":"//*[@class = 'android.widget.TextView' and (@text = 'Skip' or . = 'Skip')]"}[39m
[35m[HTTP][39m [37m<-- POST /wd/hub/session/2d332a01-e50e-43fa-91ba-d02507ce99f8/elements [39m[32m200[39m [90m275 ms - 12[39m
[35m[HTTP][39m [90m[39m
[35m[HTTP][39m [37m-->[39m [37mPOST[39m [37m/wd/hub/session/2d332a01-e50e-43fa-91ba-d02507ce99f8/elements[39m
[35m[HTTP][39m [90m{"using":"xpath","value":"//*[@class = 'android.widget.TextView' and (@text = 'Skip' or . = 'Skip')]"}[39m
[35m[HTTP][39m [37m<-- POST /wd/hub/session/2d332a01-e50e-43fa-91ba-d02507ce99f8/elements [39m[32m200[39m [90m284 ms - 12[39m
[35m[HTTP][39m [90m[39m
[35m[HTTP][39m [37m-->[39m [37mPOST[39m [37m/wd/hub/session/2d332a01-e50e-43fa-91ba-d02507ce99f8/elements[39m
[35m[HTTP][39m [90m{"using":"xpath","value":"//*[@class = 'android.widget.TextView' and (@text = 'Skip' or . = 'Skip')]"}[39m
[35m[HTTP][39m [37m<-- POST /wd/hub/session/2d332a01-e50e-43fa-91ba-d02507ce99f8/elements [39m[32m200[39m [90m288 ms - 12[39m
[35m[HTTP][39m [90m[39m
[35m[HTTP][39m [37m-->[39m [37mPOST[39m [37m/wd/hub/session/2d332a01-e50e-43fa-91ba-d02507ce99f8/elements[39m
[35m[HTTP][39m [90m{"using":"xpath","value":"//*[@class = 'android.widget.TextView' and (@text = 'Skip' or . = 'Skip')]"}[39m
[35m[HTTP][39m [37m<-- POST /wd/hub/session/2d332a01-e50e-43fa-91ba-d02507ce99f8/elements [39m[32m200[39m [90m352 ms - 12[39m
[35m[HTTP][39m [90m[39m
[35m[HTTP][39m [37m-->[39m [37mPOST[39m [37m/wd/hub/session/2d332a01-e50e-43fa-91ba-d02507ce99f8/elements[39m
[35m[HTTP][39m [90m{"using":"xpath","value":"//*[@class = 'android.widget.TextView' and (@text = 'Skip' or . = 'Skip')]"}[39m
[35m[HTTP][39m [37m<-- POST /wd/hub/session/2d332a01-e50e-43fa-91ba-d02507ce99f8/elements [39m[32m200[39m [90m356 ms - 12[39m
[35m[HTTP][39m [90m[39m
[35m[HTTP][39m [37m-->[39m [37mPOST[39m [37m/wd/hub/session/2d332a01-e50e-43fa-91ba-d02507ce99f8/elements[39m
[35m[HTTP][39m [90m{"using":"xpath","value":"//*[@class = 'android.widget.TextView' and (@text = 'Skip' or . = 'Skip')]"}[39m
[35m[HTTP][39m [37m<-- POST /wd/hub/session/2d332a01-e50e-43fa-91ba-d02507ce99f8/elements [39m[32m200[39m [90m773 ms - 12[39m
[35m[HTTP][39m [90m[39m
[35m[HTTP][39m [37m-->[39m [37mPOST[39m [37m/wd/hub/session/2d332a01-e50e-43fa-91ba-d02507ce99f8/elements[39m
[35m[HTTP][39m [90m{"using":"xpath","value":"//*[@class = 'android.widget.TextView' and (@text = 'Skip' or . = 'Skip')]"}[39m
[35m[HTTP][39m [37m<-- POST /wd/hub/session/2d332a01-e50e-43fa-91ba-d02507ce99f8/elements [39m[32m200[39m [90m317 ms - 12[39m
[35m[HTTP][39m [90m[39m
[35m[HTTP][39m [37m-->[39m [37mPOST[39m [37m/wd/hub/session/2d332a01-e50e-43fa-91ba-d02507ce99f8/elements[39m
[35m[HTTP][39m [90m{"using":"xpath","value":"//*[@class = 'android.widget.TextView' and (@text = 'Skip' or . = 'Skip')]"}[39m
[35m[HTTP][39m [37m<-- POST /wd/hub/session/2d332a01-e50e-43fa-91ba-d02507ce99f8/elements [39m[32m200[39m [90m288 ms - 12[39m
[35m[HTTP][39m [90m[39m
[35m[HTTP][39m [37m-->[39m [37mPOST[39m [37m/wd/hub/session/2d332a01-e50e-43fa-91ba-d02507ce99f8/elements[39m
[35m[HTTP][39m [90m{"using":"xpath","value":"//*[@class = 'android.widget.TextView' and (@text = 'Skip' or . = 'Skip')]"}[39m
[35m[HTTP][39m [37m<-- POST /wd/hub/session/2d332a01-e50e-43fa-91ba-d02507ce99f8/elements [39m[32m200[39m [90m300 ms - 12[39m
[35m[HTTP][39m [90m[39m
[35m[HTTP][39m [37m-->[39m [37mPOST[39m [37m/wd/hub/session/2d332a01-e50e-43fa-91ba-d02507ce99f8/elements[39m
[35m[HTTP][39m [90m{"using":"xpath","value":"//*[@class = 'android.widget.TextView' and (@text = 'Skip' or . = 'Skip')]"}[39m
[35m[HTTP][39m [37m<-- POST /wd/hub/session/2d332a01-e50e-43fa-91ba-d02507ce99f8/elements [39m[32m200[39m [90m286 ms - 12[39m
[35m[HTTP][39m [90m[39m
[35m[HTTP][39m [37m-->[39m [37mPOST[39m [37m/wd/hub/session/2d332a01-e50e-43fa-91ba-d02507ce99f8/elements[39m
[35m[HTTP][39m [90m{"using":"xpath","value":"//*[@class = 'android.widget.TextView' and (@text = 'Skip' or . = 'Skip')]"}[39m
[35m[HTTP][39m [37m<-- POST /wd/hub/session/2d332a01-e50e-43fa-91ba-d02507ce99f8/elements [39m[32m200[39m [90m250 ms - 12[39m
[35m[HTTP][39m [90m[39m
[35m[HTTP][39m [37m-->[39m [37mPOST[39m [37m/wd/hub/session/2d332a01-e50e-43fa-91ba-d02507ce99f8/elements[39m
[35m[HTTP][39m [90m{"using":"xpath","value":"//*[@class = 'android.widget.TextView' and (@text = 'Skip' or . = 'Skip')]"}[39m
[35m[HTTP][39m [37m<-- POST /wd/hub/session/2d332a01-e50e-43fa-91ba-d02507ce99f8/elements [39m[32m200[39m [90m286 ms - 12[39m
[35m[HTTP][39m [90m[39m
[35m[HTTP][39m [37m-->[39m [37mPOST[39m [37m/wd/hub/session/2d332a01-e50e-43fa-91ba-d02507ce99f8/elements[39m
[35m[HTTP][39m [90m{"using":"xpath","value":"//*[@class = 'android.widget.TextView' and (@text = 'Skip' or . = 'Skip')]"}[39m
[35m[HTTP][39m [37m<-- POST /wd/hub/session/2d332a01-e50e-43fa-91ba-d02507ce99f8/elements [39m[32m200[39m [90m267 ms - 12[39m
[35m[HTTP][39m [90m[39m
[35m[HTTP][39m [37m-->[39m [37mPOST[39m [37m/wd/hub/session/2d332a01-e50e-43fa-91ba-d02507ce99f8/elements[39m
[35m[HTTP][39m [90m{"using":"xpath","value":"//*[@class = 'android.widget.TextView' and (@text = 'Skip' or . = 'Skip')]"}[39m
[35m[HTTP][39m [37m<-- POST /wd/hub/session/2d332a01-e50e-43fa-91ba-d02507ce99f8/elements [39m[32m200[39m [90m301 ms - 12[39m
[35m[HTTP][39m [90m[39m
[35m[HTTP][39m [37m-->[39m [37mPOST[39m [37m/wd/hub/session/2d332a01-e50e-43fa-91ba-d02507ce99f8/elements[39m
[35m[HTTP][39m [90m{"using":"xpath","value":"//*[@class = 'android.widget.TextView' and (@text = 'Skip' or . = 'Skip')]"}[39m
[35m[HTTP][39m [37m<-- POST /wd/hub/session/2d332a01-e50e-43fa-91ba-d02507ce99f8/elements [39m[32m200[39m [90m256 ms - 12[39m
[35m[HTTP][39m [90m[39m
[35m[HTTP][39m [37m-->[39m [37mPOST[39m [37m/wd/hub/session/2d332a01-e50e-43fa-91ba-d02507ce99f8/elements[39m
[35m[HTTP][39m [90m{"using":"xpath","value":"//*[@class = 'android.widget.TextView' and (@text = 'Skip' or . = 'Skip')]"}[39m
[35m[HTTP][39m [37m<-- POST /wd/hub/session/2d332a01-e50e-43fa-91ba-d02507ce99f8/elements [39m[32m200[39m [90m232 ms - 12[39m
[35m[HTTP][39m [90m[39m
[35m[HTTP][39m [37m-->[39m [37mPOST[39m [37m/wd/hub/session/2d332a01-e50e-43fa-91ba-d02507ce99f8/elements[39m
[35m[HTTP][39m [90m{"using":"xpath","value":"//*[@class = 'android.widget.TextView' and (@text = 'Skip' or . = 'Skip')]"}[39m
[35m[HTTP][39m [37m<-- POST /wd/hub/session/2d332a01-e50e-43fa-91ba-d02507ce99f8/elements [39m[32m200[39m [90m257 ms - 12[39m
[35m[HTTP][39m [90m[39m
[35m[HTTP][39m [37m-->[39m [37mPOST[39m [37m/wd/hub/session/2d332a01-e50e-43fa-91ba-d02507ce99f8/elements[39m
[35m[HTTP][39m [90m{"using":"xpath","value":"//*[@class = 'android.widget.TextView' and (@text = 'Skip' or . = 'Skip')]"}[39m
[35m[HTTP][39m [37m<-- POST /wd/hub/session/2d332a01-e50e-43fa-91ba-d02507ce99f8/elements [39m[32m200[39m [90m329 ms - 12[39m
[35m[HTTP][39m [90m[39m
[35m[HTTP][39m [37m-->[39m [37mPOST[39m [37m/wd/hub/session/2d332a01-e50e-43fa-91ba-d02507ce99f8/elements[39m
[35m[HTTP][39m [90m{"using":"xpath","value":"//*[@class = 'android.widget.TextView' and (@text = 'Skip' or . = 'Skip')]"}[39m
[35m[HTTP][39m [37m<-- POST /wd/hub/session/2d332a01-e50e-43fa-91ba-d02507ce99f8/elements [39m[32m200[39m [90m266 ms - 12[39m
[35m[HTTP][39m [90m[39m
[35m[HTTP][39m [37m-->[39m [37mPOST[39m [37m/wd/hub/session/2d332a01-e50e-43fa-91ba-d02507ce99f8/elements[39m
[35m[HTTP][39m [90m{"using":"xpath","value":"//*[@class = 'android.widget.TextView' and (@text = 'Skip' or . = 'Skip')]"}[39m
[35m[HTTP][39m [37m<-- POST /wd/hub/session/2d332a01-e50e-43fa-91ba-d02507ce99f8/elements [39m[32m200[39m [90m244 ms - 12[39m
[35m[HTTP][39m [90m[39m
[35m[HTTP][39m [37m-->[39m [37mPOST[39m [37m/wd/hub/session/2d332a01-e50e-43fa-91ba-d02507ce99f8/elements[39m
[35m[HTTP][39m [90m{"using":"xpath","value":"//*[@class = 'android.widget.TextView' and (@text = 'Skip' or . = 'Skip')]"}[39m
[35m[HTTP][39m [37m<-- POST /wd/hub/session/2d332a01-e50e-43fa-91ba-d02507ce99f8/elements [39m[32m200[39m [90m260 ms - 12[39m
[35m[HTTP][39m [90m[39m
[35m[HTTP][39m [37m-->[39m [37mPOST[39m [37m/wd/hub/session/2d332a01-e50e-43fa-91ba-d02507ce99f8/elements[39m
[35m[HTTP][39m [90m{"using":"xpath","value":"//*[@class = 'android.widget.TextView' and (@text = 'Skip' or . = 'Skip')]"}[39m
[35m[HTTP][39m [37m<-- POST /wd/hub/session/2d332a01-e50e-43fa-91ba-d02507ce99f8/elements [39m[32m200[39m [90m258 ms - 12[39m
[35m[HTTP][39m [90m[39m
[35m[HTTP][39m [37m-->[39m [37mPOST[39m [37m/wd/hub/session/2d332a01-e50e-43fa-91ba-d02507ce99f8/elements[39m
[35m[HTTP][39m [90m{"using":"xpath","value":"//*[@class = 'android.widget.TextView' and (@text = 'Skip' or . = 'Skip')]"}[39m
[35m[HTTP][39m [37m<-- POST /wd/hub/session/2d332a01-e50e-43fa-91ba-d02507ce99f8/elements [39m[32m200[39m [90m283 ms - 12[39m
[35m[HTTP][39m [90m[39m
[35m[HTTP][39m [37m-->[39m [37mPOST[39m [37m/wd/hub/session/2d332a01-e50e-43fa-91ba-d02507ce99f8/elements[39m
[35m[HTTP][39m [90m{"using":"xpath","value":"//*[@class = 'android.widget.TextView' and (@text = 'Skip' or . = 'Skip')]"}[39m
[35m[HTTP][39m [37m<-- POST /wd/hub/session/2d332a01-e50e-43fa-91ba-d02507ce99f8/elements [39m[32m200[39m [90m279 ms - 12[39m
[35m[HTTP][39m [90m[39m
[35m[HTTP][39m [37m-->[39m [37mPOST[39m [37m/wd/hub/session/2d332a01-e50e-43fa-91ba-d02507ce99f8/elements[39m
[35m[HTTP][39m [90m{"using":"xpath","value":"//*[@class = 'android.widget.TextView' and (@text = 'Skip' or . = 'Skip')]"}[39m
[35m[HTTP][39m [37m<-- POST /wd/hub/session/2d332a01-e50e-43fa-91ba-d02507ce99f8/elements [39m[32m200[39m [90m183 ms - 12[39m
[35m[HTTP][39m [90m[39m
[35m[HTTP][39m [37m-->[39m [37mPOST[39m [37m/wd/hub/session/2d332a01-e50e-43fa-91ba-d02507ce99f8/elements[39m
[35m[HTTP][39m [90m{"using":"xpath","value":"//*[@class = 'android.widget.TextView' and (@text = 'Skip' or . = 'Skip')]"}[39m
[35m[HTTP][39m [37m<-- POST /wd/hub/session/2d332a01-e50e-43fa-91ba-d02507ce99f8/elements [39m[32m200[39m [90m223 ms - 12[39m
[35m[HTTP][39m [90m[39m
[35m[HTTP][39m [37m-->[39m [37mPOST[39m [37m/wd/hub/session/2d332a01-e50e-43fa-91ba-d02507ce99f8/elements[39m
[35m[HTTP][39m [90m{"using":"xpath","value":"//*[@class = 'android.widget.TextView' and (@text = 'Skip' or . = 'Skip')]"}[39m
[35m[HTTP][39m [37m<-- POST /wd/hub/session/2d332a01-e50e-43fa-91ba-d02507ce99f8/elements [39m[32m200[39m [90m803 ms - 12[39m
[35m[HTTP][39m [90m[39m
[35m[HTTP][39m [37m-->[39m [37mPOST[39m [37m/wd/hub/session/2d332a01-e50e-43fa-91ba-d02507ce99f8/elements[39m
[35m[HTTP][39m [90m{"using":"xpath","value":"//*[@class = 'android.widget.TextView' and (@text = 'Skip' or . = 'Skip')]"}[39m
[35m[HTTP][39m [37m<-- POST /wd/hub/session/2d332a01-e50e-43fa-91ba-d02507ce99f8/elements [39m[32m200[39m [90m317 ms - 12[39m
[35m[HTTP][39m [90m[39m
[35m[HTTP][39m [37m-->[39m [37mPOST[39m [37m/wd/hub/session/2d332a01-e50e-43fa-91ba-d02507ce99f8/elements[39m
[35m[HTTP][39m [90m{"using":"xpath","value":"//*[@class = 'android.widget.TextView' and (@text = 'Skip' or . = 'Skip')]"}[39m
[35m[HTTP][39m [37m<-- POST /wd/hub/session/2d332a01-e50e-43fa-91ba-d02507ce99f8/elements [39m[32m200[39m [90m212 ms - 12[39m
[35m[HTTP][39m [90m[39m
[35m[HTTP][39m [37m-->[39m [37mPOST[39m [37m/wd/hub/session/2d332a01-e50e-43fa-91ba-d02507ce99f8/elements[39m
[35m[HTTP][39m [90m{"using":"xpath","value":"//*[@class = 'android.widget.TextView' and (@text = 'Skip' or . = 'Skip')]"}[39m
[35m[HTTP][39m [37m<-- POST /wd/hub/session/2d332a01-e50e-43fa-91ba-d02507ce99f8/elements [39m[32m200[39m [90m675 ms - 12[39m
[35m[HTTP][39m [90m[39m
[35m[HTTP][39m [37m-->[39m [37mPOST[39m [37m/wd/hub/session/2d332a01-e50e-43fa-91ba-d02507ce99f8/elements[39m
[35m[HTTP][39m [90m{"using":"xpath","value":"//*[@class = 'android.widget.TextView' and (@text = 'Skip' or . = 'Skip')]"}[39m
[35m[HTTP][39m [37m<-- POST /wd/hub/session/2d332a01-e50e-43fa-91ba-d02507ce99f8/elements [39m[32m200[39m [90m174 ms - 12[39m
[35m[HTTP][39m [90m[39m
[35m[HTTP][39m [37m-->[39m [37mPOST[39m [37m/wd/hub/session/2d332a01-e50e-43fa-91ba-d02507ce99f8/elements[39m
[35m[HTTP][39m [90m{"using":"xpath","value":"//*[@class = 'android.widget.TextView' and (@text = 'Skip' or . = 'Skip')]"}[39m
[35m[HTTP][39m [37m<-- POST /wd/hub/session/2d332a01-e50e-43fa-91ba-d02507ce99f8/elements [39m[32m200[39m [90m263 ms - 12[39m
[35m[HTTP][39m [90m[39m
[35m[HTTP][39m [37m-->[39m [37mPOST[39m [37m/wd/hub/session/2d332a01-e50e-43fa-91ba-d02507ce99f8/elements[39m
[35m[HTTP][39m [90m{"using":"xpath","value":"//*[@class = 'android.widget.TextView' and (@text = 'Skip' or . = 'Skip')]"}[39m
[35m[HTTP][39m [37m<-- POST /wd/hub/session/2d332a01-e50e-43fa-91ba-d02507ce99f8/elements [39m[32m200[39m [90m709 ms - 12[39m
[35m[HTTP][39m [90m[39m
[35m[HTTP][39m [37m-->[39m [37mPOST[39m [37m/wd/hub/session/2d332a01-e50e-43fa-91ba-d02507ce99f8/elements[39m
[35m[HTTP][39m [90m{"using":"xpath","value":"//*[@class = 'android.widget.TextView' and (@text = 'Skip' or . = 'Skip')]"}[39m
[35m[HTTP][39m [37m<-- POST /wd/hub/session/2d332a01-e50e-43fa-91ba-d02507ce99f8/elements [39m[32m200[39m [90m1089 ms - 12[39m
[35m[HTTP][39m [90m[39m
[35m[HTTP][39m [37m-->[39m [37mPOST[39m [37m/wd/hub/session/2d332a01-e50e-43fa-91ba-d02507ce99f8/timeouts[39m
[35m[HTTP][39m [90m{"implicit":20000}[39m
[35m[HTTP][39m [37m<-- POST /wd/hub/session/2d332a01-e50e-43fa-91ba-d02507ce99f8/timeouts [39m[32m200[39m [90m1 ms - 14[39m
[35m[HTTP][39m [90m[39m
[35m[HTTP][39m [37m-->[39m [37mPOST[39m [37m/wd/hub/session/2d332a01-e50e-43fa-91ba-d02507ce99f8/timeouts[39m
[35m[HTTP][39m [90m{"implicit":50}[39m
[35m[HTTP][39m [37m<-- POST /wd/hub/session/2d332a01-e50e-43fa-91ba-d02507ce99f8/timeouts [39m[32m200[39m [90m1 ms - 14[39m
[35m[HTTP][39m [90m[39m
[35m[HTTP][39m [37m-->[39m [37mGET[39m [37m/wd/hub/session/2d332a01-e50e-43fa-91ba-d02507ce99f8/window/rect[39m
[35m[HTTP][39m [90m{}[39m
[35m[HTTP][39m [37m<-- GET /wd/hub/session/2d332a01-e50e-43fa-91ba-d02507ce99f8/window/rect [39m[32m200[39m [90m13 ms - 50[39m
[35m[HTTP][39m [90m[39m
[35m[HTTP][39m [37m-->[39m [37mPOST[39m [37m/wd/hub/session/2d332a01-e50e-43fa-91ba-d02507ce99f8/elements[39m
[35m[HTTP][39m [90m{"using":"xpath","value":"//*[@class = 'android.widget.TextView' and (@text = 'Property' or . = 'Property')]"}[39m
[35m[HTTP][39m [37m<-- POST /wd/hub/session/2d332a01-e50e-43fa-91ba-d02507ce99f8/elements [39m[32m200[39m [90m251 ms - 139[39m
[35m[HTTP][39m [90m[39m
[35m[HTTP][39m [37m-->[39m [37mGET[39m [37m/wd/hub/session/2d332a01-e50e-43fa-91ba-d02507ce99f8/element/00000000-0000-17de-ffff-ffff00000276/location[39m
[35m[HTTP][39m [90m{}[39m
[35m[W3C (2d332a01)][39m Driver proxy active, passing request on via HTTP proxy
[35m[WD Proxy][39m Replacing sessionId b7a97598-88af-41b5-81cf-27f3eae35c1a with 2d332a01-e50e-43fa-91ba-d02507ce99f8
[35m[HTTP][39m [37m<-- GET /wd/hub/session/2d332a01-e50e-43fa-91ba-d02507ce99f8/element/00000000-0000-17de-ffff-ffff00000276/location [39m[32m200[39m [90m408 ms - 78[39m
[35m[HTTP][39m [90m[39m
[35m[HTTP][39m [37m-->[39m [37mPOST[39m [37m/wd/hub/session/2d332a01-e50e-43fa-91ba-d02507ce99f8/timeouts[39m
[35m[HTTP][39m [90m{"implicit":20000}[39m
[35m[HTTP][39m [37m<-- POST /wd/hub/session/2d332a01-e50e-43fa-91ba-d02507ce99f8/timeouts [39m[32m200[39m [90m1 ms - 14[39m
[35m[HTTP][39m [90m[39m
[35m[HTTP][39m [37m-->[39m [37mGET[39m [37m/wd/hub/session/2d332a01-e50e-43fa-91ba-d02507ce99f8/element/00000000-0000-17de-ffff-ffff00000276/displayed[39m
[35m[HTTP][39m [90m{}[39m
[35m[HTTP][39m [37m<-- GET /wd/hub/session/2d332a01-e50e-43fa-91ba-d02507ce99f8/element/00000000-0000-17de-ffff-ffff00000276/displayed [39m[32m200[39m [90m37 ms - 14[39m
[35m[HTTP][39m [90m[39m
[35m[HTTP][39m [37m-->[39m [37mPOST[39m [37m/wd/hub/session/2d332a01-e50e-43fa-91ba-d02507ce99f8/timeouts[39m
[35m[HTTP][39m [90m{"implicit":50}[39m
[35m[HTTP][39m [37m<-- POST /wd/hub/session/2d332a01-e50e-43fa-91ba-d02507ce99f8/timeouts [39m[32m200[39m [90m1 ms - 14[39m
[35m[HTTP][39m [90m[39m
[35m[HTTP][39m [37m-->[39m [37mGET[39m [37m/wd/hub/session/2d332a01-e50e-43fa-91ba-d02507ce99f8/window/rect[39m
[35m[HTTP][39m [90m{}[39m
[35m[HTTP][39m [37m<-- GET /wd/hub/session/2d332a01-e50e-43fa-91ba-d02507ce99f8/window/rect [39m[32m200[39m [90m39 ms - 50[39m
[35m[HTTP][39m [90m[39m
[35m[HTTP][39m [37m-->[39m [37mPOST[39m [37m/wd/hub/session/2d332a01-e50e-43fa-91ba-d02507ce99f8/elements[39m
[35m[HTTP][39m [90m{"using":"xpath","value":"//*[@class = 'android.widget.TextView' and (@text = 'DISCOVER' or . = 'DISCOVER')]"}[39m
[35m[HTTP][39m [37m<-- POST /wd/hub/session/2d332a01-e50e-43fa-91ba-d02507ce99f8/elements [39m[32m200[39m [90m435 ms - 139[39m
[35m[HTTP][39m [90m[39m
[35m[HTTP][39m [37m-->[39m [37mGET[39m [37m/wd/hub/session/2d332a01-e50e-43fa-91ba-d02507ce99f8/element/00000000-0000-17de-ffff-ffff00000380/location[39m
[35m[HTTP][39m [90m{}[39m
[35m[W3C (2d332a01)][39m Driver proxy active, passing request on via HTTP proxy
[35m[WD Proxy][39m Replacing sessionId b7a97598-88af-41b5-81cf-27f3eae35c1a with 2d332a01-e50e-43fa-91ba-d02507ce99f8
[35m[HTTP][39m [37m<-- GET /wd/hub/session/2d332a01-e50e-43fa-91ba-d02507ce99f8/element/00000000-0000-17de-ffff-ffff00000380/location [39m[32m200[39m [90m16 ms - 77[39m
[35m[HTTP][39m [90m[39m
[35m[HTTP][39m [37m-->[39m [37mPOST[39m [37m/wd/hub/session/2d332a01-e50e-43fa-91ba-d02507ce99f8/timeouts[39m
[35m[HTTP][39m [90m{"implicit":20000}[39m
[35m[HTTP][39m [37m<-- POST /wd/hub/session/2d332a01-e50e-43fa-91ba-d02507ce99f8/timeouts [39m[32m200[39m [90m2 ms - 14[39m
[35m[HTTP][39m [90m[39m
[35m[HTTP][39m [37m-->[39m [37mGET[39m [37m/wd/hub/session/2d332a01-e50e-43fa-91ba-d02507ce99f8/element/00000000-0000-17de-ffff-ffff00000380/displayed[39m
[35m[HTTP][39m [90m{}[39m
[35m[HTTP][39m [37m<-- GET /wd/hub/session/2d332a01-e50e-43fa-91ba-d02507ce99f8/element/00000000-0000-17de-ffff-ffff00000380/displayed [39m[32m200[39m [90m527 ms - 14[39m
[35m[HTTP][39m [90m[39m
[35m[HTTP][39m [37m-->[39m [37mPOST[39m [37m/wd/hub/session/2d332a01-e50e-43fa-91ba-d02507ce99f8/timeouts[39m
[35m[HTTP][39m [90m{"implicit":50}[39m
[35m[HTTP][39m [37m<-- POST /wd/hub/session/2d332a01-e50e-43fa-91ba-d02507ce99f8/timeouts [39m[32m200[39m [90m1 ms - 14[39m
[35m[HTTP][39m [90m[39m
[35m[HTTP][39m [37m-->[39m [37mGET[39m [37m/wd/hub/session/2d332a01-e50e-43fa-91ba-d02507ce99f8/window/rect[39m
[35m[HTTP][39m [90m{}[39m
[35m[HTTP][39m [37m<-- GET /wd/hub/session/2d332a01-e50e-43fa-91ba-d02507ce99f8/window/rect [39m[32m200[39m [90m45 ms - 50[39m
[35m[HTTP][39m [90m[39m
[35m[HTTP][39m [37m-->[39m [37mPOST[39m [37m/wd/hub/session/2d332a01-e50e-43fa-91ba-d02507ce99f8/elements[39m
[35m[HTTP][39m [90m{"using":"xpath","value":"//*[@class = 'android.widget.TextView' and (@text = 'Search properties' or . = 'Search properties')]"}[39m
[35m[HTTP][39m [37m<-- POST /wd/hub/session/2d332a01-e50e-43fa-91ba-d02507ce99f8/elements [39m[32m200[39m [90m363 ms - 139[39m
[35m[HTTP][39m [90m[39m
[35m[HTTP][39m [37m-->[39m [37mGET[39m [37m/wd/hub/session/2d332a01-e50e-43fa-91ba-d02507ce99f8/element/00000000-0000-17de-ffff-ffff00000284/location[39m
[35m[HTTP][39m [90m{}[39m
[35m[W3C (2d332a01)][39m Driver proxy active, passing request on via HTTP proxy
[35m[WD Proxy][39m Replacing sessionId b7a97598-88af-41b5-81cf-27f3eae35c1a with 2d332a01-e50e-43fa-91ba-d02507ce99f8
[35m[HTTP][39m [37m<-- GET /wd/hub/session/2d332a01-e50e-43fa-91ba-d02507ce99f8/element/00000000-0000-17de-ffff-ffff00000284/location [39m[32m200[39m [90m21 ms - 78[39m
[35m[HTTP][39m [90m[39m
[35m[HTTP][39m [37m-->[39m [37mPOST[39m [37m/wd/hub/session/2d332a01-e50e-43fa-91ba-d02507ce99f8/timeouts[39m
[35m[HTTP][39m [90m{"implicit":20000}[39m
[35m[HTTP][39m [37m<-- POST /wd/hub/session/2d332a01-e50e-43fa-91ba-d02507ce99f8/timeouts [39m[32m200[39m [90m1 ms - 14[39m
[35m[HTTP][39m [90m[39m
[35m[HTTP][39m [37m-->[39m [37mPOST[39m [37m/wd/hub/session/2d332a01-e50e-43fa-91ba-d02507ce99f8/touch/perform[39m
[35m[HTTP][39m [90m{"actions":[{"action":"tap","options":{"x":1,"y":1,"element":"00000000-0000-17de-ffff-ffff00000284"}},{"action":"release","options":{}}]}[39m
[35m[UiAutomator2][39m calling get location: 00000000-0000-17de-ffff-ffff00000284
[35m[HTTP][39m [37m<-- POST /wd/hub/session/2d332a01-e50e-43fa-91ba-d02507ce99f8/touch/perform [39m[32m200[39m [90m211 ms - 14[39m
[35m[HTTP][39m [90m[39m
[35m[HTTP][39m [37m-->[39m [37mPOST[39m [37m/wd/hub/session/2d332a01-e50e-43fa-91ba-d02507ce99f8/timeouts[39m
[35m[HTTP][39m [90m{"implicit":50}[39m
[35m[HTTP][39m [37m<-- POST /wd/hub/session/2d332a01-e50e-43fa-91ba-d02507ce99f8/timeouts [39m[32m200[39m [90m1 ms - 14[39m
[35m[HTTP][39m [90m[39m
[35m[HTTP][39m [37m-->[39m [37mGET[39m [37m/wd/hub/session/2d332a01-e50e-43fa-91ba-d02507ce99f8/window/rect[39m
[35m[HTTP][39m [90m{}[39m
[35m[HTTP][39m [37m<-- GET /wd/hub/session/2d332a01-e50e-43fa-91ba-d02507ce99f8/window/rect [39m[32m200[39m [90m18 ms - 50[39m
[35m[HTTP][39m [90m[39m
[35m[HTTP][39m [37m-->[39m [37mPOST[39m [37m/wd/hub/session/2d332a01-e50e-43fa-91ba-d02507ce99f8/elements[39m
[35m[HTTP][39m [90m{"using":"xpath","value":"//*[@class = 'android.widget.EditText' and (@text = '' or . = '')]"}[39m
[35m[HTTP][39m [37m<-- POST /wd/hub/session/2d332a01-e50e-43fa-91ba-d02507ce99f8/elements [39m[32m200[39m [90m950 ms - 139[39m
[35m[HTTP][39m [90m[39m
[35m[HTTP][39m [37m-->[39m [37mGET[39m [37m/wd/hub/session/2d332a01-e50e-43fa-91ba-d02507ce99f8/element/00000000-0000-17de-ffff-ffff000003f8/location[39m
[35m[HTTP][39m [90m{}[39m
[35m[W3C (2d332a01)][39m Driver proxy active, passing request on via HTTP proxy
[35m[WD Proxy][39m Replacing sessionId b7a97598-88af-41b5-81cf-27f3eae35c1a with 2d332a01-e50e-43fa-91ba-d02507ce99f8
[35m[HTTP][39m [37m<-- GET /wd/hub/session/2d332a01-e50e-43fa-91ba-d02507ce99f8/element/00000000-0000-17de-ffff-ffff000003f8/location [39m[32m200[39m [90m21 ms - 78[39m
[35m[HTTP][39m [90m[39m
[35m[HTTP][39m [37m-->[39m [37mPOST[39m [37m/wd/hub/session/2d332a01-e50e-43fa-91ba-d02507ce99f8/timeouts[39m
[35m[HTTP][39m [90m{"implicit":20000}[39m
[35m[HTTP][39m [37m<-- POST /wd/hub/session/2d332a01-e50e-43fa-91ba-d02507ce99f8/timeouts [39m[32m200[39m [90m1 ms - 14[39m
[35m[HTTP][39m [90m[39m
[35m[HTTP][39m [37m-->[39m [37mPOST[39m [37m/wd/hub/session/2d332a01-e50e-43fa-91ba-d02507ce99f8/element/00000000-0000-17de-ffff-ffff000003f8/clear[39m
[35m[HTTP][39m [90m{"id":"00000000-0000-17de-ffff-ffff000003f8"}[39m
[35m[HTTP][39m [37m<-- POST /wd/hub/session/2d332a01-e50e-43fa-91ba-d02507ce99f8/element/00000000-0000-17de-ffff-ffff000003f8/clear [39m[32m200[39m [90m43 ms - 14[39m
[35m[HTTP][39m [90m[39m
[35m[HTTP][39m [37m-->[39m [37mPOST[39m [37m/wd/hub/session/2d332a01-e50e-43fa-91ba-d02507ce99f8/element/00000000-0000-17de-ffff-ffff000003f8/value[39m
[35m[HTTP][39m [90m{"id":"00000000-0000-17de-ffff-ffff000003f8","text":"Kinabalu Residence","value":["K","i","n","a","b","a","l","u"," ","R","e","s","i","d","e","n","c","e"]}[39m
[35m[HTTP][39m [37m<-- POST /wd/hub/session/2d332a01-e50e-43fa-91ba-d02507ce99f8/element/00000000-0000-17de-ffff-ffff000003f8/value [39m[32m200[39m [90m945 ms - 14[39m
[35m[HTTP][39m [90m[39m
[35m[HTTP][39m [37m-->[39m [37mGET[39m [37m/wd/hub/session/2d332a01-e50e-43fa-91ba-d02507ce99f8/context[39m
[35m[HTTP][39m [90m{}[39m
[35m[HTTP][39m [37m<-- GET /wd/hub/session/2d332a01-e50e-43fa-91ba-d02507ce99f8/context [39m[32m200[39m [90m1 ms - 22[39m
[35m[HTTP][39m [90m[39m
[35m[HTTP][39m [37m-->[39m [37mGET[39m [37m/wd/hub/session/2d332a01-e50e-43fa-91ba-d02507ce99f8/contexts[39m
[35m[HTTP][39m [90m{}[39m
[35m[AndroidDriver][39m Skipping the webview 'WEBVIEW_Terrace' at '@Terrace_devtools_remote' since it has reported having zero pages
[35m[HTTP][39m [37m<-- GET /wd/hub/session/2d332a01-e50e-43fa-91ba-d02507ce99f8/contexts [39m[32m200[39m [90m119 ms - 24[39m
[35m[HTTP][39m [90m[39m
[35m[HTTP][39m [37m-->[39m [37mPOST[39m [37m/wd/hub/session/2d332a01-e50e-43fa-91ba-d02507ce99f8/context[39m
[35m[HTTP][39m [90m{"name":"NATIVE_APP"}[39m
[35m[HTTP][39m [37m<-- POST /wd/hub/session/2d332a01-e50e-43fa-91ba-d02507ce99f8/context [39m[32m200[39m [90m1 ms - 14[39m
[35m[HTTP][39m [90m[39m
[35m[HTTP][39m [37m-->[39m [37mPOST[39m [37m/wd/hub/session/2d332a01-e50e-43fa-91ba-d02507ce99f8/appium/device/hide_keyboard[39m
[35m[HTTP][39m [90m{}[39m
[35m[HTTP][39m [37m<-- POST /wd/hub/session/2d332a01-e50e-43fa-91ba-d02507ce99f8/appium/device/hide_keyboard [39m[32m200[39m [90m1198 ms - 14[39m
[35m[HTTP][39m [90m[39m
[35m[HTTP][39m [37m-->[39m [37mPOST[39m [37m/wd/hub/session/2d332a01-e50e-43fa-91ba-d02507ce99f8/context[39m
[35m[HTTP][39m [90m{"name":"NATIVE_APP"}[39m
[35m[HTTP][39m [37m<-- POST /wd/hub/session/2d332a01-e50e-43fa-91ba-d02507ce99f8/context [39m[32m200[39m [90m1 ms - 14[39m
[35m[HTTP][39m [90m[39m
[35m[HTTP][39m [37m-->[39m [37mPOST[39m [37m/wd/hub/session/2d332a01-e50e-43fa-91ba-d02507ce99f8/timeouts[39m
[35m[HTTP][39m [90m{"implicit":50}[39m
[35m[HTTP][39m [37m<-- POST /wd/hub/session/2d332a01-e50e-43fa-91ba-d02507ce99f8/timeouts [39m[32m200[39m [90m1 ms - 14[39m
[35m[HTTP][39m [90m[39m
[35m[HTTP][39m [37m-->[39m [37mGET[39m [37m/wd/hub/session/2d332a01-e50e-43fa-91ba-d02507ce99f8/window/rect[39m
[35m[HTTP][39m [90m{}[39m
[35m[HTTP][39m [37m<-- GET /wd/hub/session/2d332a01-e50e-43fa-91ba-d02507ce99f8/window/rect [39m[32m200[39m [90m16 ms - 50[39m
[35m[HTTP][39m [90m[39m
[35m[HTTP][39m [37m-->[39m [37mPOST[39m [37m/wd/hub/session/2d332a01-e50e-43fa-91ba-d02507ce99f8/elements[39m
[35m[HTTP][39m [90m{"using":"xpath","value":"//hierarchy/android.widget.FrameLayout[1]/android.widget.LinearLayout[1]/android.widget.FrameLayout[1]/android.widget.LinearLayout[1]/android.widget.FrameLayout[1]/android.widget.FrameLayout[1]/android.view.ViewGroup[1]/android.view.ViewGroup[1]/android.view.ViewGroup[1]/android.view.ViewGroup[1]/android.view.ViewGroup[1]/android.widget.FrameLayout[1]/android.view.ViewGroup[1]/android.view.ViewGroup[1]/android.view.ViewGroup[1]/android.view.ViewGroup[1]/android.view.ViewGroup[1]/android.view.ViewGroup[1]/android.widget.FrameLayout[1]/android.view.ViewGroup[1]/android.view.ViewGroup[1]/android.view.ViewGroup[1]/android.view.ViewGroup[1]/android.view.ViewGroup[1]/android.view.ViewGroup[1]/android.view.ViewGroup[1]/android.widget.ScrollView[1]/android.view.ViewGroup[1]/android.view.ViewGroup[1]"}[39m
[35m[HTTP][39m [37m<-- POST /wd/hub/session/2d332a01-e50e-43fa-91ba-d02507ce99f8/elements [39m[32m200[39m [90m820 ms - 139[39m
[35m[HTTP][39m [90m[39m
[35m[HTTP][39m [37m-->[39m [37mGET[39m [37m/wd/hub/session/2d332a01-e50e-43fa-91ba-d02507ce99f8/element/00000000-0000-17de-ffff-ffff00000459/location[39m
[35m[HTTP][39m [90m{}[39m
[35m[W3C (2d332a01)][39m Driver proxy active, passing request on via HTTP proxy
[35m[WD Proxy][39m Replacing sessionId b7a97598-88af-41b5-81cf-27f3eae35c1a with 2d332a01-e50e-43fa-91ba-d02507ce99f8
[35m[HTTP][39m [37m<-- GET /wd/hub/session/2d332a01-e50e-43fa-91ba-d02507ce99f8/element/00000000-0000-17de-ffff-ffff00000459/location [39m[32m200[39m [90m29 ms - 77[39m
[35m[HTTP][39m [90m[39m
[35m[HTTP][39m [37m-->[39m [37mPOST[39m [37m/wd/hub/session/2d332a01-e50e-43fa-91ba-d02507ce99f8/timeouts[39m
[35m[HTTP][39m [90m{"implicit":20000}[39m
[35m[HTTP][39m [37m<-- POST /wd/hub/session/2d332a01-e50e-43fa-91ba-d02507ce99f8/timeouts [39m[32m200[39m [90m1 ms - 14[39m
[35m[HTTP][39m [90m[39m
[35m[HTTP][39m [37m-->[39m [37mPOST[39m [37m/wd/hub/session/2d332a01-e50e-43fa-91ba-d02507ce99f8/timeouts[39m
[35m[HTTP][39m [90m{"implicit":50}[39m
[35m[HTTP][39m [37m<-- POST /wd/hub/session/2d332a01-e50e-43fa-91ba-d02507ce99f8/timeouts [39m[32m200[39m [90m1 ms - 14[39m
[35m[HTTP][39m [90m[39m
[35m[HTTP][39m [37m-->[39m [37mGET[39m [37m/wd/hub/session/2d332a01-e50e-43fa-91ba-d02507ce99f8/window/rect[39m
[35m[HTTP][39m [90m{}[39m
[35m[HTTP][39m [37m<-- GET /wd/hub/session/2d332a01-e50e-43fa-91ba-d02507ce99f8/window/rect [39m[32m200[39m [90m17 ms - 50[39m
[35m[HTTP][39m [90m[39m
[35m[HTTP][39m [37m-->[39m [37mPOST[39m [37m/wd/hub/session/2d332a01-e50e-43fa-91ba-d02507ce99f8/elements[39m
[35m[HTTP][39m [90m{"using":"xpath","value":"//hierarchy/android.widget.FrameLayout[1]/android.widget.LinearLayout[1]/android.widget.FrameLayout[1]/android.widget.LinearLayout[1]/android.widget.FrameLayout[1]/android.widget.FrameLayout[1]/android.view.ViewGroup[1]/android.view.ViewGroup[1]/android.view.ViewGroup[1]/android.view.ViewGroup[1]/android.view.ViewGroup[1]/android.widget.FrameLayout[1]/android.view.ViewGroup[1]/android.view.ViewGroup[1]/android.view.ViewGroup[1]/android.view.ViewGroup[1]/android.view.ViewGroup[1]/android.view.ViewGroup[1]/android.widget.FrameLayout[1]/android.view.ViewGroup[1]/android.view.ViewGroup[1]/android.view.ViewGroup[1]/android.view.ViewGroup[1]/android.view.ViewGroup[1]/android.view.ViewGroup[1]/android.view.ViewGroup[1]/android.widget.ScrollView[1]/android.view.ViewGroup[1]/android.view.ViewGroup[1]"}[39m
[35m[HTTP][39m [37m<-- POST /wd/hub/session/2d332a01-e50e-43fa-91ba-d02507ce99f8/elements [39m[32m200[39m [90m187 ms - 139[39m
[35m[HTTP][39m [90m[39m
[35m[HTTP][39m [37m-->[39m [37mGET[39m [37m/wd/hub/session/2d332a01-e50e-43fa-91ba-d02507ce99f8/element/00000000-0000-17de-ffff-ffff00000459/location[39m
[35m[HTTP][39m [90m{}[39m
[35m[W3C (2d332a01)][39m Driver proxy active, passing request on via HTTP proxy
[35m[WD Proxy][39m Replacing sessionId b7a97598-88af-41b5-81cf-27f3eae35c1a with 2d332a01-e50e-43fa-91ba-d02507ce99f8
[35m[HTTP][39m [37m<-- GET /wd/hub/session/2d332a01-e50e-43fa-91ba-d02507ce99f8/element/00000000-0000-17de-ffff-ffff00000459/location [39m[32m200[39m [90m39 ms - 77[39m
[35m[HTTP][39m [90m[39m
[35m[HTTP][39m [37m-->[39m [37mPOST[39m [37m/wd/hub/session/2d332a01-e50e-43fa-91ba-d02507ce99f8/timeouts[39m
[35m[HTTP][39m [90m{"implicit":20000}[39m
[35m[HTTP][39m [37m<-- POST /wd/hub/session/2d332a01-e50e-43fa-91ba-d02507ce99f8/timeouts [39m[32m200[39m [90m1 ms - 14[39m
[35m[HTTP][39m [90m[39m
[35m[HTTP][39m [37m-->[39m [37mGET[39m [37m/wd/hub/session/2d332a01-e50e-43fa-91ba-d02507ce99f8/element/00000000-0000-17de-ffff-ffff00000459/displayed[39m
[35m[HTTP][39m [90m{}[39m
[35m[HTTP][39m [37m<-- GET /wd/hub/session/2d332a01-e50e-43fa-91ba-d02507ce99f8/element/00000000-0000-17de-ffff-ffff00000459/displayed [39m[32m200[39m [90m27 ms - 14[39m
[35m[HTTP][39m [90m[39m
[35m[HTTP][39m [37m-->[39m [37mPOST[39m [37m/wd/hub/session/2d332a01-e50e-43fa-91ba-d02507ce99f8/timeouts[39m
[35m[HTTP][39m [90m{"implicit":50}[39m
[35m[HTTP][39m [37m<-- POST /wd/hub/session/2d332a01-e50e-43fa-91ba-d02507ce99f8/timeouts [39m[32m200[39m [90m1 ms - 14[39m
[35m[HTTP][39m [90m[39m
[35m[HTTP][39m [37m-->[39m [37mGET[39m [37m/wd/hub/session/2d332a01-e50e-43fa-91ba-d02507ce99f8/window/rect[39m
[35m[HTTP][39m [90m{}[39m
[35m[HTTP][39m [37m<-- GET /wd/hub/session/2d332a01-e50e-43fa-91ba-d02507ce99f8/window/rect [39m[32m200[39m [90m30 ms - 50[39m
[35m[HTTP][39m [90m[39m
[35m[HTTP][39m [37m-->[39m [37mPOST[39m [37m/wd/hub/session/2d332a01-e50e-43fa-91ba-d02507ce99f8/elements[39m
[35m[HTTP][39m [90m{"using":"xpath","value":"//hierarchy/android.widget.FrameLayout[1]/android.widget.LinearLayout[1]/android.widget.FrameLayout[1]/android.widget.LinearLayout[1]/android.widget.FrameLayout[1]/android.widget.FrameLayout[1]/android.view.ViewGroup[1]/android.view.ViewGroup[1]/android.view.ViewGroup[1]/android.view.ViewGroup[1]/android.view.ViewGroup[1]/android.widget.FrameLayout[1]/android.view.ViewGroup[1]/android.view.ViewGroup[1]/android.view.ViewGroup[1]/android.view.ViewGroup[1]/android.view.ViewGroup[1]/android.view.ViewGroup[1]/android.widget.FrameLayout[1]/android.view.ViewGroup[1]/android.view.ViewGroup[1]/android.view.ViewGroup[1]/android.view.ViewGroup[1]/android.view.ViewGroup[1]/android.view.ViewGroup[1]/android.view.ViewGroup[1]/android.widget.ScrollView[1]/android.view.ViewGroup[1]/android.view.ViewGroup[1]"}[39m
[35m[HTTP][39m [37m<-- POST /wd/hub/session/2d332a01-e50e-43fa-91ba-d02507ce99f8/elements [39m[32m200[39m [90m166 ms - 139[39m
[35m[HTTP][39m [90m[39m
[35m[HTTP][39m [37m-->[39m [37mGET[39m [37m/wd/hub/session/2d332a01-e50e-43fa-91ba-d02507ce99f8/element/00000000-0000-17de-ffff-ffff00000459/location[39m
[35m[HTTP][39m [90m{}[39m
[35m[W3C (2d332a01)][39m Driver proxy active, passing request on via HTTP proxy
[35m[WD Proxy][39m Replacing sessionId b7a97598-88af-41b5-81cf-27f3eae35c1a with 2d332a01-e50e-43fa-91ba-d02507ce99f8
[35m[HTTP][39m [37m<-- GET /wd/hub/session/2d332a01-e50e-43fa-91ba-d02507ce99f8/element/00000000-0000-17de-ffff-ffff00000459/location [39m[32m200[39m [90m38 ms - 77[39m
[35m[HTTP][39m [90m[39m
[35m[HTTP][39m [37m-->[39m [37mPOST[39m [37m/wd/hub/session/2d332a01-e50e-43fa-91ba-d02507ce99f8/timeouts[39m
[35m[HTTP][39m [90m{"implicit":20000}[39m
[35m[HTTP][39m [37m<-- POST /wd/hub/session/2d332a01-e50e-43fa-91ba-d02507ce99f8/timeouts [39m[32m200[39m [90m1 ms - 14[39m
[35m[HTTP][39m [90m[39m
[35m[HTTP][39m [37m-->[39m [37mGET[39m [37m/wd/hub/session/2d332a01-e50e-43fa-91ba-d02507ce99f8/element/00000000-0000-17de-ffff-ffff00000459/location[39m
[35m[HTTP][39m [90m{}[39m
[35m[W3C (2d332a01)][39m Driver proxy active, passing request on via HTTP proxy
[35m[WD Proxy][39m Replacing sessionId b7a97598-88af-41b5-81cf-27f3eae35c1a with 2d332a01-e50e-43fa-91ba-d02507ce99f8
[35m[HTTP][39m [37m<-- GET /wd/hub/session/2d332a01-e50e-43fa-91ba-d02507ce99f8/element/00000000-0000-17de-ffff-ffff00000459/location [39m[32m200[39m [90m40 ms - 77[39m
[35m[HTTP][39m [90m[39m
[35m[HTTP][39m [37m-->[39m [37mGET[39m [37m/wd/hub/session/2d332a01-e50e-43fa-91ba-d02507ce99f8/element/00000000-0000-17de-ffff-ffff00000459/location[39m
[35m[HTTP][39m [90m{}[39m
[35m[W3C (2d332a01)][39m Driver proxy active, passing request on via HTTP proxy
[35m[WD Proxy][39m Replacing sessionId b7a97598-88af-41b5-81cf-27f3eae35c1a with 2d332a01-e50e-43fa-91ba-d02507ce99f8
[35m[HTTP][39m [37m<-- GET /wd/hub/session/2d332a01-e50e-43fa-91ba-d02507ce99f8/element/00000000-0000-17de-ffff-ffff00000459/location [39m[32m200[39m [90m24 ms - 77[39m
[35m[HTTP][39m [90m[39m
[35m[HTTP][39m [37m-->[39m [37mPOST[39m [37m/wd/hub/session/2d332a01-e50e-43fa-91ba-d02507ce99f8/touch/perform[39m
[35m[HTTP][39m [90m{"actions":[{"action":"press","options":{"x":73,"y":724}},{"action":"release","options":{}}]}[39m
[35m[HTTP][39m [37m<-- POST /wd/hub/session/2d332a01-e50e-43fa-91ba-d02507ce99f8/touch/perform [39m[32m200[39m [90m210 ms - 14[39m
[35m[HTTP][39m [90m[39m
[35m[HTTP][39m [37m-->[39m [37mPOST[39m [37m/wd/hub/session/2d332a01-e50e-43fa-91ba-d02507ce99f8/touch/perform[39m
[35m[HTTP][39m [90m{"actions":[{"action":"press","options":{"x":73,"y":724}},{"action":"release","options":{}}]}[39m
[35m[HTTP][39m [37m<-- POST /wd/hub/session/2d332a01-e50e-43fa-91ba-d02507ce99f8/touch/perform [39m[32m200[39m [90m1109 ms - 14[39m
[35m[HTTP][39m [90m[39m
[35m[HTTP][39m [37m-->[39m [37mPOST[39m [37m/wd/hub/session/2d332a01-e50e-43fa-91ba-d02507ce99f8/timeouts[39m
[35m[HTTP][39m [90m{"implicit":50}[39m
[35m[HTTP][39m [37m<-- POST /wd/hub/session/2d332a01-e50e-43fa-91ba-d02507ce99f8/timeouts [39m[32m200[39m [90m1 ms - 14[39m
[35m[HTTP][39m [90m[39m
[35m[HTTP][39m [37m-->[39m [37mGET[39m [37m/wd/hub/session/2d332a01-e50e-43fa-91ba-d02507ce99f8/window/rect[39m
[35m[HTTP][39m [90m{}[39m
[35m[HTTP][39m [37m<-- GET /wd/hub/session/2d332a01-e50e-43fa-91ba-d02507ce99f8/window/rect [39m[32m200[39m [90m47 ms - 50[39m
[35m[HTTP][39m [90m[39m
[35m[HTTP][39m [37m-->[39m [37mPOST[39m [37m/wd/hub/session/2d332a01-e50e-43fa-91ba-d02507ce99f8/elements[39m
[35m[HTTP][39m [90m{"using":"xpath","value":"//*[@class = 'android.widget.TextView' and @index = '2']"}[39m
[35m[HTTP][39m [37m<-- POST /wd/hub/session/2d332a01-e50e-43fa-91ba-d02507ce99f8/elements [39m[32m200[39m [90m327 ms - 267[39m
[35m[HTTP][39m [90m[39m
[35m[HTTP][39m [37m-->[39m [37mGET[39m [37m/wd/hub/session/2d332a01-e50e-43fa-91ba-d02507ce99f8/element/00000000-0000-17d5-ffff-ffff00000087/location[39m
[35m[HTTP][39m [90m{}[39m
[35m[W3C (2d332a01)][39m Driver proxy active, passing request on via HTTP proxy
[35m[WD Proxy][39m Replacing sessionId b7a97598-88af-41b5-81cf-27f3eae35c1a with 2d332a01-e50e-43fa-91ba-d02507ce99f8
[35m[HTTP][39m [37m<-- GET /wd/hub/session/2d332a01-e50e-43fa-91ba-d02507ce99f8/element/00000000-0000-17d5-ffff-ffff00000087/location [39m[32m200[39m [90m33 ms - 78[39m
[35m[HTTP][39m [90m[39m
[35m[HTTP][39m [37m-->[39m [37mPOST[39m [37m/wd/hub/session/2d332a01-e50e-43fa-91ba-d02507ce99f8/timeouts[39m
[35m[HTTP][39m [90m{"implicit":20000}[39m
[35m[HTTP][39m [37m<-- POST /wd/hub/session/2d332a01-e50e-43fa-91ba-d02507ce99f8/timeouts [39m[32m200[39m [90m1 ms - 14[39m
[35m[HTTP][39m [90m[39m
[35m[HTTP][39m [37m-->[39m [37mGET[39m [37m/wd/hub/session/2d332a01-e50e-43fa-91ba-d02507ce99f8/element/00000000-0000-17d5-ffff-ffff00000087/displayed[39m
[35m[HTTP][39m [90m{}[39m
[35m[HTTP][39m [37m<-- GET /wd/hub/session/2d332a01-e50e-43fa-91ba-d02507ce99f8/element/00000000-0000-17d5-ffff-ffff00000087/displayed [39m[32m200[39m [90m31 ms - 14[39m
[35m[HTTP][39m [90m[39m
[35m[HTTP][39m [37m-->[39m [37mPOST[39m [37m/wd/hub/session/2d332a01-e50e-43fa-91ba-d02507ce99f8/timeouts[39m
[35m[HTTP][39m [90m{"implicit":50}[39m
[35m[HTTP][39m [37m<-- POST /wd/hub/session/2d332a01-e50e-43fa-91ba-d02507ce99f8/timeouts [39m[32m200[39m [90m1 ms - 14[39m
[35m[HTTP][39m [90m[39m
[35m[HTTP][39m [37m-->[39m [37mGET[39m [37m/wd/hub/session/2d332a01-e50e-43fa-91ba-d02507ce99f8/window/rect[39m
[35m[HTTP][39m [90m{}[39m
[35m[HTTP][39m [37m<-- GET /wd/hub/session/2d332a01-e50e-43fa-91ba-d02507ce99f8/window/rect [39m[32m200[39m [90m27 ms - 50[39m
[35m[HTTP][39m [90m[39m
[35m[HTTP][39m [37m-->[39m [37mPOST[39m [37m/wd/hub/session/2d332a01-e50e-43fa-91ba-d02507ce99f8/elements[39m
[35m[HTTP][39m [90m{"using":"xpath","value":"//*[@class = 'android.widget.TextView' and @index = '2']"}[39m
[35m[HTTP][39m [37m<-- POST /wd/hub/session/2d332a01-e50e-43fa-91ba-d02507ce99f8/elements [39m[32m200[39m [90m203 ms - 267[39m
[35m[HTTP][39m [90m[39m
[35m[HTTP][39m [37m-->[39m [37mGET[39m [37m/wd/hub/session/2d332a01-e50e-43fa-91ba-d02507ce99f8/element/00000000-0000-17d5-ffff-ffff00000087/location[39m
[35m[HTTP][39m [90m{}[39m
[35m[W3C (2d332a01)][39m Driver proxy active, passing request on via HTTP proxy
[35m[WD Proxy][39m Replacing sessionId b7a97598-88af-41b5-81cf-27f3eae35c1a with 2d332a01-e50e-43fa-91ba-d02507ce99f8
[35m[HTTP][39m [37m<-- GET /wd/hub/session/2d332a01-e50e-43fa-91ba-d02507ce99f8/element/00000000-0000-17d5-ffff-ffff00000087/location [39m[32m200[39m [90m35 ms - 78[39m
[35m[HTTP][39m [90m[39m
[35m[HTTP][39m [37m-->[39m [37mPOST[39m [37m/wd/hub/session/2d332a01-e50e-43fa-91ba-d02507ce99f8/timeouts[39m
[35m[HTTP][39m [90m{"implicit":20000}[39m
[35m[HTTP][39m [37m<-- POST /wd/hub/session/2d332a01-e50e-43fa-91ba-d02507ce99f8/timeouts [39m[32m200[39m [90m1 ms - 14[39m
[35m[HTTP][39m [90m[39m
[35m[HTTP][39m [37m-->[39m [37mGET[39m [37m/wd/hub/session/2d332a01-e50e-43fa-91ba-d02507ce99f8/element/00000000-0000-17d5-ffff-ffff00000087/text[39m
[35m[HTTP][39m [90m{}[39m
[35m[W3C (2d332a01)][39m Driver proxy active, passing request on via HTTP proxy
[35m[WD Proxy][39m Replacing sessionId b7a97598-88af-41b5-81cf-27f3eae35c1a with 2d332a01-e50e-43fa-91ba-d02507ce99f8
[35m[HTTP][39m [37m<-- GET /wd/hub/session/2d332a01-e50e-43fa-91ba-d02507ce99f8/element/00000000-0000-17d5-ffff-ffff00000087/text [39m[32m200[39m [90m26 ms - 67[39m
[35m[HTTP][39m [90m[39m
[35m[HTTP][39m [37m-->[39m [37mPOST[39m [37m/wd/hub/session/2d332a01-e50e-43fa-91ba-d02507ce99f8/timeouts[39m
[35m[HTTP][39m [90m{"implicit":50}[39m
[35m[HTTP][39m [37m<-- POST /wd/hub/session/2d332a01-e50e-43fa-91ba-d02507ce99f8/timeouts [39m[32m200[39m [90m1 ms - 14[39m
[35m[HTTP][39m [90m[39m
[35m[HTTP][39m [37m-->[39m [37mGET[39m [37m/wd/hub/session/2d332a01-e50e-43fa-91ba-d02507ce99f8/window/rect[39m
[35m[HTTP][39m [90m{}[39m
[35m[HTTP][39m [37m<-- GET /wd/hub/session/2d332a01-e50e-43fa-91ba-d02507ce99f8/window/rect [39m[32m200[39m [90m16 ms - 50[39m
[35m[HTTP][39m [90m[39m
[35m[HTTP][39m [37m-->[39m [37mPOST[39m [37m/wd/hub/session/2d332a01-e50e-43fa-91ba-d02507ce99f8/elements[39m
[35m[HTTP][39m [90m{"using":"xpath","value":"//*[@class = 'android.widget.TextView' and @index = '5']"}[39m
[35m[HTTP][39m [37m<-- POST /wd/hub/session/2d332a01-e50e-43fa-91ba-d02507ce99f8/elements [39m[32m200[39m [90m201 ms - 12[39m
[35m[HTTP][39m [90m[39m
[35m[HTTP][39m [37m-->[39m [37mPOST[39m [37m/wd/hub/session/2d332a01-e50e-43fa-91ba-d02507ce99f8/elements[39m
[35m[HTTP][39m [90m{"using":"xpath","value":"//*[@class = 'android.widget.TextView' and @index = '5']"}[39m
[35m[HTTP][39m [37m<-- POST /wd/hub/session/2d332a01-e50e-43fa-91ba-d02507ce99f8/elements [39m[32m200[39m [90m173 ms - 12[39m
[35m[HTTP][39m [90m[39m
[35m[HTTP][39m [37m-->[39m [37mPOST[39m [37m/wd/hub/session/2d332a01-e50e-43fa-91ba-d02507ce99f8/elements[39m
[35m[HTTP][39m [90m{"using":"xpath","value":"//*[@class = 'android.widget.TextView' and @index = '5']"}[39m
[35m[HTTP][39m [37m<-- POST /wd/hub/session/2d332a01-e50e-43fa-91ba-d02507ce99f8/elements [39m[32m200[39m [90m144 ms - 12[39m
[35m[HTTP][39m [90m[39m
[35m[HTTP][39m [37m-->[39m [37mPOST[39m [37m/wd/hub/session/2d332a01-e50e-43fa-91ba-d02507ce99f8/elements[39m
[35m[HTTP][39m [90m{"using":"xpath","value":"//*[@class = 'android.widget.TextView' and @index = '5']"}[39m
[35m[HTTP][39m [37m<-- POST /wd/hub/session/2d332a01-e50e-43fa-91ba-d02507ce99f8/elements [39m[32m200[39m [90m166 ms - 12[39m
[35m[HTTP][39m [90m[39m
[35m[HTTP][39m [37m-->[39m [37mPOST[39m [37m/wd/hub/session/2d332a01-e50e-43fa-91ba-d02507ce99f8/elements[39m
[35m[HTTP][39m [90m{"using":"xpath","value":"//*[@class = 'android.widget.TextView' and @index = '5']"}[39m
[35m[HTTP][39m [37m<-- POST /wd/hub/session/2d332a01-e50e-43fa-91ba-d02507ce99f8/elements [39m[32m200[39m [90m159 ms - 12[39m
[35m[HTTP][39m [90m[39m
[35m[HTTP][39m [37m-->[39m [37mPOST[39m [37m/wd/hub/session/2d332a01-e50e-43fa-91ba-d02507ce99f8/elements[39m
[35m[HTTP][39m [90m{"using":"xpath","value":"//*[@class = 'android.widget.TextView' and @index = '5']"}[39m
[35m[HTTP][39m [37m<-- POST /wd/hub/session/2d332a01-e50e-43fa-91ba-d02507ce99f8/elements [39m[32m200[39m [90m161 ms - 12[39m
[35m[HTTP][39m [90m[39m
[35m[HTTP][39m [37m-->[39m [37mPOST[39m [37m/wd/hub/session/2d332a01-e50e-43fa-91ba-d02507ce99f8/elements[39m
[35m[HTTP][39m [90m{"using":"xpath","value":"//*[@class = 'android.widget.TextView' and @index = '5']"}[39m
[35m[HTTP][39m [37m<-- POST /wd/hub/session/2d332a01-e50e-43fa-91ba-d02507ce99f8/elements [39m[32m200[39m [90m191 ms - 12[39m
[35m[HTTP][39m [90m[39m
[35m[HTTP][39m [37m-->[39m [37mPOST[39m [37m/wd/hub/session/2d332a01-e50e-43fa-91ba-d02507ce99f8/elements[39m
[35m[HTTP][39m [90m{"using":"xpath","value":"//*[@class = 'android.widget.TextView' and @index = '5']"}[39m
[35m[HTTP][39m [37m<-- POST /wd/hub/session/2d332a01-e50e-43fa-91ba-d02507ce99f8/elements [39m[32m200[39m [90m160 ms - 12[39m
[35m[HTTP][39m [90m[39m
[35m[HTTP][39m [37m-->[39m [37mPOST[39m [37m/wd/hub/session/2d332a01-e50e-43fa-91ba-d02507ce99f8/elements[39m
[35m[HTTP][39m [90m{"using":"xpath","value":"//*[@class = 'android.widget.TextView' and @index = '5']"}[39m
[35m[HTTP][39m [37m<-- POST /wd/hub/session/2d332a01-e50e-43fa-91ba-d02507ce99f8/elements [39m[32m200[39m [90m173 ms - 12[39m
[35m[HTTP][39m [90m[39m
[35m[HTTP][39m [37m-->[39m [37mPOST[39m [37m/wd/hub/session/2d332a01-e50e-43fa-91ba-d02507ce99f8/elements[39m
[35m[HTTP][39m [90m{"using":"xpath","value":"//*[@class = 'android.widget.TextView' and @index = '5']"}[39m
[35m[HTTP][39m [37m<-- POST /wd/hub/session/2d332a01-e50e-43fa-91ba-d02507ce99f8/elements [39m[32m200[39m [90m167 ms - 12[39m
[35m[HTTP][39m [90m[39m
[35m[HTTP][39m [37m-->[39m [37mPOST[39m [37m/wd/hub/session/2d332a01-e50e-43fa-91ba-d02507ce99f8/elements[39m
[35m[HTTP][39m [90m{"using":"xpath","value":"//*[@class = 'android.widget.TextView' and @index = '5']"}[39m
[35m[HTTP][39m [37m<-- POST /wd/hub/session/2d332a01-e50e-43fa-91ba-d02507ce99f8/elements [39m[32m200[39m [90m168 ms - 12[39m
[35m[HTTP][39m [90m[39m
[35m[HTTP][39m [37m-->[39m [37mPOST[39m [37m/wd/hub/session/2d332a01-e50e-43fa-91ba-d02507ce99f8/elements[39m
[35m[HTTP][39m [90m{"using":"xpath","value":"//*[@class = 'android.widget.TextView' and @index = '5']"}[39m
[35m[HTTP][39m [37m<-- POST /wd/hub/session/2d332a01-e50e-43fa-91ba-d02507ce99f8/elements [39m[32m200[39m [90m198 ms - 12[39m
[35m[HTTP][39m [90m[39m
[35m[HTTP][39m [37m-->[39m [37mPOST[39m [37m/wd/hub/session/2d332a01-e50e-43fa-91ba-d02507ce99f8/elements[39m
[35m[HTTP][39m [90m{"using":"xpath","value":"//*[@class = 'android.widget.TextView' and @index = '5']"}[39m
[35m[HTTP][39m [37m<-- POST /wd/hub/session/2d332a01-e50e-43fa-91ba-d02507ce99f8/elements [39m[32m200[39m [90m167 ms - 12[39m
[35m[HTTP][39m [90m[39m
[35m[HTTP][39m [37m-->[39m [37mPOST[39m [37m/wd/hub/session/2d332a01-e50e-43fa-91ba-d02507ce99f8/elements[39m
[35m[HTTP][39m [90m{"using":"xpath","value":"//*[@class = 'android.widget.TextView' and @index = '5']"}[39m
[35m[HTTP][39m [37m<-- POST /wd/hub/session/2d332a01-e50e-43fa-91ba-d02507ce99f8/elements [39m[32m200[39m [90m172 ms - 12[39m
[35m[HTTP][39m [90m[39m
[35m[HTTP][39m [37m-->[39m [37mPOST[39m [37m/wd/hub/session/2d332a01-e50e-43fa-91ba-d02507ce99f8/elements[39m
[35m[HTTP][39m [90m{"using":"xpath","value":"//*[@class = 'android.widget.TextView' and @index = '5']"}[39m
[35m[HTTP][39m [37m<-- POST /wd/hub/session/2d332a01-e50e-43fa-91ba-d02507ce99f8/elements [39m[32m200[39m [90m171 ms - 12[39m
[35m[HTTP][39m [90m[39m
[35m[HTTP][39m [37m-->[39m [37mPOST[39m [37m/wd/hub/session/2d332a01-e50e-43fa-91ba-d02507ce99f8/elements[39m
[35m[HTTP][39m [90m{"using":"xpath","value":"//*[@class = 'android.widget.TextView' and @index = '5']"}[39m
[35m[HTTP][39m [37m<-- POST /wd/hub/session/2d332a01-e50e-43fa-91ba-d02507ce99f8/elements [39m[32m200[39m [90m182 ms - 12[39m
[35m[HTTP][39m [90m[39m
[35m[HTTP][39m [37m-->[39m [37mPOST[39m [37m/wd/hub/session/2d332a01-e50e-43fa-91ba-d02507ce99f8/elements[39m
[35m[HTTP][39m [90m{"using":"xpath","value":"//*[@class = 'android.widget.TextView' and @index = '5']"}[39m
[35m[HTTP][39m [37m<-- POST /wd/hub/session/2d332a01-e50e-43fa-91ba-d02507ce99f8/elements [39m[32m200[39m [90m138 ms - 12[39m
[35m[HTTP][39m [90m[39m
[35m[HTTP][39m [37m-->[39m [37mPOST[39m [37m/wd/hub/session/2d332a01-e50e-43fa-91ba-d02507ce99f8/elements[39m
[35m[HTTP][39m [90m{"using":"xpath","value":"//*[@class = 'android.widget.TextView' and @index = '5']"}[39m
[35m[HTTP][39m [37m<-- POST /wd/hub/session/2d332a01-e50e-43fa-91ba-d02507ce99f8/elements [39m[32m200[39m [90m161 ms - 12[39m
[35m[HTTP][39m [90m[39m
[35m[HTTP][39m [37m-->[39m [37mPOST[39m [37m/wd/hub/session/2d332a01-e50e-43fa-91ba-d02507ce99f8/elements[39m
[35m[HTTP][39m [90m{"using":"xpath","value":"//*[@class = 'android.widget.TextView' and @index = '5']"}[39m
[35m[HTTP][39m [37m<-- POST /wd/hub/session/2d332a01-e50e-43fa-91ba-d02507ce99f8/elements [39m[32m200[39m [90m152 ms - 12[39m
[35m[HTTP][39m [90m[39m
[35m[HTTP][39m [37m-->[39m [37mPOST[39m [37m/wd/hub/session/2d332a01-e50e-43fa-91ba-d02507ce99f8/elements[39m
[35m[HTTP][39m [90m{"using":"xpath","value":"//*[@class = 'android.widget.TextView' and @index = '5']"}[39m
[35m[HTTP][39m [37m<-- POST /wd/hub/session/2d332a01-e50e-43fa-91ba-d02507ce99f8/elements [39m[32m200[39m [90m171 ms - 12[39m
[35m[HTTP][39m [90m[39m
[35m[HTTP][39m [37m-->[39m [37mPOST[39m [37m/wd/hub/session/2d332a01-e50e-43fa-91ba-d02507ce99f8/elements[39m
[35m[HTTP][39m [90m{"using":"xpath","value":"//*[@class = 'android.widget.TextView' and @index = '5']"}[39m
[35m[HTTP][39m [37m<-- POST /wd/hub/session/2d332a01-e50e-43fa-91ba-d02507ce99f8/elements [39m[32m200[39m [90m172 ms - 12[39m
[35m[HTTP][39m [90m[39m
[35m[HTTP][39m [37m-->[39m [37mPOST[39m [37m/wd/hub/session/2d332a01-e50e-43fa-91ba-d02507ce99f8/elements[39m
[35m[HTTP][39m [90m{"using":"xpath","value":"//*[@class = 'android.widget.TextView' and @index = '5']"}[39m
[35m[HTTP][39m [37m<-- POST /wd/hub/session/2d332a01-e50e-43fa-91ba-d02507ce99f8/elements [39m[32m200[39m [90m147 ms - 12[39m
[35m[HTTP][39m [90m[39m
[35m[HTTP][39m [37m-->[39m [37mPOST[39m [37m/wd/hub/session/2d332a01-e50e-43fa-91ba-d02507ce99f8/elements[39m
[35m[HTTP][39m [90m{"using":"xpath","value":"//*[@class = 'android.widget.TextView' and @index = '5']"}[39m
[35m[HTTP][39m [37m<-- POST /wd/hub/session/2d332a01-e50e-43fa-91ba-d02507ce99f8/elements [39m[32m200[39m [90m179 ms - 12[39m
[35m[HTTP][39m [90m[39m
[35m[HTTP][39m [37m-->[39m [37mPOST[39m [37m/wd/hub/session/2d332a01-e50e-43fa-91ba-d02507ce99f8/elements[39m
[35m[HTTP][39m [90m{"using":"xpath","value":"//*[@class = 'android.widget.TextView' and @index = '5']"}[39m
[35m[HTTP][39m [37m<-- POST /wd/hub/session/2d332a01-e50e-43fa-91ba-d02507ce99f8/elements [39m[32m200[39m [90m185 ms - 12[39m
[35m[HTTP][39m [90m[39m
[35m[HTTP][39m [37m-->[39m [37mPOST[39m [37m/wd/hub/session/2d332a01-e50e-43fa-91ba-d02507ce99f8/elements[39m
[35m[HTTP][39m [90m{"using":"xpath","value":"//*[@class = 'android.widget.TextView' and @index = '5']"}[39m
[35m[HTTP][39m [37m<-- POST /wd/hub/session/2d332a01-e50e-43fa-91ba-d02507ce99f8/elements [39m[32m200[39m [90m170 ms - 12[39m
[35m[HTTP][39m [90m[39m
[35m[HTTP][39m [37m-->[39m [37mPOST[39m [37m/wd/hub/session/2d332a01-e50e-43fa-91ba-d02507ce99f8/elements[39m
[35m[HTTP][39m [90m{"using":"xpath","value":"//*[@class = 'android.widget.TextView' and @index = '5']"}[39m
[35m[HTTP][39m [37m<-- POST /wd/hub/session/2d332a01-e50e-43fa-91ba-d02507ce99f8/elements [39m[32m200[39m [90m163 ms - 12[39m
[35m[HTTP][39m [90m[39m
[35m[HTTP][39m [37m-->[39m [37mPOST[39m [37m/wd/hub/session/2d332a01-e50e-43fa-91ba-d02507ce99f8/elements[39m
[35m[HTTP][39m [90m{"using":"xpath","value":"//*[@class = 'android.widget.TextView' and @index = '5']"}[39m
[35m[HTTP][39m [37m<-- POST /wd/hub/session/2d332a01-e50e-43fa-91ba-d02507ce99f8/elements [39m[32m200[39m [90m164 ms - 12[39m
[35m[HTTP][39m [90m[39m
[35m[HTTP][39m [37m-->[39m [37mPOST[39m [37m/wd/hub/session/2d332a01-e50e-43fa-91ba-d02507ce99f8/elements[39m
[35m[HTTP][39m [90m{"using":"xpath","value":"//*[@class = 'android.widget.TextView' and @index = '5']"}[39m
[35m[HTTP][39m [37m<-- POST /wd/hub/session/2d332a01-e50e-43fa-91ba-d02507ce99f8/elements [39m[32m200[39m [90m173 ms - 12[39m
[35m[HTTP][39m [90m[39m
[35m[HTTP][39m [37m-->[39m [37mPOST[39m [37m/wd/hub/session/2d332a01-e50e-43fa-91ba-d02507ce99f8/elements[39m
[35m[HTTP][39m [90m{"using":"xpath","value":"//*[@class = 'android.widget.TextView' and @index = '5']"}[39m
[35m[HTTP][39m [37m<-- POST /wd/hub/session/2d332a01-e50e-43fa-91ba-d02507ce99f8/elements [39m[32m200[39m [90m168 ms - 12[39m
[35m[HTTP][39m [90m[39m
[35m[HTTP][39m [37m-->[39m [37mPOST[39m [37m/wd/hub/session/2d332a01-e50e-43fa-91ba-d02507ce99f8/elements[39m
[35m[HTTP][39m [90m{"using":"xpath","value":"//*[@class = 'android.widget.TextView' and @index = '5']"}[39m
[35m[HTTP][39m [37m<-- POST /wd/hub/session/2d332a01-e50e-43fa-91ba-d02507ce99f8/elements [39m[32m200[39m [90m185 ms - 12[39m
[35m[HTTP][39m [90m[39m
[35m[HTTP][39m [37m-->[39m [37mPOST[39m [37m/wd/hub/session/2d332a01-e50e-43fa-91ba-d02507ce99f8/elements[39m
[35m[HTTP][39m [90m{"using":"xpath","value":"//*[@class = 'android.widget.TextView' and @index = '5']"}[39m
[35m[HTTP][39m [37m<-- POST /wd/hub/session/2d332a01-e50e-43fa-91ba-d02507ce99f8/elements [39m[32m200[39m [90m139 ms - 12[39m
[35m[HTTP][39m [90m[39m
[35m[HTTP][39m [37m-->[39m [37mPOST[39m [37m/wd/hub/session/2d332a01-e50e-43fa-91ba-d02507ce99f8/elements[39m
[35m[HTTP][39m [90m{"using":"xpath","value":"//*[@class = 'android.widget.TextView' and @index = '5']"}[39m
[35m[HTTP][39m [37m<-- POST /wd/hub/session/2d332a01-e50e-43fa-91ba-d02507ce99f8/elements [39m[32m200[39m [90m168 ms - 12[39m
[35m[HTTP][39m [90m[39m
[35m[HTTP][39m [37m-->[39m [37mPOST[39m [37m/wd/hub/session/2d332a01-e50e-43fa-91ba-d02507ce99f8/elements[39m
[35m[HTTP][39m [90m{"using":"xpath","value":"//*[@class = 'android.widget.TextView' and @index = '5']"}[39m
[35m[HTTP][39m [37m<-- POST /wd/hub/session/2d332a01-e50e-43fa-91ba-d02507ce99f8/elements [39m[32m200[39m [90m150 ms - 12[39m
[35m[HTTP][39m [90m[39m
[35m[HTTP][39m [37m-->[39m [37mPOST[39m [37m/wd/hub/session/2d332a01-e50e-43fa-91ba-d02507ce99f8/elements[39m
[35m[HTTP][39m [90m{"using":"xpath","value":"//*[@class = 'android.widget.TextView' and @index = '5']"}[39m
[35m[HTTP][39m [37m<-- POST /wd/hub/session/2d332a01-e50e-43fa-91ba-d02507ce99f8/elements [39m[32m200[39m [90m186 ms - 12[39m
[35m[HTTP][39m [90m[39m
[35m[HTTP][39m [37m-->[39m [37mPOST[39m [37m/wd/hub/session/2d332a01-e50e-43fa-91ba-d02507ce99f8/elements[39m
[35m[HTTP][39m [90m{"using":"xpath","value":"//*[@class = 'android.widget.TextView' and @index = '5']"}[39m
[35m[HTTP][39m [37m<-- POST /wd/hub/session/2d332a01-e50e-43fa-91ba-d02507ce99f8/elements [39m[32m200[39m [90m152 ms - 12[39m
[35m[HTTP][39m [90m[39m
[35m[HTTP][39m [37m-->[39m [37mPOST[39m [37m/wd/hub/session/2d332a01-e50e-43fa-91ba-d02507ce99f8/elements[39m
[35m[HTTP][39m [90m{"using":"xpath","value":"//*[@class = 'android.widget.TextView' and @index = '5']"}[39m
[35m[HTTP][39m [37m<-- POST /wd/hub/session/2d332a01-e50e-43fa-91ba-d02507ce99f8/elements [39m[32m200[39m [90m157 ms - 12[39m
[35m[HTTP][39m [90m[39m
[35m[HTTP][39m [37m-->[39m [37mPOST[39m [37m/wd/hub/session/2d332a01-e50e-43fa-91ba-d02507ce99f8/elements[39m
[35m[HTTP][39m [90m{"using":"xpath","value":"//*[@class = 'android.widget.TextView' and @index = '5']"}[39m
[35m[HTTP][39m [37m<-- POST /wd/hub/session/2d332a01-e50e-43fa-91ba-d02507ce99f8/elements [39m[32m200[39m [90m155 ms - 12[39m
[35m[HTTP][39m [90m[39m
[35m[HTTP][39m [37m-->[39m [37mPOST[39m [37m/wd/hub/session/2d332a01-e50e-43fa-91ba-d02507ce99f8/elements[39m
[35m[HTTP][39m [90m{"using":"xpath","value":"//*[@class = 'android.widget.TextView' and @index = '5']"}[39m
[35m[HTTP][39m [37m<-- POST /wd/hub/session/2d332a01-e50e-43fa-91ba-d02507ce99f8/elements [39m[32m200[39m [90m172 ms - 12[39m
[35m[HTTP][39m [90m[39m
[35m[HTTP][39m [37m-->[39m [37mPOST[39m [37m/wd/hub/session/2d332a01-e50e-43fa-91ba-d02507ce99f8/elements[39m
[35m[HTTP][39m [90m{"using":"xpath","value":"//*[@class = 'android.widget.TextView' and @index = '5']"}[39m
[35m[HTTP][39m [37m<-- POST /wd/hub/session/2d332a01-e50e-43fa-91ba-d02507ce99f8/elements [39m[32m200[39m [90m172 ms - 12[39m
[35m[HTTP][39m [90m[39m
[35m[HTTP][39m [37m-->[39m [37mPOST[39m [37m/wd/hub/session/2d332a01-e50e-43fa-91ba-d02507ce99f8/elements[39m
[35m[HTTP][39m [90m{"using":"xpath","value":"//*[@class = 'android.widget.TextView' and @index = '5']"}[39m
[35m[HTTP][39m [37m<-- POST /wd/hub/session/2d332a01-e50e-43fa-91ba-d02507ce99f8/elements [39m[32m200[39m [90m153 ms - 12[39m
[35m[HTTP][39m [90m[39m
[35m[HTTP][39m [37m-->[39m [37mPOST[39m [37m/wd/hub/session/2d332a01-e50e-43fa-91ba-d02507ce99f8/elements[39m
[35m[HTTP][39m [90m{"using":"xpath","value":"//*[@class = 'android.widget.TextView' and @index = '5']"}[39m
[35m[HTTP][39m [37m<-- POST /wd/hub/session/2d332a01-e50e-43fa-91ba-d02507ce99f8/elements [39m[32m200[39m [90m167 ms - 12[39m
[35m[HTTP][39m [90m[39m
[35m[HTTP][39m [37m-->[39m [37mPOST[39m [37m/wd/hub/session/2d332a01-e50e-43fa-91ba-d02507ce99f8/elements[39m
[35m[HTTP][39m [90m{"using":"xpath","value":"//*[@class = 'android.widget.TextView' and @index = '5']"}[39m
[35m[HTTP][39m [37m<-- POST /wd/hub/session/2d332a01-e50e-43fa-91ba-d02507ce99f8/elements [39m[32m200[39m [90m176 ms - 12[39m
[35m[HTTP][39m [90m[39m
[35m[HTTP][39m [37m-->[39m [37mPOST[39m [37m/wd/hub/session/2d332a01-e50e-43fa-91ba-d02507ce99f8/elements[39m
[35m[HTTP][39m [90m{"using":"xpath","value":"//*[@class = 'android.widget.TextView' and @index = '5']"}[39m
[35m[HTTP][39m [37m<-- POST /wd/hub/session/2d332a01-e50e-43fa-91ba-d02507ce99f8/elements [39m[32m200[39m [90m198 ms - 12[39m
[35m[HTTP][39m [90m[39m
[35m[HTTP][39m [37m-->[39m [37mPOST[39m [37m/wd/hub/session/2d332a01-e50e-43fa-91ba-d02507ce99f8/elements[39m
[35m[HTTP][39m [90m{"using":"xpath","value":"//*[@class = 'android.widget.TextView' and @index = '5']"}[39m
[35m[HTTP][39m [37m<-- POST /wd/hub/session/2d332a01-e50e-43fa-91ba-d02507ce99f8/elements [39m[32m200[39m [90m6176 ms - 12[39m
[35m[HTTP][39m [90m[39m
[35m[HTTP][39m [37m-->[39m [37mPOST[39m [37m/wd/hub/session/2d332a01-e50e-43fa-91ba-d02507ce99f8/elements[39m
[35m[HTTP][39m [90m{"using":"xpath","value":"//*[@class = 'android.widget.TextView' and @index = '5']"}[39m
[35m[HTTP][39m [37m<-- POST /wd/hub/session/2d332a01-e50e-43fa-91ba-d02507ce99f8/elements [39m[32m200[39m [90m604 ms - 12[39m
[35m[HTTP][39m [90m[39m
[35m[HTTP][39m [37m-->[39m [37mPOST[39m [37m/wd/hub/session/2d332a01-e50e-43fa-91ba-d02507ce99f8/elements[39m
[35m[HTTP][39m [90m{"using":"xpath","value":"//*[@class = 'android.widget.TextView' and @index = '5']"}[39m
[35m[HTTP][39m [37m<-- POST /wd/hub/session/2d332a01-e50e-43fa-91ba-d02507ce99f8/elements [39m[32m200[39m [90m734 ms - 12[39m
[35m[HTTP][39m [90m[39m
[35m[HTTP][39m [37m-->[39m [37mPOST[39m [37m/wd/hub/session/2d332a01-e50e-43fa-91ba-d02507ce99f8/elements[39m
[35m[HTTP][39m [90m{"using":"xpath","value":"//*[@class = 'android.widget.TextView' and @index = '5']"}[39m
[35m[HTTP][39m [37m<-- POST /wd/hub/session/2d332a01-e50e-43fa-91ba-d02507ce99f8/elements [39m[32m200[39m [90m242 ms - 12[39m
[35m[HTTP][39m [90m[39m
[35m[HTTP][39m [37m-->[39m [37mPOST[39m [37m/wd/hub/session/2d332a01-e50e-43fa-91ba-d02507ce99f8/elements[39m
[35m[HTTP][39m [90m{"using":"xpath","value":"//*[@class = 'android.widget.TextView' and @index = '5']"}[39m
[35m[HTTP][39m [37m<-- POST /wd/hub/session/2d332a01-e50e-43fa-91ba-d02507ce99f8/elements [39m[32m200[39m [90m235 ms - 12[39m
[35m[HTTP][39m [90m[39m
[35m[HTTP][39m [37m-->[39m [37mPOST[39m [37m/wd/hub/session/2d332a01-e50e-43fa-91ba-d02507ce99f8/elements[39m
[35m[HTTP][39m [90m{"using":"xpath","value":"//*[@class = 'android.widget.TextView' and @index = '5']"}[39m
[35m[HTTP][39m [37m<-- POST /wd/hub/session/2d332a01-e50e-43fa-91ba-d02507ce99f8/elements [39m[32m200[39m [90m242 ms - 12[39m
[35m[HTTP][39m [90m[39m
[35m[BaseDriver][39m Shutting down because we waited 1800 seconds for a command
[35m[Appium][39m Closing session, cause was 'New Command Timeout of 1800 seconds expired. Try customizing the timeout using the 'newCommandTimeout' desired capability'
[35m[Appium][39m Removing session '2d332a01-e50e-43fa-91ba-d02507ce99f8' from our master session list
[35m[UiAutomator2][39m Did not get confirmation UiAutomator2 deleteSession worked; Error was: UnknownError: An unknown server-side error occurred while processing the command. Original error: 'DELETE /' cannot be proxied to UiAutomator2 server because the instrumentation process is not running (probably crashed). Check the server log and/or the logcat output for more details
[35m[UiAutomator2][39m Restoring hidden api policy to the device default configuration
[35m[Appium][39m Received SIGTERM - shutting down
