[35m[Appium][39m Welcome to Appium v1.20.2
[35m[Appium][39m Non-default server args:
[35m[Appium][39m   port: 53888
[35m[Appium][39m   loglevel: info
[35m[Appium][39m   tmpDir: /var/folders/9_/hs2sgn6n6_1d1rf2zz5y2fj00000gn/T//Katalon/Appium/Temp1647830530664
[35m[Appium][39m   chromedriverPort: 53889
[35m[Appium][39m Deprecated server args:
[35m[Appium][39m   [31m--chromedriver-port[39m => --default-capabilities
[35m[Appium][39m Default capabilities, which will be added to each request unless overridden by desired capabilities:
[35m[Appium][39m   chromedriverPort: 53889
[35m[Appium][39m Appium REST http interface listener started on 0.0.0.0:53888
[35m[HTTP][39m [37m-->[39m [37mGET[39m [37m/wd/hub/status[39m
[35m[HTTP][39m [90m{}[39m
[35m[HTTP][39m [37m<-- GET /wd/hub/status [39m[32m200[39m [90m5 ms - 68[39m
[35m[HTTP][39m [90m[39m
[35m[HTTP][39m [37m-->[39m [37mPOST[39m [37m/wd/hub/session[39m
[35m[HTTP][39m [90m{"desiredCapabilities":{"app":"/Users/vinayeddla/Desktop/MAE/app-uat-universal-release.apk","noReset":true,"appWaitActivity":"*","deviceId":"225ac1ea21057ece","deviceName":"samsung SM-G960F (Android 10)","fullReset":false,"platform":"ANDROID","newCommandTimeout":1800,"platformVersion":"10","automationName":"uiautomator2","autoGrantPermissions":true,"platformName":"Android","udid":"225ac1ea21057ece","systemPort":53887},"capabilities":{"firstMatch":[{"appium:app":"/Users/vinayeddla/Desktop/MAE/app-uat-universal-release.apk","appium:appWaitActivity":"*","appium:autoGrantPermissions":true,"appium:automationName":"uiautomator2","deviceId":"225ac1ea21057ece","appium:deviceName":"samsung SM-G960F (Android 10)","appium:fullReset":false,"appium:newCommandTimeout":1800,"appium:noReset":true,"platform":"ANDROID","platformName":"android","appium:platformVersion":"10","appium:systemPort":53887,"appium:udid":"225ac1ea21057ece"}]}}[39m
[35m[BaseDriver][39m The following capabilities are not standard capabilities and should have an extension prefix:
[35m[BaseDriver][39m   deviceId
[35m[BaseDriver][39m   platform
[35m[BaseDriver][39m   chromedriverPort
[35m[Appium][39m Appium v1.20.2 creating new AndroidUiautomator2Driver (v1.61.2) session
[35m[BaseDriver][39m The following capabilities were provided, but are not recognized by Appium:
[35m[BaseDriver][39m   deviceId
[35m[BaseDriver][39m   platform
[35m[BaseDriver][39m Session created with session id: 200aa1ed-cea7-4279-8ed0-f6256be7b4c4
[35m[BaseDriver][39m Using local app '/Users/vinayeddla/Desktop/MAE/app-uat-universal-release.apk'
[35m[ADB][39m Found 1 'build-tools' folders under '/Users/vinayeddla/.katalon/tools/android_sdk' (newest first):
[35m[ADB][39m     /Users/vinayeddla/.katalon/tools/android_sdk/build-tools/29.0.3
[35m[ADB][39m Using 'adb' from '/Users/vinayeddla/.katalon/tools/android_sdk/platform-tools/adb'
[35m[AndroidDriver][39m Retrieving device list
[35m[AndroidDriver][39m Using device: 225ac1ea21057ece
[35m[ADB][39m Using 'adb' from '/Users/vinayeddla/.katalon/tools/android_sdk/platform-tools/adb'
[35m[ADB][39m Getting device platform version
[35m[UiAutomator2][39m Relaxing hidden api policy
[35m[ADB][39m Package name: 'com.maybank2u.life.uat'
[35m[ADB][39m Main activity name: 'com.zoontek.rnbootsplash.RNBootSplashActivity'
[35m[ADB][39m Using 'apksigner.jar' from '/Users/vinayeddla/.katalon/tools/android_sdk/build-tools/29.0.3/lib/apksigner.jar'
[35m[ADB][39m '/usr/local/lib/node_modules/appium/node_modules/appium-uiautomator2-server/apks/appium-uiautomator2-server-v4.17.4.apk' is signed with the default certificate
[35m[ADB][39m '/usr/local/lib/node_modules/appium/node_modules/appium-uiautomator2-server/apks/appium-uiautomator2-server-debug-androidTest.apk' is signed with the default certificate
[35m[UiAutomator2][39m Server packages are not going to be (re)installed
[35m[ADB][39m Adding packages ["io.appium.settings","io.appium.uiautomator2.server","io.appium.uiautomator2.server.test"] to Doze whitelist
[35m[ADB][39m '/Users/vinayeddla/Desktop/MAE/app-uat-universal-release.apk' is signed with a non-default certificate
[35m[UiAutomator2][39m Starting UIAutomator2 server 4.17.4
[35m[UiAutomator2][39m Using UIAutomator2 server from '/usr/local/lib/node_modules/appium/node_modules/appium-uiautomator2-server/apks/appium-uiautomator2-server-v4.17.4.apk' and test from '/usr/local/lib/node_modules/appium/node_modules/appium-uiautomator2-server/apks/appium-uiautomator2-server-debug-androidTest.apk'
[35m[UiAutomator2][39m Waiting up to 30000ms for UiAutomator2 to be online...
[35m[WD Proxy][39m socket hang up
[35m[WD Proxy][39m socket hang up
[35m[WD Proxy][39m socket hang up
[35m[WD Proxy][39m Determined the downstream protocol as 'W3C'
[35m[AndroidDriver][39m Screen already unlocked, doing nothing
[35m[UiAutomator2][39m Starting 'com.maybank2u.life.uat/com.zoontek.rnbootsplash.RNBootSplashActivity and waiting for 'com.maybank2u.life.uat/*'
[35m[Appium][39m New AndroidUiautomator2Driver session created successfully, session 200aa1ed-cea7-4279-8ed0-f6256be7b4c4 added to master session list
[35m[HTTP][39m [37m<-- POST /wd/hub/session [39m[32m200[39m [90m8352 ms - 1396[39m
[35m[HTTP][39m [90m[39m
[35m[HTTP][39m [37m-->[39m [37mGET[39m [37m/wd/hub/session/200aa1ed-cea7-4279-8ed0-f6256be7b4c4[39m
[35m[HTTP][39m [90m{}[39m
[35m[HTTP][39m [37m<-- GET /wd/hub/session/200aa1ed-cea7-4279-8ed0-f6256be7b4c4 [39m[32m200[39m [90m10 ms - 1350[39m
[35m[HTTP][39m [90m[39m
[35m[HTTP][39m [37m-->[39m [37mGET[39m [37m/wd/hub/session/200aa1ed-cea7-4279-8ed0-f6256be7b4c4[39m
[35m[HTTP][39m [90m{}[39m
[35m[HTTP][39m [37m<-- GET /wd/hub/session/200aa1ed-cea7-4279-8ed0-f6256be7b4c4 [39m[32m200[39m [90m8 ms - 1350[39m
[35m[HTTP][39m [90m[39m
[35m[HTTP][39m [37m-->[39m [37mGET[39m [37m/wd/hub/status[39m
[35m[HTTP][39m [90m{}[39m
[35m[HTTP][39m [37m<-- GET /wd/hub/status [39m[32m200[39m [90m1 ms - 68[39m
[35m[HTTP][39m [90m[39m
[35m[HTTP][39m [37m-->[39m [37mPOST[39m [37m/wd/hub/session/200aa1ed-cea7-4279-8ed0-f6256be7b4c4/timeouts[39m
[35m[HTTP][39m [90m{"implicit":20000}[39m
[35m[HTTP][39m [37m<-- POST /wd/hub/session/200aa1ed-cea7-4279-8ed0-f6256be7b4c4/timeouts [39m[32m200[39m [90m2 ms - 14[39m
[35m[HTTP][39m [90m[39m
[35m[HTTP][39m [37m-->[39m [37mGET[39m [37m/wd/hub/session/200aa1ed-cea7-4279-8ed0-f6256be7b4c4/screenshot[39m
[35m[HTTP][39m [90m{}[39m
[35m[HTTP][39m [37m<-- GET /wd/hub/session/200aa1ed-cea7-4279-8ed0-f6256be7b4c4/screenshot [39m[32m200[39m [90m463 ms - 112000[39m
[35m[HTTP][39m [90m[39m
[35m[HTTP][39m [37m-->[39m [37mGET[39m [37m/wd/hub/session/200aa1ed-cea7-4279-8ed0-f6256be7b4c4/window/rect[39m
[35m[HTTP][39m [90m{}[39m
[35m[HTTP][39m [37m<-- GET /wd/hub/session/200aa1ed-cea7-4279-8ed0-f6256be7b4c4/window/rect [39m[32m200[39m [90m28 ms - 50[39m
[35m[HTTP][39m [90m[39m
[35m[HTTP][39m [37m-->[39m [37mGET[39m [37m/wd/hub/session/200aa1ed-cea7-4279-8ed0-f6256be7b4c4/appium/device/system_bars[39m
[35m[HTTP][39m [90m{}[39m
[35m[HTTP][39m [37m<-- GET /wd/hub/session/200aa1ed-cea7-4279-8ed0-f6256be7b4c4/appium/device/system_bars [39m[32m200[39m [90m56 ms - 148[39m
[35m[HTTP][39m [90m[39m
[35m[HTTP][39m [37m-->[39m [37mPOST[39m [37m/wd/hub/session/200aa1ed-cea7-4279-8ed0-f6256be7b4c4/timeouts[39m
[35m[HTTP][39m [90m{"implicit":50}[39m
[35m[HTTP][39m [37m<-- POST /wd/hub/session/200aa1ed-cea7-4279-8ed0-f6256be7b4c4/timeouts [39m[32m200[39m [90m2 ms - 14[39m
[35m[HTTP][39m [90m[39m
[35m[HTTP][39m [37m-->[39m [37mGET[39m [37m/wd/hub/session/200aa1ed-cea7-4279-8ed0-f6256be7b4c4/window/rect[39m
[35m[HTTP][39m [90m{}[39m
[35m[HTTP][39m [37m<-- GET /wd/hub/session/200aa1ed-cea7-4279-8ed0-f6256be7b4c4/window/rect [39m[32m200[39m [90m26 ms - 50[39m
[35m[HTTP][39m [90m[39m
[35m[HTTP][39m [37m-->[39m [37mPOST[39m [37m/wd/hub/session/200aa1ed-cea7-4279-8ed0-f6256be7b4c4/elements[39m
[35m[HTTP][39m [90m{"using":"xpath","value":"//hierarchy/android.widget.FrameLayout[1]/android.widget.LinearLayout[1]/android.widget.FrameLayout[1]/android.widget.LinearLayout[1]/android.widget.FrameLayout[1]/android.widget.FrameLayout[1]/android.view.ViewGroup[1]/android.view.ViewGroup[1]/android.view.ViewGroup[1]/android.view.ViewGroup[1]/android.view.ViewGroup[1]/android.widget.FrameLayout[1]/android.view.ViewGroup[1]/android.view.ViewGroup[1]/android.view.ViewGroup[1]/android.view.ViewGroup[1]/android.view.ViewGroup[1]/android.view.ViewGroup[1]/android.widget.FrameLayout[1]/android.view.ViewGroup[1]/android.view.ViewGroup[1]/android.view.ViewGroup[1]/android.view.ViewGroup[1]/android.view.ViewGroup[1]/android.view.ViewGroup[2]/android.widget.Button[5]"}[39m
[35m[HTTP][39m [37m<-- POST /wd/hub/session/200aa1ed-cea7-4279-8ed0-f6256be7b4c4/elements [39m[32m200[39m [90m4133 ms - 139[39m
[35m[HTTP][39m [90m[39m
[35m[HTTP][39m [37m-->[39m [37mGET[39m [37m/wd/hub/session/200aa1ed-cea7-4279-8ed0-f6256be7b4c4/element/643d0616-1950-4e92-a3ad-abe1f5dd3060/location[39m
[35m[HTTP][39m [90m{}[39m
[35m[W3C (200aa1ed)][39m Driver proxy active, passing request on via HTTP proxy
[35m[WD Proxy][39m Replacing sessionId 06f0ef18-e056-45d2-ac71-0be1158230a9 with 200aa1ed-cea7-4279-8ed0-f6256be7b4c4
[35m[HTTP][39m [37m<-- GET /wd/hub/session/200aa1ed-cea7-4279-8ed0-f6256be7b4c4/element/643d0616-1950-4e92-a3ad-abe1f5dd3060/location [39m[32m200[39m [90m36 ms - 79[39m
[35m[HTTP][39m [90m[39m
[35m[HTTP][39m [37m-->[39m [37mPOST[39m [37m/wd/hub/session/200aa1ed-cea7-4279-8ed0-f6256be7b4c4/timeouts[39m
[35m[HTTP][39m [90m{"implicit":20000}[39m
[35m[HTTP][39m [37m<-- POST /wd/hub/session/200aa1ed-cea7-4279-8ed0-f6256be7b4c4/timeouts [39m[32m200[39m [90m1 ms - 14[39m
[35m[HTTP][39m [90m[39m
[35m[HTTP][39m [37m-->[39m [37mPOST[39m [37m/wd/hub/session/200aa1ed-cea7-4279-8ed0-f6256be7b4c4/touch/perform[39m
[35m[HTTP][39m [90m{"actions":[{"action":"tap","options":{"x":1,"y":1,"element":"643d0616-1950-4e92-a3ad-abe1f5dd3060"}},{"action":"release","options":{}}]}[39m
[35m[UiAutomator2][39m calling get location: 643d0616-1950-4e92-a3ad-abe1f5dd3060
[35m[HTTP][39m [37m<-- POST /wd/hub/session/200aa1ed-cea7-4279-8ed0-f6256be7b4c4/touch/perform [39m[32m200[39m [90m207 ms - 14[39m
[35m[HTTP][39m [90m[39m
[35m[HTTP][39m [37m-->[39m [37mPOST[39m [37m/wd/hub/session/200aa1ed-cea7-4279-8ed0-f6256be7b4c4/timeouts[39m
[35m[HTTP][39m [90m{"implicit":50}[39m
[35m[HTTP][39m [37m<-- POST /wd/hub/session/200aa1ed-cea7-4279-8ed0-f6256be7b4c4/timeouts [39m[32m200[39m [90m1 ms - 14[39m
[35m[HTTP][39m [90m[39m
[35m[HTTP][39m [37m-->[39m [37mGET[39m [37m/wd/hub/session/200aa1ed-cea7-4279-8ed0-f6256be7b4c4/window/rect[39m
[35m[HTTP][39m [90m{}[39m
[35m[HTTP][39m [37m<-- GET /wd/hub/session/200aa1ed-cea7-4279-8ed0-f6256be7b4c4/window/rect [39m[32m200[39m [90m54 ms - 50[39m
[35m[HTTP][39m [90m[39m
[35m[HTTP][39m [37m-->[39m [37mPOST[39m [37m/wd/hub/session/200aa1ed-cea7-4279-8ed0-f6256be7b4c4/elements[39m
[35m[HTTP][39m [90m{"using":"xpath","value":"//*[@class = 'android.view.ViewGroup' and @index = '7']"}[39m
[35m[HTTP][39m [37m<-- POST /wd/hub/session/200aa1ed-cea7-4279-8ed0-f6256be7b4c4/elements [39m[32m200[39m [90m387 ms - 139[39m
[35m[HTTP][39m [90m[39m
[35m[HTTP][39m [37m-->[39m [37mGET[39m [37m/wd/hub/session/200aa1ed-cea7-4279-8ed0-f6256be7b4c4/element/afcb54d7-831a-43fa-ab6b-9d438a643c82/location[39m
[35m[HTTP][39m [90m{}[39m
[35m[W3C (200aa1ed)][39m Driver proxy active, passing request on via HTTP proxy
[35m[WD Proxy][39m Replacing sessionId 06f0ef18-e056-45d2-ac71-0be1158230a9 with 200aa1ed-cea7-4279-8ed0-f6256be7b4c4
[35m[HTTP][39m [37m<-- GET /wd/hub/session/200aa1ed-cea7-4279-8ed0-f6256be7b4c4/element/afcb54d7-831a-43fa-ab6b-9d438a643c82/location [39m[32m200[39m [90m17 ms - 79[39m
[35m[HTTP][39m [90m[39m
[35m[HTTP][39m [37m-->[39m [37mPOST[39m [37m/wd/hub/session/200aa1ed-cea7-4279-8ed0-f6256be7b4c4/timeouts[39m
[35m[HTTP][39m [90m{"implicit":20000}[39m
[35m[HTTP][39m [37m<-- POST /wd/hub/session/200aa1ed-cea7-4279-8ed0-f6256be7b4c4/timeouts [39m[32m200[39m [90m1 ms - 14[39m
[35m[HTTP][39m [90m[39m
[35m[HTTP][39m [37m-->[39m [37mGET[39m [37m/wd/hub/session/200aa1ed-cea7-4279-8ed0-f6256be7b4c4/element/afcb54d7-831a-43fa-ab6b-9d438a643c82/displayed[39m
[35m[HTTP][39m [90m{}[39m
[35m[HTTP][39m [37m<-- GET /wd/hub/session/200aa1ed-cea7-4279-8ed0-f6256be7b4c4/element/afcb54d7-831a-43fa-ab6b-9d438a643c82/displayed [39m[32m200[39m [90m13 ms - 14[39m
[35m[HTTP][39m [90m[39m
[35m[HTTP][39m [37m-->[39m [37mPOST[39m [37m/wd/hub/session/200aa1ed-cea7-4279-8ed0-f6256be7b4c4/timeouts[39m
[35m[HTTP][39m [90m{"implicit":50}[39m
[35m[HTTP][39m [37m<-- POST /wd/hub/session/200aa1ed-cea7-4279-8ed0-f6256be7b4c4/timeouts [39m[32m200[39m [90m1 ms - 14[39m
[35m[HTTP][39m [90m[39m
[35m[HTTP][39m [37m-->[39m [37mGET[39m [37m/wd/hub/session/200aa1ed-cea7-4279-8ed0-f6256be7b4c4/window/rect[39m
[35m[HTTP][39m [90m{}[39m
[35m[HTTP][39m [37m<-- GET /wd/hub/session/200aa1ed-cea7-4279-8ed0-f6256be7b4c4/window/rect [39m[32m200[39m [90m12 ms - 50[39m
[35m[HTTP][39m [90m[39m
[35m[HTTP][39m [37m-->[39m [37mPOST[39m [37m/wd/hub/session/200aa1ed-cea7-4279-8ed0-f6256be7b4c4/elements[39m
[35m[HTTP][39m [90m{"using":"xpath","value":"//*[@class = 'android.view.ViewGroup' and @index = '7']"}[39m
[35m[HTTP][39m [37m<-- POST /wd/hub/session/200aa1ed-cea7-4279-8ed0-f6256be7b4c4/elements [39m[32m200[39m [90m126 ms - 139[39m
[35m[HTTP][39m [90m[39m
[35m[HTTP][39m [37m-->[39m [37mGET[39m [37m/wd/hub/session/200aa1ed-cea7-4279-8ed0-f6256be7b4c4/element/aad796c0-189c-4264-a312-90b352ec2288/location[39m
[35m[HTTP][39m [90m{}[39m
[35m[W3C (200aa1ed)][39m Driver proxy active, passing request on via HTTP proxy
[35m[WD Proxy][39m Replacing sessionId 06f0ef18-e056-45d2-ac71-0be1158230a9 with 200aa1ed-cea7-4279-8ed0-f6256be7b4c4
[35m[HTTP][39m [37m<-- GET /wd/hub/session/200aa1ed-cea7-4279-8ed0-f6256be7b4c4/element/aad796c0-189c-4264-a312-90b352ec2288/location [39m[32m200[39m [90m16 ms - 79[39m
[35m[HTTP][39m [90m[39m
[35m[HTTP][39m [37m-->[39m [37mPOST[39m [37m/wd/hub/session/200aa1ed-cea7-4279-8ed0-f6256be7b4c4/timeouts[39m
[35m[HTTP][39m [90m{"implicit":20000}[39m
[35m[HTTP][39m [37m<-- POST /wd/hub/session/200aa1ed-cea7-4279-8ed0-f6256be7b4c4/timeouts [39m[32m200[39m [90m1 ms - 14[39m
[35m[HTTP][39m [90m[39m
[35m[HTTP][39m [37m-->[39m [37mPOST[39m [37m/wd/hub/session/200aa1ed-cea7-4279-8ed0-f6256be7b4c4/touch/perform[39m
[35m[HTTP][39m [90m{"actions":[{"action":"tap","options":{"x":1,"y":1,"element":"aad796c0-189c-4264-a312-90b352ec2288"}},{"action":"release","options":{}}]}[39m
[35m[UiAutomator2][39m calling get location: aad796c0-189c-4264-a312-90b352ec2288
[35m[HTTP][39m [37m<-- POST /wd/hub/session/200aa1ed-cea7-4279-8ed0-f6256be7b4c4/touch/perform [39m[32m200[39m [90m166 ms - 14[39m
[35m[HTTP][39m [90m[39m
[35m[HTTP][39m [37m-->[39m [37mPOST[39m [37m/wd/hub/session/200aa1ed-cea7-4279-8ed0-f6256be7b4c4/timeouts[39m
[35m[HTTP][39m [90m{"implicit":50}[39m
[35m[HTTP][39m [37m<-- POST /wd/hub/session/200aa1ed-cea7-4279-8ed0-f6256be7b4c4/timeouts [39m[32m200[39m [90m2 ms - 14[39m
[35m[HTTP][39m [90m[39m
[35m[HTTP][39m [37m-->[39m [37mGET[39m [37m/wd/hub/session/200aa1ed-cea7-4279-8ed0-f6256be7b4c4/window/rect[39m
[35m[HTTP][39m [90m{}[39m
[35m[HTTP][39m [37m<-- GET /wd/hub/session/200aa1ed-cea7-4279-8ed0-f6256be7b4c4/window/rect [39m[32m200[39m [90m20 ms - 50[39m
[35m[HTTP][39m [90m[39m
[35m[HTTP][39m [37m-->[39m [37mPOST[39m [37m/wd/hub/session/200aa1ed-cea7-4279-8ed0-f6256be7b4c4/elements[39m
[35m[HTTP][39m [90m{"using":"xpath","value":"//*[@class = 'android.widget.TextView' and (@text = 'Skip' or . = 'Skip')]"}[39m
[35m[HTTP][39m [37m<-- POST /wd/hub/session/200aa1ed-cea7-4279-8ed0-f6256be7b4c4/elements [39m[32m200[39m [90m1005 ms - 12[39m
[35m[HTTP][39m [90m[39m
[35m[HTTP][39m [37m-->[39m [37mPOST[39m [37m/wd/hub/session/200aa1ed-cea7-4279-8ed0-f6256be7b4c4/elements[39m
[35m[HTTP][39m [90m{"using":"xpath","value":"//*[@class = 'android.widget.TextView' and (@text = 'Skip' or . = 'Skip')]"}[39m
[35m[HTTP][39m [37m<-- POST /wd/hub/session/200aa1ed-cea7-4279-8ed0-f6256be7b4c4/elements [39m[32m200[39m [90m80 ms - 12[39m
[35m[HTTP][39m [90m[39m
[35m[HTTP][39m [37m-->[39m [37mPOST[39m [37m/wd/hub/session/200aa1ed-cea7-4279-8ed0-f6256be7b4c4/elements[39m
[35m[HTTP][39m [90m{"using":"xpath","value":"//*[@class = 'android.widget.TextView' and (@text = 'Skip' or . = 'Skip')]"}[39m
[35m[HTTP][39m [37m<-- POST /wd/hub/session/200aa1ed-cea7-4279-8ed0-f6256be7b4c4/elements [39m[32m200[39m [90m52 ms - 12[39m
[35m[HTTP][39m [90m[39m
[35m[HTTP][39m [37m-->[39m [37mPOST[39m [37m/wd/hub/session/200aa1ed-cea7-4279-8ed0-f6256be7b4c4/elements[39m
[35m[HTTP][39m [90m{"using":"xpath","value":"//*[@class = 'android.widget.TextView' and (@text = 'Skip' or . = 'Skip')]"}[39m
[35m[HTTP][39m [37m<-- POST /wd/hub/session/200aa1ed-cea7-4279-8ed0-f6256be7b4c4/elements [39m[32m200[39m [90m1774 ms - 139[39m
[35m[HTTP][39m [90m[39m
[35m[HTTP][39m [37m-->[39m [37mGET[39m [37m/wd/hub/session/200aa1ed-cea7-4279-8ed0-f6256be7b4c4/element/09431f28-c6ba-4ab6-8105-af04ffa3974f/location[39m
[35m[HTTP][39m [90m{}[39m
[35m[W3C (200aa1ed)][39m Driver proxy active, passing request on via HTTP proxy
[35m[WD Proxy][39m Replacing sessionId 06f0ef18-e056-45d2-ac71-0be1158230a9 with 200aa1ed-cea7-4279-8ed0-f6256be7b4c4
[35m[HTTP][39m [37m<-- GET /wd/hub/session/200aa1ed-cea7-4279-8ed0-f6256be7b4c4/element/09431f28-c6ba-4ab6-8105-af04ffa3974f/location [39m[32m200[39m [90m37 ms - 78[39m
[35m[HTTP][39m [90m[39m
[35m[HTTP][39m [37m-->[39m [37mPOST[39m [37m/wd/hub/session/200aa1ed-cea7-4279-8ed0-f6256be7b4c4/timeouts[39m
[35m[HTTP][39m [90m{"implicit":20000}[39m
[35m[HTTP][39m [37m<-- POST /wd/hub/session/200aa1ed-cea7-4279-8ed0-f6256be7b4c4/timeouts [39m[32m200[39m [90m1 ms - 14[39m
[35m[HTTP][39m [90m[39m
[35m[HTTP][39m [37m-->[39m [37mGET[39m [37m/wd/hub/session/200aa1ed-cea7-4279-8ed0-f6256be7b4c4/element/09431f28-c6ba-4ab6-8105-af04ffa3974f/displayed[39m
[35m[HTTP][39m [90m{}[39m
[35m[HTTP][39m [37m<-- GET /wd/hub/session/200aa1ed-cea7-4279-8ed0-f6256be7b4c4/element/09431f28-c6ba-4ab6-8105-af04ffa3974f/displayed [39m[32m200[39m [90m28 ms - 14[39m
[35m[HTTP][39m [90m[39m
[35m[HTTP][39m [37m-->[39m [37mPOST[39m [37m/wd/hub/session/200aa1ed-cea7-4279-8ed0-f6256be7b4c4/timeouts[39m
[35m[HTTP][39m [90m{"implicit":50}[39m
[35m[HTTP][39m [37m<-- POST /wd/hub/session/200aa1ed-cea7-4279-8ed0-f6256be7b4c4/timeouts [39m[32m200[39m [90m1 ms - 14[39m
[35m[HTTP][39m [90m[39m
[35m[HTTP][39m [37m-->[39m [37mGET[39m [37m/wd/hub/session/200aa1ed-cea7-4279-8ed0-f6256be7b4c4/window/rect[39m
[35m[HTTP][39m [90m{}[39m
[35m[HTTP][39m [37m<-- GET /wd/hub/session/200aa1ed-cea7-4279-8ed0-f6256be7b4c4/window/rect [39m[32m200[39m [90m19 ms - 50[39m
[35m[HTTP][39m [90m[39m
[35m[HTTP][39m [37m-->[39m [37mPOST[39m [37m/wd/hub/session/200aa1ed-cea7-4279-8ed0-f6256be7b4c4/elements[39m
[35m[HTTP][39m [90m{"using":"xpath","value":"//*[@class = 'android.widget.TextView' and (@text = 'Skip' or . = 'Skip')]"}[39m
[35m[HTTP][39m [37m<-- POST /wd/hub/session/200aa1ed-cea7-4279-8ed0-f6256be7b4c4/elements [39m[32m200[39m [90m130 ms - 139[39m
[35m[HTTP][39m [90m[39m
[35m[HTTP][39m [37m-->[39m [37mGET[39m [37m/wd/hub/session/200aa1ed-cea7-4279-8ed0-f6256be7b4c4/element/fb8b76a0-37ef-404b-bd6a-e0c80d6a2b8c/location[39m
[35m[HTTP][39m [90m{}[39m
[35m[W3C (200aa1ed)][39m Driver proxy active, passing request on via HTTP proxy
[35m[WD Proxy][39m Replacing sessionId 06f0ef18-e056-45d2-ac71-0be1158230a9 with 200aa1ed-cea7-4279-8ed0-f6256be7b4c4
[35m[HTTP][39m [37m<-- GET /wd/hub/session/200aa1ed-cea7-4279-8ed0-f6256be7b4c4/element/fb8b76a0-37ef-404b-bd6a-e0c80d6a2b8c/location [39m[32m200[39m [90m30 ms - 78[39m
[35m[HTTP][39m [90m[39m
[35m[HTTP][39m [37m-->[39m [37mPOST[39m [37m/wd/hub/session/200aa1ed-cea7-4279-8ed0-f6256be7b4c4/timeouts[39m
[35m[HTTP][39m [90m{"implicit":20000}[39m
[35m[HTTP][39m [37m<-- POST /wd/hub/session/200aa1ed-cea7-4279-8ed0-f6256be7b4c4/timeouts [39m[32m200[39m [90m1 ms - 14[39m
[35m[HTTP][39m [90m[39m
[35m[HTTP][39m [37m-->[39m [37mPOST[39m [37m/wd/hub/session/200aa1ed-cea7-4279-8ed0-f6256be7b4c4/timeouts[39m
[35m[HTTP][39m [90m{"implicit":50}[39m
[35m[HTTP][39m [37m<-- POST /wd/hub/session/200aa1ed-cea7-4279-8ed0-f6256be7b4c4/timeouts [39m[32m200[39m [90m1 ms - 14[39m
[35m[HTTP][39m [90m[39m
[35m[HTTP][39m [37m-->[39m [37mGET[39m [37m/wd/hub/session/200aa1ed-cea7-4279-8ed0-f6256be7b4c4/window/rect[39m
[35m[HTTP][39m [90m{}[39m
[35m[HTTP][39m [37m<-- GET /wd/hub/session/200aa1ed-cea7-4279-8ed0-f6256be7b4c4/window/rect [39m[32m200[39m [90m43 ms - 50[39m
[35m[HTTP][39m [90m[39m
[35m[HTTP][39m [37m-->[39m [37mPOST[39m [37m/wd/hub/session/200aa1ed-cea7-4279-8ed0-f6256be7b4c4/elements[39m
[35m[HTTP][39m [90m{"using":"xpath","value":"//*[@class = 'android.widget.TextView' and (@text = 'Skip' or . = 'Skip')]"}[39m
[35m[HTTP][39m [37m<-- POST /wd/hub/session/200aa1ed-cea7-4279-8ed0-f6256be7b4c4/elements [39m[32m200[39m [90m81 ms - 139[39m
[35m[HTTP][39m [90m[39m
[35m[HTTP][39m [37m-->[39m [37mGET[39m [37m/wd/hub/session/200aa1ed-cea7-4279-8ed0-f6256be7b4c4/element/c3b33a27-8a45-4624-aec6-4a9e64d0d11e/location[39m
[35m[HTTP][39m [90m{}[39m
[35m[W3C (200aa1ed)][39m Driver proxy active, passing request on via HTTP proxy
[35m[WD Proxy][39m Replacing sessionId 06f0ef18-e056-45d2-ac71-0be1158230a9 with 200aa1ed-cea7-4279-8ed0-f6256be7b4c4
[35m[HTTP][39m [37m<-- GET /wd/hub/session/200aa1ed-cea7-4279-8ed0-f6256be7b4c4/element/c3b33a27-8a45-4624-aec6-4a9e64d0d11e/location [39m[32m200[39m [90m18 ms - 78[39m
[35m[HTTP][39m [90m[39m
[35m[HTTP][39m [37m-->[39m [37mPOST[39m [37m/wd/hub/session/200aa1ed-cea7-4279-8ed0-f6256be7b4c4/timeouts[39m
[35m[HTTP][39m [90m{"implicit":20000}[39m
[35m[HTTP][39m [37m<-- POST /wd/hub/session/200aa1ed-cea7-4279-8ed0-f6256be7b4c4/timeouts [39m[32m200[39m [90m1 ms - 14[39m
[35m[HTTP][39m [90m[39m
[35m[HTTP][39m [37m-->[39m [37mPOST[39m [37m/wd/hub/session/200aa1ed-cea7-4279-8ed0-f6256be7b4c4/touch/perform[39m
[35m[HTTP][39m [90m{"actions":[{"action":"tap","options":{"x":1,"y":1,"element":"c3b33a27-8a45-4624-aec6-4a9e64d0d11e"}},{"action":"release","options":{}}]}[39m
[35m[UiAutomator2][39m calling get location: c3b33a27-8a45-4624-aec6-4a9e64d0d11e
[35m[HTTP][39m [37m<-- POST /wd/hub/session/200aa1ed-cea7-4279-8ed0-f6256be7b4c4/touch/perform [39m[32m200[39m [90m167 ms - 14[39m
[35m[HTTP][39m [90m[39m
[35m[HTTP][39m [37m-->[39m [37mPOST[39m [37m/wd/hub/session/200aa1ed-cea7-4279-8ed0-f6256be7b4c4/timeouts[39m
[35m[HTTP][39m [90m{"implicit":50}[39m
[35m[HTTP][39m [37m<-- POST /wd/hub/session/200aa1ed-cea7-4279-8ed0-f6256be7b4c4/timeouts [39m[32m200[39m [90m1 ms - 14[39m
[35m[HTTP][39m [90m[39m
[35m[HTTP][39m [37m-->[39m [37mGET[39m [37m/wd/hub/session/200aa1ed-cea7-4279-8ed0-f6256be7b4c4/window/rect[39m
[35m[HTTP][39m [90m{}[39m
[35m[HTTP][39m [37m<-- GET /wd/hub/session/200aa1ed-cea7-4279-8ed0-f6256be7b4c4/window/rect [39m[32m200[39m [90m24 ms - 50[39m
[35m[HTTP][39m [90m[39m
[35m[HTTP][39m [37m-->[39m [37mPOST[39m [37m/wd/hub/session/200aa1ed-cea7-4279-8ed0-f6256be7b4c4/elements[39m
[35m[HTTP][39m [90m{"using":"xpath","value":"//*[@class = 'android.widget.TextView' and (@text = 'Search properties' or . = 'Search properties')]"}[39m
[35m[HTTP][39m [37m<-- POST /wd/hub/session/200aa1ed-cea7-4279-8ed0-f6256be7b4c4/elements [39m[32m200[39m [90m64 ms - 12[39m
[35m[HTTP][39m [90m[39m
[35m[HTTP][39m [37m-->[39m [37mPOST[39m [37m/wd/hub/session/200aa1ed-cea7-4279-8ed0-f6256be7b4c4/elements[39m
[35m[HTTP][39m [90m{"using":"xpath","value":"//*[@class = 'android.widget.TextView' and (@text = 'Search properties' or . = 'Search properties')]"}[39m
[35m[WD Proxy][39m socket hang up
[35m[HTTP][39m [37m<-- POST /wd/hub/session/200aa1ed-cea7-4279-8ed0-f6256be7b4c4/elements [39m[31m500[39m [90m3836 ms - 1886[39m
[35m[HTTP][39m [90m[39m
[35m[HTTP][39m [37m-->[39m [37mPOST[39m [37m/wd/hub/session/200aa1ed-cea7-4279-8ed0-f6256be7b4c4/timeouts[39m
[35m[HTTP][39m [90m{"implicit":20000}[39m
[35m[HTTP][39m [37m<-- POST /wd/hub/session/200aa1ed-cea7-4279-8ed0-f6256be7b4c4/timeouts [39m[32m200[39m [90m1 ms - 14[39m
[35m[HTTP][39m [90m[39m
[35m[HTTP][39m [37m-->[39m [37mGET[39m [37m/wd/hub/session/200aa1ed-cea7-4279-8ed0-f6256be7b4c4/context[39m
[35m[HTTP][39m [90m{}[39m
[35m[HTTP][39m [37m<-- GET /wd/hub/session/200aa1ed-cea7-4279-8ed0-f6256be7b4c4/context [39m[32m200[39m [90m1 ms - 22[39m
[35m[HTTP][39m [90m[39m
[35m[HTTP][39m [37m-->[39m [37mGET[39m [37m/wd/hub/session/200aa1ed-cea7-4279-8ed0-f6256be7b4c4/contexts[39m
[35m[HTTP][39m [90m{}[39m
[35m[AndroidDriver][39m Not collecting web view details. Details collection might help to make Chromedriver initialization more precise. Use the 'enableWebviewDetailsCollection' cap to turn it on
[35m[AndroidDriver][39m Skipping the webview 'WEBVIEW_Terrace' at '@Terrace_devtools_remote' since it has reported having zero pages
[35m[HTTP][39m [37m<-- GET /wd/hub/session/200aa1ed-cea7-4279-8ed0-f6256be7b4c4/contexts [39m[32m200[39m [90m99 ms - 24[39m
[35m[HTTP][39m [90m[39m
[35m[HTTP][39m [37m-->[39m [37mPOST[39m [37m/wd/hub/session/200aa1ed-cea7-4279-8ed0-f6256be7b4c4/context[39m
[35m[HTTP][39m [90m{"name":"NATIVE_APP"}[39m
[35m[HTTP][39m [37m<-- POST /wd/hub/session/200aa1ed-cea7-4279-8ed0-f6256be7b4c4/context [39m[32m200[39m [90m1 ms - 14[39m
[35m[HTTP][39m [90m[39m
[35m[HTTP][39m [37m-->[39m [37mPOST[39m [37m/wd/hub/session/200aa1ed-cea7-4279-8ed0-f6256be7b4c4/element[39m
[35m[HTTP][39m [90m{"using":"-android uiautomator","value":"new UiScrollable(new UiSelector().scrollable(true).instance(0)).scrollIntoView(new UiSelector().textContains(\"Check Eligibility\"))"}[39m
[35m[HTTP][39m [37m<-- POST /wd/hub/session/200aa1ed-cea7-4279-8ed0-f6256be7b4c4/element [39m[31m500[39m [90m3 ms - 2113[39m
[35m[HTTP][39m [90m[39m
[35m[HTTP][39m [37m-->[39m [37mPOST[39m [37m/wd/hub/session/200aa1ed-cea7-4279-8ed0-f6256be7b4c4/context[39m
[35m[HTTP][39m [90m{"name":"NATIVE_APP"}[39m
[35m[HTTP][39m [37m<-- POST /wd/hub/session/200aa1ed-cea7-4279-8ed0-f6256be7b4c4/context [39m[32m200[39m [90m1 ms - 14[39m
[35m[HTTP][39m [90m[39m
[35m[HTTP][39m [37m-->[39m [37mPOST[39m [37m/wd/hub/session/200aa1ed-cea7-4279-8ed0-f6256be7b4c4/timeouts[39m
[35m[HTTP][39m [90m{"implicit":50}[39m
[35m[HTTP][39m [37m<-- POST /wd/hub/session/200aa1ed-cea7-4279-8ed0-f6256be7b4c4/timeouts [39m[32m200[39m [90m1 ms - 14[39m
[35m[HTTP][39m [90m[39m
[35m[HTTP][39m [37m-->[39m [37mGET[39m [37m/wd/hub/session/200aa1ed-cea7-4279-8ed0-f6256be7b4c4/window/rect[39m
[35m[HTTP][39m [90m{}[39m
[35m[HTTP][39m [37m<-- GET /wd/hub/session/200aa1ed-cea7-4279-8ed0-f6256be7b4c4/window/rect [39m[31m500[39m [90m3 ms - 1215[39m
[35m[HTTP][39m [90m[39m
[35m[HTTP][39m [37m-->[39m [37mPOST[39m [37m/wd/hub/session/200aa1ed-cea7-4279-8ed0-f6256be7b4c4/timeouts[39m
[35m[HTTP][39m [90m{"implicit":20000}[39m
[35m[HTTP][39m [37m<-- POST /wd/hub/session/200aa1ed-cea7-4279-8ed0-f6256be7b4c4/timeouts [39m[32m200[39m [90m1 ms - 14[39m
[35m[HTTP][39m [90m[39m
[35m[HTTP][39m [37m-->[39m [37mPOST[39m [37m/wd/hub/session/200aa1ed-cea7-4279-8ed0-f6256be7b4c4/timeouts[39m
[35m[HTTP][39m [90m{"implicit":50}[39m
[35m[HTTP][39m [37m<-- POST /wd/hub/session/200aa1ed-cea7-4279-8ed0-f6256be7b4c4/timeouts [39m[32m200[39m [90m1 ms - 14[39m
[35m[HTTP][39m [90m[39m
[35m[HTTP][39m [37m-->[39m [37mGET[39m [37m/wd/hub/session/200aa1ed-cea7-4279-8ed0-f6256be7b4c4/window/rect[39m
[35m[HTTP][39m [90m{}[39m
[35m[HTTP][39m [37m<-- GET /wd/hub/session/200aa1ed-cea7-4279-8ed0-f6256be7b4c4/window/rect [39m[31m500[39m [90m1 ms - 1215[39m
[35m[HTTP][39m [90m[39m
[35m[HTTP][39m [37m-->[39m [37mPOST[39m [37m/wd/hub/session/200aa1ed-cea7-4279-8ed0-f6256be7b4c4/timeouts[39m
[35m[HTTP][39m [90m{"implicit":20000}[39m
[35m[HTTP][39m [37m<-- POST /wd/hub/session/200aa1ed-cea7-4279-8ed0-f6256be7b4c4/timeouts [39m[32m200[39m [90m1 ms - 14[39m
[35m[HTTP][39m [90m[39m
[35m[HTTP][39m [37m-->[39m [37mPOST[39m [37m/wd/hub/session/200aa1ed-cea7-4279-8ed0-f6256be7b4c4/timeouts[39m
[35m[HTTP][39m [90m{"implicit":50}[39m
[35m[HTTP][39m [37m<-- POST /wd/hub/session/200aa1ed-cea7-4279-8ed0-f6256be7b4c4/timeouts [39m[32m200[39m [90m1 ms - 14[39m
[35m[HTTP][39m [90m[39m
[35m[HTTP][39m [37m-->[39m [37mGET[39m [37m/wd/hub/session/200aa1ed-cea7-4279-8ed0-f6256be7b4c4/window/rect[39m
[35m[HTTP][39m [90m{}[39m
[35m[HTTP][39m [37m<-- GET /wd/hub/session/200aa1ed-cea7-4279-8ed0-f6256be7b4c4/window/rect [39m[31m500[39m [90m1 ms - 1215[39m
[35m[HTTP][39m [90m[39m
[35m[HTTP][39m [37m-->[39m [37mPOST[39m [37m/wd/hub/session/200aa1ed-cea7-4279-8ed0-f6256be7b4c4/timeouts[39m
[35m[HTTP][39m [90m{"implicit":20000}[39m
[35m[HTTP][39m [37m<-- POST /wd/hub/session/200aa1ed-cea7-4279-8ed0-f6256be7b4c4/timeouts [39m[32m200[39m [90m1 ms - 14[39m
[35m[HTTP][39m [90m[39m
[35m[HTTP][39m [37m-->[39m [37mDELETE[39m [37m/wd/hub/session/200aa1ed-cea7-4279-8ed0-f6256be7b4c4[39m
[35m[HTTP][39m [90m{}[39m
[35m[Appium][39m Removing session 200aa1ed-cea7-4279-8ed0-f6256be7b4c4 from our master session list
[35m[UiAutomator2][39m Did not get confirmation UiAutomator2 deleteSession worked; Error was: UnknownError: An unknown server-side error occurred while processing the command. Original error: 'DELETE /' cannot be proxied to UiAutomator2 server because the instrumentation process is not running (probably crashed). Check the server log and/or the logcat output for more details
[35m[UiAutomator2][39m Restoring hidden api policy to the device default configuration
[35m[HTTP][39m [37m<-- DELETE /wd/hub/session/200aa1ed-cea7-4279-8ed0-f6256be7b4c4 [39m[32m200[39m [90m234 ms - 14[39m
[35m[HTTP][39m [90m[39m
