[35m[Appium][39m Welcome to Appium v1.22.3
[35m[Appium][39m Non-default server args:
[35m[Appium][39m   port: 49606
[35m[Appium][39m   loglevel: info
[35m[Appium][39m   tmpDir: /var/folders/9_/hs2sgn6n6_1d1rf2zz5y2fj00000gn/T//Katalon/Appium/Temp1652756425230
[35m[Appium][39m   chromedriverPort: 49607
[35m[Appium][39m Deprecated server args:
[35m[Appium][39m   [31m--chromedriver-port[39m => --default-capabilities
[35m[Appium][39m Default capabilities, which will be added to each request unless overridden by desired capabilities:
[35m[Appium][39m   chromedriverPort: 49607
[35m[Appium][39m Appium REST http interface listener started on 0.0.0.0:49606
[35m[HTTP][39m [37m-->[39m [37mGET[39m [37m/wd/hub/status[39m
[35m[HTTP][39m [90m{}[39m
[35m[HTTP][39m [37m<-- GET /wd/hub/status [39m[32m200[39m [90m5 ms - 68[39m
[35m[HTTP][39m [90m[39m
[35m[HTTP][39m [37m-->[39m [37mPOST[39m [37m/wd/hub/session[39m
[35m[HTTP][39m [90m{"desiredCapabilities":{"app":"/Users/vinayeddla/Desktop/MAE/app-sit-universal-release.apk","noReset":true,"appWaitActivity":"*","deviceId":"225ac1ea21057ece","deviceName":"samsung SM-G960F (Android 10)","fullReset":false,"platform":"ANDROID","newCommandTimeout":1800,"platformVersion":"10","automationName":"uiautomator2","autoGrantPermissions":true,"platformName":"Android","udid":"225ac1ea21057ece","systemPort":49605},"capabilities":{"firstMatch":[{"appium:app":"/Users/vinayeddla/Desktop/MAE/app-sit-universal-release.apk","appium:appWaitActivity":"*","appium:autoGrantPermissions":true,"appium:automationName":"uiautomator2","deviceId":"225ac1ea21057ece","appium:deviceName":"samsung SM-G960F (Android 10)","appium:fullReset":false,"appium:newCommandTimeout":1800,"appium:noReset":true,"platform":"ANDROID","platformName":"android","appium:platformVersion":"10","appium:systemPort":49605,"appium:udid":"225ac1ea21057ece"}]}}[39m
[35m[BaseDriver][39m The following capabilities are not standard capabilities and should have an extension prefix:
[35m[BaseDriver][39m   deviceId
[35m[BaseDriver][39m   platform
[35m[BaseDriver][39m   chromedriverPort
[35m[Appium][39m Appium v1.22.3 creating new AndroidUiautomator2Driver (v1.70.1) session
[35m[BaseDriver][39m The following capabilities were provided, but are not recognized by Appium:
[35m[BaseDriver][39m   deviceId
[35m[BaseDriver][39m   platform
[35m[BaseDriver][39m Session created with session id: b102e9d2-fe22-4c18-870f-1de9f8242e4c
[35m[BaseDriver][39m Using local app '/Users/vinayeddla/Desktop/MAE/app-sit-universal-release.apk'
[35m[ADB][39m Found 1 'build-tools' folders under '/Users/vinayeddla/.katalon/tools/android_sdk' (newest first):
[35m[ADB][39m     /Users/vinayeddla/.katalon/tools/android_sdk/build-tools/29.0.3
[35m[ADB][39m Using 'adb' from '/Users/vinayeddla/.katalon/tools/android_sdk/platform-tools/adb'
[35m[AndroidDriver][39m Retrieving device list
[35m[AndroidDriver][39m Using device: 225ac1ea21057ece
[35m[ADB][39m Using 'adb' from '/Users/vinayeddla/.katalon/tools/android_sdk/platform-tools/adb'
[35m[ADB][39m Getting device platform version
[35m[UiAutomator2][39m Relaxing hidden api policy
[35m[ADB][39m Package name: 'com.maybank2u.life.sit'
[35m[ADB][39m Main activity name: 'com.zoontek.rnbootsplash.RNBootSplashActivity'
[35m[ADB][39m Using 'apksigner.jar' from '/Users/vinayeddla/.katalon/tools/android_sdk/build-tools/29.0.3/lib/apksigner.jar'
[35m[ADB][39m '/usr/local/lib/node_modules/appium/node_modules/appium-uiautomator2-server/apks/appium-uiautomator2-server-v4.27.0.apk' is signed with the default certificate
[35m[ADB][39m '/usr/local/lib/node_modules/appium/node_modules/appium-uiautomator2-server/apks/appium-uiautomator2-server-debug-androidTest.apk' is signed with the default certificate
[35m[UiAutomator2][39m Server packages are not going to be (re)installed
[35m[ADB][39m Adding packages ["io.appium.settings","io.appium.uiautomator2.server","io.appium.uiautomator2.server.test"] to Doze whitelist
[35m[ADB][39m '/Users/vinayeddla/Desktop/MAE/app-sit-universal-release.apk' is signed with a non-default certificate
[35m[UiAutomator2][39m Starting UIAutomator2 server 4.27.0
[35m[UiAutomator2][39m Using UIAutomator2 server from '/usr/local/lib/node_modules/appium/node_modules/appium-uiautomator2-server/apks/appium-uiautomator2-server-v4.27.0.apk' and test from '/usr/local/lib/node_modules/appium/node_modules/appium-uiautomator2-server/apks/appium-uiautomator2-server-debug-androidTest.apk'
[35m[UiAutomator2][39m Waiting up to 30000ms for UiAutomator2 to be online...
[35m[WD Proxy][39m socket hang up
[35m[WD Proxy][39m socket hang up
[35m[WD Proxy][39m socket hang up
[35m[WD Proxy][39m Determined the downstream protocol as 'W3C'
[35m[AndroidDriver][39m Screen already unlocked, doing nothing
[35m[UiAutomator2][39m Starting 'com.maybank2u.life.sit/com.zoontek.rnbootsplash.RNBootSplashActivity and waiting for 'com.maybank2u.life.sit/*'
[35m[Appium][39m New AndroidUiautomator2Driver session created successfully, session b102e9d2-fe22-4c18-870f-1de9f8242e4c added to master session list
[35m[HTTP][39m [37m<-- POST /wd/hub/session [39m[32m200[39m [90m9599 ms - 1396[39m
[35m[HTTP][39m [90m[39m
[35m[HTTP][39m [37m-->[39m [37mGET[39m [37m/wd/hub/session/b102e9d2-fe22-4c18-870f-1de9f8242e4c[39m
[35m[HTTP][39m [90m{}[39m
[35m[HTTP][39m [37m<-- GET /wd/hub/session/b102e9d2-fe22-4c18-870f-1de9f8242e4c [39m[32m200[39m [90m9 ms - 1350[39m
[35m[HTTP][39m [90m[39m
[35m[HTTP][39m [37m-->[39m [37mGET[39m [37m/wd/hub/session/b102e9d2-fe22-4c18-870f-1de9f8242e4c[39m
[35m[HTTP][39m [90m{}[39m
[35m[HTTP][39m [37m<-- GET /wd/hub/session/b102e9d2-fe22-4c18-870f-1de9f8242e4c [39m[32m200[39m [90m7 ms - 1350[39m
[35m[HTTP][39m [90m[39m
[35m[HTTP][39m [37m-->[39m [37mGET[39m [37m/wd/hub/status[39m
[35m[HTTP][39m [90m{}[39m
[35m[HTTP][39m [37m<-- GET /wd/hub/status [39m[32m200[39m [90m1 ms - 68[39m
[35m[HTTP][39m [90m[39m
[35m[HTTP][39m [37m-->[39m [37mPOST[39m [37m/wd/hub/session/b102e9d2-fe22-4c18-870f-1de9f8242e4c/timeouts[39m
[35m[HTTP][39m [90m{"implicit":20000}[39m
[35m[HTTP][39m [37m<-- POST /wd/hub/session/b102e9d2-fe22-4c18-870f-1de9f8242e4c/timeouts [39m[32m200[39m [90m2 ms - 14[39m
[35m[HTTP][39m [90m[39m
[35m[HTTP][39m [37m-->[39m [37mGET[39m [37m/wd/hub/session/b102e9d2-fe22-4c18-870f-1de9f8242e4c/screenshot[39m
[35m[HTTP][39m [90m{}[39m
[35m[HTTP][39m [37m<-- GET /wd/hub/session/b102e9d2-fe22-4c18-870f-1de9f8242e4c/screenshot [39m[32m200[39m [90m383 ms - 110428[39m
[35m[HTTP][39m [90m[39m
[35m[HTTP][39m [37m-->[39m [37mGET[39m [37m/wd/hub/session/b102e9d2-fe22-4c18-870f-1de9f8242e4c/window/rect[39m
[35m[HTTP][39m [90m{}[39m
[35m[HTTP][39m [37m<-- GET /wd/hub/session/b102e9d2-fe22-4c18-870f-1de9f8242e4c/window/rect [39m[32m200[39m [90m26 ms - 50[39m
[35m[HTTP][39m [90m[39m
[35m[HTTP][39m [37m-->[39m [37mGET[39m [37m/wd/hub/session/b102e9d2-fe22-4c18-870f-1de9f8242e4c/appium/device/system_bars[39m
[35m[HTTP][39m [90m{}[39m
[35m[HTTP][39m [37m<-- GET /wd/hub/session/b102e9d2-fe22-4c18-870f-1de9f8242e4c/appium/device/system_bars [39m[32m200[39m [90m56 ms - 148[39m
[35m[HTTP][39m [90m[39m
[35m[HTTP][39m [37m-->[39m [37mPOST[39m [37m/wd/hub/session/b102e9d2-fe22-4c18-870f-1de9f8242e4c/timeouts[39m
[35m[HTTP][39m [90m{"implicit":50}[39m
[35m[HTTP][39m [37m<-- POST /wd/hub/session/b102e9d2-fe22-4c18-870f-1de9f8242e4c/timeouts [39m[32m200[39m [90m2 ms - 14[39m
[35m[HTTP][39m [90m[39m
[35m[HTTP][39m [37m-->[39m [37mGET[39m [37m/wd/hub/session/b102e9d2-fe22-4c18-870f-1de9f8242e4c/window/rect[39m
[35m[HTTP][39m [90m{}[39m
[35m[HTTP][39m [37m<-- GET /wd/hub/session/b102e9d2-fe22-4c18-870f-1de9f8242e4c/window/rect [39m[32m200[39m [90m22 ms - 50[39m
[35m[HTTP][39m [90m[39m
[35m[HTTP][39m [37m-->[39m [37mPOST[39m [37m/wd/hub/session/b102e9d2-fe22-4c18-870f-1de9f8242e4c/elements[39m
[35m[HTTP][39m [90m{"using":"xpath","value":"//hierarchy/android.widget.FrameLayout[1]/android.widget.LinearLayout[1]/android.widget.FrameLayout[1]/android.widget.LinearLayout[1]/android.widget.FrameLayout[1]/android.widget.FrameLayout[1]/android.view.ViewGroup[1]/android.view.ViewGroup[1]/android.view.ViewGroup[1]/android.view.ViewGroup[1]/android.view.ViewGroup[1]/android.widget.FrameLayout[1]/android.view.ViewGroup[1]/android.view.ViewGroup[1]/android.view.ViewGroup[1]/android.view.ViewGroup[1]/android.view.ViewGroup[1]/android.view.ViewGroup[1]/android.widget.FrameLayout[1]/android.view.ViewGroup[1]/android.view.ViewGroup[1]/android.view.ViewGroup[1]/android.view.ViewGroup[1]/android.view.ViewGroup[1]/android.view.ViewGroup[2]/android.widget.Button[5]"}[39m
[35m[HTTP][39m [37m<-- POST /wd/hub/session/b102e9d2-fe22-4c18-870f-1de9f8242e4c/elements [39m[32m200[39m [90m4489 ms - 139[39m
[35m[HTTP][39m [90m[39m
[35m[HTTP][39m [37m-->[39m [37mGET[39m [37m/wd/hub/session/b102e9d2-fe22-4c18-870f-1de9f8242e4c/element/00000000-0000-02f6-ffff-ffff00000040/location[39m
[35m[HTTP][39m [90m{}[39m
[35m[W3C (b102e9d2)][39m Driver proxy active, passing request on via HTTP proxy
[35m[WD Proxy][39m Replacing sessionId 4769e77c-fce7-4dae-951d-af11e0d145fe with b102e9d2-fe22-4c18-870f-1de9f8242e4c
[35m[HTTP][39m [37m<-- GET /wd/hub/session/b102e9d2-fe22-4c18-870f-1de9f8242e4c/element/00000000-0000-02f6-ffff-ffff00000040/location [39m[32m200[39m [90m45 ms - 79[39m
[35m[HTTP][39m [90m[39m
[35m[HTTP][39m [37m-->[39m [37mPOST[39m [37m/wd/hub/session/b102e9d2-fe22-4c18-870f-1de9f8242e4c/timeouts[39m
[35m[HTTP][39m [90m{"implicit":20000}[39m
[35m[HTTP][39m [37m<-- POST /wd/hub/session/b102e9d2-fe22-4c18-870f-1de9f8242e4c/timeouts [39m[32m200[39m [90m1 ms - 14[39m
[35m[HTTP][39m [90m[39m
[35m[HTTP][39m [37m-->[39m [37mPOST[39m [37m/wd/hub/session/b102e9d2-fe22-4c18-870f-1de9f8242e4c/touch/perform[39m
[35m[HTTP][39m [90m{"actions":[{"action":"tap","options":{"x":1,"y":1,"element":"00000000-0000-02f6-ffff-ffff00000040"}},{"action":"release","options":{}}]}[39m
[35m[UiAutomator2][39m calling get location: 00000000-0000-02f6-ffff-ffff00000040
[35m[HTTP][39m [37m<-- POST /wd/hub/session/b102e9d2-fe22-4c18-870f-1de9f8242e4c/touch/perform [39m[32m200[39m [90m215 ms - 14[39m
[35m[HTTP][39m [90m[39m
[35m[HTTP][39m [37m-->[39m [37mPOST[39m [37m/wd/hub/session/b102e9d2-fe22-4c18-870f-1de9f8242e4c/timeouts[39m
[35m[HTTP][39m [90m{"implicit":50}[39m
[35m[HTTP][39m [37m<-- POST /wd/hub/session/b102e9d2-fe22-4c18-870f-1de9f8242e4c/timeouts [39m[32m200[39m [90m1 ms - 14[39m
[35m[HTTP][39m [90m[39m
[35m[HTTP][39m [37m-->[39m [37mGET[39m [37m/wd/hub/session/b102e9d2-fe22-4c18-870f-1de9f8242e4c/window/rect[39m
[35m[HTTP][39m [90m{}[39m
[35m[HTTP][39m [37m<-- GET /wd/hub/session/b102e9d2-fe22-4c18-870f-1de9f8242e4c/window/rect [39m[32m200[39m [90m55 ms - 50[39m
[35m[HTTP][39m [90m[39m
[35m[HTTP][39m [37m-->[39m [37mPOST[39m [37m/wd/hub/session/b102e9d2-fe22-4c18-870f-1de9f8242e4c/elements[39m
[35m[HTTP][39m [90m{"using":"xpath","value":"//*[@class = 'android.view.ViewGroup' and @index = '7']"}[39m
[35m[HTTP][39m [37m<-- POST /wd/hub/session/b102e9d2-fe22-4c18-870f-1de9f8242e4c/elements [39m[32m200[39m [90m588 ms - 139[39m
[35m[HTTP][39m [90m[39m
[35m[HTTP][39m [37m-->[39m [37mGET[39m [37m/wd/hub/session/b102e9d2-fe22-4c18-870f-1de9f8242e4c/element/00000000-0000-02f6-ffff-ffff00000243/location[39m
[35m[HTTP][39m [90m{}[39m
[35m[W3C (b102e9d2)][39m Driver proxy active, passing request on via HTTP proxy
[35m[WD Proxy][39m Replacing sessionId 4769e77c-fce7-4dae-951d-af11e0d145fe with b102e9d2-fe22-4c18-870f-1de9f8242e4c
[35m[HTTP][39m [37m<-- GET /wd/hub/session/b102e9d2-fe22-4c18-870f-1de9f8242e4c/element/00000000-0000-02f6-ffff-ffff00000243/location [39m[32m200[39m [90m36 ms - 79[39m
[35m[HTTP][39m [90m[39m
[35m[HTTP][39m [37m-->[39m [37mPOST[39m [37m/wd/hub/session/b102e9d2-fe22-4c18-870f-1de9f8242e4c/timeouts[39m
[35m[HTTP][39m [90m{"implicit":20000}[39m
[35m[HTTP][39m [37m<-- POST /wd/hub/session/b102e9d2-fe22-4c18-870f-1de9f8242e4c/timeouts [39m[32m200[39m [90m1 ms - 14[39m
[35m[HTTP][39m [90m[39m
[35m[HTTP][39m [37m-->[39m [37mPOST[39m [37m/wd/hub/session/b102e9d2-fe22-4c18-870f-1de9f8242e4c/touch/perform[39m
[35m[HTTP][39m [90m{"actions":[{"action":"tap","options":{"x":1,"y":1,"element":"00000000-0000-02f6-ffff-ffff00000243"}},{"action":"release","options":{}}]}[39m
[35m[UiAutomator2][39m calling get location: 00000000-0000-02f6-ffff-ffff00000243
[35m[HTTP][39m [37m<-- POST /wd/hub/session/b102e9d2-fe22-4c18-870f-1de9f8242e4c/touch/perform [39m[32m200[39m [90m1276 ms - 14[39m
[35m[HTTP][39m [90m[39m
[35m[HTTP][39m [37m-->[39m [37mPOST[39m [37m/wd/hub/session/b102e9d2-fe22-4c18-870f-1de9f8242e4c/timeouts[39m
[35m[HTTP][39m [90m{"implicit":50}[39m
[35m[HTTP][39m [37m<-- POST /wd/hub/session/b102e9d2-fe22-4c18-870f-1de9f8242e4c/timeouts [39m[32m200[39m [90m1 ms - 14[39m
[35m[HTTP][39m [90m[39m
[35m[HTTP][39m [37m-->[39m [37mGET[39m [37m/wd/hub/session/b102e9d2-fe22-4c18-870f-1de9f8242e4c/window/rect[39m
[35m[HTTP][39m [90m{}[39m
[35m[HTTP][39m [37m<-- GET /wd/hub/session/b102e9d2-fe22-4c18-870f-1de9f8242e4c/window/rect [39m[32m200[39m [90m21 ms - 50[39m
[35m[HTTP][39m [90m[39m
[35m[HTTP][39m [37m-->[39m [37mPOST[39m [37m/wd/hub/session/b102e9d2-fe22-4c18-870f-1de9f8242e4c/elements[39m
[35m[HTTP][39m [90m{"using":"xpath","value":"//*[@class = 'android.widget.TextView' and (@text = 'Skip' or . = 'Skip')]"}[39m
[35m[HTTP][39m [37m<-- POST /wd/hub/session/b102e9d2-fe22-4c18-870f-1de9f8242e4c/elements [39m[32m200[39m [90m120 ms - 12[39m
[35m[HTTP][39m [90m[39m
[35m[HTTP][39m [37m-->[39m [37mPOST[39m [37m/wd/hub/session/b102e9d2-fe22-4c18-870f-1de9f8242e4c/elements[39m
[35m[HTTP][39m [90m{"using":"xpath","value":"//*[@class = 'android.widget.TextView' and (@text = 'Skip' or . = 'Skip')]"}[39m
[35m[HTTP][39m [37m<-- POST /wd/hub/session/b102e9d2-fe22-4c18-870f-1de9f8242e4c/elements [39m[32m200[39m [90m133 ms - 12[39m
[35m[HTTP][39m [90m[39m
[35m[HTTP][39m [37m-->[39m [37mPOST[39m [37m/wd/hub/session/b102e9d2-fe22-4c18-870f-1de9f8242e4c/elements[39m
[35m[HTTP][39m [90m{"using":"xpath","value":"//*[@class = 'android.widget.TextView' and (@text = 'Skip' or . = 'Skip')]"}[39m
[35m[HTTP][39m [37m<-- POST /wd/hub/session/b102e9d2-fe22-4c18-870f-1de9f8242e4c/elements [39m[32m200[39m [90m1699 ms - 139[39m
[35m[HTTP][39m [90m[39m
[35m[HTTP][39m [37m-->[39m [37mGET[39m [37m/wd/hub/session/b102e9d2-fe22-4c18-870f-1de9f8242e4c/element/00000000-0000-02f6-ffff-ffff00000285/location[39m
[35m[HTTP][39m [90m{}[39m
[35m[W3C (b102e9d2)][39m Driver proxy active, passing request on via HTTP proxy
[35m[WD Proxy][39m Replacing sessionId 4769e77c-fce7-4dae-951d-af11e0d145fe with b102e9d2-fe22-4c18-870f-1de9f8242e4c
[35m[HTTP][39m [37m<-- GET /wd/hub/session/b102e9d2-fe22-4c18-870f-1de9f8242e4c/element/00000000-0000-02f6-ffff-ffff00000285/location [39m[32m200[39m [90m461 ms - 78[39m
[35m[HTTP][39m [90m[39m
[35m[HTTP][39m [37m-->[39m [37mPOST[39m [37m/wd/hub/session/b102e9d2-fe22-4c18-870f-1de9f8242e4c/timeouts[39m
[35m[HTTP][39m [90m{"implicit":20000}[39m
[35m[HTTP][39m [37m<-- POST /wd/hub/session/b102e9d2-fe22-4c18-870f-1de9f8242e4c/timeouts [39m[32m200[39m [90m1 ms - 14[39m
[35m[HTTP][39m [90m[39m
[35m[HTTP][39m [37m-->[39m [37mGET[39m [37m/wd/hub/session/b102e9d2-fe22-4c18-870f-1de9f8242e4c/element/00000000-0000-02f6-ffff-ffff00000285/displayed[39m
[35m[HTTP][39m [90m{}[39m
[35m[HTTP][39m [37m<-- GET /wd/hub/session/b102e9d2-fe22-4c18-870f-1de9f8242e4c/element/00000000-0000-02f6-ffff-ffff00000285/displayed [39m[32m200[39m [90m44 ms - 14[39m
[35m[HTTP][39m [90m[39m
[35m[HTTP][39m [37m-->[39m [37mPOST[39m [37m/wd/hub/session/b102e9d2-fe22-4c18-870f-1de9f8242e4c/timeouts[39m
[35m[HTTP][39m [90m{"implicit":50}[39m
[35m[HTTP][39m [37m<-- POST /wd/hub/session/b102e9d2-fe22-4c18-870f-1de9f8242e4c/timeouts [39m[32m200[39m [90m1 ms - 14[39m
[35m[HTTP][39m [90m[39m
[35m[HTTP][39m [37m-->[39m [37mGET[39m [37m/wd/hub/session/b102e9d2-fe22-4c18-870f-1de9f8242e4c/window/rect[39m
[35m[HTTP][39m [90m{}[39m
[35m[HTTP][39m [37m<-- GET /wd/hub/session/b102e9d2-fe22-4c18-870f-1de9f8242e4c/window/rect [39m[32m200[39m [90m46 ms - 50[39m
[35m[HTTP][39m [90m[39m
[35m[HTTP][39m [37m-->[39m [37mPOST[39m [37m/wd/hub/session/b102e9d2-fe22-4c18-870f-1de9f8242e4c/elements[39m
[35m[HTTP][39m [90m{"using":"xpath","value":"//*[@class = 'android.widget.TextView' and (@text = 'Skip' or . = 'Skip')]"}[39m
[35m[HTTP][39m [37m<-- POST /wd/hub/session/b102e9d2-fe22-4c18-870f-1de9f8242e4c/elements [39m[32m200[39m [90m275 ms - 139[39m
[35m[HTTP][39m [90m[39m
[35m[HTTP][39m [37m-->[39m [37mGET[39m [37m/wd/hub/session/b102e9d2-fe22-4c18-870f-1de9f8242e4c/element/00000000-0000-02f6-ffff-ffff00000285/location[39m
[35m[HTTP][39m [90m{}[39m
[35m[W3C (b102e9d2)][39m Driver proxy active, passing request on via HTTP proxy
[35m[WD Proxy][39m Replacing sessionId 4769e77c-fce7-4dae-951d-af11e0d145fe with b102e9d2-fe22-4c18-870f-1de9f8242e4c
[35m[HTTP][39m [37m<-- GET /wd/hub/session/b102e9d2-fe22-4c18-870f-1de9f8242e4c/element/00000000-0000-02f6-ffff-ffff00000285/location [39m[32m200[39m [90m23 ms - 78[39m
[35m[HTTP][39m [90m[39m
[35m[HTTP][39m [37m-->[39m [37mPOST[39m [37m/wd/hub/session/b102e9d2-fe22-4c18-870f-1de9f8242e4c/timeouts[39m
[35m[HTTP][39m [90m{"implicit":20000}[39m
[35m[HTTP][39m [37m<-- POST /wd/hub/session/b102e9d2-fe22-4c18-870f-1de9f8242e4c/timeouts [39m[32m200[39m [90m3 ms - 14[39m
[35m[HTTP][39m [90m[39m
[35m[HTTP][39m [37m-->[39m [37mPOST[39m [37m/wd/hub/session/b102e9d2-fe22-4c18-870f-1de9f8242e4c/timeouts[39m
[35m[HTTP][39m [90m{"implicit":50}[39m
[35m[HTTP][39m [37m<-- POST /wd/hub/session/b102e9d2-fe22-4c18-870f-1de9f8242e4c/timeouts [39m[32m200[39m [90m1 ms - 14[39m
[35m[HTTP][39m [90m[39m
[35m[HTTP][39m [37m-->[39m [37mGET[39m [37m/wd/hub/session/b102e9d2-fe22-4c18-870f-1de9f8242e4c/window/rect[39m
[35m[HTTP][39m [90m{}[39m
[35m[HTTP][39m [37m<-- GET /wd/hub/session/b102e9d2-fe22-4c18-870f-1de9f8242e4c/window/rect [39m[32m200[39m [90m20 ms - 50[39m
[35m[HTTP][39m [90m[39m
[35m[HTTP][39m [37m-->[39m [37mPOST[39m [37m/wd/hub/session/b102e9d2-fe22-4c18-870f-1de9f8242e4c/elements[39m
[35m[HTTP][39m [90m{"using":"xpath","value":"//*[@class = 'android.widget.TextView' and (@text = 'Skip' or . = 'Skip')]"}[39m
[35m[HTTP][39m [37m<-- POST /wd/hub/session/b102e9d2-fe22-4c18-870f-1de9f8242e4c/elements [39m[32m200[39m [90m182 ms - 139[39m
[35m[HTTP][39m [90m[39m
[35m[HTTP][39m [37m-->[39m [37mGET[39m [37m/wd/hub/session/b102e9d2-fe22-4c18-870f-1de9f8242e4c/element/00000000-0000-02f6-ffff-ffff00000285/location[39m
[35m[HTTP][39m [90m{}[39m
[35m[W3C (b102e9d2)][39m Driver proxy active, passing request on via HTTP proxy
[35m[WD Proxy][39m Replacing sessionId 4769e77c-fce7-4dae-951d-af11e0d145fe with b102e9d2-fe22-4c18-870f-1de9f8242e4c
[35m[HTTP][39m [37m<-- GET /wd/hub/session/b102e9d2-fe22-4c18-870f-1de9f8242e4c/element/00000000-0000-02f6-ffff-ffff00000285/location [39m[32m200[39m [90m24 ms - 78[39m
[35m[HTTP][39m [90m[39m
[35m[HTTP][39m [37m-->[39m [37mPOST[39m [37m/wd/hub/session/b102e9d2-fe22-4c18-870f-1de9f8242e4c/timeouts[39m
[35m[HTTP][39m [90m{"implicit":20000}[39m
[35m[HTTP][39m [37m<-- POST /wd/hub/session/b102e9d2-fe22-4c18-870f-1de9f8242e4c/timeouts [39m[32m200[39m [90m1 ms - 14[39m
[35m[HTTP][39m [90m[39m
[35m[HTTP][39m [37m-->[39m [37mPOST[39m [37m/wd/hub/session/b102e9d2-fe22-4c18-870f-1de9f8242e4c/touch/perform[39m
[35m[HTTP][39m [90m{"actions":[{"action":"tap","options":{"x":1,"y":1,"element":"00000000-0000-02f6-ffff-ffff00000285"}},{"action":"release","options":{}}]}[39m
[35m[UiAutomator2][39m calling get location: 00000000-0000-02f6-ffff-ffff00000285
[35m[HTTP][39m [37m<-- POST /wd/hub/session/b102e9d2-fe22-4c18-870f-1de9f8242e4c/touch/perform [39m[32m200[39m [90m214 ms - 14[39m
[35m[HTTP][39m [90m[39m
[35m[HTTP][39m [37m-->[39m [37mPOST[39m [37m/wd/hub/session/b102e9d2-fe22-4c18-870f-1de9f8242e4c/timeouts[39m
[35m[HTTP][39m [90m{"implicit":50}[39m
[35m[HTTP][39m [37m<-- POST /wd/hub/session/b102e9d2-fe22-4c18-870f-1de9f8242e4c/timeouts [39m[32m200[39m [90m1 ms - 14[39m
[35m[HTTP][39m [90m[39m
[35m[HTTP][39m [37m-->[39m [37mGET[39m [37m/wd/hub/session/b102e9d2-fe22-4c18-870f-1de9f8242e4c/window/rect[39m
[35m[HTTP][39m [90m{}[39m
[35m[HTTP][39m [37m<-- GET /wd/hub/session/b102e9d2-fe22-4c18-870f-1de9f8242e4c/window/rect [39m[32m200[39m [90m33 ms - 50[39m
[35m[HTTP][39m [90m[39m
[35m[HTTP][39m [37m-->[39m [37mPOST[39m [37m/wd/hub/session/b102e9d2-fe22-4c18-870f-1de9f8242e4c/elements[39m
[35m[HTTP][39m [90m{"using":"xpath","value":"//*[@class = 'android.widget.TextView' and (@text = 'Property' or . = 'Property')]"}[39m
[35m[HTTP][39m [37m<-- POST /wd/hub/session/b102e9d2-fe22-4c18-870f-1de9f8242e4c/elements [39m[32m200[39m [90m185 ms - 12[39m
[35m[HTTP][39m [90m[39m
[35m[HTTP][39m [37m-->[39m [37mPOST[39m [37m/wd/hub/session/b102e9d2-fe22-4c18-870f-1de9f8242e4c/elements[39m
[35m[HTTP][39m [90m{"using":"xpath","value":"//*[@class = 'android.widget.TextView' and (@text = 'Property' or . = 'Property')]"}[39m
[35m[HTTP][39m [37m<-- POST /wd/hub/session/b102e9d2-fe22-4c18-870f-1de9f8242e4c/elements [39m[32m200[39m [90m3647 ms - 139[39m
[35m[HTTP][39m [90m[39m
[35m[HTTP][39m [37m-->[39m [37mGET[39m [37m/wd/hub/session/b102e9d2-fe22-4c18-870f-1de9f8242e4c/element/00000000-0000-02f6-ffff-ffff0000029a/location[39m
[35m[HTTP][39m [90m{}[39m
[35m[W3C (b102e9d2)][39m Driver proxy active, passing request on via HTTP proxy
[35m[WD Proxy][39m Replacing sessionId 4769e77c-fce7-4dae-951d-af11e0d145fe with b102e9d2-fe22-4c18-870f-1de9f8242e4c
[35m[HTTP][39m [37m<-- GET /wd/hub/session/b102e9d2-fe22-4c18-870f-1de9f8242e4c/element/00000000-0000-02f6-ffff-ffff0000029a/location [39m[32m200[39m [90m16 ms - 78[39m
[35m[HTTP][39m [90m[39m
[35m[HTTP][39m [37m-->[39m [37mPOST[39m [37m/wd/hub/session/b102e9d2-fe22-4c18-870f-1de9f8242e4c/timeouts[39m
[35m[HTTP][39m [90m{"implicit":20000}[39m
[35m[HTTP][39m [37m<-- POST /wd/hub/session/b102e9d2-fe22-4c18-870f-1de9f8242e4c/timeouts [39m[32m200[39m [90m1 ms - 14[39m
[35m[HTTP][39m [90m[39m
[35m[HTTP][39m [37m-->[39m [37mGET[39m [37m/wd/hub/session/b102e9d2-fe22-4c18-870f-1de9f8242e4c/element/00000000-0000-02f6-ffff-ffff0000029a/displayed[39m
[35m[HTTP][39m [90m{}[39m
[35m[HTTP][39m [37m<-- GET /wd/hub/session/b102e9d2-fe22-4c18-870f-1de9f8242e4c/element/00000000-0000-02f6-ffff-ffff0000029a/displayed [39m[32m200[39m [90m12 ms - 14[39m
[35m[HTTP][39m [90m[39m
[35m[HTTP][39m [37m-->[39m [37mPOST[39m [37m/wd/hub/session/b102e9d2-fe22-4c18-870f-1de9f8242e4c/timeouts[39m
[35m[HTTP][39m [90m{"implicit":50}[39m
[35m[HTTP][39m [37m<-- POST /wd/hub/session/b102e9d2-fe22-4c18-870f-1de9f8242e4c/timeouts [39m[32m200[39m [90m1 ms - 14[39m
[35m[HTTP][39m [90m[39m
[35m[HTTP][39m [37m-->[39m [37mGET[39m [37m/wd/hub/session/b102e9d2-fe22-4c18-870f-1de9f8242e4c/window/rect[39m
[35m[HTTP][39m [90m{}[39m
[35m[HTTP][39m [37m<-- GET /wd/hub/session/b102e9d2-fe22-4c18-870f-1de9f8242e4c/window/rect [39m[32m200[39m [90m17 ms - 50[39m
[35m[HTTP][39m [90m[39m
[35m[HTTP][39m [37m-->[39m [37mPOST[39m [37m/wd/hub/session/b102e9d2-fe22-4c18-870f-1de9f8242e4c/elements[39m
[35m[HTTP][39m [90m{"using":"xpath","value":"//*[@class = 'android.widget.TextView' and (@text = 'DISCOVER' or . = 'DISCOVER')]"}[39m
[35m[HTTP][39m [37m<-- POST /wd/hub/session/b102e9d2-fe22-4c18-870f-1de9f8242e4c/elements [39m[32m200[39m [90m223 ms - 139[39m
[35m[HTTP][39m [90m[39m
[35m[HTTP][39m [37m-->[39m [37mGET[39m [37m/wd/hub/session/b102e9d2-fe22-4c18-870f-1de9f8242e4c/element/00000000-0000-02f6-ffff-ffff000003a4/location[39m
[35m[HTTP][39m [90m{}[39m
[35m[W3C (b102e9d2)][39m Driver proxy active, passing request on via HTTP proxy
[35m[WD Proxy][39m Replacing sessionId 4769e77c-fce7-4dae-951d-af11e0d145fe with b102e9d2-fe22-4c18-870f-1de9f8242e4c
[35m[HTTP][39m [37m<-- GET /wd/hub/session/b102e9d2-fe22-4c18-870f-1de9f8242e4c/element/00000000-0000-02f6-ffff-ffff000003a4/location [39m[32m200[39m [90m13 ms - 77[39m
[35m[HTTP][39m [90m[39m
[35m[HTTP][39m [37m-->[39m [37mPOST[39m [37m/wd/hub/session/b102e9d2-fe22-4c18-870f-1de9f8242e4c/timeouts[39m
[35m[HTTP][39m [90m{"implicit":20000}[39m
[35m[HTTP][39m [37m<-- POST /wd/hub/session/b102e9d2-fe22-4c18-870f-1de9f8242e4c/timeouts [39m[32m200[39m [90m1 ms - 14[39m
[35m[HTTP][39m [90m[39m
[35m[HTTP][39m [37m-->[39m [37mGET[39m [37m/wd/hub/session/b102e9d2-fe22-4c18-870f-1de9f8242e4c/element/00000000-0000-02f6-ffff-ffff000003a4/displayed[39m
[35m[HTTP][39m [90m{}[39m
[35m[HTTP][39m [37m<-- GET /wd/hub/session/b102e9d2-fe22-4c18-870f-1de9f8242e4c/element/00000000-0000-02f6-ffff-ffff000003a4/displayed [39m[32m200[39m [90m10 ms - 14[39m
[35m[HTTP][39m [90m[39m
[35m[HTTP][39m [37m-->[39m [37mPOST[39m [37m/wd/hub/session/b102e9d2-fe22-4c18-870f-1de9f8242e4c/timeouts[39m
[35m[HTTP][39m [90m{"implicit":50}[39m
[35m[HTTP][39m [37m<-- POST /wd/hub/session/b102e9d2-fe22-4c18-870f-1de9f8242e4c/timeouts [39m[32m200[39m [90m1 ms - 14[39m
[35m[HTTP][39m [90m[39m
[35m[HTTP][39m [37m-->[39m [37mGET[39m [37m/wd/hub/session/b102e9d2-fe22-4c18-870f-1de9f8242e4c/window/rect[39m
[35m[HTTP][39m [90m{}[39m
[35m[HTTP][39m [37m<-- GET /wd/hub/session/b102e9d2-fe22-4c18-870f-1de9f8242e4c/window/rect [39m[32m200[39m [90m19 ms - 50[39m
[35m[HTTP][39m [90m[39m
[35m[HTTP][39m [37m-->[39m [37mPOST[39m [37m/wd/hub/session/b102e9d2-fe22-4c18-870f-1de9f8242e4c/elements[39m
[35m[HTTP][39m [90m{"using":"xpath","value":"//*[@class = 'android.widget.TextView' and (@text = 'Search properties' or . = 'Search properties')]"}[39m
[35m[HTTP][39m [37m<-- POST /wd/hub/session/b102e9d2-fe22-4c18-870f-1de9f8242e4c/elements [39m[32m200[39m [90m419 ms - 139[39m
[35m[HTTP][39m [90m[39m
[35m[HTTP][39m [37m-->[39m [37mGET[39m [37m/wd/hub/session/b102e9d2-fe22-4c18-870f-1de9f8242e4c/element/00000000-0000-02f6-ffff-ffff000002a8/location[39m
[35m[HTTP][39m [90m{}[39m
[35m[W3C (b102e9d2)][39m Driver proxy active, passing request on via HTTP proxy
[35m[WD Proxy][39m Replacing sessionId 4769e77c-fce7-4dae-951d-af11e0d145fe with b102e9d2-fe22-4c18-870f-1de9f8242e4c
[35m[HTTP][39m [37m<-- GET /wd/hub/session/b102e9d2-fe22-4c18-870f-1de9f8242e4c/element/00000000-0000-02f6-ffff-ffff000002a8/location [39m[32m200[39m [90m26 ms - 78[39m
[35m[HTTP][39m [90m[39m
[35m[HTTP][39m [37m-->[39m [37mPOST[39m [37m/wd/hub/session/b102e9d2-fe22-4c18-870f-1de9f8242e4c/timeouts[39m
[35m[HTTP][39m [90m{"implicit":20000}[39m
[35m[HTTP][39m [37m<-- POST /wd/hub/session/b102e9d2-fe22-4c18-870f-1de9f8242e4c/timeouts [39m[32m200[39m [90m1 ms - 14[39m
[35m[HTTP][39m [90m[39m
[35m[HTTP][39m [37m-->[39m [37mPOST[39m [37m/wd/hub/session/b102e9d2-fe22-4c18-870f-1de9f8242e4c/touch/perform[39m
[35m[HTTP][39m [90m{"actions":[{"action":"tap","options":{"x":1,"y":1,"element":"00000000-0000-02f6-ffff-ffff000002a8"}},{"action":"release","options":{}}]}[39m
[35m[UiAutomator2][39m calling get location: 00000000-0000-02f6-ffff-ffff000002a8
[35m[HTTP][39m [37m<-- POST /wd/hub/session/b102e9d2-fe22-4c18-870f-1de9f8242e4c/touch/perform [39m[32m200[39m [90m239 ms - 14[39m
[35m[HTTP][39m [90m[39m
[35m[HTTP][39m [37m-->[39m [37mPOST[39m [37m/wd/hub/session/b102e9d2-fe22-4c18-870f-1de9f8242e4c/timeouts[39m
[35m[HTTP][39m [90m{"implicit":50}[39m
[35m[HTTP][39m [37m<-- POST /wd/hub/session/b102e9d2-fe22-4c18-870f-1de9f8242e4c/timeouts [39m[32m200[39m [90m1 ms - 14[39m
[35m[HTTP][39m [90m[39m
[35m[HTTP][39m [37m-->[39m [37mGET[39m [37m/wd/hub/session/b102e9d2-fe22-4c18-870f-1de9f8242e4c/window/rect[39m
[35m[HTTP][39m [90m{}[39m
[35m[HTTP][39m [37m<-- GET /wd/hub/session/b102e9d2-fe22-4c18-870f-1de9f8242e4c/window/rect [39m[32m200[39m [90m30 ms - 50[39m
[35m[HTTP][39m [90m[39m
[35m[HTTP][39m [37m-->[39m [37mPOST[39m [37m/wd/hub/session/b102e9d2-fe22-4c18-870f-1de9f8242e4c/elements[39m
[35m[HTTP][39m [90m{"using":"xpath","value":"//*[@class = 'android.widget.EditText' and (@text = '' or . = '')]"}[39m
[35m[HTTP][39m [37m<-- POST /wd/hub/session/b102e9d2-fe22-4c18-870f-1de9f8242e4c/elements [39m[32m200[39m [90m411 ms - 12[39m
[35m[HTTP][39m [90m[39m
[35m[HTTP][39m [37m-->[39m [37mPOST[39m [37m/wd/hub/session/b102e9d2-fe22-4c18-870f-1de9f8242e4c/elements[39m
[35m[HTTP][39m [90m{"using":"xpath","value":"//*[@class = 'android.widget.EditText' and (@text = '' or . = '')]"}[39m
[35m[HTTP][39m [37m<-- POST /wd/hub/session/b102e9d2-fe22-4c18-870f-1de9f8242e4c/elements [39m[32m200[39m [90m693 ms - 139[39m
[35m[HTTP][39m [90m[39m
[35m[HTTP][39m [37m-->[39m [37mGET[39m [37m/wd/hub/session/b102e9d2-fe22-4c18-870f-1de9f8242e4c/element/00000000-0000-02f6-ffff-ffff0000040b/location[39m
[35m[HTTP][39m [90m{}[39m
[35m[W3C (b102e9d2)][39m Driver proxy active, passing request on via HTTP proxy
[35m[WD Proxy][39m Replacing sessionId 4769e77c-fce7-4dae-951d-af11e0d145fe with b102e9d2-fe22-4c18-870f-1de9f8242e4c
[35m[HTTP][39m [37m<-- GET /wd/hub/session/b102e9d2-fe22-4c18-870f-1de9f8242e4c/element/00000000-0000-02f6-ffff-ffff0000040b/location [39m[32m200[39m [90m609 ms - 78[39m
[35m[HTTP][39m [90m[39m
[35m[HTTP][39m [37m-->[39m [37mPOST[39m [37m/wd/hub/session/b102e9d2-fe22-4c18-870f-1de9f8242e4c/timeouts[39m
[35m[HTTP][39m [90m{"implicit":20000}[39m
[35m[HTTP][39m [37m<-- POST /wd/hub/session/b102e9d2-fe22-4c18-870f-1de9f8242e4c/timeouts [39m[32m200[39m [90m1 ms - 14[39m
[35m[HTTP][39m [90m[39m
[35m[HTTP][39m [37m-->[39m [37mPOST[39m [37m/wd/hub/session/b102e9d2-fe22-4c18-870f-1de9f8242e4c/element/00000000-0000-02f6-ffff-ffff0000040b/clear[39m
[35m[HTTP][39m [90m{"id":"00000000-0000-02f6-ffff-ffff0000040b"}[39m
[35m[HTTP][39m [37m<-- POST /wd/hub/session/b102e9d2-fe22-4c18-870f-1de9f8242e4c/element/00000000-0000-02f6-ffff-ffff0000040b/clear [39m[32m200[39m [90m40 ms - 14[39m
[35m[HTTP][39m [90m[39m
[35m[HTTP][39m [37m-->[39m [37mPOST[39m [37m/wd/hub/session/b102e9d2-fe22-4c18-870f-1de9f8242e4c/element/00000000-0000-02f6-ffff-ffff0000040b/value[39m
[35m[HTTP][39m [90m{"id":"00000000-0000-02f6-ffff-ffff0000040b","text":"!@#$","value":["!","@","#","$"]}[39m
[35m[HTTP][39m [37m<-- POST /wd/hub/session/b102e9d2-fe22-4c18-870f-1de9f8242e4c/element/00000000-0000-02f6-ffff-ffff0000040b/value [39m[32m200[39m [90m658 ms - 14[39m
[35m[HTTP][39m [90m[39m
[35m[HTTP][39m [37m-->[39m [37mGET[39m [37m/wd/hub/session/b102e9d2-fe22-4c18-870f-1de9f8242e4c/context[39m
[35m[HTTP][39m [90m{}[39m
[35m[HTTP][39m [37m<-- GET /wd/hub/session/b102e9d2-fe22-4c18-870f-1de9f8242e4c/context [39m[32m200[39m [90m1 ms - 22[39m
[35m[HTTP][39m [90m[39m
[35m[HTTP][39m [37m-->[39m [37mGET[39m [37m/wd/hub/session/b102e9d2-fe22-4c18-870f-1de9f8242e4c/contexts[39m
[35m[HTTP][39m [90m{}[39m
[35m[AndroidDriver][39m Skipping the webview 'WEBVIEW_Terrace' at '@Terrace_devtools_remote' since it has reported having zero pages
[35m[HTTP][39m [37m<-- GET /wd/hub/session/b102e9d2-fe22-4c18-870f-1de9f8242e4c/contexts [39m[32m200[39m [90m71 ms - 24[39m
[35m[HTTP][39m [90m[39m
[35m[HTTP][39m [37m-->[39m [37mPOST[39m [37m/wd/hub/session/b102e9d2-fe22-4c18-870f-1de9f8242e4c/context[39m
[35m[HTTP][39m [90m{"name":"NATIVE_APP"}[39m
[35m[HTTP][39m [37m<-- POST /wd/hub/session/b102e9d2-fe22-4c18-870f-1de9f8242e4c/context [39m[32m200[39m [90m1 ms - 14[39m
[35m[HTTP][39m [90m[39m
[35m[HTTP][39m [37m-->[39m [37mPOST[39m [37m/wd/hub/session/b102e9d2-fe22-4c18-870f-1de9f8242e4c/appium/device/hide_keyboard[39m
[35m[HTTP][39m [90m{}[39m
[35m[HTTP][39m [37m<-- POST /wd/hub/session/b102e9d2-fe22-4c18-870f-1de9f8242e4c/appium/device/hide_keyboard [39m[32m200[39m [90m1057 ms - 14[39m
[35m[HTTP][39m [90m[39m
[35m[HTTP][39m [37m-->[39m [37mPOST[39m [37m/wd/hub/session/b102e9d2-fe22-4c18-870f-1de9f8242e4c/context[39m
[35m[HTTP][39m [90m{"name":"NATIVE_APP"}[39m
[35m[HTTP][39m [37m<-- POST /wd/hub/session/b102e9d2-fe22-4c18-870f-1de9f8242e4c/context [39m[32m200[39m [90m1 ms - 14[39m
[35m[HTTP][39m [90m[39m
[35m[HTTP][39m [37m-->[39m [37mPOST[39m [37m/wd/hub/session/b102e9d2-fe22-4c18-870f-1de9f8242e4c/timeouts[39m
[35m[HTTP][39m [90m{"implicit":50}[39m
[35m[HTTP][39m [37m<-- POST /wd/hub/session/b102e9d2-fe22-4c18-870f-1de9f8242e4c/timeouts [39m[32m200[39m [90m1 ms - 14[39m
[35m[HTTP][39m [90m[39m
[35m[HTTP][39m [37m-->[39m [37mGET[39m [37m/wd/hub/session/b102e9d2-fe22-4c18-870f-1de9f8242e4c/window/rect[39m
[35m[HTTP][39m [90m{}[39m
[35m[HTTP][39m [37m<-- GET /wd/hub/session/b102e9d2-fe22-4c18-870f-1de9f8242e4c/window/rect [39m[32m200[39m [90m11 ms - 50[39m
[35m[HTTP][39m [90m[39m
[35m[HTTP][39m [37m-->[39m [37mPOST[39m [37m/wd/hub/session/b102e9d2-fe22-4c18-870f-1de9f8242e4c/elements[39m
[35m[HTTP][39m [90m{"using":"xpath","value":"//*[@class = 'android.widget.EditText' and (@text = '' or . = '')]"}[39m
[35m[HTTP][39m [37m<-- POST /wd/hub/session/b102e9d2-fe22-4c18-870f-1de9f8242e4c/elements [39m[32m200[39m [90m1051 ms - 139[39m
[35m[HTTP][39m [90m[39m
[35m[HTTP][39m [37m-->[39m [37mGET[39m [37m/wd/hub/session/b102e9d2-fe22-4c18-870f-1de9f8242e4c/element/00000000-0000-02f6-ffff-ffff0000040b/location[39m
[35m[HTTP][39m [90m{}[39m
[35m[W3C (b102e9d2)][39m Driver proxy active, passing request on via HTTP proxy
[35m[WD Proxy][39m Replacing sessionId 4769e77c-fce7-4dae-951d-af11e0d145fe with b102e9d2-fe22-4c18-870f-1de9f8242e4c
[35m[HTTP][39m [37m<-- GET /wd/hub/session/b102e9d2-fe22-4c18-870f-1de9f8242e4c/element/00000000-0000-02f6-ffff-ffff0000040b/location [39m[32m200[39m [90m1266 ms - 78[39m
[35m[HTTP][39m [90m[39m
[35m[HTTP][39m [37m-->[39m [37mPOST[39m [37m/wd/hub/session/b102e9d2-fe22-4c18-870f-1de9f8242e4c/timeouts[39m
[35m[HTTP][39m [90m{"implicit":20000}[39m
[35m[HTTP][39m [37m<-- POST /wd/hub/session/b102e9d2-fe22-4c18-870f-1de9f8242e4c/timeouts [39m[32m200[39m [90m1 ms - 14[39m
[35m[HTTP][39m [90m[39m
[35m[HTTP][39m [37m-->[39m [37mPOST[39m [37m/wd/hub/session/b102e9d2-fe22-4c18-870f-1de9f8242e4c/element/00000000-0000-02f6-ffff-ffff0000040b/clear[39m
[35m[HTTP][39m [90m{"id":"00000000-0000-02f6-ffff-ffff0000040b"}[39m
[35m[HTTP][39m [37m<-- POST /wd/hub/session/b102e9d2-fe22-4c18-870f-1de9f8242e4c/element/00000000-0000-02f6-ffff-ffff0000040b/clear [39m[32m200[39m [90m40 ms - 14[39m
[35m[HTTP][39m [90m[39m
[35m[HTTP][39m [37m-->[39m [37mPOST[39m [37m/wd/hub/session/b102e9d2-fe22-4c18-870f-1de9f8242e4c/element/00000000-0000-02f6-ffff-ffff0000040b/value[39m
[35m[HTTP][39m [90m{"id":"00000000-0000-02f6-ffff-ffff0000040b","text":"12345","value":["1","2","3","4","5"]}[39m
[35m[HTTP][39m [37m<-- POST /wd/hub/session/b102e9d2-fe22-4c18-870f-1de9f8242e4c/element/00000000-0000-02f6-ffff-ffff0000040b/value [39m[32m200[39m [90m604 ms - 14[39m
[35m[HTTP][39m [90m[39m
[35m[HTTP][39m [37m-->[39m [37mGET[39m [37m/wd/hub/session/b102e9d2-fe22-4c18-870f-1de9f8242e4c/context[39m
[35m[HTTP][39m [90m{}[39m
[35m[HTTP][39m [37m<-- GET /wd/hub/session/b102e9d2-fe22-4c18-870f-1de9f8242e4c/context [39m[32m200[39m [90m1 ms - 22[39m
[35m[HTTP][39m [90m[39m
[35m[HTTP][39m [37m-->[39m [37mGET[39m [37m/wd/hub/session/b102e9d2-fe22-4c18-870f-1de9f8242e4c/contexts[39m
[35m[HTTP][39m [90m{}[39m
[35m[AndroidDriver][39m Skipping the webview 'WEBVIEW_Terrace' at '@Terrace_devtools_remote' since it has reported having zero pages
[35m[HTTP][39m [37m<-- GET /wd/hub/session/b102e9d2-fe22-4c18-870f-1de9f8242e4c/contexts [39m[32m200[39m [90m72 ms - 24[39m
[35m[HTTP][39m [90m[39m
[35m[HTTP][39m [37m-->[39m [37mPOST[39m [37m/wd/hub/session/b102e9d2-fe22-4c18-870f-1de9f8242e4c/context[39m
[35m[HTTP][39m [90m{"name":"NATIVE_APP"}[39m
[35m[HTTP][39m [37m<-- POST /wd/hub/session/b102e9d2-fe22-4c18-870f-1de9f8242e4c/context [39m[32m200[39m [90m1 ms - 14[39m
[35m[HTTP][39m [90m[39m
[35m[HTTP][39m [37m-->[39m [37mPOST[39m [37m/wd/hub/session/b102e9d2-fe22-4c18-870f-1de9f8242e4c/appium/device/hide_keyboard[39m
[35m[HTTP][39m [90m{}[39m
[35m[ADB][39m Keyboard has no UI; no closing necessary
[35m[HTTP][39m [37m<-- POST /wd/hub/session/b102e9d2-fe22-4c18-870f-1de9f8242e4c/appium/device/hide_keyboard [39m[32m200[39m [90m338 ms - 15[39m
[35m[HTTP][39m [90m[39m
[35m[HTTP][39m [37m-->[39m [37mPOST[39m [37m/wd/hub/session/b102e9d2-fe22-4c18-870f-1de9f8242e4c/context[39m
[35m[HTTP][39m [90m{"name":"NATIVE_APP"}[39m
[35m[HTTP][39m [37m<-- POST /wd/hub/session/b102e9d2-fe22-4c18-870f-1de9f8242e4c/context [39m[32m200[39m [90m1 ms - 14[39m
[35m[HTTP][39m [90m[39m
[35m[HTTP][39m [37m-->[39m [37mPOST[39m [37m/wd/hub/session/b102e9d2-fe22-4c18-870f-1de9f8242e4c/timeouts[39m
[35m[HTTP][39m [90m{"implicit":50}[39m
[35m[HTTP][39m [37m<-- POST /wd/hub/session/b102e9d2-fe22-4c18-870f-1de9f8242e4c/timeouts [39m[32m200[39m [90m1 ms - 14[39m
[35m[HTTP][39m [90m[39m
[35m[HTTP][39m [37m-->[39m [37mGET[39m [37m/wd/hub/session/b102e9d2-fe22-4c18-870f-1de9f8242e4c/window/rect[39m
[35m[HTTP][39m [90m{}[39m
[35m[HTTP][39m [37m<-- GET /wd/hub/session/b102e9d2-fe22-4c18-870f-1de9f8242e4c/window/rect [39m[32m200[39m [90m20 ms - 50[39m
[35m[HTTP][39m [90m[39m
[35m[HTTP][39m [37m-->[39m [37mPOST[39m [37m/wd/hub/session/b102e9d2-fe22-4c18-870f-1de9f8242e4c/elements[39m
[35m[HTTP][39m [90m{"using":"xpath","value":"//*[@class = 'android.widget.EditText' and (@text = '' or . = '')]"}[39m
[35m[HTTP][39m [37m<-- POST /wd/hub/session/b102e9d2-fe22-4c18-870f-1de9f8242e4c/elements [39m[32m200[39m [90m228 ms - 139[39m
[35m[HTTP][39m [90m[39m
[35m[HTTP][39m [37m-->[39m [37mGET[39m [37m/wd/hub/session/b102e9d2-fe22-4c18-870f-1de9f8242e4c/element/00000000-0000-02f6-ffff-ffff0000040b/location[39m
[35m[HTTP][39m [90m{}[39m
[35m[W3C (b102e9d2)][39m Driver proxy active, passing request on via HTTP proxy
[35m[WD Proxy][39m Replacing sessionId 4769e77c-fce7-4dae-951d-af11e0d145fe with b102e9d2-fe22-4c18-870f-1de9f8242e4c
[35m[HTTP][39m [37m<-- GET /wd/hub/session/b102e9d2-fe22-4c18-870f-1de9f8242e4c/element/00000000-0000-02f6-ffff-ffff0000040b/location [39m[32m200[39m [90m23 ms - 78[39m
[35m[HTTP][39m [90m[39m
[35m[HTTP][39m [37m-->[39m [37mPOST[39m [37m/wd/hub/session/b102e9d2-fe22-4c18-870f-1de9f8242e4c/timeouts[39m
[35m[HTTP][39m [90m{"implicit":20000}[39m
[35m[HTTP][39m [37m<-- POST /wd/hub/session/b102e9d2-fe22-4c18-870f-1de9f8242e4c/timeouts [39m[32m200[39m [90m1 ms - 14[39m
[35m[HTTP][39m [90m[39m
[35m[HTTP][39m [37m-->[39m [37mPOST[39m [37m/wd/hub/session/b102e9d2-fe22-4c18-870f-1de9f8242e4c/element/00000000-0000-02f6-ffff-ffff0000040b/clear[39m
[35m[HTTP][39m [90m{"id":"00000000-0000-02f6-ffff-ffff0000040b"}[39m
[35m[HTTP][39m [37m<-- POST /wd/hub/session/b102e9d2-fe22-4c18-870f-1de9f8242e4c/element/00000000-0000-02f6-ffff-ffff0000040b/clear [39m[32m200[39m [90m61 ms - 14[39m
[35m[HTTP][39m [90m[39m
[35m[HTTP][39m [37m-->[39m [37mPOST[39m [37m/wd/hub/session/b102e9d2-fe22-4c18-870f-1de9f8242e4c/element/00000000-0000-02f6-ffff-ffff0000040b/value[39m
[35m[HTTP][39m [90m{"id":"00000000-0000-02f6-ffff-ffff0000040b","text":"Resi","value":["R","e","s","i"]}[39m
[35m[HTTP][39m [37m<-- POST /wd/hub/session/b102e9d2-fe22-4c18-870f-1de9f8242e4c/element/00000000-0000-02f6-ffff-ffff0000040b/value [39m[32m200[39m [90m614 ms - 14[39m
[35m[HTTP][39m [90m[39m
[35m[HTTP][39m [37m-->[39m [37mGET[39m [37m/wd/hub/session/b102e9d2-fe22-4c18-870f-1de9f8242e4c/context[39m
[35m[HTTP][39m [90m{}[39m
[35m[HTTP][39m [37m<-- GET /wd/hub/session/b102e9d2-fe22-4c18-870f-1de9f8242e4c/context [39m[32m200[39m [90m1 ms - 22[39m
[35m[HTTP][39m [90m[39m
[35m[HTTP][39m [37m-->[39m [37mGET[39m [37m/wd/hub/session/b102e9d2-fe22-4c18-870f-1de9f8242e4c/contexts[39m
[35m[HTTP][39m [90m{}[39m
[35m[AndroidDriver][39m Skipping the webview 'WEBVIEW_Terrace' at '@Terrace_devtools_remote' since it has reported having zero pages
[35m[HTTP][39m [37m<-- GET /wd/hub/session/b102e9d2-fe22-4c18-870f-1de9f8242e4c/contexts [39m[32m200[39m [90m82 ms - 24[39m
[35m[HTTP][39m [90m[39m
[35m[HTTP][39m [37m-->[39m [37mPOST[39m [37m/wd/hub/session/b102e9d2-fe22-4c18-870f-1de9f8242e4c/context[39m
[35m[HTTP][39m [90m{"name":"NATIVE_APP"}[39m
[35m[HTTP][39m [37m<-- POST /wd/hub/session/b102e9d2-fe22-4c18-870f-1de9f8242e4c/context [39m[32m200[39m [90m1 ms - 14[39m
[35m[HTTP][39m [90m[39m
[35m[HTTP][39m [37m-->[39m [37mPOST[39m [37m/wd/hub/session/b102e9d2-fe22-4c18-870f-1de9f8242e4c/appium/device/hide_keyboard[39m
[35m[HTTP][39m [90m{}[39m
[35m[ADB][39m Keyboard has no UI; no closing necessary
[35m[HTTP][39m [37m<-- POST /wd/hub/session/b102e9d2-fe22-4c18-870f-1de9f8242e4c/appium/device/hide_keyboard [39m[32m200[39m [90m375 ms - 15[39m
[35m[HTTP][39m [90m[39m
[35m[HTTP][39m [37m-->[39m [37mPOST[39m [37m/wd/hub/session/b102e9d2-fe22-4c18-870f-1de9f8242e4c/context[39m
[35m[HTTP][39m [90m{"name":"NATIVE_APP"}[39m
[35m[HTTP][39m [37m<-- POST /wd/hub/session/b102e9d2-fe22-4c18-870f-1de9f8242e4c/context [39m[32m200[39m [90m1 ms - 14[39m
[35m[HTTP][39m [90m[39m
[35m[HTTP][39m [37m-->[39m [37mPOST[39m [37m/wd/hub/session/b102e9d2-fe22-4c18-870f-1de9f8242e4c/timeouts[39m
[35m[HTTP][39m [90m{"implicit":50}[39m
[35m[HTTP][39m [37m<-- POST /wd/hub/session/b102e9d2-fe22-4c18-870f-1de9f8242e4c/timeouts [39m[32m200[39m [90m1 ms - 14[39m
[35m[HTTP][39m [90m[39m
[35m[HTTP][39m [37m-->[39m [37mGET[39m [37m/wd/hub/session/b102e9d2-fe22-4c18-870f-1de9f8242e4c/window/rect[39m
[35m[HTTP][39m [90m{}[39m
[35m[HTTP][39m [37m<-- GET /wd/hub/session/b102e9d2-fe22-4c18-870f-1de9f8242e4c/window/rect [39m[32m200[39m [90m21 ms - 50[39m
[35m[HTTP][39m [90m[39m
[35m[HTTP][39m [37m-->[39m [37mPOST[39m [37m/wd/hub/session/b102e9d2-fe22-4c18-870f-1de9f8242e4c/elements[39m
[35m[HTTP][39m [90m{"using":"xpath","value":"//hierarchy/android.widget.FrameLayout[1]/android.widget.LinearLayout[1]/android.widget.FrameLayout[1]/android.widget.LinearLayout[1]/android.widget.FrameLayout[1]/android.widget.FrameLayout[1]/android.view.ViewGroup[1]/android.view.ViewGroup[1]/android.view.ViewGroup[1]/android.view.ViewGroup[1]/android.view.ViewGroup[1]/android.widget.FrameLayout[1]/android.view.ViewGroup[1]/android.view.ViewGroup[1]/android.view.ViewGroup[1]/android.view.ViewGroup[1]/android.view.ViewGroup[1]/android.view.ViewGroup[1]/android.widget.FrameLayout[1]/android.view.ViewGroup[1]/android.view.ViewGroup[1]/android.view.ViewGroup[1]/android.view.ViewGroup[1]/android.view.ViewGroup[1]/android.view.ViewGroup[1]/android.view.ViewGroup[1]/android.widget.ScrollView[1]/android.view.ViewGroup[1]/android.view.ViewGroup[1]"}[39m
[35m[HTTP][39m [37m<-- POST /wd/hub/session/b102e9d2-fe22-4c18-870f-1de9f8242e4c/elements [39m[32m200[39m [90m185 ms - 139[39m
[35m[HTTP][39m [90m[39m
[35m[HTTP][39m [37m-->[39m [37mGET[39m [37m/wd/hub/session/b102e9d2-fe22-4c18-870f-1de9f8242e4c/element/00000000-0000-02f6-ffff-ffff00000464/location[39m
[35m[HTTP][39m [90m{}[39m
[35m[W3C (b102e9d2)][39m Driver proxy active, passing request on via HTTP proxy
[35m[WD Proxy][39m Replacing sessionId 4769e77c-fce7-4dae-951d-af11e0d145fe with b102e9d2-fe22-4c18-870f-1de9f8242e4c
[35m[HTTP][39m [37m<-- GET /wd/hub/session/b102e9d2-fe22-4c18-870f-1de9f8242e4c/element/00000000-0000-02f6-ffff-ffff00000464/location [39m[32m200[39m [90m26 ms - 78[39m
[35m[HTTP][39m [90m[39m
[35m[HTTP][39m [37m-->[39m [37mPOST[39m [37m/wd/hub/session/b102e9d2-fe22-4c18-870f-1de9f8242e4c/timeouts[39m
[35m[HTTP][39m [90m{"implicit":20000}[39m
[35m[HTTP][39m [37m<-- POST /wd/hub/session/b102e9d2-fe22-4c18-870f-1de9f8242e4c/timeouts [39m[32m200[39m [90m1 ms - 14[39m
[35m[HTTP][39m [90m[39m
[35m[HTTP][39m [37m-->[39m [37mPOST[39m [37m/wd/hub/session/b102e9d2-fe22-4c18-870f-1de9f8242e4c/timeouts[39m
[35m[HTTP][39m [90m{"implicit":50}[39m
[35m[HTTP][39m [37m<-- POST /wd/hub/session/b102e9d2-fe22-4c18-870f-1de9f8242e4c/timeouts [39m[32m200[39m [90m1 ms - 14[39m
[35m[HTTP][39m [90m[39m
[35m[HTTP][39m [37m-->[39m [37mGET[39m [37m/wd/hub/session/b102e9d2-fe22-4c18-870f-1de9f8242e4c/window/rect[39m
[35m[HTTP][39m [90m{}[39m
[35m[HTTP][39m [37m<-- GET /wd/hub/session/b102e9d2-fe22-4c18-870f-1de9f8242e4c/window/rect [39m[32m200[39m [90m14 ms - 50[39m
[35m[HTTP][39m [90m[39m
[35m[HTTP][39m [37m-->[39m [37mPOST[39m [37m/wd/hub/session/b102e9d2-fe22-4c18-870f-1de9f8242e4c/elements[39m
[35m[HTTP][39m [90m{"using":"xpath","value":"//hierarchy/android.widget.FrameLayout[1]/android.widget.LinearLayout[1]/android.widget.FrameLayout[1]/android.widget.LinearLayout[1]/android.widget.FrameLayout[1]/android.widget.FrameLayout[1]/android.view.ViewGroup[1]/android.view.ViewGroup[1]/android.view.ViewGroup[1]/android.view.ViewGroup[1]/android.view.ViewGroup[1]/android.widget.FrameLayout[1]/android.view.ViewGroup[1]/android.view.ViewGroup[1]/android.view.ViewGroup[1]/android.view.ViewGroup[1]/android.view.ViewGroup[1]/android.view.ViewGroup[1]/android.widget.FrameLayout[1]/android.view.ViewGroup[1]/android.view.ViewGroup[1]/android.view.ViewGroup[1]/android.view.ViewGroup[1]/android.view.ViewGroup[1]/android.view.ViewGroup[1]/android.view.ViewGroup[1]/android.widget.ScrollView[1]/android.view.ViewGroup[1]/android.view.ViewGroup[1]"}[39m
[35m[HTTP][39m [37m<-- POST /wd/hub/session/b102e9d2-fe22-4c18-870f-1de9f8242e4c/elements [39m[32m200[39m [90m153 ms - 139[39m
[35m[HTTP][39m [90m[39m
[35m[HTTP][39m [37m-->[39m [37mGET[39m [37m/wd/hub/session/b102e9d2-fe22-4c18-870f-1de9f8242e4c/element/00000000-0000-02f6-ffff-ffff00000464/location[39m
[35m[HTTP][39m [90m{}[39m
[35m[W3C (b102e9d2)][39m Driver proxy active, passing request on via HTTP proxy
[35m[WD Proxy][39m Replacing sessionId 4769e77c-fce7-4dae-951d-af11e0d145fe with b102e9d2-fe22-4c18-870f-1de9f8242e4c
[35m[HTTP][39m [37m<-- GET /wd/hub/session/b102e9d2-fe22-4c18-870f-1de9f8242e4c/element/00000000-0000-02f6-ffff-ffff00000464/location [39m[32m200[39m [90m18 ms - 78[39m
[35m[HTTP][39m [90m[39m
[35m[HTTP][39m [37m-->[39m [37mPOST[39m [37m/wd/hub/session/b102e9d2-fe22-4c18-870f-1de9f8242e4c/timeouts[39m
[35m[HTTP][39m [90m{"implicit":20000}[39m
[35m[HTTP][39m [37m<-- POST /wd/hub/session/b102e9d2-fe22-4c18-870f-1de9f8242e4c/timeouts [39m[32m200[39m [90m1 ms - 14[39m
[35m[HTTP][39m [90m[39m
[35m[HTTP][39m [37m-->[39m [37mGET[39m [37m/wd/hub/session/b102e9d2-fe22-4c18-870f-1de9f8242e4c/element/00000000-0000-02f6-ffff-ffff00000464/displayed[39m
[35m[HTTP][39m [90m{}[39m
[35m[HTTP][39m [37m<-- GET /wd/hub/session/b102e9d2-fe22-4c18-870f-1de9f8242e4c/element/00000000-0000-02f6-ffff-ffff00000464/displayed [39m[32m200[39m [90m20 ms - 14[39m
[35m[HTTP][39m [90m[39m
[35m[HTTP][39m [37m-->[39m [37mPOST[39m [37m/wd/hub/session/b102e9d2-fe22-4c18-870f-1de9f8242e4c/timeouts[39m
[35m[HTTP][39m [90m{"implicit":50}[39m
[35m[HTTP][39m [37m<-- POST /wd/hub/session/b102e9d2-fe22-4c18-870f-1de9f8242e4c/timeouts [39m[32m200[39m [90m1 ms - 14[39m
[35m[HTTP][39m [90m[39m
[35m[HTTP][39m [37m-->[39m [37mGET[39m [37m/wd/hub/session/b102e9d2-fe22-4c18-870f-1de9f8242e4c/window/rect[39m
[35m[HTTP][39m [90m{}[39m
[35m[HTTP][39m [37m<-- GET /wd/hub/session/b102e9d2-fe22-4c18-870f-1de9f8242e4c/window/rect [39m[32m200[39m [90m17 ms - 50[39m
[35m[HTTP][39m [90m[39m
[35m[HTTP][39m [37m-->[39m [37mPOST[39m [37m/wd/hub/session/b102e9d2-fe22-4c18-870f-1de9f8242e4c/elements[39m
[35m[HTTP][39m [90m{"using":"xpath","value":"//*[@class = 'android.widget.EditText' and (@text = '' or . = '')]"}[39m
[35m[HTTP][39m [37m<-- POST /wd/hub/session/b102e9d2-fe22-4c18-870f-1de9f8242e4c/elements [39m[32m200[39m [90m465 ms - 139[39m
[35m[HTTP][39m [90m[39m
[35m[HTTP][39m [37m-->[39m [37mGET[39m [37m/wd/hub/session/b102e9d2-fe22-4c18-870f-1de9f8242e4c/element/00000000-0000-02f6-ffff-ffff0000040b/location[39m
[35m[HTTP][39m [90m{}[39m
[35m[W3C (b102e9d2)][39m Driver proxy active, passing request on via HTTP proxy
[35m[WD Proxy][39m Replacing sessionId 4769e77c-fce7-4dae-951d-af11e0d145fe with b102e9d2-fe22-4c18-870f-1de9f8242e4c
[35m[HTTP][39m [37m<-- GET /wd/hub/session/b102e9d2-fe22-4c18-870f-1de9f8242e4c/element/00000000-0000-02f6-ffff-ffff0000040b/location [39m[32m200[39m [90m15 ms - 78[39m
[35m[HTTP][39m [90m[39m
[35m[HTTP][39m [37m-->[39m [37mPOST[39m [37m/wd/hub/session/b102e9d2-fe22-4c18-870f-1de9f8242e4c/timeouts[39m
[35m[HTTP][39m [90m{"implicit":20000}[39m
[35m[HTTP][39m [37m<-- POST /wd/hub/session/b102e9d2-fe22-4c18-870f-1de9f8242e4c/timeouts [39m[32m200[39m [90m1 ms - 14[39m
[35m[HTTP][39m [90m[39m
[35m[HTTP][39m [37m-->[39m [37mPOST[39m [37m/wd/hub/session/b102e9d2-fe22-4c18-870f-1de9f8242e4c/element/00000000-0000-02f6-ffff-ffff0000040b/clear[39m
[35m[HTTP][39m [90m{"id":"00000000-0000-02f6-ffff-ffff0000040b"}[39m
[35m[HTTP][39m [37m<-- POST /wd/hub/session/b102e9d2-fe22-4c18-870f-1de9f8242e4c/element/00000000-0000-02f6-ffff-ffff0000040b/clear [39m[32m200[39m [90m17 ms - 14[39m
[35m[HTTP][39m [90m[39m
[35m[HTTP][39m [37m-->[39m [37mPOST[39m [37m/wd/hub/session/b102e9d2-fe22-4c18-870f-1de9f8242e4c/element/00000000-0000-02f6-ffff-ffff0000040b/value[39m
[35m[HTTP][39m [90m{"id":"00000000-0000-02f6-ffff-ffff0000040b","text":"Kinabalu Residence","value":["K","i","n","a","b","a","l","u"," ","R","e","s","i","d","e","n","c","e"]}[39m
[35m[HTTP][39m [37m<-- POST /wd/hub/session/b102e9d2-fe22-4c18-870f-1de9f8242e4c/element/00000000-0000-02f6-ffff-ffff0000040b/value [39m[32m200[39m [90m1994 ms - 14[39m
[35m[HTTP][39m [90m[39m
[35m[HTTP][39m [37m-->[39m [37mGET[39m [37m/wd/hub/session/b102e9d2-fe22-4c18-870f-1de9f8242e4c/context[39m
[35m[HTTP][39m [90m{}[39m
[35m[HTTP][39m [37m<-- GET /wd/hub/session/b102e9d2-fe22-4c18-870f-1de9f8242e4c/context [39m[32m200[39m [90m1 ms - 22[39m
[35m[HTTP][39m [90m[39m
[35m[HTTP][39m [37m-->[39m [37mGET[39m [37m/wd/hub/session/b102e9d2-fe22-4c18-870f-1de9f8242e4c/contexts[39m
[35m[HTTP][39m [90m{}[39m
[35m[AndroidDriver][39m Skipping the webview 'WEBVIEW_Terrace' at '@Terrace_devtools_remote' since it has reported having zero pages
[35m[HTTP][39m [37m<-- GET /wd/hub/session/b102e9d2-fe22-4c18-870f-1de9f8242e4c/contexts [39m[32m200[39m [90m74 ms - 24[39m
[35m[HTTP][39m [90m[39m
[35m[HTTP][39m [37m-->[39m [37mPOST[39m [37m/wd/hub/session/b102e9d2-fe22-4c18-870f-1de9f8242e4c/context[39m
[35m[HTTP][39m [90m{"name":"NATIVE_APP"}[39m
[35m[HTTP][39m [37m<-- POST /wd/hub/session/b102e9d2-fe22-4c18-870f-1de9f8242e4c/context [39m[32m200[39m [90m1 ms - 14[39m
[35m[HTTP][39m [90m[39m
[35m[HTTP][39m [37m-->[39m [37mPOST[39m [37m/wd/hub/session/b102e9d2-fe22-4c18-870f-1de9f8242e4c/appium/device/hide_keyboard[39m
[35m[HTTP][39m [90m{}[39m
[35m[ADB][39m Keyboard has no UI; no closing necessary
[35m[HTTP][39m [37m<-- POST /wd/hub/session/b102e9d2-fe22-4c18-870f-1de9f8242e4c/appium/device/hide_keyboard [39m[32m200[39m [90m301 ms - 15[39m
[35m[HTTP][39m [90m[39m
[35m[HTTP][39m [37m-->[39m [37mPOST[39m [37m/wd/hub/session/b102e9d2-fe22-4c18-870f-1de9f8242e4c/context[39m
[35m[HTTP][39m [90m{"name":"NATIVE_APP"}[39m
[35m[HTTP][39m [37m<-- POST /wd/hub/session/b102e9d2-fe22-4c18-870f-1de9f8242e4c/context [39m[32m200[39m [90m1 ms - 14[39m
[35m[HTTP][39m [90m[39m
[35m[HTTP][39m [37m-->[39m [37mPOST[39m [37m/wd/hub/session/b102e9d2-fe22-4c18-870f-1de9f8242e4c/timeouts[39m
[35m[HTTP][39m [90m{"implicit":50}[39m
[35m[HTTP][39m [37m<-- POST /wd/hub/session/b102e9d2-fe22-4c18-870f-1de9f8242e4c/timeouts [39m[32m200[39m [90m1 ms - 14[39m
[35m[HTTP][39m [90m[39m
[35m[HTTP][39m [37m-->[39m [37mGET[39m [37m/wd/hub/session/b102e9d2-fe22-4c18-870f-1de9f8242e4c/window/rect[39m
[35m[HTTP][39m [90m{}[39m
[35m[HTTP][39m [37m<-- GET /wd/hub/session/b102e9d2-fe22-4c18-870f-1de9f8242e4c/window/rect [39m[32m200[39m [90m18 ms - 50[39m
[35m[HTTP][39m [90m[39m
[35m[HTTP][39m [37m-->[39m [37mPOST[39m [37m/wd/hub/session/b102e9d2-fe22-4c18-870f-1de9f8242e4c/elements[39m
[35m[HTTP][39m [90m{"using":"xpath","value":"//hierarchy/android.widget.FrameLayout[1]/android.widget.LinearLayout[1]/android.widget.FrameLayout[1]/android.widget.LinearLayout[1]/android.widget.FrameLayout[1]/android.widget.FrameLayout[1]/android.view.ViewGroup[1]/android.view.ViewGroup[1]/android.view.ViewGroup[1]/android.view.ViewGroup[1]/android.view.ViewGroup[1]/android.widget.FrameLayout[1]/android.view.ViewGroup[1]/android.view.ViewGroup[1]/android.view.ViewGroup[1]/android.view.ViewGroup[1]/android.view.ViewGroup[1]/android.view.ViewGroup[1]/android.widget.FrameLayout[1]/android.view.ViewGroup[1]/android.view.ViewGroup[1]/android.view.ViewGroup[1]/android.view.ViewGroup[1]/android.view.ViewGroup[1]/android.view.ViewGroup[1]/android.view.ViewGroup[1]/android.widget.ScrollView[1]/android.view.ViewGroup[1]/android.view.ViewGroup[1]"}[39m
[35m[HTTP][39m [37m<-- POST /wd/hub/session/b102e9d2-fe22-4c18-870f-1de9f8242e4c/elements [39m[32m200[39m [90m1239 ms - 139[39m
[35m[HTTP][39m [90m[39m
[35m[HTTP][39m [37m-->[39m [37mGET[39m [37m/wd/hub/session/b102e9d2-fe22-4c18-870f-1de9f8242e4c/element/00000000-0000-02f6-ffff-ffff000005d8/location[39m
[35m[HTTP][39m [90m{}[39m
[35m[W3C (b102e9d2)][39m Driver proxy active, passing request on via HTTP proxy
[35m[WD Proxy][39m Replacing sessionId 4769e77c-fce7-4dae-951d-af11e0d145fe with b102e9d2-fe22-4c18-870f-1de9f8242e4c
[35m[HTTP][39m [37m<-- GET /wd/hub/session/b102e9d2-fe22-4c18-870f-1de9f8242e4c/element/00000000-0000-02f6-ffff-ffff000005d8/location [39m[32m200[39m [90m19 ms - 77[39m
[35m[HTTP][39m [90m[39m
[35m[HTTP][39m [37m-->[39m [37mPOST[39m [37m/wd/hub/session/b102e9d2-fe22-4c18-870f-1de9f8242e4c/timeouts[39m
[35m[HTTP][39m [90m{"implicit":20000}[39m
[35m[HTTP][39m [37m<-- POST /wd/hub/session/b102e9d2-fe22-4c18-870f-1de9f8242e4c/timeouts [39m[32m200[39m [90m2 ms - 14[39m
[35m[HTTP][39m [90m[39m
[35m[HTTP][39m [37m-->[39m [37mPOST[39m [37m/wd/hub/session/b102e9d2-fe22-4c18-870f-1de9f8242e4c/timeouts[39m
[35m[HTTP][39m [90m{"implicit":50}[39m
[35m[HTTP][39m [37m<-- POST /wd/hub/session/b102e9d2-fe22-4c18-870f-1de9f8242e4c/timeouts [39m[32m200[39m [90m1 ms - 14[39m
[35m[HTTP][39m [90m[39m
[35m[HTTP][39m [37m-->[39m [37mGET[39m [37m/wd/hub/session/b102e9d2-fe22-4c18-870f-1de9f8242e4c/window/rect[39m
[35m[HTTP][39m [90m{}[39m
[35m[HTTP][39m [37m<-- GET /wd/hub/session/b102e9d2-fe22-4c18-870f-1de9f8242e4c/window/rect [39m[32m200[39m [90m16 ms - 50[39m
[35m[HTTP][39m [90m[39m
[35m[HTTP][39m [37m-->[39m [37mPOST[39m [37m/wd/hub/session/b102e9d2-fe22-4c18-870f-1de9f8242e4c/elements[39m
[35m[HTTP][39m [90m{"using":"xpath","value":"//hierarchy/android.widget.FrameLayout[1]/android.widget.LinearLayout[1]/android.widget.FrameLayout[1]/android.widget.LinearLayout[1]/android.widget.FrameLayout[1]/android.widget.FrameLayout[1]/android.view.ViewGroup[1]/android.view.ViewGroup[1]/android.view.ViewGroup[1]/android.view.ViewGroup[1]/android.view.ViewGroup[1]/android.widget.FrameLayout[1]/android.view.ViewGroup[1]/android.view.ViewGroup[1]/android.view.ViewGroup[1]/android.view.ViewGroup[1]/android.view.ViewGroup[1]/android.view.ViewGroup[1]/android.widget.FrameLayout[1]/android.view.ViewGroup[1]/android.view.ViewGroup[1]/android.view.ViewGroup[1]/android.view.ViewGroup[1]/android.view.ViewGroup[1]/android.view.ViewGroup[1]/android.view.ViewGroup[1]/android.widget.ScrollView[1]/android.view.ViewGroup[1]/android.view.ViewGroup[1]"}[39m
[35m[HTTP][39m [37m<-- POST /wd/hub/session/b102e9d2-fe22-4c18-870f-1de9f8242e4c/elements [39m[32m200[39m [90m118 ms - 139[39m
[35m[HTTP][39m [90m[39m
[35m[HTTP][39m [37m-->[39m [37mGET[39m [37m/wd/hub/session/b102e9d2-fe22-4c18-870f-1de9f8242e4c/element/00000000-0000-02f6-ffff-ffff000005d8/location[39m
[35m[HTTP][39m [90m{}[39m
[35m[W3C (b102e9d2)][39m Driver proxy active, passing request on via HTTP proxy
[35m[WD Proxy][39m Replacing sessionId 4769e77c-fce7-4dae-951d-af11e0d145fe with b102e9d2-fe22-4c18-870f-1de9f8242e4c
[35m[HTTP][39m [37m<-- GET /wd/hub/session/b102e9d2-fe22-4c18-870f-1de9f8242e4c/element/00000000-0000-02f6-ffff-ffff000005d8/location [39m[32m200[39m [90m16 ms - 77[39m
[35m[HTTP][39m [90m[39m
[35m[HTTP][39m [37m-->[39m [37mPOST[39m [37m/wd/hub/session/b102e9d2-fe22-4c18-870f-1de9f8242e4c/timeouts[39m
[35m[HTTP][39m [90m{"implicit":20000}[39m
[35m[HTTP][39m [37m<-- POST /wd/hub/session/b102e9d2-fe22-4c18-870f-1de9f8242e4c/timeouts [39m[32m200[39m [90m1 ms - 14[39m
[35m[HTTP][39m [90m[39m
[35m[HTTP][39m [37m-->[39m [37mGET[39m [37m/wd/hub/session/b102e9d2-fe22-4c18-870f-1de9f8242e4c/element/00000000-0000-02f6-ffff-ffff000005d8/displayed[39m
[35m[HTTP][39m [90m{}[39m
[35m[HTTP][39m [37m<-- GET /wd/hub/session/b102e9d2-fe22-4c18-870f-1de9f8242e4c/element/00000000-0000-02f6-ffff-ffff000005d8/displayed [39m[32m200[39m [90m13 ms - 14[39m
[35m[HTTP][39m [90m[39m
[35m[HTTP][39m [37m-->[39m [37mPOST[39m [37m/wd/hub/session/b102e9d2-fe22-4c18-870f-1de9f8242e4c/timeouts[39m
[35m[HTTP][39m [90m{"implicit":50}[39m
[35m[HTTP][39m [37m<-- POST /wd/hub/session/b102e9d2-fe22-4c18-870f-1de9f8242e4c/timeouts [39m[32m200[39m [90m1 ms - 14[39m
[35m[HTTP][39m [90m[39m
[35m[HTTP][39m [37m-->[39m [37mGET[39m [37m/wd/hub/session/b102e9d2-fe22-4c18-870f-1de9f8242e4c/window/rect[39m
[35m[HTTP][39m [90m{}[39m
[35m[HTTP][39m [37m<-- GET /wd/hub/session/b102e9d2-fe22-4c18-870f-1de9f8242e4c/window/rect [39m[32m200[39m [90m15 ms - 50[39m
[35m[HTTP][39m [90m[39m
[35m[HTTP][39m [37m-->[39m [37mPOST[39m [37m/wd/hub/session/b102e9d2-fe22-4c18-870f-1de9f8242e4c/elements[39m
[35m[HTTP][39m [90m{"using":"xpath","value":"//hierarchy/android.widget.FrameLayout[1]/android.widget.LinearLayout[1]/android.widget.FrameLayout[1]/android.widget.LinearLayout[1]/android.widget.FrameLayout[1]/android.widget.FrameLayout[1]/android.view.ViewGroup[1]/android.view.ViewGroup[1]/android.view.ViewGroup[1]/android.view.ViewGroup[1]/android.view.ViewGroup[1]/android.widget.FrameLayout[1]/android.view.ViewGroup[1]/android.view.ViewGroup[1]/android.view.ViewGroup[1]/android.view.ViewGroup[1]/android.view.ViewGroup[1]/android.view.ViewGroup[1]/android.widget.FrameLayout[1]/android.view.ViewGroup[1]/android.view.ViewGroup[1]/android.view.ViewGroup[1]/android.view.ViewGroup[1]/android.view.ViewGroup[1]/android.view.ViewGroup[1]/android.view.ViewGroup[1]/android.widget.ScrollView[1]/android.view.ViewGroup[1]/android.view.ViewGroup[1]"}[39m
[35m[HTTP][39m [37m<-- POST /wd/hub/session/b102e9d2-fe22-4c18-870f-1de9f8242e4c/elements [39m[32m200[39m [90m121 ms - 139[39m
[35m[HTTP][39m [90m[39m
[35m[HTTP][39m [37m-->[39m [37mGET[39m [37m/wd/hub/session/b102e9d2-fe22-4c18-870f-1de9f8242e4c/element/00000000-0000-02f6-ffff-ffff000005d8/location[39m
[35m[HTTP][39m [90m{}[39m
[35m[W3C (b102e9d2)][39m Driver proxy active, passing request on via HTTP proxy
[35m[WD Proxy][39m Replacing sessionId 4769e77c-fce7-4dae-951d-af11e0d145fe with b102e9d2-fe22-4c18-870f-1de9f8242e4c
[35m[HTTP][39m [37m<-- GET /wd/hub/session/b102e9d2-fe22-4c18-870f-1de9f8242e4c/element/00000000-0000-02f6-ffff-ffff000005d8/location [39m[32m200[39m [90m23 ms - 77[39m
[35m[HTTP][39m [90m[39m
[35m[HTTP][39m [37m-->[39m [37mPOST[39m [37m/wd/hub/session/b102e9d2-fe22-4c18-870f-1de9f8242e4c/timeouts[39m
[35m[HTTP][39m [90m{"implicit":20000}[39m
[35m[HTTP][39m [37m<-- POST /wd/hub/session/b102e9d2-fe22-4c18-870f-1de9f8242e4c/timeouts [39m[32m200[39m [90m1 ms - 14[39m
[35m[HTTP][39m [90m[39m
[35m[HTTP][39m [37m-->[39m [37mGET[39m [37m/wd/hub/session/b102e9d2-fe22-4c18-870f-1de9f8242e4c/element/00000000-0000-02f6-ffff-ffff000005d8/location[39m
[35m[HTTP][39m [90m{}[39m
[35m[W3C (b102e9d2)][39m Driver proxy active, passing request on via HTTP proxy
[35m[WD Proxy][39m Replacing sessionId 4769e77c-fce7-4dae-951d-af11e0d145fe with b102e9d2-fe22-4c18-870f-1de9f8242e4c
[35m[HTTP][39m [37m<-- GET /wd/hub/session/b102e9d2-fe22-4c18-870f-1de9f8242e4c/element/00000000-0000-02f6-ffff-ffff000005d8/location [39m[32m200[39m [90m24 ms - 77[39m
[35m[HTTP][39m [90m[39m
[35m[HTTP][39m [37m-->[39m [37mGET[39m [37m/wd/hub/session/b102e9d2-fe22-4c18-870f-1de9f8242e4c/element/00000000-0000-02f6-ffff-ffff000005d8/location[39m
[35m[HTTP][39m [90m{}[39m
[35m[W3C (b102e9d2)][39m Driver proxy active, passing request on via HTTP proxy
[35m[WD Proxy][39m Replacing sessionId 4769e77c-fce7-4dae-951d-af11e0d145fe with b102e9d2-fe22-4c18-870f-1de9f8242e4c
[35m[HTTP][39m [37m<-- GET /wd/hub/session/b102e9d2-fe22-4c18-870f-1de9f8242e4c/element/00000000-0000-02f6-ffff-ffff000005d8/location [39m[32m200[39m [90m27 ms - 77[39m
[35m[HTTP][39m [90m[39m
[35m[HTTP][39m [37m-->[39m [37mPOST[39m [37m/wd/hub/session/b102e9d2-fe22-4c18-870f-1de9f8242e4c/touch/perform[39m
[35m[HTTP][39m [90m{"actions":[{"action":"press","options":{"x":73,"y":724}},{"action":"release","options":{}}]}[39m
[35m[HTTP][39m [37m<-- POST /wd/hub/session/b102e9d2-fe22-4c18-870f-1de9f8242e4c/touch/perform [39m[32m200[39m [90m207 ms - 14[39m
[35m[HTTP][39m [90m[39m
[35m[HTTP][39m [37m-->[39m [37mPOST[39m [37m/wd/hub/session/b102e9d2-fe22-4c18-870f-1de9f8242e4c/touch/perform[39m
[35m[HTTP][39m [90m{"actions":[{"action":"press","options":{"x":73,"y":724}},{"action":"release","options":{}}]}[39m
[35m[HTTP][39m [37m<-- POST /wd/hub/session/b102e9d2-fe22-4c18-870f-1de9f8242e4c/touch/perform [39m[32m200[39m [90m1301 ms - 14[39m
[35m[HTTP][39m [90m[39m
[35m[HTTP][39m [37m-->[39m [37mDELETE[39m [37m/wd/hub/session/b102e9d2-fe22-4c18-870f-1de9f8242e4c[39m
[35m[HTTP][39m [90m{}[39m
[35m[Appium][39m Removing session b102e9d2-fe22-4c18-870f-1de9f8242e4c from our master session list
[35m[UiAutomator2][39m Restoring hidden api policy to the device default configuration
[35m[HTTP][39m [37m<-- DELETE /wd/hub/session/b102e9d2-fe22-4c18-870f-1de9f8242e4c [39m[32m200[39m [90m317 ms - 14[39m
[35m[HTTP][39m [90m[39m
