[35m[Appium][39m Welcome to Appium v1.20.2
[35m[Appium][39m Non-default server args:
[35m[Appium][39m   port: 53232
[35m[Appium][39m   loglevel: info
[35m[Appium][39m   tmpDir: /var/folders/9_/hs2sgn6n6_1d1rf2zz5y2fj00000gn/T//Katalon/Appium/Temp1646203038588
[35m[Appium][39m   chromedriverPort: 53233
[35m[Appium][39m Deprecated server args:
[35m[Appium][39m   [31m--chromedriver-port[39m => --default-capabilities
[35m[Appium][39m Default capabilities, which will be added to each request unless overridden by desired capabilities:
[35m[Appium][39m   chromedriverPort: 53233
[35m[Appium][39m Appium REST http interface listener started on 0.0.0.0:53232
[35m[HTTP][39m [37m-->[39m [37mGET[39m [37m/wd/hub/status[39m
[35m[HTTP][39m [90m{}[39m
[35m[HTTP][39m [37m<-- GET /wd/hub/status [39m[32m200[39m [90m5 ms - 68[39m
[35m[HTTP][39m [90m[39m
[35m[HTTP][39m [37m-->[39m [37mPOST[39m [37m/wd/hub/session[39m
[35m[HTTP][39m [90m{"desiredCapabilities":{"app":"/Users/vinayeddla/Desktop/MAE/app-sit-universal-release.apk","noReset":true,"appWaitActivity":"*","deviceId":"225ac1ea21057ece","deviceName":"samsung SM-G960F (Android 10)","fullReset":false,"platform":"ANDROID","newCommandTimeout":1800,"platformVersion":"10","automationName":"uiautomator2","autoGrantPermissions":true,"platformName":"Android","udid":"225ac1ea21057ece","systemPort":53231},"capabilities":{"firstMatch":[{"appium:app":"/Users/vinayeddla/Desktop/MAE/app-sit-universal-release.apk","appium:appWaitActivity":"*","appium:autoGrantPermissions":true,"appium:automationName":"uiautomator2","deviceId":"225ac1ea21057ece","appium:deviceName":"samsung SM-G960F (Android 10)","appium:fullReset":false,"appium:newCommandTimeout":1800,"appium:noReset":true,"platform":"ANDROID","platformName":"android","appium:platformVersion":"10","appium:systemPort":53231,"appium:udid":"225ac1ea21057ece"}]}}[39m
[35m[BaseDriver][39m The following capabilities are not standard capabilities and should have an extension prefix:
[35m[BaseDriver][39m   deviceId
[35m[BaseDriver][39m   platform
[35m[BaseDriver][39m   chromedriverPort
[35m[Appium][39m Appium v1.20.2 creating new AndroidUiautomator2Driver (v1.61.2) session
[35m[BaseDriver][39m The following capabilities were provided, but are not recognized by Appium:
[35m[BaseDriver][39m   deviceId
[35m[BaseDriver][39m   platform
[35m[BaseDriver][39m Session created with session id: efe15241-ee87-42e7-8c65-cd83ef7d9e39
[35m[BaseDriver][39m Using local app '/Users/vinayeddla/Desktop/MAE/app-sit-universal-release.apk'
[35m[ADB][39m Found 1 'build-tools' folders under '/Users/vinayeddla/.katalon/tools/android_sdk' (newest first):
[35m[ADB][39m     /Users/vinayeddla/.katalon/tools/android_sdk/build-tools/29.0.3
[35m[ADB][39m Using 'adb' from '/Users/vinayeddla/.katalon/tools/android_sdk/platform-tools/adb'
[35m[AndroidDriver][39m Retrieving device list
[35m[AndroidDriver][39m Using device: 225ac1ea21057ece
[35m[ADB][39m Using 'adb' from '/Users/vinayeddla/.katalon/tools/android_sdk/platform-tools/adb'
[35m[ADB][39m Getting device platform version
[35m[UiAutomator2][39m Relaxing hidden api policy
[35m[ADB][39m Package name: 'com.maybank2u.life.sit'
[35m[ADB][39m Main activity name: 'com.zoontek.rnbootsplash.RNBootSplashActivity'
[35m[ADB][39m Using 'apksigner.jar' from '/Users/vinayeddla/.katalon/tools/android_sdk/build-tools/29.0.3/lib/apksigner.jar'
[35m[ADB][39m '/usr/local/lib/node_modules/appium/node_modules/appium-uiautomator2-server/apks/appium-uiautomator2-server-v4.17.4.apk' is signed with the default certificate
[35m[ADB][39m '/usr/local/lib/node_modules/appium/node_modules/appium-uiautomator2-server/apks/appium-uiautomator2-server-debug-androidTest.apk' is signed with the default certificate
[35m[UiAutomator2][39m Server packages are not going to be (re)installed
[35m[ADB][39m Adding packages ["io.appium.settings","io.appium.uiautomator2.server","io.appium.uiautomator2.server.test"] to Doze whitelist
[35m[ADB][39m '/Users/vinayeddla/Desktop/MAE/app-sit-universal-release.apk' is signed with a non-default certificate
[35m[UiAutomator2][39m Starting UIAutomator2 server 4.17.4
[35m[UiAutomator2][39m Using UIAutomator2 server from '/usr/local/lib/node_modules/appium/node_modules/appium-uiautomator2-server/apks/appium-uiautomator2-server-v4.17.4.apk' and test from '/usr/local/lib/node_modules/appium/node_modules/appium-uiautomator2-server/apks/appium-uiautomator2-server-debug-androidTest.apk'
[35m[UiAutomator2][39m Waiting up to 30000ms for UiAutomator2 to be online...
[35m[WD Proxy][39m socket hang up
[35m[WD Proxy][39m socket hang up
[35m[WD Proxy][39m socket hang up
[35m[WD Proxy][39m Determined the downstream protocol as 'W3C'
[35m[AndroidDriver][39m Screen already unlocked, doing nothing
[35m[UiAutomator2][39m Starting 'com.maybank2u.life.sit/com.zoontek.rnbootsplash.RNBootSplashActivity and waiting for 'com.maybank2u.life.sit/*'
[35m[Appium][39m New AndroidUiautomator2Driver session created successfully, session efe15241-ee87-42e7-8c65-cd83ef7d9e39 added to master session list
[35m[HTTP][39m [37m<-- POST /wd/hub/session [39m[32m200[39m [90m8272 ms - 1396[39m
[35m[HTTP][39m [90m[39m
[35m[HTTP][39m [37m-->[39m [37mGET[39m [37m/wd/hub/session/efe15241-ee87-42e7-8c65-cd83ef7d9e39[39m
[35m[HTTP][39m [90m{}[39m
[35m[HTTP][39m [37m<-- GET /wd/hub/session/efe15241-ee87-42e7-8c65-cd83ef7d9e39 [39m[32m200[39m [90m8 ms - 1350[39m
[35m[HTTP][39m [90m[39m
[35m[HTTP][39m [37m-->[39m [37mGET[39m [37m/wd/hub/session/efe15241-ee87-42e7-8c65-cd83ef7d9e39[39m
[35m[HTTP][39m [90m{}[39m
[35m[HTTP][39m [37m<-- GET /wd/hub/session/efe15241-ee87-42e7-8c65-cd83ef7d9e39 [39m[32m200[39m [90m7 ms - 1350[39m
[35m[HTTP][39m [90m[39m
[35m[HTTP][39m [37m-->[39m [37mGET[39m [37m/wd/hub/status[39m
[35m[HTTP][39m [90m{}[39m
[35m[HTTP][39m [37m<-- GET /wd/hub/status [39m[32m200[39m [90m1 ms - 68[39m
[35m[HTTP][39m [90m[39m
[35m[HTTP][39m [37m-->[39m [37mPOST[39m [37m/wd/hub/session/efe15241-ee87-42e7-8c65-cd83ef7d9e39/timeouts[39m
[35m[HTTP][39m [90m{"implicit":20000}[39m
[35m[HTTP][39m [37m<-- POST /wd/hub/session/efe15241-ee87-42e7-8c65-cd83ef7d9e39/timeouts [39m[32m200[39m [90m2 ms - 14[39m
[35m[HTTP][39m [90m[39m
[35m[HTTP][39m [37m-->[39m [37mGET[39m [37m/wd/hub/session/efe15241-ee87-42e7-8c65-cd83ef7d9e39/screenshot[39m
[35m[HTTP][39m [90m{}[39m
[35m[HTTP][39m [37m<-- GET /wd/hub/session/efe15241-ee87-42e7-8c65-cd83ef7d9e39/screenshot [39m[32m200[39m [90m432 ms - 114066[39m
[35m[HTTP][39m [90m[39m
[35m[HTTP][39m [37m-->[39m [37mGET[39m [37m/wd/hub/session/efe15241-ee87-42e7-8c65-cd83ef7d9e39/window/rect[39m
[35m[HTTP][39m [90m{}[39m
[35m[HTTP][39m [37m<-- GET /wd/hub/session/efe15241-ee87-42e7-8c65-cd83ef7d9e39/window/rect [39m[32m200[39m [90m27 ms - 50[39m
[35m[HTTP][39m [90m[39m
[35m[HTTP][39m [37m-->[39m [37mGET[39m [37m/wd/hub/session/efe15241-ee87-42e7-8c65-cd83ef7d9e39/appium/device/system_bars[39m
[35m[HTTP][39m [90m{}[39m
[35m[HTTP][39m [37m<-- GET /wd/hub/session/efe15241-ee87-42e7-8c65-cd83ef7d9e39/appium/device/system_bars [39m[32m200[39m [90m63 ms - 148[39m
[35m[HTTP][39m [90m[39m
[35m[HTTP][39m [37m-->[39m [37mPOST[39m [37m/wd/hub/session/efe15241-ee87-42e7-8c65-cd83ef7d9e39/timeouts[39m
[35m[HTTP][39m [90m{"implicit":50}[39m
[35m[HTTP][39m [37m<-- POST /wd/hub/session/efe15241-ee87-42e7-8c65-cd83ef7d9e39/timeouts [39m[32m200[39m [90m2 ms - 14[39m
[35m[HTTP][39m [90m[39m
[35m[HTTP][39m [37m-->[39m [37mGET[39m [37m/wd/hub/session/efe15241-ee87-42e7-8c65-cd83ef7d9e39/window/rect[39m
[35m[HTTP][39m [90m{}[39m
[35m[HTTP][39m [37m<-- GET /wd/hub/session/efe15241-ee87-42e7-8c65-cd83ef7d9e39/window/rect [39m[32m200[39m [90m20 ms - 50[39m
[35m[HTTP][39m [90m[39m
[35m[HTTP][39m [37m-->[39m [37mPOST[39m [37m/wd/hub/session/efe15241-ee87-42e7-8c65-cd83ef7d9e39/elements[39m
[35m[HTTP][39m [90m{"using":"xpath","value":"//hierarchy/android.widget.FrameLayout[1]/android.widget.LinearLayout[1]/android.widget.FrameLayout[1]/android.widget.LinearLayout[1]/android.widget.FrameLayout[1]/android.widget.FrameLayout[1]/android.view.ViewGroup[1]/android.view.ViewGroup[1]/android.view.ViewGroup[1]/android.view.ViewGroup[1]/android.view.ViewGroup[1]/android.widget.FrameLayout[1]/android.view.ViewGroup[1]/android.view.ViewGroup[1]/android.view.ViewGroup[1]/android.view.ViewGroup[1]/android.view.ViewGroup[1]/android.view.ViewGroup[1]/android.widget.FrameLayout[1]/android.view.ViewGroup[1]/android.view.ViewGroup[1]/android.view.ViewGroup[1]/android.view.ViewGroup[1]/android.view.ViewGroup[1]/android.view.ViewGroup[2]/android.widget.Button[5]"}[39m
[35m[HTTP][39m [37m<-- POST /wd/hub/session/efe15241-ee87-42e7-8c65-cd83ef7d9e39/elements [39m[32m200[39m [90m2674 ms - 139[39m
[35m[HTTP][39m [90m[39m
[35m[HTTP][39m [37m-->[39m [37mGET[39m [37m/wd/hub/session/efe15241-ee87-42e7-8c65-cd83ef7d9e39/element/acf8d27b-0424-42c8-bdab-387ffc225fd0/location[39m
[35m[HTTP][39m [90m{}[39m
[35m[W3C (efe15241)][39m Driver proxy active, passing request on via HTTP proxy
[35m[WD Proxy][39m Replacing sessionId a31feec9-c2d2-4680-935c-f26050545a61 with efe15241-ee87-42e7-8c65-cd83ef7d9e39
[35m[HTTP][39m [37m<-- GET /wd/hub/session/efe15241-ee87-42e7-8c65-cd83ef7d9e39/element/acf8d27b-0424-42c8-bdab-387ffc225fd0/location [39m[32m200[39m [90m38 ms - 79[39m
[35m[HTTP][39m [90m[39m
[35m[HTTP][39m [37m-->[39m [37mPOST[39m [37m/wd/hub/session/efe15241-ee87-42e7-8c65-cd83ef7d9e39/timeouts[39m
[35m[HTTP][39m [90m{"implicit":20000}[39m
[35m[HTTP][39m [37m<-- POST /wd/hub/session/efe15241-ee87-42e7-8c65-cd83ef7d9e39/timeouts [39m[32m200[39m [90m1 ms - 14[39m
[35m[HTTP][39m [90m[39m
[35m[HTTP][39m [37m-->[39m [37mPOST[39m [37m/wd/hub/session/efe15241-ee87-42e7-8c65-cd83ef7d9e39/touch/perform[39m
[35m[HTTP][39m [90m{"actions":[{"action":"tap","options":{"x":1,"y":1,"element":"acf8d27b-0424-42c8-bdab-387ffc225fd0"}},{"action":"release","options":{}}]}[39m
[35m[UiAutomator2][39m calling get location: acf8d27b-0424-42c8-bdab-387ffc225fd0
[35m[HTTP][39m [37m<-- POST /wd/hub/session/efe15241-ee87-42e7-8c65-cd83ef7d9e39/touch/perform [39m[32m200[39m [90m219 ms - 14[39m
[35m[HTTP][39m [90m[39m
[35m[HTTP][39m [37m-->[39m [37mPOST[39m [37m/wd/hub/session/efe15241-ee87-42e7-8c65-cd83ef7d9e39/timeouts[39m
[35m[HTTP][39m [90m{"implicit":50}[39m
[35m[HTTP][39m [37m<-- POST /wd/hub/session/efe15241-ee87-42e7-8c65-cd83ef7d9e39/timeouts [39m[32m200[39m [90m1 ms - 14[39m
[35m[HTTP][39m [90m[39m
[35m[HTTP][39m [37m-->[39m [37mGET[39m [37m/wd/hub/session/efe15241-ee87-42e7-8c65-cd83ef7d9e39/window/rect[39m
[35m[HTTP][39m [90m{}[39m
[35m[HTTP][39m [37m<-- GET /wd/hub/session/efe15241-ee87-42e7-8c65-cd83ef7d9e39/window/rect [39m[32m200[39m [90m49 ms - 50[39m
[35m[HTTP][39m [90m[39m
[35m[HTTP][39m [37m-->[39m [37mPOST[39m [37m/wd/hub/session/efe15241-ee87-42e7-8c65-cd83ef7d9e39/elements[39m
[35m[HTTP][39m [90m{"using":"xpath","value":"//*[@class = 'android.view.ViewGroup' and @index = '7']"}[39m
[35m[HTTP][39m [37m<-- POST /wd/hub/session/efe15241-ee87-42e7-8c65-cd83ef7d9e39/elements [39m[32m200[39m [90m403 ms - 139[39m
[35m[HTTP][39m [90m[39m
[35m[HTTP][39m [37m-->[39m [37mGET[39m [37m/wd/hub/session/efe15241-ee87-42e7-8c65-cd83ef7d9e39/element/747ba153-7a58-464c-b13d-483d42943eca/location[39m
[35m[HTTP][39m [90m{}[39m
[35m[W3C (efe15241)][39m Driver proxy active, passing request on via HTTP proxy
[35m[WD Proxy][39m Replacing sessionId a31feec9-c2d2-4680-935c-f26050545a61 with efe15241-ee87-42e7-8c65-cd83ef7d9e39
[35m[HTTP][39m [37m<-- GET /wd/hub/session/efe15241-ee87-42e7-8c65-cd83ef7d9e39/element/747ba153-7a58-464c-b13d-483d42943eca/location [39m[32m200[39m [90m23 ms - 79[39m
[35m[HTTP][39m [90m[39m
[35m[HTTP][39m [37m-->[39m [37mPOST[39m [37m/wd/hub/session/efe15241-ee87-42e7-8c65-cd83ef7d9e39/timeouts[39m
[35m[HTTP][39m [90m{"implicit":20000}[39m
[35m[HTTP][39m [37m<-- POST /wd/hub/session/efe15241-ee87-42e7-8c65-cd83ef7d9e39/timeouts [39m[32m200[39m [90m1 ms - 14[39m
[35m[HTTP][39m [90m[39m
[35m[HTTP][39m [37m-->[39m [37mGET[39m [37m/wd/hub/session/efe15241-ee87-42e7-8c65-cd83ef7d9e39/element/747ba153-7a58-464c-b13d-483d42943eca/displayed[39m
[35m[HTTP][39m [90m{}[39m
[35m[HTTP][39m [37m<-- GET /wd/hub/session/efe15241-ee87-42e7-8c65-cd83ef7d9e39/element/747ba153-7a58-464c-b13d-483d42943eca/displayed [39m[32m200[39m [90m16 ms - 14[39m
[35m[HTTP][39m [90m[39m
[35m[HTTP][39m [37m-->[39m [37mPOST[39m [37m/wd/hub/session/efe15241-ee87-42e7-8c65-cd83ef7d9e39/timeouts[39m
[35m[HTTP][39m [90m{"implicit":50}[39m
[35m[HTTP][39m [37m<-- POST /wd/hub/session/efe15241-ee87-42e7-8c65-cd83ef7d9e39/timeouts [39m[32m200[39m [90m1 ms - 14[39m
[35m[HTTP][39m [90m[39m
[35m[HTTP][39m [37m-->[39m [37mGET[39m [37m/wd/hub/session/efe15241-ee87-42e7-8c65-cd83ef7d9e39/window/rect[39m
[35m[HTTP][39m [90m{}[39m
[35m[HTTP][39m [37m<-- GET /wd/hub/session/efe15241-ee87-42e7-8c65-cd83ef7d9e39/window/rect [39m[32m200[39m [90m20 ms - 50[39m
[35m[HTTP][39m [90m[39m
[35m[HTTP][39m [37m-->[39m [37mPOST[39m [37m/wd/hub/session/efe15241-ee87-42e7-8c65-cd83ef7d9e39/elements[39m
[35m[HTTP][39m [90m{"using":"xpath","value":"//*[@class = 'android.view.ViewGroup' and @index = '7']"}[39m
[35m[HTTP][39m [37m<-- POST /wd/hub/session/efe15241-ee87-42e7-8c65-cd83ef7d9e39/elements [39m[32m200[39m [90m356 ms - 139[39m
[35m[HTTP][39m [90m[39m
[35m[HTTP][39m [37m-->[39m [37mGET[39m [37m/wd/hub/session/efe15241-ee87-42e7-8c65-cd83ef7d9e39/element/3ffba37b-bdfc-4ef8-9701-ee5ab85f77a0/location[39m
[35m[HTTP][39m [90m{}[39m
[35m[W3C (efe15241)][39m Driver proxy active, passing request on via HTTP proxy
[35m[WD Proxy][39m Replacing sessionId a31feec9-c2d2-4680-935c-f26050545a61 with efe15241-ee87-42e7-8c65-cd83ef7d9e39
[35m[HTTP][39m [37m<-- GET /wd/hub/session/efe15241-ee87-42e7-8c65-cd83ef7d9e39/element/3ffba37b-bdfc-4ef8-9701-ee5ab85f77a0/location [39m[32m200[39m [90m18 ms - 79[39m
[35m[HTTP][39m [90m[39m
[35m[HTTP][39m [37m-->[39m [37mPOST[39m [37m/wd/hub/session/efe15241-ee87-42e7-8c65-cd83ef7d9e39/timeouts[39m
[35m[HTTP][39m [90m{"implicit":20000}[39m
[35m[HTTP][39m [37m<-- POST /wd/hub/session/efe15241-ee87-42e7-8c65-cd83ef7d9e39/timeouts [39m[32m200[39m [90m1 ms - 14[39m
[35m[HTTP][39m [90m[39m
[35m[HTTP][39m [37m-->[39m [37mPOST[39m [37m/wd/hub/session/efe15241-ee87-42e7-8c65-cd83ef7d9e39/touch/perform[39m
[35m[HTTP][39m [90m{"actions":[{"action":"tap","options":{"x":1,"y":1,"element":"3ffba37b-bdfc-4ef8-9701-ee5ab85f77a0"}},{"action":"release","options":{}}]}[39m
[35m[UiAutomator2][39m calling get location: 3ffba37b-bdfc-4ef8-9701-ee5ab85f77a0
[35m[HTTP][39m [37m<-- POST /wd/hub/session/efe15241-ee87-42e7-8c65-cd83ef7d9e39/touch/perform [39m[32m200[39m [90m1267 ms - 14[39m
[35m[HTTP][39m [90m[39m
[35m[HTTP][39m [37m-->[39m [37mPOST[39m [37m/wd/hub/session/efe15241-ee87-42e7-8c65-cd83ef7d9e39/timeouts[39m
[35m[HTTP][39m [90m{"implicit":50}[39m
[35m[HTTP][39m [37m<-- POST /wd/hub/session/efe15241-ee87-42e7-8c65-cd83ef7d9e39/timeouts [39m[32m200[39m [90m1 ms - 14[39m
[35m[HTTP][39m [90m[39m
[35m[HTTP][39m [37m-->[39m [37mGET[39m [37m/wd/hub/session/efe15241-ee87-42e7-8c65-cd83ef7d9e39/window/rect[39m
[35m[HTTP][39m [90m{}[39m
[35m[HTTP][39m [37m<-- GET /wd/hub/session/efe15241-ee87-42e7-8c65-cd83ef7d9e39/window/rect [39m[32m200[39m [90m57 ms - 50[39m
[35m[HTTP][39m [90m[39m
[35m[HTTP][39m [37m-->[39m [37mPOST[39m [37m/wd/hub/session/efe15241-ee87-42e7-8c65-cd83ef7d9e39/elements[39m
[35m[HTTP][39m [90m{"using":"xpath","value":"//*[@class = 'android.widget.TextView' and (@text = 'Skip' or . = 'Skip')]"}[39m
[35m[HTTP][39m [37m<-- POST /wd/hub/session/efe15241-ee87-42e7-8c65-cd83ef7d9e39/elements [39m[32m200[39m [90m106 ms - 12[39m
[35m[HTTP][39m [90m[39m
[35m[HTTP][39m [37m-->[39m [37mPOST[39m [37m/wd/hub/session/efe15241-ee87-42e7-8c65-cd83ef7d9e39/elements[39m
[35m[HTTP][39m [90m{"using":"xpath","value":"//*[@class = 'android.widget.TextView' and (@text = 'Skip' or . = 'Skip')]"}[39m
[35m[HTTP][39m [37m<-- POST /wd/hub/session/efe15241-ee87-42e7-8c65-cd83ef7d9e39/elements [39m[32m200[39m [90m59 ms - 12[39m
[35m[HTTP][39m [90m[39m
[35m[HTTP][39m [37m-->[39m [37mPOST[39m [37m/wd/hub/session/efe15241-ee87-42e7-8c65-cd83ef7d9e39/elements[39m
[35m[HTTP][39m [90m{"using":"xpath","value":"//*[@class = 'android.widget.TextView' and (@text = 'Skip' or . = 'Skip')]"}[39m
[35m[HTTP][39m [37m<-- POST /wd/hub/session/efe15241-ee87-42e7-8c65-cd83ef7d9e39/elements [39m[32m200[39m [90m1774 ms - 139[39m
[35m[HTTP][39m [90m[39m
[35m[HTTP][39m [37m-->[39m [37mGET[39m [37m/wd/hub/session/efe15241-ee87-42e7-8c65-cd83ef7d9e39/element/52e63fdc-3fb6-41bc-b8aa-46f13fa3dfa5/location[39m
[35m[HTTP][39m [90m{}[39m
[35m[W3C (efe15241)][39m Driver proxy active, passing request on via HTTP proxy
[35m[WD Proxy][39m Replacing sessionId a31feec9-c2d2-4680-935c-f26050545a61 with efe15241-ee87-42e7-8c65-cd83ef7d9e39
[35m[HTTP][39m [37m<-- GET /wd/hub/session/efe15241-ee87-42e7-8c65-cd83ef7d9e39/element/52e63fdc-3fb6-41bc-b8aa-46f13fa3dfa5/location [39m[32m200[39m [90m40 ms - 78[39m
[35m[HTTP][39m [90m[39m
[35m[HTTP][39m [37m-->[39m [37mPOST[39m [37m/wd/hub/session/efe15241-ee87-42e7-8c65-cd83ef7d9e39/timeouts[39m
[35m[HTTP][39m [90m{"implicit":20000}[39m
[35m[HTTP][39m [37m<-- POST /wd/hub/session/efe15241-ee87-42e7-8c65-cd83ef7d9e39/timeouts [39m[32m200[39m [90m3 ms - 14[39m
[35m[HTTP][39m [90m[39m
[35m[HTTP][39m [37m-->[39m [37mGET[39m [37m/wd/hub/session/efe15241-ee87-42e7-8c65-cd83ef7d9e39/element/52e63fdc-3fb6-41bc-b8aa-46f13fa3dfa5/displayed[39m
[35m[HTTP][39m [90m{}[39m
[35m[HTTP][39m [37m<-- GET /wd/hub/session/efe15241-ee87-42e7-8c65-cd83ef7d9e39/element/52e63fdc-3fb6-41bc-b8aa-46f13fa3dfa5/displayed [39m[32m200[39m [90m24 ms - 14[39m
[35m[HTTP][39m [90m[39m
[35m[HTTP][39m [37m-->[39m [37mPOST[39m [37m/wd/hub/session/efe15241-ee87-42e7-8c65-cd83ef7d9e39/timeouts[39m
[35m[HTTP][39m [90m{"implicit":50}[39m
[35m[HTTP][39m [37m<-- POST /wd/hub/session/efe15241-ee87-42e7-8c65-cd83ef7d9e39/timeouts [39m[32m200[39m [90m1 ms - 14[39m
[35m[HTTP][39m [90m[39m
[35m[HTTP][39m [37m-->[39m [37mGET[39m [37m/wd/hub/session/efe15241-ee87-42e7-8c65-cd83ef7d9e39/window/rect[39m
[35m[HTTP][39m [90m{}[39m
[35m[HTTP][39m [37m<-- GET /wd/hub/session/efe15241-ee87-42e7-8c65-cd83ef7d9e39/window/rect [39m[32m200[39m [90m25 ms - 50[39m
[35m[HTTP][39m [90m[39m
[35m[HTTP][39m [37m-->[39m [37mPOST[39m [37m/wd/hub/session/efe15241-ee87-42e7-8c65-cd83ef7d9e39/elements[39m
[35m[HTTP][39m [90m{"using":"xpath","value":"//*[@class = 'android.widget.TextView' and (@text = 'Skip' or . = 'Skip')]"}[39m
[35m[HTTP][39m [37m<-- POST /wd/hub/session/efe15241-ee87-42e7-8c65-cd83ef7d9e39/elements [39m[32m200[39m [90m134 ms - 139[39m
[35m[HTTP][39m [90m[39m
[35m[HTTP][39m [37m-->[39m [37mGET[39m [37m/wd/hub/session/efe15241-ee87-42e7-8c65-cd83ef7d9e39/element/fc8a62b6-4cd6-483a-8ce0-2a47c5225053/location[39m
[35m[HTTP][39m [90m{}[39m
[35m[W3C (efe15241)][39m Driver proxy active, passing request on via HTTP proxy
[35m[WD Proxy][39m Replacing sessionId a31feec9-c2d2-4680-935c-f26050545a61 with efe15241-ee87-42e7-8c65-cd83ef7d9e39
[35m[HTTP][39m [37m<-- GET /wd/hub/session/efe15241-ee87-42e7-8c65-cd83ef7d9e39/element/fc8a62b6-4cd6-483a-8ce0-2a47c5225053/location [39m[32m200[39m [90m34 ms - 78[39m
[35m[HTTP][39m [90m[39m
[35m[HTTP][39m [37m-->[39m [37mPOST[39m [37m/wd/hub/session/efe15241-ee87-42e7-8c65-cd83ef7d9e39/timeouts[39m
[35m[HTTP][39m [90m{"implicit":20000}[39m
[35m[HTTP][39m [37m<-- POST /wd/hub/session/efe15241-ee87-42e7-8c65-cd83ef7d9e39/timeouts [39m[32m200[39m [90m1 ms - 14[39m
[35m[HTTP][39m [90m[39m
[35m[HTTP][39m [37m-->[39m [37mPOST[39m [37m/wd/hub/session/efe15241-ee87-42e7-8c65-cd83ef7d9e39/timeouts[39m
[35m[HTTP][39m [90m{"implicit":50}[39m
[35m[HTTP][39m [37m<-- POST /wd/hub/session/efe15241-ee87-42e7-8c65-cd83ef7d9e39/timeouts [39m[32m200[39m [90m1 ms - 14[39m
[35m[HTTP][39m [90m[39m
[35m[HTTP][39m [37m-->[39m [37mGET[39m [37m/wd/hub/session/efe15241-ee87-42e7-8c65-cd83ef7d9e39/window/rect[39m
[35m[HTTP][39m [90m{}[39m
[35m[HTTP][39m [37m<-- GET /wd/hub/session/efe15241-ee87-42e7-8c65-cd83ef7d9e39/window/rect [39m[32m200[39m [90m14 ms - 50[39m
[35m[HTTP][39m [90m[39m
[35m[HTTP][39m [37m-->[39m [37mPOST[39m [37m/wd/hub/session/efe15241-ee87-42e7-8c65-cd83ef7d9e39/elements[39m
[35m[HTTP][39m [90m{"using":"xpath","value":"//*[@class = 'android.widget.TextView' and (@text = 'Skip' or . = 'Skip')]"}[39m
[35m[HTTP][39m [37m<-- POST /wd/hub/session/efe15241-ee87-42e7-8c65-cd83ef7d9e39/elements [39m[32m200[39m [90m90 ms - 139[39m
[35m[HTTP][39m [90m[39m
[35m[HTTP][39m [37m-->[39m [37mGET[39m [37m/wd/hub/session/efe15241-ee87-42e7-8c65-cd83ef7d9e39/element/7b1e36f1-7c8c-43ce-9fd0-fa1090b7e289/location[39m
[35m[HTTP][39m [90m{}[39m
[35m[W3C (efe15241)][39m Driver proxy active, passing request on via HTTP proxy
[35m[WD Proxy][39m Replacing sessionId a31feec9-c2d2-4680-935c-f26050545a61 with efe15241-ee87-42e7-8c65-cd83ef7d9e39
[35m[HTTP][39m [37m<-- GET /wd/hub/session/efe15241-ee87-42e7-8c65-cd83ef7d9e39/element/7b1e36f1-7c8c-43ce-9fd0-fa1090b7e289/location [39m[32m200[39m [90m24 ms - 78[39m
[35m[HTTP][39m [90m[39m
[35m[HTTP][39m [37m-->[39m [37mPOST[39m [37m/wd/hub/session/efe15241-ee87-42e7-8c65-cd83ef7d9e39/timeouts[39m
[35m[HTTP][39m [90m{"implicit":20000}[39m
[35m[HTTP][39m [37m<-- POST /wd/hub/session/efe15241-ee87-42e7-8c65-cd83ef7d9e39/timeouts [39m[32m200[39m [90m1 ms - 14[39m
[35m[HTTP][39m [90m[39m
[35m[HTTP][39m [37m-->[39m [37mPOST[39m [37m/wd/hub/session/efe15241-ee87-42e7-8c65-cd83ef7d9e39/touch/perform[39m
[35m[HTTP][39m [90m{"actions":[{"action":"tap","options":{"x":1,"y":1,"element":"7b1e36f1-7c8c-43ce-9fd0-fa1090b7e289"}},{"action":"release","options":{}}]}[39m
[35m[UiAutomator2][39m calling get location: 7b1e36f1-7c8c-43ce-9fd0-fa1090b7e289
[35m[HTTP][39m [37m<-- POST /wd/hub/session/efe15241-ee87-42e7-8c65-cd83ef7d9e39/touch/perform [39m[32m200[39m [90m187 ms - 14[39m
[35m[HTTP][39m [90m[39m
[35m[HTTP][39m [37m-->[39m [37mPOST[39m [37m/wd/hub/session/efe15241-ee87-42e7-8c65-cd83ef7d9e39/timeouts[39m
[35m[HTTP][39m [90m{"implicit":50}[39m
[35m[HTTP][39m [37m<-- POST /wd/hub/session/efe15241-ee87-42e7-8c65-cd83ef7d9e39/timeouts [39m[32m200[39m [90m1 ms - 14[39m
[35m[HTTP][39m [90m[39m
[35m[HTTP][39m [37m-->[39m [37mGET[39m [37m/wd/hub/session/efe15241-ee87-42e7-8c65-cd83ef7d9e39/window/rect[39m
[35m[HTTP][39m [90m{}[39m
[35m[HTTP][39m [37m<-- GET /wd/hub/session/efe15241-ee87-42e7-8c65-cd83ef7d9e39/window/rect [39m[32m200[39m [90m26 ms - 50[39m
[35m[HTTP][39m [90m[39m
[35m[HTTP][39m [37m-->[39m [37mPOST[39m [37m/wd/hub/session/efe15241-ee87-42e7-8c65-cd83ef7d9e39/elements[39m
[35m[HTTP][39m [90m{"using":"xpath","value":"//*[@class = 'android.widget.TextView' and (@text = 'Search properties' or . = 'Search properties')]"}[39m
[35m[HTTP][39m [37m<-- POST /wd/hub/session/efe15241-ee87-42e7-8c65-cd83ef7d9e39/elements [39m[32m200[39m [90m3943 ms - 139[39m
[35m[HTTP][39m [90m[39m
[35m[HTTP][39m [37m-->[39m [37mGET[39m [37m/wd/hub/session/efe15241-ee87-42e7-8c65-cd83ef7d9e39/element/9218d846-7d1d-4822-bb34-c815ad4d1121/location[39m
[35m[HTTP][39m [90m{}[39m
[35m[W3C (efe15241)][39m Driver proxy active, passing request on via HTTP proxy
[35m[WD Proxy][39m Replacing sessionId a31feec9-c2d2-4680-935c-f26050545a61 with efe15241-ee87-42e7-8c65-cd83ef7d9e39
[35m[HTTP][39m [37m<-- GET /wd/hub/session/efe15241-ee87-42e7-8c65-cd83ef7d9e39/element/9218d846-7d1d-4822-bb34-c815ad4d1121/location [39m[32m200[39m [90m15 ms - 78[39m
[35m[HTTP][39m [90m[39m
[35m[HTTP][39m [37m-->[39m [37mPOST[39m [37m/wd/hub/session/efe15241-ee87-42e7-8c65-cd83ef7d9e39/timeouts[39m
[35m[HTTP][39m [90m{"implicit":20000}[39m
[35m[HTTP][39m [37m<-- POST /wd/hub/session/efe15241-ee87-42e7-8c65-cd83ef7d9e39/timeouts [39m[32m200[39m [90m1 ms - 14[39m
[35m[HTTP][39m [90m[39m
[35m[HTTP][39m [37m-->[39m [37mPOST[39m [37m/wd/hub/session/efe15241-ee87-42e7-8c65-cd83ef7d9e39/touch/perform[39m
[35m[HTTP][39m [90m{"actions":[{"action":"tap","options":{"x":1,"y":1,"element":"9218d846-7d1d-4822-bb34-c815ad4d1121"}},{"action":"release","options":{}}]}[39m
[35m[UiAutomator2][39m calling get location: 9218d846-7d1d-4822-bb34-c815ad4d1121
[35m[HTTP][39m [37m<-- POST /wd/hub/session/efe15241-ee87-42e7-8c65-cd83ef7d9e39/touch/perform [39m[32m200[39m [90m156 ms - 14[39m
[35m[HTTP][39m [90m[39m
[35m[HTTP][39m [37m-->[39m [37mPOST[39m [37m/wd/hub/session/efe15241-ee87-42e7-8c65-cd83ef7d9e39/timeouts[39m
[35m[HTTP][39m [90m{"implicit":50}[39m
[35m[HTTP][39m [37m<-- POST /wd/hub/session/efe15241-ee87-42e7-8c65-cd83ef7d9e39/timeouts [39m[32m200[39m [90m1 ms - 14[39m
[35m[HTTP][39m [90m[39m
[35m[HTTP][39m [37m-->[39m [37mGET[39m [37m/wd/hub/session/efe15241-ee87-42e7-8c65-cd83ef7d9e39/window/rect[39m
[35m[HTTP][39m [90m{}[39m
[35m[HTTP][39m [37m<-- GET /wd/hub/session/efe15241-ee87-42e7-8c65-cd83ef7d9e39/window/rect [39m[32m200[39m [90m15 ms - 50[39m
[35m[HTTP][39m [90m[39m
[35m[HTTP][39m [37m-->[39m [37mPOST[39m [37m/wd/hub/session/efe15241-ee87-42e7-8c65-cd83ef7d9e39/elements[39m
[35m[HTTP][39m [90m{"using":"xpath","value":"//*[@class = 'android.widget.EditText' and (@text = '' or . = '')]"}[39m
[35m[HTTP][39m [37m<-- POST /wd/hub/session/efe15241-ee87-42e7-8c65-cd83ef7d9e39/elements [39m[32m200[39m [90m670 ms - 139[39m
[35m[HTTP][39m [90m[39m
[35m[HTTP][39m [37m-->[39m [37mGET[39m [37m/wd/hub/session/efe15241-ee87-42e7-8c65-cd83ef7d9e39/element/e95557b6-c05b-49a1-bb9d-136b75a6730d/location[39m
[35m[HTTP][39m [90m{}[39m
[35m[W3C (efe15241)][39m Driver proxy active, passing request on via HTTP proxy
[35m[WD Proxy][39m Replacing sessionId a31feec9-c2d2-4680-935c-f26050545a61 with efe15241-ee87-42e7-8c65-cd83ef7d9e39
[35m[HTTP][39m [37m<-- GET /wd/hub/session/efe15241-ee87-42e7-8c65-cd83ef7d9e39/element/e95557b6-c05b-49a1-bb9d-136b75a6730d/location [39m[32m200[39m [90m22 ms - 78[39m
[35m[HTTP][39m [90m[39m
[35m[HTTP][39m [37m-->[39m [37mPOST[39m [37m/wd/hub/session/efe15241-ee87-42e7-8c65-cd83ef7d9e39/timeouts[39m
[35m[HTTP][39m [90m{"implicit":20000}[39m
[35m[HTTP][39m [37m<-- POST /wd/hub/session/efe15241-ee87-42e7-8c65-cd83ef7d9e39/timeouts [39m[32m200[39m [90m1 ms - 14[39m
[35m[HTTP][39m [90m[39m
[35m[HTTP][39m [37m-->[39m [37mPOST[39m [37m/wd/hub/session/efe15241-ee87-42e7-8c65-cd83ef7d9e39/element/e95557b6-c05b-49a1-bb9d-136b75a6730d/clear[39m
[35m[HTTP][39m [90m{"id":"e95557b6-c05b-49a1-bb9d-136b75a6730d"}[39m
[35m[HTTP][39m [37m<-- POST /wd/hub/session/efe15241-ee87-42e7-8c65-cd83ef7d9e39/element/e95557b6-c05b-49a1-bb9d-136b75a6730d/clear [39m[32m200[39m [90m51 ms - 14[39m
[35m[HTTP][39m [90m[39m
[35m[HTTP][39m [37m-->[39m [37mPOST[39m [37m/wd/hub/session/efe15241-ee87-42e7-8c65-cd83ef7d9e39/element/e95557b6-c05b-49a1-bb9d-136b75a6730d/value[39m
[35m[HTTP][39m [90m{"id":"e95557b6-c05b-49a1-bb9d-136b75a6730d","text":"Pass@9999","value":["P","a","s","s","@","9","9","9","9"]}[39m
[35m[HTTP][39m [37m<-- POST /wd/hub/session/efe15241-ee87-42e7-8c65-cd83ef7d9e39/element/e95557b6-c05b-49a1-bb9d-136b75a6730d/value [39m[32m200[39m [90m661 ms - 14[39m
[35m[HTTP][39m [90m[39m
[35m[HTTP][39m [37m-->[39m [37mGET[39m [37m/wd/hub/session/efe15241-ee87-42e7-8c65-cd83ef7d9e39/context[39m
[35m[HTTP][39m [90m{}[39m
[35m[HTTP][39m [37m<-- GET /wd/hub/session/efe15241-ee87-42e7-8c65-cd83ef7d9e39/context [39m[32m200[39m [90m1 ms - 22[39m
[35m[HTTP][39m [90m[39m
[35m[HTTP][39m [37m-->[39m [37mGET[39m [37m/wd/hub/session/efe15241-ee87-42e7-8c65-cd83ef7d9e39/contexts[39m
[35m[HTTP][39m [90m{}[39m
[35m[AndroidDriver][39m Not collecting web view details. Details collection might help to make Chromedriver initialization more precise. Use the 'enableWebviewDetailsCollection' cap to turn it on
[35m[AndroidDriver][39m Skipping the webview 'WEBVIEW_Terrace' at '@Terrace_devtools_remote' since it has reported having zero pages
[35m[HTTP][39m [37m<-- GET /wd/hub/session/efe15241-ee87-42e7-8c65-cd83ef7d9e39/contexts [39m[32m200[39m [90m71 ms - 24[39m
[35m[HTTP][39m [90m[39m
[35m[HTTP][39m [37m-->[39m [37mPOST[39m [37m/wd/hub/session/efe15241-ee87-42e7-8c65-cd83ef7d9e39/context[39m
[35m[HTTP][39m [90m{"name":"NATIVE_APP"}[39m
[35m[HTTP][39m [37m<-- POST /wd/hub/session/efe15241-ee87-42e7-8c65-cd83ef7d9e39/context [39m[32m200[39m [90m1 ms - 14[39m
[35m[HTTP][39m [90m[39m
[35m[HTTP][39m [37m-->[39m [37mPOST[39m [37m/wd/hub/session/efe15241-ee87-42e7-8c65-cd83ef7d9e39/appium/device/hide_keyboard[39m
[35m[HTTP][39m [90m{}[39m
[35m[HTTP][39m [37m<-- POST /wd/hub/session/efe15241-ee87-42e7-8c65-cd83ef7d9e39/appium/device/hide_keyboard [39m[32m200[39m [90m936 ms - 14[39m
[35m[HTTP][39m [90m[39m
[35m[HTTP][39m [37m-->[39m [37mPOST[39m [37m/wd/hub/session/efe15241-ee87-42e7-8c65-cd83ef7d9e39/context[39m
[35m[HTTP][39m [90m{"name":"NATIVE_APP"}[39m
[35m[HTTP][39m [37m<-- POST /wd/hub/session/efe15241-ee87-42e7-8c65-cd83ef7d9e39/context [39m[32m200[39m [90m1 ms - 14[39m
[35m[HTTP][39m [90m[39m
[35m[HTTP][39m [37m-->[39m [37mPOST[39m [37m/wd/hub/session/efe15241-ee87-42e7-8c65-cd83ef7d9e39/timeouts[39m
[35m[HTTP][39m [90m{"implicit":50}[39m
[35m[HTTP][39m [37m<-- POST /wd/hub/session/efe15241-ee87-42e7-8c65-cd83ef7d9e39/timeouts [39m[32m200[39m [90m1 ms - 14[39m
[35m[HTTP][39m [90m[39m
[35m[HTTP][39m [37m-->[39m [37mGET[39m [37m/wd/hub/session/efe15241-ee87-42e7-8c65-cd83ef7d9e39/window/rect[39m
[35m[HTTP][39m [90m{}[39m
[35m[HTTP][39m [37m<-- GET /wd/hub/session/efe15241-ee87-42e7-8c65-cd83ef7d9e39/window/rect [39m[32m200[39m [90m20 ms - 50[39m
[35m[HTTP][39m [90m[39m
[35m[HTTP][39m [37m-->[39m [37mPOST[39m [37m/wd/hub/session/efe15241-ee87-42e7-8c65-cd83ef7d9e39/elements[39m
[35m[HTTP][39m [90m{"using":"xpath","value":"//hierarchy/android.widget.FrameLayout[1]/android.widget.LinearLayout[1]/android.widget.FrameLayout[1]/android.widget.LinearLayout[1]/android.widget.FrameLayout[1]/android.widget.FrameLayout[1]/android.view.ViewGroup[1]/android.view.ViewGroup[1]/android.view.ViewGroup[1]/android.view.ViewGroup[1]/android.view.ViewGroup[1]/android.widget.FrameLayout[1]/android.view.ViewGroup[1]/android.view.ViewGroup[1]/android.view.ViewGroup[1]/android.view.ViewGroup[1]/android.view.ViewGroup[1]/android.view.ViewGroup[1]/android.widget.FrameLayout[1]/android.view.ViewGroup[1]/android.view.ViewGroup[1]/android.view.ViewGroup[1]/android.view.ViewGroup[1]/android.view.ViewGroup[1]/android.view.ViewGroup[1]/android.view.ViewGroup[1]/android.widget.ScrollView[1]/android.view.ViewGroup[1]/android.view.ViewGroup[1]"}[39m
[35m[HTTP][39m [37m<-- POST /wd/hub/session/efe15241-ee87-42e7-8c65-cd83ef7d9e39/elements [39m[32m200[39m [90m479 ms - 139[39m
[35m[HTTP][39m [90m[39m
[35m[HTTP][39m [37m-->[39m [37mGET[39m [37m/wd/hub/session/efe15241-ee87-42e7-8c65-cd83ef7d9e39/element/f1e9a26f-4f15-44d5-bf30-84eda266b344/location[39m
[35m[HTTP][39m [90m{}[39m
[35m[W3C (efe15241)][39m Driver proxy active, passing request on via HTTP proxy
[35m[WD Proxy][39m Replacing sessionId a31feec9-c2d2-4680-935c-f26050545a61 with efe15241-ee87-42e7-8c65-cd83ef7d9e39
[35m[HTTP][39m [37m<-- GET /wd/hub/session/efe15241-ee87-42e7-8c65-cd83ef7d9e39/element/f1e9a26f-4f15-44d5-bf30-84eda266b344/location [39m[32m200[39m [90m21 ms - 78[39m
[35m[HTTP][39m [90m[39m
[35m[HTTP][39m [37m-->[39m [37mPOST[39m [37m/wd/hub/session/efe15241-ee87-42e7-8c65-cd83ef7d9e39/timeouts[39m
[35m[HTTP][39m [90m{"implicit":20000}[39m
[35m[HTTP][39m [37m<-- POST /wd/hub/session/efe15241-ee87-42e7-8c65-cd83ef7d9e39/timeouts [39m[32m200[39m [90m1 ms - 14[39m
[35m[HTTP][39m [90m[39m
[35m[HTTP][39m [37m-->[39m [37mGET[39m [37m/wd/hub/session/efe15241-ee87-42e7-8c65-cd83ef7d9e39/element/f1e9a26f-4f15-44d5-bf30-84eda266b344/location[39m
[35m[HTTP][39m [90m{}[39m
[35m[W3C (efe15241)][39m Driver proxy active, passing request on via HTTP proxy
[35m[WD Proxy][39m Replacing sessionId a31feec9-c2d2-4680-935c-f26050545a61 with efe15241-ee87-42e7-8c65-cd83ef7d9e39
[35m[HTTP][39m [37m<-- GET /wd/hub/session/efe15241-ee87-42e7-8c65-cd83ef7d9e39/element/f1e9a26f-4f15-44d5-bf30-84eda266b344/location [39m[32m200[39m [90m20 ms - 78[39m
[35m[HTTP][39m [90m[39m
[35m[HTTP][39m [37m-->[39m [37mGET[39m [37m/wd/hub/session/efe15241-ee87-42e7-8c65-cd83ef7d9e39/element/f1e9a26f-4f15-44d5-bf30-84eda266b344/location[39m
[35m[HTTP][39m [90m{}[39m
[35m[W3C (efe15241)][39m Driver proxy active, passing request on via HTTP proxy
[35m[WD Proxy][39m Replacing sessionId a31feec9-c2d2-4680-935c-f26050545a61 with efe15241-ee87-42e7-8c65-cd83ef7d9e39
[35m[HTTP][39m [37m<-- GET /wd/hub/session/efe15241-ee87-42e7-8c65-cd83ef7d9e39/element/f1e9a26f-4f15-44d5-bf30-84eda266b344/location [39m[32m200[39m [90m17 ms - 78[39m
[35m[HTTP][39m [90m[39m
[35m[HTTP][39m [37m-->[39m [37mPOST[39m [37m/wd/hub/session/efe15241-ee87-42e7-8c65-cd83ef7d9e39/touch/perform[39m
[35m[HTTP][39m [90m{"actions":[{"action":"press","options":{"x":73,"y":1138}},{"action":"release","options":{}}]}[39m
[35m[HTTP][39m [37m<-- POST /wd/hub/session/efe15241-ee87-42e7-8c65-cd83ef7d9e39/touch/perform [39m[32m200[39m [90m144 ms - 14[39m
[35m[HTTP][39m [90m[39m
[35m[HTTP][39m [37m-->[39m [37mPOST[39m [37m/wd/hub/session/efe15241-ee87-42e7-8c65-cd83ef7d9e39/touch/perform[39m
[35m[HTTP][39m [90m{"actions":[{"action":"press","options":{"x":73,"y":1138}},{"action":"release","options":{}}]}[39m
[35m[HTTP][39m [37m<-- POST /wd/hub/session/efe15241-ee87-42e7-8c65-cd83ef7d9e39/touch/perform [39m[32m200[39m [90m1285 ms - 14[39m
[35m[HTTP][39m [90m[39m
[35m[BaseDriver][39m Shutting down because we waited 1800 seconds for a command
[35m[Appium][39m Closing session, cause was 'New Command Timeout of 1800 seconds expired. Try customizing the timeout using the 'newCommandTimeout' desired capability'
[35m[Appium][39m Removing session 'efe15241-ee87-42e7-8c65-cd83ef7d9e39' from our master session list
[35m[UiAutomator2][39m Did not get confirmation UiAutomator2 deleteSession worked; Error was: UnknownError: An unknown server-side error occurred while processing the command. Original error: 'DELETE /' cannot be proxied to UiAutomator2 server because the instrumentation process is not running (probably crashed). Check the server log and/or the logcat output for more details
[35m[UiAutomator2][39m Restoring hidden api policy to the device default configuration
[35m[Appium][39m Received SIGTERM - shutting down
[35m[HTTP][39m Waiting until the server is closed
[35m[HTTP][39m Received server close event
