[35m[Appium][39m Welcome to Appium v1.20.2
[35m[Appium][39m Non-default server args:
[35m[Appium][39m   port: 50134
[35m[Appium][39m   loglevel: info
[35m[Appium][39m   tmpDir: /var/folders/9_/hs2sgn6n6_1d1rf2zz5y2fj00000gn/T//Katalon/Appium/Temp1649128399322
[35m[Appium][39m   chromedriverPort: 50136
[35m[Appium][39m Deprecated server args:
[35m[Appium][39m   [31m--chromedriver-port[39m => --default-capabilities
[35m[Appium][39m Default capabilities, which will be added to each request unless overridden by desired capabilities:
[35m[Appium][39m   chromedriverPort: 50136
[35m[Appium][39m Appium REST http interface listener started on 0.0.0.0:50134
[35m[HTTP][39m [37m-->[39m [37mGET[39m [37m/wd/hub/status[39m
[35m[HTTP][39m [90m{}[39m
[35m[HTTP][39m [37m<-- GET /wd/hub/status [39m[32m200[39m [90m5 ms - 68[39m
[35m[HTTP][39m [90m[39m
[35m[HTTP][39m [37m-->[39m [37mPOST[39m [37m/wd/hub/session[39m
[35m[HTTP][39m [90m{"desiredCapabilities":{"app":"/Users/vinayeddla/Desktop/MAE/app-sit-universal-release.apk","noReset":true,"appWaitActivity":"*","deviceId":"225ac1ea21057ece","deviceName":"samsung SM-G960F (Android 10)","fullReset":false,"platform":"ANDROID","newCommandTimeout":1800,"platformVersion":"10","automationName":"uiautomator2","autoGrantPermissions":true,"platformName":"Android","udid":"225ac1ea21057ece","systemPort":50133},"capabilities":{"firstMatch":[{"appium:app":"/Users/vinayeddla/Desktop/MAE/app-sit-universal-release.apk","appium:appWaitActivity":"*","appium:autoGrantPermissions":true,"appium:automationName":"uiautomator2","deviceId":"225ac1ea21057ece","appium:deviceName":"samsung SM-G960F (Android 10)","appium:fullReset":false,"appium:newCommandTimeout":1800,"appium:noReset":true,"platform":"ANDROID","platformName":"android","appium:platformVersion":"10","appium:systemPort":50133,"appium:udid":"225ac1ea21057ece"}]}}[39m
[35m[BaseDriver][39m The following capabilities are not standard capabilities and should have an extension prefix:
[35m[BaseDriver][39m   deviceId
[35m[BaseDriver][39m   platform
[35m[BaseDriver][39m   chromedriverPort
[35m[Appium][39m Appium v1.20.2 creating new AndroidUiautomator2Driver (v1.61.2) session
[35m[BaseDriver][39m The following capabilities were provided, but are not recognized by Appium:
[35m[BaseDriver][39m   deviceId
[35m[BaseDriver][39m   platform
[35m[BaseDriver][39m Session created with session id: 9a61d9d9-a46a-4362-a948-fb796c293213
[35m[BaseDriver][39m Using local app '/Users/vinayeddla/Desktop/MAE/app-sit-universal-release.apk'
[35m[ADB][39m Found 1 'build-tools' folders under '/Users/vinayeddla/.katalon/tools/android_sdk' (newest first):
[35m[ADB][39m     /Users/vinayeddla/.katalon/tools/android_sdk/build-tools/29.0.3
[35m[ADB][39m Using 'adb' from '/Users/vinayeddla/.katalon/tools/android_sdk/platform-tools/adb'
[35m[AndroidDriver][39m Retrieving device list
[35m[AndroidDriver][39m Using device: 225ac1ea21057ece
[35m[ADB][39m Using 'adb' from '/Users/vinayeddla/.katalon/tools/android_sdk/platform-tools/adb'
[35m[ADB][39m Getting device platform version
[35m[UiAutomator2][39m Relaxing hidden api policy
[35m[ADB][39m Package name: 'com.maybank2u.life.sit'
[35m[ADB][39m Main activity name: 'com.zoontek.rnbootsplash.RNBootSplashActivity'
[35m[ADB][39m Using 'apksigner.jar' from '/Users/vinayeddla/.katalon/tools/android_sdk/build-tools/29.0.3/lib/apksigner.jar'
[35m[ADB][39m '/usr/local/lib/node_modules/appium/node_modules/appium-uiautomator2-server/apks/appium-uiautomator2-server-v4.17.4.apk' is signed with the default certificate
[35m[ADB][39m '/usr/local/lib/node_modules/appium/node_modules/appium-uiautomator2-server/apks/appium-uiautomator2-server-debug-androidTest.apk' is signed with the default certificate
[35m[UiAutomator2][39m Server packages are not going to be (re)installed
[35m[ADB][39m Adding packages ["io.appium.settings","io.appium.uiautomator2.server","io.appium.uiautomator2.server.test"] to Doze whitelist
[35m[ADB][39m '/Users/vinayeddla/Desktop/MAE/app-sit-universal-release.apk' is signed with a non-default certificate
[35m[UiAutomator2][39m Starting UIAutomator2 server 4.17.4
[35m[UiAutomator2][39m Using UIAutomator2 server from '/usr/local/lib/node_modules/appium/node_modules/appium-uiautomator2-server/apks/appium-uiautomator2-server-v4.17.4.apk' and test from '/usr/local/lib/node_modules/appium/node_modules/appium-uiautomator2-server/apks/appium-uiautomator2-server-debug-androidTest.apk'
[35m[UiAutomator2][39m Waiting up to 30000ms for UiAutomator2 to be online...
[35m[WD Proxy][39m socket hang up
[35m[WD Proxy][39m socket hang up
[35m[WD Proxy][39m socket hang up
[35m[WD Proxy][39m Determined the downstream protocol as 'W3C'
[35m[AndroidDriver][39m Screen already unlocked, doing nothing
[35m[UiAutomator2][39m Starting 'com.maybank2u.life.sit/com.zoontek.rnbootsplash.RNBootSplashActivity and waiting for 'com.maybank2u.life.sit/*'
[35m[Appium][39m New AndroidUiautomator2Driver session created successfully, session 9a61d9d9-a46a-4362-a948-fb796c293213 added to master session list
[35m[HTTP][39m [37m<-- POST /wd/hub/session [39m[32m200[39m [90m9800 ms - 1396[39m
[35m[HTTP][39m [90m[39m
[35m[HTTP][39m [37m-->[39m [37mGET[39m [37m/wd/hub/session/9a61d9d9-a46a-4362-a948-fb796c293213[39m
[35m[HTTP][39m [90m{}[39m
[35m[HTTP][39m [37m<-- GET /wd/hub/session/9a61d9d9-a46a-4362-a948-fb796c293213 [39m[32m200[39m [90m10 ms - 1350[39m
[35m[HTTP][39m [90m[39m
[35m[HTTP][39m [37m-->[39m [37mGET[39m [37m/wd/hub/session/9a61d9d9-a46a-4362-a948-fb796c293213[39m
[35m[HTTP][39m [90m{}[39m
[35m[HTTP][39m [37m<-- GET /wd/hub/session/9a61d9d9-a46a-4362-a948-fb796c293213 [39m[32m200[39m [90m10 ms - 1350[39m
[35m[HTTP][39m [90m[39m
[35m[HTTP][39m [37m-->[39m [37mGET[39m [37m/wd/hub/status[39m
[35m[HTTP][39m [90m{}[39m
[35m[HTTP][39m [37m<-- GET /wd/hub/status [39m[32m200[39m [90m1 ms - 68[39m
[35m[HTTP][39m [90m[39m
[35m[HTTP][39m [37m-->[39m [37mPOST[39m [37m/wd/hub/session/9a61d9d9-a46a-4362-a948-fb796c293213/timeouts[39m
[35m[HTTP][39m [90m{"implicit":20000}[39m
[35m[HTTP][39m [37m<-- POST /wd/hub/session/9a61d9d9-a46a-4362-a948-fb796c293213/timeouts [39m[32m200[39m [90m2 ms - 14[39m
[35m[HTTP][39m [90m[39m
[35m[HTTP][39m [37m-->[39m [37mGET[39m [37m/wd/hub/session/9a61d9d9-a46a-4362-a948-fb796c293213/screenshot[39m
[35m[HTTP][39m [90m{}[39m
[35m[HTTP][39m [37m<-- GET /wd/hub/session/9a61d9d9-a46a-4362-a948-fb796c293213/screenshot [39m[32m200[39m [90m446 ms - 112604[39m
[35m[HTTP][39m [90m[39m
[35m[HTTP][39m [37m-->[39m [37mGET[39m [37m/wd/hub/session/9a61d9d9-a46a-4362-a948-fb796c293213/window/rect[39m
[35m[HTTP][39m [90m{}[39m
[35m[HTTP][39m [37m<-- GET /wd/hub/session/9a61d9d9-a46a-4362-a948-fb796c293213/window/rect [39m[32m200[39m [90m26 ms - 50[39m
[35m[HTTP][39m [90m[39m
[35m[HTTP][39m [37m-->[39m [37mGET[39m [37m/wd/hub/session/9a61d9d9-a46a-4362-a948-fb796c293213/appium/device/system_bars[39m
[35m[HTTP][39m [90m{}[39m
[35m[HTTP][39m [37m<-- GET /wd/hub/session/9a61d9d9-a46a-4362-a948-fb796c293213/appium/device/system_bars [39m[32m200[39m [90m52 ms - 148[39m
[35m[HTTP][39m [90m[39m
[35m[HTTP][39m [37m-->[39m [37mPOST[39m [37m/wd/hub/session/9a61d9d9-a46a-4362-a948-fb796c293213/timeouts[39m
[35m[HTTP][39m [90m{"implicit":50}[39m
[35m[HTTP][39m [37m<-- POST /wd/hub/session/9a61d9d9-a46a-4362-a948-fb796c293213/timeouts [39m[32m200[39m [90m2 ms - 14[39m
[35m[HTTP][39m [90m[39m
[35m[HTTP][39m [37m-->[39m [37mGET[39m [37m/wd/hub/session/9a61d9d9-a46a-4362-a948-fb796c293213/window/rect[39m
[35m[HTTP][39m [90m{}[39m
[35m[HTTP][39m [37m<-- GET /wd/hub/session/9a61d9d9-a46a-4362-a948-fb796c293213/window/rect [39m[32m200[39m [90m25 ms - 50[39m
[35m[HTTP][39m [90m[39m
[35m[HTTP][39m [37m-->[39m [37mPOST[39m [37m/wd/hub/session/9a61d9d9-a46a-4362-a948-fb796c293213/elements[39m
[35m[HTTP][39m [90m{"using":"xpath","value":"//hierarchy/android.widget.FrameLayout[1]/android.widget.LinearLayout[1]/android.widget.FrameLayout[1]/android.widget.LinearLayout[1]/android.widget.FrameLayout[1]/android.widget.FrameLayout[1]/android.view.ViewGroup[1]/android.view.ViewGroup[1]/android.view.ViewGroup[1]/android.view.ViewGroup[1]/android.view.ViewGroup[1]/android.widget.FrameLayout[1]/android.view.ViewGroup[1]/android.view.ViewGroup[1]/android.view.ViewGroup[1]/android.view.ViewGroup[1]/android.view.ViewGroup[1]/android.view.ViewGroup[1]/android.widget.FrameLayout[1]/android.view.ViewGroup[1]/android.view.ViewGroup[1]/android.view.ViewGroup[1]/android.view.ViewGroup[1]/android.view.ViewGroup[1]/android.view.ViewGroup[2]/android.widget.Button[5]"}[39m
[35m[HTTP][39m [37m<-- POST /wd/hub/session/9a61d9d9-a46a-4362-a948-fb796c293213/elements [39m[32m200[39m [90m3796 ms - 139[39m
[35m[HTTP][39m [90m[39m
[35m[HTTP][39m [37m-->[39m [37mGET[39m [37m/wd/hub/session/9a61d9d9-a46a-4362-a948-fb796c293213/element/e7eadf6f-0d3b-487c-b881-b9fdf1afead0/location[39m
[35m[HTTP][39m [90m{}[39m
[35m[W3C (9a61d9d9)][39m Driver proxy active, passing request on via HTTP proxy
[35m[WD Proxy][39m Replacing sessionId aa51802e-4e57-4919-8e51-8c55aeed99f6 with 9a61d9d9-a46a-4362-a948-fb796c293213
[35m[HTTP][39m [37m<-- GET /wd/hub/session/9a61d9d9-a46a-4362-a948-fb796c293213/element/e7eadf6f-0d3b-487c-b881-b9fdf1afead0/location [39m[32m200[39m [90m19 ms - 79[39m
[35m[HTTP][39m [90m[39m
[35m[HTTP][39m [37m-->[39m [37mPOST[39m [37m/wd/hub/session/9a61d9d9-a46a-4362-a948-fb796c293213/timeouts[39m
[35m[HTTP][39m [90m{"implicit":20000}[39m
[35m[HTTP][39m [37m<-- POST /wd/hub/session/9a61d9d9-a46a-4362-a948-fb796c293213/timeouts [39m[32m200[39m [90m1 ms - 14[39m
[35m[HTTP][39m [90m[39m
[35m[HTTP][39m [37m-->[39m [37mPOST[39m [37m/wd/hub/session/9a61d9d9-a46a-4362-a948-fb796c293213/touch/perform[39m
[35m[HTTP][39m [90m{"actions":[{"action":"tap","options":{"x":1,"y":1,"element":"e7eadf6f-0d3b-487c-b881-b9fdf1afead0"}},{"action":"release","options":{}}]}[39m
[35m[UiAutomator2][39m calling get location: e7eadf6f-0d3b-487c-b881-b9fdf1afead0
[35m[HTTP][39m [37m<-- POST /wd/hub/session/9a61d9d9-a46a-4362-a948-fb796c293213/touch/perform [39m[32m200[39m [90m173 ms - 14[39m
[35m[HTTP][39m [90m[39m
[35m[HTTP][39m [37m-->[39m [37mPOST[39m [37m/wd/hub/session/9a61d9d9-a46a-4362-a948-fb796c293213/timeouts[39m
[35m[HTTP][39m [90m{"implicit":50}[39m
[35m[HTTP][39m [37m<-- POST /wd/hub/session/9a61d9d9-a46a-4362-a948-fb796c293213/timeouts [39m[32m200[39m [90m1 ms - 14[39m
[35m[HTTP][39m [90m[39m
[35m[HTTP][39m [37m-->[39m [37mGET[39m [37m/wd/hub/session/9a61d9d9-a46a-4362-a948-fb796c293213/window/rect[39m
[35m[HTTP][39m [90m{}[39m
[35m[HTTP][39m [37m<-- GET /wd/hub/session/9a61d9d9-a46a-4362-a948-fb796c293213/window/rect [39m[32m200[39m [90m20 ms - 50[39m
[35m[HTTP][39m [90m[39m
[35m[HTTP][39m [37m-->[39m [37mPOST[39m [37m/wd/hub/session/9a61d9d9-a46a-4362-a948-fb796c293213/elements[39m
[35m[HTTP][39m [90m{"using":"xpath","value":"//*[@class = 'android.view.ViewGroup' and @index = '7']"}[39m
[35m[HTTP][39m [37m<-- POST /wd/hub/session/9a61d9d9-a46a-4362-a948-fb796c293213/elements [39m[32m200[39m [90m247 ms - 139[39m
[35m[HTTP][39m [90m[39m
[35m[HTTP][39m [37m-->[39m [37mGET[39m [37m/wd/hub/session/9a61d9d9-a46a-4362-a948-fb796c293213/element/fde02a17-71ff-40aa-8607-a573f3659b75/location[39m
[35m[HTTP][39m [90m{}[39m
[35m[W3C (9a61d9d9)][39m Driver proxy active, passing request on via HTTP proxy
[35m[WD Proxy][39m Replacing sessionId aa51802e-4e57-4919-8e51-8c55aeed99f6 with 9a61d9d9-a46a-4362-a948-fb796c293213
[35m[HTTP][39m [37m<-- GET /wd/hub/session/9a61d9d9-a46a-4362-a948-fb796c293213/element/fde02a17-71ff-40aa-8607-a573f3659b75/location [39m[32m200[39m [90m15 ms - 79[39m
[35m[HTTP][39m [90m[39m
[35m[HTTP][39m [37m-->[39m [37mPOST[39m [37m/wd/hub/session/9a61d9d9-a46a-4362-a948-fb796c293213/timeouts[39m
[35m[HTTP][39m [90m{"implicit":20000}[39m
[35m[HTTP][39m [37m<-- POST /wd/hub/session/9a61d9d9-a46a-4362-a948-fb796c293213/timeouts [39m[32m200[39m [90m1 ms - 14[39m
[35m[HTTP][39m [90m[39m
[35m[HTTP][39m [37m-->[39m [37mPOST[39m [37m/wd/hub/session/9a61d9d9-a46a-4362-a948-fb796c293213/touch/perform[39m
[35m[HTTP][39m [90m{"actions":[{"action":"tap","options":{"x":1,"y":1,"element":"fde02a17-71ff-40aa-8607-a573f3659b75"}},{"action":"release","options":{}}]}[39m
[35m[UiAutomator2][39m calling get location: fde02a17-71ff-40aa-8607-a573f3659b75
[35m[HTTP][39m [37m<-- POST /wd/hub/session/9a61d9d9-a46a-4362-a948-fb796c293213/touch/perform [39m[32m200[39m [90m3699 ms - 14[39m
[35m[HTTP][39m [90m[39m
[35m[HTTP][39m [37m-->[39m [37mPOST[39m [37m/wd/hub/session/9a61d9d9-a46a-4362-a948-fb796c293213/timeouts[39m
[35m[HTTP][39m [90m{"implicit":50}[39m
[35m[HTTP][39m [37m<-- POST /wd/hub/session/9a61d9d9-a46a-4362-a948-fb796c293213/timeouts [39m[32m200[39m [90m1 ms - 14[39m
[35m[HTTP][39m [90m[39m
[35m[HTTP][39m [37m-->[39m [37mGET[39m [37m/wd/hub/session/9a61d9d9-a46a-4362-a948-fb796c293213/window/rect[39m
[35m[HTTP][39m [90m{}[39m
[35m[HTTP][39m [37m<-- GET /wd/hub/session/9a61d9d9-a46a-4362-a948-fb796c293213/window/rect [39m[32m200[39m [90m19 ms - 50[39m
[35m[HTTP][39m [90m[39m
[35m[HTTP][39m [37m-->[39m [37mPOST[39m [37m/wd/hub/session/9a61d9d9-a46a-4362-a948-fb796c293213/elements[39m
[35m[HTTP][39m [90m{"using":"xpath","value":"//*[@class = 'android.widget.TextView' and (@text = 'Skip' or . = 'Skip')]"}[39m
[35m[HTTP][39m [37m<-- POST /wd/hub/session/9a61d9d9-a46a-4362-a948-fb796c293213/elements [39m[32m200[39m [90m212 ms - 12[39m
[35m[HTTP][39m [90m[39m
[35m[HTTP][39m [37m-->[39m [37mPOST[39m [37m/wd/hub/session/9a61d9d9-a46a-4362-a948-fb796c293213/elements[39m
[35m[HTTP][39m [90m{"using":"xpath","value":"//*[@class = 'android.widget.TextView' and (@text = 'Skip' or . = 'Skip')]"}[39m
[35m[HTTP][39m [37m<-- POST /wd/hub/session/9a61d9d9-a46a-4362-a948-fb796c293213/elements [39m[32m200[39m [90m174 ms - 12[39m
[35m[HTTP][39m [90m[39m
[35m[HTTP][39m [37m-->[39m [37mPOST[39m [37m/wd/hub/session/9a61d9d9-a46a-4362-a948-fb796c293213/elements[39m
[35m[HTTP][39m [90m{"using":"xpath","value":"//*[@class = 'android.widget.TextView' and (@text = 'Skip' or . = 'Skip')]"}[39m
[35m[HTTP][39m [37m<-- POST /wd/hub/session/9a61d9d9-a46a-4362-a948-fb796c293213/elements [39m[32m200[39m [90m212 ms - 12[39m
[35m[HTTP][39m [90m[39m
[35m[HTTP][39m [37m-->[39m [37mPOST[39m [37m/wd/hub/session/9a61d9d9-a46a-4362-a948-fb796c293213/elements[39m
[35m[HTTP][39m [90m{"using":"xpath","value":"//*[@class = 'android.widget.TextView' and (@text = 'Skip' or . = 'Skip')]"}[39m
[35m[HTTP][39m [37m<-- POST /wd/hub/session/9a61d9d9-a46a-4362-a948-fb796c293213/elements [39m[32m200[39m [90m239 ms - 12[39m
[35m[HTTP][39m [90m[39m
[35m[HTTP][39m [37m-->[39m [37mPOST[39m [37m/wd/hub/session/9a61d9d9-a46a-4362-a948-fb796c293213/elements[39m
[35m[HTTP][39m [90m{"using":"xpath","value":"//*[@class = 'android.widget.TextView' and (@text = 'Skip' or . = 'Skip')]"}[39m
[35m[HTTP][39m [37m<-- POST /wd/hub/session/9a61d9d9-a46a-4362-a948-fb796c293213/elements [39m[32m200[39m [90m261 ms - 12[39m
[35m[HTTP][39m [90m[39m
[35m[HTTP][39m [37m-->[39m [37mPOST[39m [37m/wd/hub/session/9a61d9d9-a46a-4362-a948-fb796c293213/elements[39m
[35m[HTTP][39m [90m{"using":"xpath","value":"//*[@class = 'android.widget.TextView' and (@text = 'Skip' or . = 'Skip')]"}[39m
[35m[HTTP][39m [37m<-- POST /wd/hub/session/9a61d9d9-a46a-4362-a948-fb796c293213/elements [39m[32m200[39m [90m248 ms - 12[39m
[35m[HTTP][39m [90m[39m
[35m[HTTP][39m [37m-->[39m [37mPOST[39m [37m/wd/hub/session/9a61d9d9-a46a-4362-a948-fb796c293213/elements[39m
[35m[HTTP][39m [90m{"using":"xpath","value":"//*[@class = 'android.widget.TextView' and (@text = 'Skip' or . = 'Skip')]"}[39m
[35m[HTTP][39m [37m<-- POST /wd/hub/session/9a61d9d9-a46a-4362-a948-fb796c293213/elements [39m[32m200[39m [90m247 ms - 12[39m
[35m[HTTP][39m [90m[39m
[35m[HTTP][39m [37m-->[39m [37mPOST[39m [37m/wd/hub/session/9a61d9d9-a46a-4362-a948-fb796c293213/elements[39m
[35m[HTTP][39m [90m{"using":"xpath","value":"//*[@class = 'android.widget.TextView' and (@text = 'Skip' or . = 'Skip')]"}[39m
[35m[HTTP][39m [37m<-- POST /wd/hub/session/9a61d9d9-a46a-4362-a948-fb796c293213/elements [39m[32m200[39m [90m261 ms - 12[39m
[35m[HTTP][39m [90m[39m
[35m[HTTP][39m [37m-->[39m [37mPOST[39m [37m/wd/hub/session/9a61d9d9-a46a-4362-a948-fb796c293213/elements[39m
[35m[HTTP][39m [90m{"using":"xpath","value":"//*[@class = 'android.widget.TextView' and (@text = 'Skip' or . = 'Skip')]"}[39m
[35m[HTTP][39m [37m<-- POST /wd/hub/session/9a61d9d9-a46a-4362-a948-fb796c293213/elements [39m[32m200[39m [90m280 ms - 12[39m
[35m[HTTP][39m [90m[39m
[35m[HTTP][39m [37m-->[39m [37mPOST[39m [37m/wd/hub/session/9a61d9d9-a46a-4362-a948-fb796c293213/elements[39m
[35m[HTTP][39m [90m{"using":"xpath","value":"//*[@class = 'android.widget.TextView' and (@text = 'Skip' or . = 'Skip')]"}[39m
[35m[HTTP][39m [37m<-- POST /wd/hub/session/9a61d9d9-a46a-4362-a948-fb796c293213/elements [39m[32m200[39m [90m215 ms - 12[39m
[35m[HTTP][39m [90m[39m
[35m[HTTP][39m [37m-->[39m [37mPOST[39m [37m/wd/hub/session/9a61d9d9-a46a-4362-a948-fb796c293213/elements[39m
[35m[HTTP][39m [90m{"using":"xpath","value":"//*[@class = 'android.widget.TextView' and (@text = 'Skip' or . = 'Skip')]"}[39m
[35m[HTTP][39m [37m<-- POST /wd/hub/session/9a61d9d9-a46a-4362-a948-fb796c293213/elements [39m[32m200[39m [90m210 ms - 12[39m
[35m[HTTP][39m [90m[39m
[35m[HTTP][39m [37m-->[39m [37mPOST[39m [37m/wd/hub/session/9a61d9d9-a46a-4362-a948-fb796c293213/elements[39m
[35m[HTTP][39m [90m{"using":"xpath","value":"//*[@class = 'android.widget.TextView' and (@text = 'Skip' or . = 'Skip')]"}[39m
[35m[HTTP][39m [37m<-- POST /wd/hub/session/9a61d9d9-a46a-4362-a948-fb796c293213/elements [39m[32m200[39m [90m236 ms - 12[39m
[35m[HTTP][39m [90m[39m
[35m[HTTP][39m [37m-->[39m [37mPOST[39m [37m/wd/hub/session/9a61d9d9-a46a-4362-a948-fb796c293213/elements[39m
[35m[HTTP][39m [90m{"using":"xpath","value":"//*[@class = 'android.widget.TextView' and (@text = 'Skip' or . = 'Skip')]"}[39m
[35m[HTTP][39m [37m<-- POST /wd/hub/session/9a61d9d9-a46a-4362-a948-fb796c293213/elements [39m[32m200[39m [90m196 ms - 12[39m
[35m[HTTP][39m [90m[39m
[35m[HTTP][39m [37m-->[39m [37mPOST[39m [37m/wd/hub/session/9a61d9d9-a46a-4362-a948-fb796c293213/elements[39m
[35m[HTTP][39m [90m{"using":"xpath","value":"//*[@class = 'android.widget.TextView' and (@text = 'Skip' or . = 'Skip')]"}[39m
[35m[HTTP][39m [37m<-- POST /wd/hub/session/9a61d9d9-a46a-4362-a948-fb796c293213/elements [39m[32m200[39m [90m207 ms - 12[39m
[35m[HTTP][39m [90m[39m
[35m[HTTP][39m [37m-->[39m [37mPOST[39m [37m/wd/hub/session/9a61d9d9-a46a-4362-a948-fb796c293213/elements[39m
[35m[HTTP][39m [90m{"using":"xpath","value":"//*[@class = 'android.widget.TextView' and (@text = 'Skip' or . = 'Skip')]"}[39m
[35m[HTTP][39m [37m<-- POST /wd/hub/session/9a61d9d9-a46a-4362-a948-fb796c293213/elements [39m[32m200[39m [90m211 ms - 12[39m
[35m[HTTP][39m [90m[39m
[35m[HTTP][39m [37m-->[39m [37mPOST[39m [37m/wd/hub/session/9a61d9d9-a46a-4362-a948-fb796c293213/elements[39m
[35m[HTTP][39m [90m{"using":"xpath","value":"//*[@class = 'android.widget.TextView' and (@text = 'Skip' or . = 'Skip')]"}[39m
[35m[HTTP][39m [37m<-- POST /wd/hub/session/9a61d9d9-a46a-4362-a948-fb796c293213/elements [39m[32m200[39m [90m213 ms - 12[39m
[35m[HTTP][39m [90m[39m
[35m[HTTP][39m [37m-->[39m [37mPOST[39m [37m/wd/hub/session/9a61d9d9-a46a-4362-a948-fb796c293213/elements[39m
[35m[HTTP][39m [90m{"using":"xpath","value":"//*[@class = 'android.widget.TextView' and (@text = 'Skip' or . = 'Skip')]"}[39m
[35m[HTTP][39m [37m<-- POST /wd/hub/session/9a61d9d9-a46a-4362-a948-fb796c293213/elements [39m[32m200[39m [90m221 ms - 12[39m
[35m[HTTP][39m [90m[39m
[35m[HTTP][39m [37m-->[39m [37mPOST[39m [37m/wd/hub/session/9a61d9d9-a46a-4362-a948-fb796c293213/elements[39m
[35m[HTTP][39m [90m{"using":"xpath","value":"//*[@class = 'android.widget.TextView' and (@text = 'Skip' or . = 'Skip')]"}[39m
[35m[HTTP][39m [37m<-- POST /wd/hub/session/9a61d9d9-a46a-4362-a948-fb796c293213/elements [39m[32m200[39m [90m216 ms - 12[39m
[35m[HTTP][39m [90m[39m
[35m[HTTP][39m [37m-->[39m [37mPOST[39m [37m/wd/hub/session/9a61d9d9-a46a-4362-a948-fb796c293213/elements[39m
[35m[HTTP][39m [90m{"using":"xpath","value":"//*[@class = 'android.widget.TextView' and (@text = 'Skip' or . = 'Skip')]"}[39m
[35m[HTTP][39m [37m<-- POST /wd/hub/session/9a61d9d9-a46a-4362-a948-fb796c293213/elements [39m[32m200[39m [90m176 ms - 12[39m
[35m[HTTP][39m [90m[39m
[35m[HTTP][39m [37m-->[39m [37mPOST[39m [37m/wd/hub/session/9a61d9d9-a46a-4362-a948-fb796c293213/elements[39m
[35m[HTTP][39m [90m{"using":"xpath","value":"//*[@class = 'android.widget.TextView' and (@text = 'Skip' or . = 'Skip')]"}[39m
[35m[HTTP][39m [37m<-- POST /wd/hub/session/9a61d9d9-a46a-4362-a948-fb796c293213/elements [39m[32m200[39m [90m200 ms - 12[39m
[35m[HTTP][39m [90m[39m
[35m[HTTP][39m [37m-->[39m [37mPOST[39m [37m/wd/hub/session/9a61d9d9-a46a-4362-a948-fb796c293213/elements[39m
[35m[HTTP][39m [90m{"using":"xpath","value":"//*[@class = 'android.widget.TextView' and (@text = 'Skip' or . = 'Skip')]"}[39m
[35m[HTTP][39m [37m<-- POST /wd/hub/session/9a61d9d9-a46a-4362-a948-fb796c293213/elements [39m[32m200[39m [90m209 ms - 12[39m
[35m[HTTP][39m [90m[39m
[35m[HTTP][39m [37m-->[39m [37mPOST[39m [37m/wd/hub/session/9a61d9d9-a46a-4362-a948-fb796c293213/elements[39m
[35m[HTTP][39m [90m{"using":"xpath","value":"//*[@class = 'android.widget.TextView' and (@text = 'Skip' or . = 'Skip')]"}[39m
[35m[HTTP][39m [37m<-- POST /wd/hub/session/9a61d9d9-a46a-4362-a948-fb796c293213/elements [39m[32m200[39m [90m203 ms - 12[39m
[35m[HTTP][39m [90m[39m
[35m[HTTP][39m [37m-->[39m [37mPOST[39m [37m/wd/hub/session/9a61d9d9-a46a-4362-a948-fb796c293213/elements[39m
[35m[HTTP][39m [90m{"using":"xpath","value":"//*[@class = 'android.widget.TextView' and (@text = 'Skip' or . = 'Skip')]"}[39m
[35m[HTTP][39m [37m<-- POST /wd/hub/session/9a61d9d9-a46a-4362-a948-fb796c293213/elements [39m[32m200[39m [90m193 ms - 12[39m
[35m[HTTP][39m [90m[39m
[35m[HTTP][39m [37m-->[39m [37mPOST[39m [37m/wd/hub/session/9a61d9d9-a46a-4362-a948-fb796c293213/elements[39m
[35m[HTTP][39m [90m{"using":"xpath","value":"//*[@class = 'android.widget.TextView' and (@text = 'Skip' or . = 'Skip')]"}[39m
[35m[HTTP][39m [37m<-- POST /wd/hub/session/9a61d9d9-a46a-4362-a948-fb796c293213/elements [39m[32m200[39m [90m178 ms - 12[39m
[35m[HTTP][39m [90m[39m
[35m[HTTP][39m [37m-->[39m [37mPOST[39m [37m/wd/hub/session/9a61d9d9-a46a-4362-a948-fb796c293213/elements[39m
[35m[HTTP][39m [90m{"using":"xpath","value":"//*[@class = 'android.widget.TextView' and (@text = 'Skip' or . = 'Skip')]"}[39m
[35m[HTTP][39m [37m<-- POST /wd/hub/session/9a61d9d9-a46a-4362-a948-fb796c293213/elements [39m[32m200[39m [90m174 ms - 12[39m
[35m[HTTP][39m [90m[39m
[35m[HTTP][39m [37m-->[39m [37mPOST[39m [37m/wd/hub/session/9a61d9d9-a46a-4362-a948-fb796c293213/elements[39m
[35m[HTTP][39m [90m{"using":"xpath","value":"//*[@class = 'android.widget.TextView' and (@text = 'Skip' or . = 'Skip')]"}[39m
[35m[HTTP][39m [37m<-- POST /wd/hub/session/9a61d9d9-a46a-4362-a948-fb796c293213/elements [39m[32m200[39m [90m179 ms - 12[39m
[35m[HTTP][39m [90m[39m
[35m[HTTP][39m [37m-->[39m [37mPOST[39m [37m/wd/hub/session/9a61d9d9-a46a-4362-a948-fb796c293213/elements[39m
[35m[HTTP][39m [90m{"using":"xpath","value":"//*[@class = 'android.widget.TextView' and (@text = 'Skip' or . = 'Skip')]"}[39m
[35m[HTTP][39m [37m<-- POST /wd/hub/session/9a61d9d9-a46a-4362-a948-fb796c293213/elements [39m[32m200[39m [90m215 ms - 12[39m
[35m[HTTP][39m [90m[39m
[35m[HTTP][39m [37m-->[39m [37mPOST[39m [37m/wd/hub/session/9a61d9d9-a46a-4362-a948-fb796c293213/elements[39m
[35m[HTTP][39m [90m{"using":"xpath","value":"//*[@class = 'android.widget.TextView' and (@text = 'Skip' or . = 'Skip')]"}[39m
[35m[HTTP][39m [37m<-- POST /wd/hub/session/9a61d9d9-a46a-4362-a948-fb796c293213/elements [39m[32m200[39m [90m202 ms - 12[39m
[35m[HTTP][39m [90m[39m
[35m[HTTP][39m [37m-->[39m [37mPOST[39m [37m/wd/hub/session/9a61d9d9-a46a-4362-a948-fb796c293213/elements[39m
[35m[HTTP][39m [90m{"using":"xpath","value":"//*[@class = 'android.widget.TextView' and (@text = 'Skip' or . = 'Skip')]"}[39m
[35m[HTTP][39m [37m<-- POST /wd/hub/session/9a61d9d9-a46a-4362-a948-fb796c293213/elements [39m[32m200[39m [90m207 ms - 12[39m
[35m[HTTP][39m [90m[39m
[35m[HTTP][39m [37m-->[39m [37mPOST[39m [37m/wd/hub/session/9a61d9d9-a46a-4362-a948-fb796c293213/elements[39m
[35m[HTTP][39m [90m{"using":"xpath","value":"//*[@class = 'android.widget.TextView' and (@text = 'Skip' or . = 'Skip')]"}[39m
[35m[HTTP][39m [37m<-- POST /wd/hub/session/9a61d9d9-a46a-4362-a948-fb796c293213/elements [39m[32m200[39m [90m207 ms - 12[39m
[35m[HTTP][39m [90m[39m
[35m[HTTP][39m [37m-->[39m [37mPOST[39m [37m/wd/hub/session/9a61d9d9-a46a-4362-a948-fb796c293213/elements[39m
[35m[HTTP][39m [90m{"using":"xpath","value":"//*[@class = 'android.widget.TextView' and (@text = 'Skip' or . = 'Skip')]"}[39m
[35m[HTTP][39m [37m<-- POST /wd/hub/session/9a61d9d9-a46a-4362-a948-fb796c293213/elements [39m[32m200[39m [90m207 ms - 12[39m
[35m[HTTP][39m [90m[39m
[35m[HTTP][39m [37m-->[39m [37mPOST[39m [37m/wd/hub/session/9a61d9d9-a46a-4362-a948-fb796c293213/elements[39m
[35m[HTTP][39m [90m{"using":"xpath","value":"//*[@class = 'android.widget.TextView' and (@text = 'Skip' or . = 'Skip')]"}[39m
[35m[HTTP][39m [37m<-- POST /wd/hub/session/9a61d9d9-a46a-4362-a948-fb796c293213/elements [39m[32m200[39m [90m207 ms - 12[39m
[35m[HTTP][39m [90m[39m
[35m[HTTP][39m [37m-->[39m [37mPOST[39m [37m/wd/hub/session/9a61d9d9-a46a-4362-a948-fb796c293213/elements[39m
[35m[HTTP][39m [90m{"using":"xpath","value":"//*[@class = 'android.widget.TextView' and (@text = 'Skip' or . = 'Skip')]"}[39m
[35m[HTTP][39m [37m<-- POST /wd/hub/session/9a61d9d9-a46a-4362-a948-fb796c293213/elements [39m[32m200[39m [90m134 ms - 12[39m
[35m[HTTP][39m [90m[39m
[35m[HTTP][39m [37m-->[39m [37mPOST[39m [37m/wd/hub/session/9a61d9d9-a46a-4362-a948-fb796c293213/elements[39m
[35m[HTTP][39m [90m{"using":"xpath","value":"//*[@class = 'android.widget.TextView' and (@text = 'Skip' or . = 'Skip')]"}[39m
[35m[HTTP][39m [37m<-- POST /wd/hub/session/9a61d9d9-a46a-4362-a948-fb796c293213/elements [39m[32m200[39m [90m721 ms - 12[39m
[35m[HTTP][39m [90m[39m
[35m[HTTP][39m [37m-->[39m [37mPOST[39m [37m/wd/hub/session/9a61d9d9-a46a-4362-a948-fb796c293213/elements[39m
[35m[HTTP][39m [90m{"using":"xpath","value":"//*[@class = 'android.widget.TextView' and (@text = 'Skip' or . = 'Skip')]"}[39m
[35m[HTTP][39m [37m<-- POST /wd/hub/session/9a61d9d9-a46a-4362-a948-fb796c293213/elements [39m[32m200[39m [90m123 ms - 12[39m
[35m[HTTP][39m [90m[39m
[35m[HTTP][39m [37m-->[39m [37mPOST[39m [37m/wd/hub/session/9a61d9d9-a46a-4362-a948-fb796c293213/elements[39m
[35m[HTTP][39m [90m{"using":"xpath","value":"//*[@class = 'android.widget.TextView' and (@text = 'Skip' or . = 'Skip')]"}[39m
[35m[HTTP][39m [37m<-- POST /wd/hub/session/9a61d9d9-a46a-4362-a948-fb796c293213/elements [39m[32m200[39m [90m182 ms - 12[39m
[35m[HTTP][39m [90m[39m
[35m[HTTP][39m [37m-->[39m [37mPOST[39m [37m/wd/hub/session/9a61d9d9-a46a-4362-a948-fb796c293213/elements[39m
[35m[HTTP][39m [90m{"using":"xpath","value":"//*[@class = 'android.widget.TextView' and (@text = 'Skip' or . = 'Skip')]"}[39m
[35m[HTTP][39m [37m<-- POST /wd/hub/session/9a61d9d9-a46a-4362-a948-fb796c293213/elements [39m[32m200[39m [90m205 ms - 12[39m
[35m[HTTP][39m [90m[39m
[35m[HTTP][39m [37m-->[39m [37mPOST[39m [37m/wd/hub/session/9a61d9d9-a46a-4362-a948-fb796c293213/elements[39m
[35m[HTTP][39m [90m{"using":"xpath","value":"//*[@class = 'android.widget.TextView' and (@text = 'Skip' or . = 'Skip')]"}[39m
[35m[HTTP][39m [37m<-- POST /wd/hub/session/9a61d9d9-a46a-4362-a948-fb796c293213/elements [39m[32m200[39m [90m689 ms - 12[39m
[35m[HTTP][39m [90m[39m
[35m[HTTP][39m [37m-->[39m [37mPOST[39m [37m/wd/hub/session/9a61d9d9-a46a-4362-a948-fb796c293213/elements[39m
[35m[HTTP][39m [90m{"using":"xpath","value":"//*[@class = 'android.widget.TextView' and (@text = 'Skip' or . = 'Skip')]"}[39m
[35m[HTTP][39m [37m<-- POST /wd/hub/session/9a61d9d9-a46a-4362-a948-fb796c293213/elements [39m[32m200[39m [90m238 ms - 12[39m
[35m[HTTP][39m [90m[39m
[35m[HTTP][39m [37m-->[39m [37mPOST[39m [37m/wd/hub/session/9a61d9d9-a46a-4362-a948-fb796c293213/elements[39m
[35m[HTTP][39m [90m{"using":"xpath","value":"//*[@class = 'android.widget.TextView' and (@text = 'Skip' or . = 'Skip')]"}[39m
[35m[HTTP][39m [37m<-- POST /wd/hub/session/9a61d9d9-a46a-4362-a948-fb796c293213/elements [39m[32m200[39m [90m200 ms - 12[39m
[35m[HTTP][39m [90m[39m
[35m[HTTP][39m [37m-->[39m [37mPOST[39m [37m/wd/hub/session/9a61d9d9-a46a-4362-a948-fb796c293213/elements[39m
[35m[HTTP][39m [90m{"using":"xpath","value":"//*[@class = 'android.widget.TextView' and (@text = 'Skip' or . = 'Skip')]"}[39m
[35m[HTTP][39m [37m<-- POST /wd/hub/session/9a61d9d9-a46a-4362-a948-fb796c293213/elements [39m[32m200[39m [90m174 ms - 12[39m
[35m[HTTP][39m [90m[39m
[35m[HTTP][39m [37m-->[39m [37mPOST[39m [37m/wd/hub/session/9a61d9d9-a46a-4362-a948-fb796c293213/elements[39m
[35m[HTTP][39m [90m{"using":"xpath","value":"//*[@class = 'android.widget.TextView' and (@text = 'Skip' or . = 'Skip')]"}[39m
[35m[HTTP][39m [37m<-- POST /wd/hub/session/9a61d9d9-a46a-4362-a948-fb796c293213/elements [39m[32m200[39m [90m133 ms - 12[39m
[35m[HTTP][39m [90m[39m
[35m[HTTP][39m [37m-->[39m [37mPOST[39m [37m/wd/hub/session/9a61d9d9-a46a-4362-a948-fb796c293213/elements[39m
[35m[HTTP][39m [90m{"using":"xpath","value":"//*[@class = 'android.widget.TextView' and (@text = 'Skip' or . = 'Skip')]"}[39m
[35m[HTTP][39m [37m<-- POST /wd/hub/session/9a61d9d9-a46a-4362-a948-fb796c293213/elements [39m[32m200[39m [90m159 ms - 12[39m
[35m[HTTP][39m [90m[39m
[35m[HTTP][39m [37m-->[39m [37mPOST[39m [37m/wd/hub/session/9a61d9d9-a46a-4362-a948-fb796c293213/elements[39m
[35m[HTTP][39m [90m{"using":"xpath","value":"//*[@class = 'android.widget.TextView' and (@text = 'Skip' or . = 'Skip')]"}[39m
[35m[HTTP][39m [37m<-- POST /wd/hub/session/9a61d9d9-a46a-4362-a948-fb796c293213/elements [39m[32m200[39m [90m193 ms - 12[39m
[35m[HTTP][39m [90m[39m
[35m[HTTP][39m [37m-->[39m [37mPOST[39m [37m/wd/hub/session/9a61d9d9-a46a-4362-a948-fb796c293213/elements[39m
[35m[HTTP][39m [90m{"using":"xpath","value":"//*[@class = 'android.widget.TextView' and (@text = 'Skip' or . = 'Skip')]"}[39m
[35m[HTTP][39m [37m<-- POST /wd/hub/session/9a61d9d9-a46a-4362-a948-fb796c293213/elements [39m[32m200[39m [90m188 ms - 12[39m
[35m[HTTP][39m [90m[39m
[35m[HTTP][39m [37m-->[39m [37mPOST[39m [37m/wd/hub/session/9a61d9d9-a46a-4362-a948-fb796c293213/elements[39m
[35m[HTTP][39m [90m{"using":"xpath","value":"//*[@class = 'android.widget.TextView' and (@text = 'Skip' or . = 'Skip')]"}[39m
[35m[HTTP][39m [37m<-- POST /wd/hub/session/9a61d9d9-a46a-4362-a948-fb796c293213/elements [39m[32m200[39m [90m183 ms - 12[39m
[35m[HTTP][39m [90m[39m
[35m[HTTP][39m [37m-->[39m [37mPOST[39m [37m/wd/hub/session/9a61d9d9-a46a-4362-a948-fb796c293213/elements[39m
[35m[HTTP][39m [90m{"using":"xpath","value":"//*[@class = 'android.widget.TextView' and (@text = 'Skip' or . = 'Skip')]"}[39m
[35m[HTTP][39m [37m<-- POST /wd/hub/session/9a61d9d9-a46a-4362-a948-fb796c293213/elements [39m[32m200[39m [90m198 ms - 12[39m
[35m[HTTP][39m [90m[39m
[35m[HTTP][39m [37m-->[39m [37mPOST[39m [37m/wd/hub/session/9a61d9d9-a46a-4362-a948-fb796c293213/elements[39m
[35m[HTTP][39m [90m{"using":"xpath","value":"//*[@class = 'android.widget.TextView' and (@text = 'Skip' or . = 'Skip')]"}[39m
[35m[HTTP][39m [37m<-- POST /wd/hub/session/9a61d9d9-a46a-4362-a948-fb796c293213/elements [39m[32m200[39m [90m207 ms - 12[39m
[35m[HTTP][39m [90m[39m
[35m[HTTP][39m [37m-->[39m [37mPOST[39m [37m/wd/hub/session/9a61d9d9-a46a-4362-a948-fb796c293213/elements[39m
[35m[HTTP][39m [90m{"using":"xpath","value":"//*[@class = 'android.widget.TextView' and (@text = 'Skip' or . = 'Skip')]"}[39m
[35m[HTTP][39m [37m<-- POST /wd/hub/session/9a61d9d9-a46a-4362-a948-fb796c293213/elements [39m[32m200[39m [90m208 ms - 12[39m
[35m[HTTP][39m [90m[39m
[35m[HTTP][39m [37m-->[39m [37mPOST[39m [37m/wd/hub/session/9a61d9d9-a46a-4362-a948-fb796c293213/elements[39m
[35m[HTTP][39m [90m{"using":"xpath","value":"//*[@class = 'android.widget.TextView' and (@text = 'Skip' or . = 'Skip')]"}[39m
[35m[HTTP][39m [37m<-- POST /wd/hub/session/9a61d9d9-a46a-4362-a948-fb796c293213/elements [39m[32m200[39m [90m223 ms - 12[39m
[35m[HTTP][39m [90m[39m
[35m[HTTP][39m [37m-->[39m [37mPOST[39m [37m/wd/hub/session/9a61d9d9-a46a-4362-a948-fb796c293213/elements[39m
[35m[HTTP][39m [90m{"using":"xpath","value":"//*[@class = 'android.widget.TextView' and (@text = 'Skip' or . = 'Skip')]"}[39m
[35m[HTTP][39m [37m<-- POST /wd/hub/session/9a61d9d9-a46a-4362-a948-fb796c293213/elements [39m[32m200[39m [90m182 ms - 12[39m
[35m[HTTP][39m [90m[39m
[35m[HTTP][39m [37m-->[39m [37mPOST[39m [37m/wd/hub/session/9a61d9d9-a46a-4362-a948-fb796c293213/elements[39m
[35m[HTTP][39m [90m{"using":"xpath","value":"//*[@class = 'android.widget.TextView' and (@text = 'Skip' or . = 'Skip')]"}[39m
[35m[HTTP][39m [37m<-- POST /wd/hub/session/9a61d9d9-a46a-4362-a948-fb796c293213/elements [39m[32m200[39m [90m194 ms - 12[39m
[35m[HTTP][39m [90m[39m
[35m[HTTP][39m [37m-->[39m [37mPOST[39m [37m/wd/hub/session/9a61d9d9-a46a-4362-a948-fb796c293213/elements[39m
[35m[HTTP][39m [90m{"using":"xpath","value":"//*[@class = 'android.widget.TextView' and (@text = 'Skip' or . = 'Skip')]"}[39m
[35m[HTTP][39m [37m<-- POST /wd/hub/session/9a61d9d9-a46a-4362-a948-fb796c293213/elements [39m[32m200[39m [90m188 ms - 12[39m
[35m[HTTP][39m [90m[39m
[35m[HTTP][39m [37m-->[39m [37mPOST[39m [37m/wd/hub/session/9a61d9d9-a46a-4362-a948-fb796c293213/elements[39m
[35m[HTTP][39m [90m{"using":"xpath","value":"//*[@class = 'android.widget.TextView' and (@text = 'Skip' or . = 'Skip')]"}[39m
[35m[HTTP][39m [37m<-- POST /wd/hub/session/9a61d9d9-a46a-4362-a948-fb796c293213/elements [39m[32m200[39m [90m180 ms - 12[39m
[35m[HTTP][39m [90m[39m
[35m[HTTP][39m [37m-->[39m [37mPOST[39m [37m/wd/hub/session/9a61d9d9-a46a-4362-a948-fb796c293213/elements[39m
[35m[HTTP][39m [90m{"using":"xpath","value":"//*[@class = 'android.widget.TextView' and (@text = 'Skip' or . = 'Skip')]"}[39m
[35m[HTTP][39m [37m<-- POST /wd/hub/session/9a61d9d9-a46a-4362-a948-fb796c293213/elements [39m[32m200[39m [90m186 ms - 12[39m
[35m[HTTP][39m [90m[39m
[35m[HTTP][39m [37m-->[39m [37mPOST[39m [37m/wd/hub/session/9a61d9d9-a46a-4362-a948-fb796c293213/elements[39m
[35m[HTTP][39m [90m{"using":"xpath","value":"//*[@class = 'android.widget.TextView' and (@text = 'Skip' or . = 'Skip')]"}[39m
[35m[HTTP][39m [37m<-- POST /wd/hub/session/9a61d9d9-a46a-4362-a948-fb796c293213/elements [39m[32m200[39m [90m190 ms - 12[39m
[35m[HTTP][39m [90m[39m
[35m[HTTP][39m [37m-->[39m [37mPOST[39m [37m/wd/hub/session/9a61d9d9-a46a-4362-a948-fb796c293213/elements[39m
[35m[HTTP][39m [90m{"using":"xpath","value":"//*[@class = 'android.widget.TextView' and (@text = 'Skip' or . = 'Skip')]"}[39m
[35m[HTTP][39m [37m<-- POST /wd/hub/session/9a61d9d9-a46a-4362-a948-fb796c293213/elements [39m[32m200[39m [90m213 ms - 12[39m
[35m[HTTP][39m [90m[39m
[35m[HTTP][39m [37m-->[39m [37mPOST[39m [37m/wd/hub/session/9a61d9d9-a46a-4362-a948-fb796c293213/elements[39m
[35m[HTTP][39m [90m{"using":"xpath","value":"//*[@class = 'android.widget.TextView' and (@text = 'Skip' or . = 'Skip')]"}[39m
[35m[HTTP][39m [37m<-- POST /wd/hub/session/9a61d9d9-a46a-4362-a948-fb796c293213/elements [39m[32m200[39m [90m192 ms - 12[39m
[35m[HTTP][39m [90m[39m
[35m[HTTP][39m [37m-->[39m [37mPOST[39m [37m/wd/hub/session/9a61d9d9-a46a-4362-a948-fb796c293213/elements[39m
[35m[HTTP][39m [90m{"using":"xpath","value":"//*[@class = 'android.widget.TextView' and (@text = 'Skip' or . = 'Skip')]"}[39m
[35m[HTTP][39m [37m<-- POST /wd/hub/session/9a61d9d9-a46a-4362-a948-fb796c293213/elements [39m[32m200[39m [90m176 ms - 12[39m
[35m[HTTP][39m [90m[39m
[35m[HTTP][39m [37m-->[39m [37mPOST[39m [37m/wd/hub/session/9a61d9d9-a46a-4362-a948-fb796c293213/elements[39m
[35m[HTTP][39m [90m{"using":"xpath","value":"//*[@class = 'android.widget.TextView' and (@text = 'Skip' or . = 'Skip')]"}[39m
[35m[HTTP][39m [37m<-- POST /wd/hub/session/9a61d9d9-a46a-4362-a948-fb796c293213/elements [39m[32m200[39m [90m193 ms - 12[39m
[35m[HTTP][39m [90m[39m
[35m[HTTP][39m [37m-->[39m [37mPOST[39m [37m/wd/hub/session/9a61d9d9-a46a-4362-a948-fb796c293213/elements[39m
[35m[HTTP][39m [90m{"using":"xpath","value":"//*[@class = 'android.widget.TextView' and (@text = 'Skip' or . = 'Skip')]"}[39m
[35m[HTTP][39m [37m<-- POST /wd/hub/session/9a61d9d9-a46a-4362-a948-fb796c293213/elements [39m[32m200[39m [90m204 ms - 12[39m
[35m[HTTP][39m [90m[39m
[35m[HTTP][39m [37m-->[39m [37mPOST[39m [37m/wd/hub/session/9a61d9d9-a46a-4362-a948-fb796c293213/elements[39m
[35m[HTTP][39m [90m{"using":"xpath","value":"//*[@class = 'android.widget.TextView' and (@text = 'Skip' or . = 'Skip')]"}[39m
[35m[HTTP][39m [37m<-- POST /wd/hub/session/9a61d9d9-a46a-4362-a948-fb796c293213/elements [39m[32m200[39m [90m707 ms - 12[39m
[35m[HTTP][39m [90m[39m
[35m[HTTP][39m [37m-->[39m [37mPOST[39m [37m/wd/hub/session/9a61d9d9-a46a-4362-a948-fb796c293213/elements[39m
[35m[HTTP][39m [90m{"using":"xpath","value":"//*[@class = 'android.widget.TextView' and (@text = 'Skip' or . = 'Skip')]"}[39m
[35m[HTTP][39m [37m<-- POST /wd/hub/session/9a61d9d9-a46a-4362-a948-fb796c293213/elements [39m[32m200[39m [90m220 ms - 12[39m
[35m[HTTP][39m [90m[39m
[35m[HTTP][39m [37m-->[39m [37mPOST[39m [37m/wd/hub/session/9a61d9d9-a46a-4362-a948-fb796c293213/elements[39m
[35m[HTTP][39m [90m{"using":"xpath","value":"//*[@class = 'android.widget.TextView' and (@text = 'Skip' or . = 'Skip')]"}[39m
[35m[HTTP][39m [37m<-- POST /wd/hub/session/9a61d9d9-a46a-4362-a948-fb796c293213/elements [39m[32m200[39m [90m182 ms - 12[39m
[35m[HTTP][39m [90m[39m
[35m[HTTP][39m [37m-->[39m [37mPOST[39m [37m/wd/hub/session/9a61d9d9-a46a-4362-a948-fb796c293213/elements[39m
[35m[HTTP][39m [90m{"using":"xpath","value":"//*[@class = 'android.widget.TextView' and (@text = 'Skip' or . = 'Skip')]"}[39m
[35m[HTTP][39m [37m<-- POST /wd/hub/session/9a61d9d9-a46a-4362-a948-fb796c293213/elements [39m[32m200[39m [90m206 ms - 12[39m
[35m[HTTP][39m [90m[39m
[35m[HTTP][39m [37m-->[39m [37mPOST[39m [37m/wd/hub/session/9a61d9d9-a46a-4362-a948-fb796c293213/elements[39m
[35m[HTTP][39m [90m{"using":"xpath","value":"//*[@class = 'android.widget.TextView' and (@text = 'Skip' or . = 'Skip')]"}[39m
[35m[HTTP][39m [37m<-- POST /wd/hub/session/9a61d9d9-a46a-4362-a948-fb796c293213/elements [39m[32m200[39m [90m199 ms - 12[39m
[35m[HTTP][39m [90m[39m
[35m[HTTP][39m [37m-->[39m [37mPOST[39m [37m/wd/hub/session/9a61d9d9-a46a-4362-a948-fb796c293213/elements[39m
[35m[HTTP][39m [90m{"using":"xpath","value":"//*[@class = 'android.widget.TextView' and (@text = 'Skip' or . = 'Skip')]"}[39m
[35m[HTTP][39m [37m<-- POST /wd/hub/session/9a61d9d9-a46a-4362-a948-fb796c293213/elements [39m[32m200[39m [90m224 ms - 12[39m
[35m[HTTP][39m [90m[39m
[35m[HTTP][39m [37m-->[39m [37mPOST[39m [37m/wd/hub/session/9a61d9d9-a46a-4362-a948-fb796c293213/elements[39m
[35m[HTTP][39m [90m{"using":"xpath","value":"//*[@class = 'android.widget.TextView' and (@text = 'Skip' or . = 'Skip')]"}[39m
[35m[HTTP][39m [37m<-- POST /wd/hub/session/9a61d9d9-a46a-4362-a948-fb796c293213/elements [39m[32m200[39m [90m144 ms - 12[39m
[35m[HTTP][39m [90m[39m
[35m[HTTP][39m [37m-->[39m [37mPOST[39m [37m/wd/hub/session/9a61d9d9-a46a-4362-a948-fb796c293213/elements[39m
[35m[HTTP][39m [90m{"using":"xpath","value":"//*[@class = 'android.widget.TextView' and (@text = 'Skip' or . = 'Skip')]"}[39m
[35m[HTTP][39m [37m<-- POST /wd/hub/session/9a61d9d9-a46a-4362-a948-fb796c293213/elements [39m[32m200[39m [90m179 ms - 12[39m
[35m[HTTP][39m [90m[39m
[35m[HTTP][39m [37m-->[39m [37mPOST[39m [37m/wd/hub/session/9a61d9d9-a46a-4362-a948-fb796c293213/elements[39m
[35m[HTTP][39m [90m{"using":"xpath","value":"//*[@class = 'android.widget.TextView' and (@text = 'Skip' or . = 'Skip')]"}[39m
[35m[HTTP][39m [37m<-- POST /wd/hub/session/9a61d9d9-a46a-4362-a948-fb796c293213/elements [39m[32m200[39m [90m191 ms - 12[39m
[35m[HTTP][39m [90m[39m
[35m[HTTP][39m [37m-->[39m [37mPOST[39m [37m/wd/hub/session/9a61d9d9-a46a-4362-a948-fb796c293213/elements[39m
[35m[HTTP][39m [90m{"using":"xpath","value":"//*[@class = 'android.widget.TextView' and (@text = 'Skip' or . = 'Skip')]"}[39m
[35m[HTTP][39m [37m<-- POST /wd/hub/session/9a61d9d9-a46a-4362-a948-fb796c293213/elements [39m[32m200[39m [90m194 ms - 12[39m
[35m[HTTP][39m [90m[39m
[35m[HTTP][39m [37m-->[39m [37mPOST[39m [37m/wd/hub/session/9a61d9d9-a46a-4362-a948-fb796c293213/elements[39m
[35m[HTTP][39m [90m{"using":"xpath","value":"//*[@class = 'android.widget.TextView' and (@text = 'Skip' or . = 'Skip')]"}[39m
[35m[HTTP][39m [37m<-- POST /wd/hub/session/9a61d9d9-a46a-4362-a948-fb796c293213/elements [39m[32m200[39m [90m189 ms - 12[39m
[35m[HTTP][39m [90m[39m
[35m[HTTP][39m [37m-->[39m [37mPOST[39m [37m/wd/hub/session/9a61d9d9-a46a-4362-a948-fb796c293213/elements[39m
[35m[HTTP][39m [90m{"using":"xpath","value":"//*[@class = 'android.widget.TextView' and (@text = 'Skip' or . = 'Skip')]"}[39m
[35m[HTTP][39m [37m<-- POST /wd/hub/session/9a61d9d9-a46a-4362-a948-fb796c293213/elements [39m[32m200[39m [90m171 ms - 12[39m
[35m[HTTP][39m [90m[39m
[35m[HTTP][39m [37m-->[39m [37mPOST[39m [37m/wd/hub/session/9a61d9d9-a46a-4362-a948-fb796c293213/elements[39m
[35m[HTTP][39m [90m{"using":"xpath","value":"//*[@class = 'android.widget.TextView' and (@text = 'Skip' or . = 'Skip')]"}[39m
[35m[HTTP][39m [37m<-- POST /wd/hub/session/9a61d9d9-a46a-4362-a948-fb796c293213/elements [39m[32m200[39m [90m200 ms - 12[39m
[35m[HTTP][39m [90m[39m
[35m[HTTP][39m [37m-->[39m [37mPOST[39m [37m/wd/hub/session/9a61d9d9-a46a-4362-a948-fb796c293213/elements[39m
[35m[HTTP][39m [90m{"using":"xpath","value":"//*[@class = 'android.widget.TextView' and (@text = 'Skip' or . = 'Skip')]"}[39m
[35m[HTTP][39m [37m<-- POST /wd/hub/session/9a61d9d9-a46a-4362-a948-fb796c293213/elements [39m[32m200[39m [90m203 ms - 12[39m
[35m[HTTP][39m [90m[39m
[35m[HTTP][39m [37m-->[39m [37mPOST[39m [37m/wd/hub/session/9a61d9d9-a46a-4362-a948-fb796c293213/elements[39m
[35m[HTTP][39m [90m{"using":"xpath","value":"//*[@class = 'android.widget.TextView' and (@text = 'Skip' or . = 'Skip')]"}[39m
[35m[HTTP][39m [37m<-- POST /wd/hub/session/9a61d9d9-a46a-4362-a948-fb796c293213/elements [39m[32m200[39m [90m203 ms - 12[39m
[35m[HTTP][39m [90m[39m
[35m[HTTP][39m [37m-->[39m [37mPOST[39m [37m/wd/hub/session/9a61d9d9-a46a-4362-a948-fb796c293213/elements[39m
[35m[HTTP][39m [90m{"using":"xpath","value":"//*[@class = 'android.widget.TextView' and (@text = 'Skip' or . = 'Skip')]"}[39m
[35m[HTTP][39m [37m<-- POST /wd/hub/session/9a61d9d9-a46a-4362-a948-fb796c293213/elements [39m[32m200[39m [90m195 ms - 12[39m
[35m[HTTP][39m [90m[39m
[35m[HTTP][39m [37m-->[39m [37mPOST[39m [37m/wd/hub/session/9a61d9d9-a46a-4362-a948-fb796c293213/elements[39m
[35m[HTTP][39m [90m{"using":"xpath","value":"//*[@class = 'android.widget.TextView' and (@text = 'Skip' or . = 'Skip')]"}[39m
[35m[HTTP][39m [37m<-- POST /wd/hub/session/9a61d9d9-a46a-4362-a948-fb796c293213/elements [39m[32m200[39m [90m182 ms - 12[39m
[35m[HTTP][39m [90m[39m
[35m[HTTP][39m [37m-->[39m [37mPOST[39m [37m/wd/hub/session/9a61d9d9-a46a-4362-a948-fb796c293213/elements[39m
[35m[HTTP][39m [90m{"using":"xpath","value":"//*[@class = 'android.widget.TextView' and (@text = 'Skip' or . = 'Skip')]"}[39m
[35m[HTTP][39m [37m<-- POST /wd/hub/session/9a61d9d9-a46a-4362-a948-fb796c293213/elements [39m[32m200[39m [90m188 ms - 12[39m
[35m[HTTP][39m [90m[39m
[35m[HTTP][39m [37m-->[39m [37mPOST[39m [37m/wd/hub/session/9a61d9d9-a46a-4362-a948-fb796c293213/elements[39m
[35m[HTTP][39m [90m{"using":"xpath","value":"//*[@class = 'android.widget.TextView' and (@text = 'Skip' or . = 'Skip')]"}[39m
[35m[HTTP][39m [37m<-- POST /wd/hub/session/9a61d9d9-a46a-4362-a948-fb796c293213/elements [39m[32m200[39m [90m185 ms - 12[39m
[35m[HTTP][39m [90m[39m
[35m[HTTP][39m [37m-->[39m [37mPOST[39m [37m/wd/hub/session/9a61d9d9-a46a-4362-a948-fb796c293213/elements[39m
[35m[HTTP][39m [90m{"using":"xpath","value":"//*[@class = 'android.widget.TextView' and (@text = 'Skip' or . = 'Skip')]"}[39m
[35m[HTTP][39m [37m<-- POST /wd/hub/session/9a61d9d9-a46a-4362-a948-fb796c293213/elements [39m[32m200[39m [90m184 ms - 12[39m
[35m[HTTP][39m [90m[39m
[35m[HTTP][39m [37m-->[39m [37mPOST[39m [37m/wd/hub/session/9a61d9d9-a46a-4362-a948-fb796c293213/elements[39m
[35m[HTTP][39m [90m{"using":"xpath","value":"//*[@class = 'android.widget.TextView' and (@text = 'Skip' or . = 'Skip')]"}[39m
[35m[HTTP][39m [37m<-- POST /wd/hub/session/9a61d9d9-a46a-4362-a948-fb796c293213/elements [39m[32m200[39m [90m120 ms - 12[39m
[35m[HTTP][39m [90m[39m
[35m[HTTP][39m [37m-->[39m [37mPOST[39m [37m/wd/hub/session/9a61d9d9-a46a-4362-a948-fb796c293213/elements[39m
[35m[HTTP][39m [90m{"using":"xpath","value":"//*[@class = 'android.widget.TextView' and (@text = 'Skip' or . = 'Skip')]"}[39m
[35m[HTTP][39m [37m<-- POST /wd/hub/session/9a61d9d9-a46a-4362-a948-fb796c293213/elements [39m[32m200[39m [90m62 ms - 12[39m
[35m[HTTP][39m [90m[39m
[35m[HTTP][39m [37m-->[39m [37mPOST[39m [37m/wd/hub/session/9a61d9d9-a46a-4362-a948-fb796c293213/elements[39m
[35m[HTTP][39m [90m{"using":"xpath","value":"//*[@class = 'android.widget.TextView' and (@text = 'Skip' or . = 'Skip')]"}[39m
[35m[HTTP][39m [37m<-- POST /wd/hub/session/9a61d9d9-a46a-4362-a948-fb796c293213/elements [39m[32m200[39m [90m87 ms - 12[39m
[35m[HTTP][39m [90m[39m
[35m[HTTP][39m [37m-->[39m [37mPOST[39m [37m/wd/hub/session/9a61d9d9-a46a-4362-a948-fb796c293213/elements[39m
[35m[HTTP][39m [90m{"using":"xpath","value":"//*[@class = 'android.widget.TextView' and (@text = 'Skip' or . = 'Skip')]"}[39m
[35m[HTTP][39m [37m<-- POST /wd/hub/session/9a61d9d9-a46a-4362-a948-fb796c293213/elements [39m[32m200[39m [90m110 ms - 12[39m
[35m[HTTP][39m [90m[39m
[35m[HTTP][39m [37m-->[39m [37mPOST[39m [37m/wd/hub/session/9a61d9d9-a46a-4362-a948-fb796c293213/elements[39m
[35m[HTTP][39m [90m{"using":"xpath","value":"//*[@class = 'android.widget.TextView' and (@text = 'Skip' or . = 'Skip')]"}[39m
[35m[HTTP][39m [37m<-- POST /wd/hub/session/9a61d9d9-a46a-4362-a948-fb796c293213/elements [39m[32m200[39m [90m164 ms - 12[39m
[35m[HTTP][39m [90m[39m
[35m[HTTP][39m [37m-->[39m [37mPOST[39m [37m/wd/hub/session/9a61d9d9-a46a-4362-a948-fb796c293213/elements[39m
[35m[HTTP][39m [90m{"using":"xpath","value":"//*[@class = 'android.widget.TextView' and (@text = 'Skip' or . = 'Skip')]"}[39m
[35m[HTTP][39m [37m<-- POST /wd/hub/session/9a61d9d9-a46a-4362-a948-fb796c293213/elements [39m[32m200[39m [90m710 ms - 12[39m
[35m[HTTP][39m [90m[39m
[35m[HTTP][39m [37m-->[39m [37mPOST[39m [37m/wd/hub/session/9a61d9d9-a46a-4362-a948-fb796c293213/elements[39m
[35m[HTTP][39m [90m{"using":"xpath","value":"//*[@class = 'android.widget.TextView' and (@text = 'Skip' or . = 'Skip')]"}[39m
[35m[HTTP][39m [37m<-- POST /wd/hub/session/9a61d9d9-a46a-4362-a948-fb796c293213/elements [39m[32m200[39m [90m232 ms - 12[39m
[35m[HTTP][39m [90m[39m
[35m[HTTP][39m [37m-->[39m [37mPOST[39m [37m/wd/hub/session/9a61d9d9-a46a-4362-a948-fb796c293213/elements[39m
[35m[HTTP][39m [90m{"using":"xpath","value":"//*[@class = 'android.widget.TextView' and (@text = 'Skip' or . = 'Skip')]"}[39m
[35m[HTTP][39m [37m<-- POST /wd/hub/session/9a61d9d9-a46a-4362-a948-fb796c293213/elements [39m[32m200[39m [90m171 ms - 12[39m
[35m[HTTP][39m [90m[39m
[35m[HTTP][39m [37m-->[39m [37mPOST[39m [37m/wd/hub/session/9a61d9d9-a46a-4362-a948-fb796c293213/elements[39m
[35m[HTTP][39m [90m{"using":"xpath","value":"//*[@class = 'android.widget.TextView' and (@text = 'Skip' or . = 'Skip')]"}[39m
[35m[HTTP][39m [37m<-- POST /wd/hub/session/9a61d9d9-a46a-4362-a948-fb796c293213/elements [39m[32m200[39m [90m202 ms - 12[39m
[35m[HTTP][39m [90m[39m
[35m[HTTP][39m [37m-->[39m [37mPOST[39m [37m/wd/hub/session/9a61d9d9-a46a-4362-a948-fb796c293213/elements[39m
[35m[HTTP][39m [90m{"using":"xpath","value":"//*[@class = 'android.widget.TextView' and (@text = 'Skip' or . = 'Skip')]"}[39m
[35m[HTTP][39m [37m<-- POST /wd/hub/session/9a61d9d9-a46a-4362-a948-fb796c293213/elements [39m[32m200[39m [90m193 ms - 12[39m
[35m[HTTP][39m [90m[39m
[35m[HTTP][39m [37m-->[39m [37mPOST[39m [37m/wd/hub/session/9a61d9d9-a46a-4362-a948-fb796c293213/timeouts[39m
[35m[HTTP][39m [90m{"implicit":20000}[39m
[35m[HTTP][39m [37m<-- POST /wd/hub/session/9a61d9d9-a46a-4362-a948-fb796c293213/timeouts [39m[32m200[39m [90m1 ms - 14[39m
[35m[HTTP][39m [90m[39m
[35m[HTTP][39m [37m-->[39m [37mPOST[39m [37m/wd/hub/session/9a61d9d9-a46a-4362-a948-fb796c293213/timeouts[39m
[35m[HTTP][39m [90m{"implicit":50}[39m
[35m[HTTP][39m [37m<-- POST /wd/hub/session/9a61d9d9-a46a-4362-a948-fb796c293213/timeouts [39m[32m200[39m [90m1 ms - 14[39m
[35m[HTTP][39m [90m[39m
[35m[HTTP][39m [37m-->[39m [37mGET[39m [37m/wd/hub/session/9a61d9d9-a46a-4362-a948-fb796c293213/window/rect[39m
[35m[HTTP][39m [90m{}[39m
[35m[HTTP][39m [37m<-- GET /wd/hub/session/9a61d9d9-a46a-4362-a948-fb796c293213/window/rect [39m[32m200[39m [90m23 ms - 50[39m
[35m[HTTP][39m [90m[39m
[35m[HTTP][39m [37m-->[39m [37mPOST[39m [37m/wd/hub/session/9a61d9d9-a46a-4362-a948-fb796c293213/elements[39m
[35m[HTTP][39m [90m{"using":"xpath","value":"//*[@class = 'android.widget.TextView' and (@text = 'Search properties' or . = 'Search properties')]"}[39m
[35m[HTTP][39m [37m<-- POST /wd/hub/session/9a61d9d9-a46a-4362-a948-fb796c293213/elements [39m[32m200[39m [90m186 ms - 139[39m
[35m[HTTP][39m [90m[39m
[35m[HTTP][39m [37m-->[39m [37mGET[39m [37m/wd/hub/session/9a61d9d9-a46a-4362-a948-fb796c293213/element/0d1ab913-6228-4c1c-8a27-a2f8d8838a48/location[39m
[35m[HTTP][39m [90m{}[39m
[35m[W3C (9a61d9d9)][39m Driver proxy active, passing request on via HTTP proxy
[35m[WD Proxy][39m Replacing sessionId aa51802e-4e57-4919-8e51-8c55aeed99f6 with 9a61d9d9-a46a-4362-a948-fb796c293213
[35m[HTTP][39m [37m<-- GET /wd/hub/session/9a61d9d9-a46a-4362-a948-fb796c293213/element/0d1ab913-6228-4c1c-8a27-a2f8d8838a48/location [39m[32m200[39m [90m26 ms - 78[39m
[35m[HTTP][39m [90m[39m
[35m[HTTP][39m [37m-->[39m [37mPOST[39m [37m/wd/hub/session/9a61d9d9-a46a-4362-a948-fb796c293213/timeouts[39m
[35m[HTTP][39m [90m{"implicit":20000}[39m
[35m[HTTP][39m [37m<-- POST /wd/hub/session/9a61d9d9-a46a-4362-a948-fb796c293213/timeouts [39m[32m200[39m [90m1 ms - 14[39m
[35m[HTTP][39m [90m[39m
[35m[HTTP][39m [37m-->[39m [37mPOST[39m [37m/wd/hub/session/9a61d9d9-a46a-4362-a948-fb796c293213/touch/perform[39m
[35m[HTTP][39m [90m{"actions":[{"action":"tap","options":{"x":1,"y":1,"element":"0d1ab913-6228-4c1c-8a27-a2f8d8838a48"}},{"action":"release","options":{}}]}[39m
[35m[UiAutomator2][39m calling get location: 0d1ab913-6228-4c1c-8a27-a2f8d8838a48
[35m[HTTP][39m [37m<-- POST /wd/hub/session/9a61d9d9-a46a-4362-a948-fb796c293213/touch/perform [39m[32m200[39m [90m203 ms - 14[39m
[35m[HTTP][39m [90m[39m
[35m[HTTP][39m [37m-->[39m [37mPOST[39m [37m/wd/hub/session/9a61d9d9-a46a-4362-a948-fb796c293213/timeouts[39m
[35m[HTTP][39m [90m{"implicit":50}[39m
[35m[HTTP][39m [37m<-- POST /wd/hub/session/9a61d9d9-a46a-4362-a948-fb796c293213/timeouts [39m[32m200[39m [90m1 ms - 14[39m
[35m[HTTP][39m [90m[39m
[35m[HTTP][39m [37m-->[39m [37mGET[39m [37m/wd/hub/session/9a61d9d9-a46a-4362-a948-fb796c293213/window/rect[39m
[35m[HTTP][39m [90m{}[39m
[35m[HTTP][39m [37m<-- GET /wd/hub/session/9a61d9d9-a46a-4362-a948-fb796c293213/window/rect [39m[32m200[39m [90m12 ms - 50[39m
[35m[HTTP][39m [90m[39m
[35m[HTTP][39m [37m-->[39m [37mPOST[39m [37m/wd/hub/session/9a61d9d9-a46a-4362-a948-fb796c293213/elements[39m
[35m[HTTP][39m [90m{"using":"xpath","value":"//*[@class = 'android.widget.EditText' and (@text = '' or . = '')]"}[39m
[35m[HTTP][39m [37m<-- POST /wd/hub/session/9a61d9d9-a46a-4362-a948-fb796c293213/elements [39m[32m200[39m [90m520 ms - 139[39m
[35m[HTTP][39m [90m[39m
[35m[HTTP][39m [37m-->[39m [37mGET[39m [37m/wd/hub/session/9a61d9d9-a46a-4362-a948-fb796c293213/element/0995bf7b-a195-4aed-a403-254e9b097bb5/location[39m
[35m[HTTP][39m [90m{}[39m
[35m[W3C (9a61d9d9)][39m Driver proxy active, passing request on via HTTP proxy
[35m[WD Proxy][39m Replacing sessionId aa51802e-4e57-4919-8e51-8c55aeed99f6 with 9a61d9d9-a46a-4362-a948-fb796c293213
[35m[HTTP][39m [37m<-- GET /wd/hub/session/9a61d9d9-a46a-4362-a948-fb796c293213/element/0995bf7b-a195-4aed-a403-254e9b097bb5/location [39m[32m200[39m [90m18 ms - 78[39m
[35m[HTTP][39m [90m[39m
[35m[HTTP][39m [37m-->[39m [37mPOST[39m [37m/wd/hub/session/9a61d9d9-a46a-4362-a948-fb796c293213/timeouts[39m
[35m[HTTP][39m [90m{"implicit":20000}[39m
[35m[HTTP][39m [37m<-- POST /wd/hub/session/9a61d9d9-a46a-4362-a948-fb796c293213/timeouts [39m[32m200[39m [90m1 ms - 14[39m
[35m[HTTP][39m [90m[39m
[35m[HTTP][39m [37m-->[39m [37mPOST[39m [37m/wd/hub/session/9a61d9d9-a46a-4362-a948-fb796c293213/element/0995bf7b-a195-4aed-a403-254e9b097bb5/clear[39m
[35m[HTTP][39m [90m{"id":"0995bf7b-a195-4aed-a403-254e9b097bb5"}[39m
[35m[HTTP][39m [37m<-- POST /wd/hub/session/9a61d9d9-a46a-4362-a948-fb796c293213/element/0995bf7b-a195-4aed-a403-254e9b097bb5/clear [39m[32m200[39m [90m27 ms - 14[39m
[35m[HTTP][39m [90m[39m
[35m[HTTP][39m [37m-->[39m [37mPOST[39m [37m/wd/hub/session/9a61d9d9-a46a-4362-a948-fb796c293213/element/0995bf7b-a195-4aed-a403-254e9b097bb5/value[39m
[35m[HTTP][39m [90m{"id":"0995bf7b-a195-4aed-a403-254e9b097bb5","text":"EIGHTY FIVE AVENUE","value":["E","I","G","H","T","Y"," ","F","I","V","E"," ","A","V","E","N","U","E"]}[39m
[35m[HTTP][39m [37m<-- POST /wd/hub/session/9a61d9d9-a46a-4362-a948-fb796c293213/element/0995bf7b-a195-4aed-a403-254e9b097bb5/value [39m[32m200[39m [90m653 ms - 14[39m
[35m[HTTP][39m [90m[39m
[35m[HTTP][39m [37m-->[39m [37mGET[39m [37m/wd/hub/session/9a61d9d9-a46a-4362-a948-fb796c293213/context[39m
[35m[HTTP][39m [90m{}[39m
[35m[HTTP][39m [37m<-- GET /wd/hub/session/9a61d9d9-a46a-4362-a948-fb796c293213/context [39m[32m200[39m [90m1 ms - 22[39m
[35m[HTTP][39m [90m[39m
[35m[HTTP][39m [37m-->[39m [37mGET[39m [37m/wd/hub/session/9a61d9d9-a46a-4362-a948-fb796c293213/contexts[39m
[35m[HTTP][39m [90m{}[39m
[35m[AndroidDriver][39m Not collecting web view details. Details collection might help to make Chromedriver initialization more precise. Use the 'enableWebviewDetailsCollection' cap to turn it on
[35m[AndroidDriver][39m Skipping the webview 'WEBVIEW_Terrace' at '@Terrace_devtools_remote' since it has reported having zero pages
[35m[HTTP][39m [37m<-- GET /wd/hub/session/9a61d9d9-a46a-4362-a948-fb796c293213/contexts [39m[32m200[39m [90m75 ms - 24[39m
[35m[HTTP][39m [90m[39m
[35m[HTTP][39m [37m-->[39m [37mPOST[39m [37m/wd/hub/session/9a61d9d9-a46a-4362-a948-fb796c293213/context[39m
[35m[HTTP][39m [90m{"name":"NATIVE_APP"}[39m
[35m[HTTP][39m [37m<-- POST /wd/hub/session/9a61d9d9-a46a-4362-a948-fb796c293213/context [39m[32m200[39m [90m1 ms - 14[39m
[35m[HTTP][39m [90m[39m
[35m[HTTP][39m [37m-->[39m [37mPOST[39m [37m/wd/hub/session/9a61d9d9-a46a-4362-a948-fb796c293213/appium/device/hide_keyboard[39m
[35m[HTTP][39m [90m{}[39m
[35m[HTTP][39m [37m<-- POST /wd/hub/session/9a61d9d9-a46a-4362-a948-fb796c293213/appium/device/hide_keyboard [39m[32m200[39m [90m1038 ms - 14[39m
[35m[HTTP][39m [90m[39m
[35m[HTTP][39m [37m-->[39m [37mPOST[39m [37m/wd/hub/session/9a61d9d9-a46a-4362-a948-fb796c293213/context[39m
[35m[HTTP][39m [90m{"name":"NATIVE_APP"}[39m
[35m[HTTP][39m [37m<-- POST /wd/hub/session/9a61d9d9-a46a-4362-a948-fb796c293213/context [39m[32m200[39m [90m1 ms - 14[39m
[35m[HTTP][39m [90m[39m
[35m[HTTP][39m [37m-->[39m [37mPOST[39m [37m/wd/hub/session/9a61d9d9-a46a-4362-a948-fb796c293213/timeouts[39m
[35m[HTTP][39m [90m{"implicit":50}[39m
[35m[HTTP][39m [37m<-- POST /wd/hub/session/9a61d9d9-a46a-4362-a948-fb796c293213/timeouts [39m[32m200[39m [90m1 ms - 14[39m
[35m[HTTP][39m [90m[39m
[35m[HTTP][39m [37m-->[39m [37mGET[39m [37m/wd/hub/session/9a61d9d9-a46a-4362-a948-fb796c293213/window/rect[39m
[35m[HTTP][39m [90m{}[39m
[35m[HTTP][39m [37m<-- GET /wd/hub/session/9a61d9d9-a46a-4362-a948-fb796c293213/window/rect [39m[32m200[39m [90m20 ms - 50[39m
[35m[HTTP][39m [90m[39m
[35m[HTTP][39m [37m-->[39m [37mPOST[39m [37m/wd/hub/session/9a61d9d9-a46a-4362-a948-fb796c293213/elements[39m
[35m[HTTP][39m [90m{"using":"xpath","value":"//hierarchy/android.widget.FrameLayout[1]/android.widget.LinearLayout[1]/android.widget.FrameLayout[1]/android.widget.LinearLayout[1]/android.widget.FrameLayout[1]/android.widget.FrameLayout[1]/android.view.ViewGroup[1]/android.view.ViewGroup[1]/android.view.ViewGroup[1]/android.view.ViewGroup[1]/android.view.ViewGroup[1]/android.widget.FrameLayout[1]/android.view.ViewGroup[1]/android.view.ViewGroup[1]/android.view.ViewGroup[1]/android.view.ViewGroup[1]/android.view.ViewGroup[1]/android.view.ViewGroup[1]/android.widget.FrameLayout[1]/android.view.ViewGroup[1]/android.view.ViewGroup[1]/android.view.ViewGroup[1]/android.view.ViewGroup[1]/android.view.ViewGroup[1]/android.view.ViewGroup[1]/android.view.ViewGroup[1]/android.widget.ScrollView[1]/android.view.ViewGroup[1]/android.view.ViewGroup[1]"}[39m
[35m[HTTP][39m [37m<-- POST /wd/hub/session/9a61d9d9-a46a-4362-a948-fb796c293213/elements [39m[32m-[39m [90m- ms - -[39m
[35m[HTTP][39m [90m[39m
[35m[BaseDriver][39m Shutting down because we waited 1800 seconds for a command
[35m[Appium][39m Closing session, cause was 'New Command Timeout of 1800 seconds expired. Try customizing the timeout using the 'newCommandTimeout' desired capability'
[35m[Appium][39m Removing session '9a61d9d9-a46a-4362-a948-fb796c293213' from our master session list
[35m[UiAutomator2][39m Did not get confirmation UiAutomator2 deleteSession worked; Error was: UnknownError: An unknown server-side error occurred while processing the command. Original error: 'DELETE /' cannot be proxied to UiAutomator2 server because the instrumentation process is not running (probably crashed). Check the server log and/or the logcat output for more details
[35m[UiAutomator2][39m Restoring hidden api policy to the device default configuration
[35m[Appium][39m Received SIGTERM - shutting down
[35m[HTTP][39m Waiting until the server is closed
[35m[HTTP][39m Received server close event
